0 verbose cli C:\Program Files\nodejs\node.exe C:\Program Files\nodejs\node_modules\npm\bin\npm-cli.js
1 info using npm@10.9.0
2 info using node@v23.3.0
3 silly config load:file:C:\Program Files\nodejs\node_modules\npm\npmrc
4 silly config load:file:C:\Users\saadr\Desktop\DevOps-Hub\devopshub\.npmrc
5 silly config load:file:C:\Users\saadr\.npmrc
6 silly config load:file:C:\Users\saadr\AppData\Roaming\npm\etc\npmrc
7 verbose title npm install react-markdown
8 verbose argv "install" "react-markdown"
9 verbose logfile logs-max:10 dir:C:\Users\saadr\Desktop\DevOps-Hub\devopshub\%APPDATA%\npm-cache\_logs\2024-12-10T17_35_00_283Z-
10 verbose logfile C:\Users\saadr\Desktop\DevOps-Hub\devopshub\%APPDATA%\npm-cache\_logs\2024-12-10T17_35_00_283Z-debug-0.log
11 silly logfile start cleaning logs, removing 1 files
12 silly packumentCache heap:4345298944 maxSize:1086324736 maxEntrySize:543162368
13 silly logfile done cleaning log files
14 silly idealTree buildDeps
15 silly fetch manifest react-markdown@*
16 silly packumentCache full:https://registry.npmjs.org/react-markdown cache-miss
17 http fetch GET 200 https://registry.npmjs.org/react-markdown 846ms (cache miss)
18 silly packumentCache full:https://registry.npmjs.org/react-markdown set size:undefined disposed:false
19 silly fetch manifest @types/react@^18.0.0
20 silly packumentCache full:https://registry.npmjs.org/@types%2freact cache-miss
21 http fetch GET 200 https://registry.npmjs.org/@types%2freact 180ms (cache revalidated)
22 silly packumentCache full:https://registry.npmjs.org/@types%2freact set size:2241944 disposed:false
23 silly fetch manifest react@^18.2.0
24 silly packumentCache full:https://registry.npmjs.org/react cache-miss
25 http fetch GET 200 https://registry.npmjs.org/react 147ms (cache revalidated)
26 silly packumentCache full:https://registry.npmjs.org/react set size:5214258 disposed:false
27 silly placeDep ROOT react-markdown@9.0.1 OK for: devopshub@0.1.0 want: *
28 silly fetch manifest html-url-attributes@^3.0.0
29 silly packumentCache full:https://registry.npmjs.org/html-url-attributes cache-miss
30 http fetch GET 200 https://registry.npmjs.org/html-url-attributes 171ms (cache miss)
31 silly packumentCache full:https://registry.npmjs.org/html-url-attributes set size:undefined disposed:false
32 silly placeDep ROOT html-url-attributes@3.0.1 OK for: react-markdown@9.0.1 want: ^3.0.0
33 silly reify moves {}
34 silly audit bulk request {
34 silly audit   '@adobe/css-tools': [ '4.4.1' ],
34 silly audit   '@alloc/quick-lru': [ '5.2.0' ],
34 silly audit   '@ampproject/remapping': [ '2.3.0' ],
34 silly audit   '@babel/code-frame': [ '7.26.2' ],
34 silly audit   '@babel/compat-data': [ '7.26.2' ],
34 silly audit   '@babel/core': [ '7.26.0' ],
34 silly audit   semver: [ '6.3.1', '7.6.3' ],
34 silly audit   '@babel/generator': [ '7.26.2' ],
34 silly audit   '@babel/helper-annotate-as-pure': [ '7.25.9' ],
34 silly audit   '@babel/helper-builder-binary-assignment-operator-visitor': [ '7.25.9' ],
34 silly audit   '@babel/helper-compilation-targets': [ '7.25.9' ],
34 silly audit   '@babel/helper-create-class-features-plugin': [ '7.25.9' ],
34 silly audit   '@babel/helper-create-regexp-features-plugin': [ '7.25.9' ],
34 silly audit   '@babel/helper-define-polyfill-provider': [ '0.6.3' ],
34 silly audit   '@babel/helper-member-expression-to-functions': [ '7.25.9' ],
34 silly audit   '@babel/helper-module-imports': [ '7.25.9' ],
34 silly audit   '@babel/helper-module-transforms': [ '7.26.0' ],
34 silly audit   '@babel/helper-optimise-call-expression': [ '7.25.9' ],
34 silly audit   '@babel/helper-plugin-utils': [ '7.25.9' ],
34 silly audit   '@babel/helper-remap-async-to-generator': [ '7.25.9' ],
34 silly audit   '@babel/helper-replace-supers': [ '7.25.9' ],
34 silly audit   '@babel/helper-simple-access': [ '7.25.9' ],
34 silly audit   '@babel/helper-skip-transparent-expression-wrappers': [ '7.25.9' ],
34 silly audit   '@babel/helper-string-parser': [ '7.25.9' ],
34 silly audit   '@babel/helper-validator-identifier': [ '7.25.9' ],
34 silly audit   '@babel/helper-validator-option': [ '7.25.9' ],
34 silly audit   '@babel/helper-wrap-function': [ '7.25.9' ],
34 silly audit   '@babel/helpers': [ '7.26.0' ],
34 silly audit   '@babel/parser': [ '7.26.2' ],
34 silly audit   '@babel/plugin-bugfix-firefox-class-in-computed-class-key': [ '7.25.9' ],
34 silly audit   '@babel/plugin-bugfix-safari-class-field-initializer-scope': [ '7.25.9' ],
34 silly audit   '@babel/plugin-bugfix-safari-id-destructuring-collision-in-function-expression': [ '7.25.9' ],
34 silly audit   '@babel/plugin-bugfix-v8-spread-parameters-in-optional-chaining': [ '7.25.9' ],
34 silly audit   '@babel/plugin-bugfix-v8-static-class-fields-redefine-readonly': [ '7.25.9' ],
34 silly audit   '@babel/plugin-proposal-private-property-in-object': [ '7.21.0-placeholder-for-preset-env.2' ],
34 silly audit   '@babel/plugin-syntax-async-generators': [ '7.8.4' ],
34 silly audit   '@babel/plugin-syntax-bigint': [ '7.8.3' ],
34 silly audit   '@babel/plugin-syntax-class-properties': [ '7.12.13' ],
34 silly audit   '@babel/plugin-syntax-class-static-block': [ '7.14.5' ],
34 silly audit   '@babel/plugin-syntax-import-assertions': [ '7.26.0' ],
34 silly audit   '@babel/plugin-syntax-import-attributes': [ '7.26.0' ],
34 silly audit   '@babel/plugin-syntax-import-meta': [ '7.10.4' ],
34 silly audit   '@babel/plugin-syntax-json-strings': [ '7.8.3' ],
34 silly audit   '@babel/plugin-syntax-jsx': [ '7.25.9' ],
34 silly audit   '@babel/plugin-syntax-logical-assignment-operators': [ '7.10.4' ],
34 silly audit   '@babel/plugin-syntax-nullish-coalescing-operator': [ '7.8.3' ],
34 silly audit   '@babel/plugin-syntax-numeric-separator': [ '7.10.4' ],
34 silly audit   '@babel/plugin-syntax-object-rest-spread': [ '7.8.3' ],
34 silly audit   '@babel/plugin-syntax-optional-catch-binding': [ '7.8.3' ],
34 silly audit   '@babel/plugin-syntax-optional-chaining': [ '7.8.3' ],
34 silly audit   '@babel/plugin-syntax-private-property-in-object': [ '7.14.5' ],
34 silly audit   '@babel/plugin-syntax-top-level-await': [ '7.14.5' ],
34 silly audit   '@babel/plugin-syntax-typescript': [ '7.25.9' ],
34 silly audit   '@babel/plugin-syntax-unicode-sets-regex': [ '7.18.6' ],
34 silly audit   '@babel/plugin-transform-arrow-functions': [ '7.25.9' ],
34 silly audit   '@babel/plugin-transform-async-generator-functions': [ '7.25.9' ],
34 silly audit   '@babel/plugin-transform-async-to-generator': [ '7.25.9' ],
34 silly audit   '@babel/plugin-transform-block-scoped-functions': [ '7.25.9' ],
34 silly audit   '@babel/plugin-transform-block-scoping': [ '7.25.9' ],
34 silly audit   '@babel/plugin-transform-class-properties': [ '7.25.9' ],
34 silly audit   '@babel/plugin-transform-class-static-block': [ '7.26.0' ],
34 silly audit   '@babel/plugin-transform-classes': [ '7.25.9' ],
34 silly audit   '@babel/plugin-transform-computed-properties': [ '7.25.9' ],
34 silly audit   '@babel/plugin-transform-destructuring': [ '7.25.9' ],
34 silly audit   '@babel/plugin-transform-dotall-regex': [ '7.25.9' ],
34 silly audit   '@babel/plugin-transform-duplicate-keys': [ '7.25.9' ],
34 silly audit   '@babel/plugin-transform-duplicate-named-capturing-groups-regex': [ '7.25.9' ],
34 silly audit   '@babel/plugin-transform-dynamic-import': [ '7.25.9' ],
34 silly audit   '@babel/plugin-transform-exponentiation-operator': [ '7.25.9' ],
34 silly audit   '@babel/plugin-transform-export-namespace-from': [ '7.25.9' ],
34 silly audit   '@babel/plugin-transform-for-of': [ '7.25.9' ],
34 silly audit   '@babel/plugin-transform-function-name': [ '7.25.9' ],
34 silly audit   '@babel/plugin-transform-json-strings': [ '7.25.9' ],
34 silly audit   '@babel/plugin-transform-literals': [ '7.25.9' ],
34 silly audit   '@babel/plugin-transform-logical-assignment-operators': [ '7.25.9' ],
34 silly audit   '@babel/plugin-transform-member-expression-literals': [ '7.25.9' ],
34 silly audit   '@babel/plugin-transform-modules-amd': [ '7.25.9' ],
34 silly audit   '@babel/plugin-transform-modules-commonjs': [ '7.25.9' ],
34 silly audit   '@babel/plugin-transform-modules-systemjs': [ '7.25.9' ],
34 silly audit   '@babel/plugin-transform-modules-umd': [ '7.25.9' ],
34 silly audit   '@babel/plugin-transform-named-capturing-groups-regex': [ '7.25.9' ],
34 silly audit   '@babel/plugin-transform-new-target': [ '7.25.9' ],
34 silly audit   '@babel/plugin-transform-nullish-coalescing-operator': [ '7.25.9' ],
34 silly audit   '@babel/plugin-transform-numeric-separator': [ '7.25.9' ],
34 silly audit   '@babel/plugin-transform-object-rest-spread': [ '7.25.9' ],
34 silly audit   '@babel/plugin-transform-object-super': [ '7.25.9' ],
34 silly audit   '@babel/plugin-transform-optional-catch-binding': [ '7.25.9' ],
34 silly audit   '@babel/plugin-transform-optional-chaining': [ '7.25.9' ],
34 silly audit   '@babel/plugin-transform-parameters': [ '7.25.9' ],
34 silly audit   '@babel/plugin-transform-private-methods': [ '7.25.9' ],
34 silly audit   '@babel/plugin-transform-private-property-in-object': [ '7.25.9' ],
34 silly audit   '@babel/plugin-transform-property-literals': [ '7.25.9' ],
34 silly audit   '@babel/plugin-transform-react-display-name': [ '7.25.9' ],
34 silly audit   '@babel/plugin-transform-react-jsx': [ '7.25.9' ],
34 silly audit   '@babel/plugin-transform-react-jsx-development': [ '7.25.9' ],
34 silly audit   '@babel/plugin-transform-react-pure-annotations': [ '7.25.9' ],
34 silly audit   '@babel/plugin-transform-regenerator': [ '7.25.9' ],
34 silly audit   '@babel/plugin-transform-regexp-modifiers': [ '7.26.0' ],
34 silly audit   '@babel/plugin-transform-reserved-words': [ '7.25.9' ],
34 silly audit   '@babel/plugin-transform-shorthand-properties': [ '7.25.9' ],
34 silly audit   '@babel/plugin-transform-spread': [ '7.25.9' ],
34 silly audit   '@babel/plugin-transform-sticky-regex': [ '7.25.9' ],
34 silly audit   '@babel/plugin-transform-template-literals': [ '7.25.9' ],
34 silly audit   '@babel/plugin-transform-typeof-symbol': [ '7.25.9' ],
34 silly audit   '@babel/plugin-transform-typescript': [ '7.25.9' ],
34 silly audit   '@babel/plugin-transform-unicode-escapes': [ '7.25.9' ],
34 silly audit   '@babel/plugin-transform-unicode-property-regex': [ '7.25.9' ],
34 silly audit   '@babel/plugin-transform-unicode-regex': [ '7.25.9' ],
34 silly audit   '@babel/plugin-transform-unicode-sets-regex': [ '7.25.9' ],
34 silly audit   '@babel/preset-env': [ '7.26.0' ],
34 silly audit   '@babel/preset-modules': [ '0.1.6-no-external-plugins' ],
34 silly audit   '@babel/preset-react': [ '7.25.9' ],
34 silly audit   '@babel/preset-typescript': [ '7.26.0' ],
34 silly audit   '@babel/runtime': [ '7.26.0' ],
34 silly audit   '@babel/template': [ '7.25.9' ],
34 silly audit   '@babel/traverse': [ '7.25.9' ],
34 silly audit   '@babel/types': [ '7.26.0' ],
34 silly audit   '@bcoe/v8-coverage': [ '0.2.3' ],
34 silly audit   '@eslint-community/eslint-utils': [ '4.4.1' ],
34 silly audit   '@eslint-community/regexpp': [ '4.12.1' ],
34 silly audit   '@eslint/eslintrc': [ '2.1.4' ],
34 silly audit   globals: [ '13.24.0', '11.12.0' ],
34 silly audit   'type-fest': [ '0.20.2', '0.21.3' ],
34 silly audit   '@eslint/js': [ '8.57.1' ],
34 silly audit   '@floating-ui/core': [ '1.6.8' ],
34 silly audit   '@floating-ui/dom': [ '1.6.12' ],
34 silly audit   '@floating-ui/react-dom': [ '2.1.2' ],
34 silly audit   '@floating-ui/utils': [ '0.2.8' ],
34 silly audit   '@humanwhocodes/config-array': [ '0.13.0' ],
34 silly audit   '@humanwhocodes/module-importer': [ '1.0.1' ],
34 silly audit   '@humanwhocodes/object-schema': [ '2.0.3' ],
34 silly audit   '@isaacs/cliui': [ '8.0.2' ],
34 silly audit   'ansi-regex': [ '6.1.0', '5.0.1' ],
34 silly audit   'ansi-styles': [ '6.2.1', '5.2.0', '4.3.0' ],
34 silly audit   'emoji-regex': [ '9.2.2', '8.0.0' ],
34 silly audit   'string-width': [ '5.1.2', '4.2.3' ],
34 silly audit   'strip-ansi': [ '7.1.0', '6.0.1' ],
34 silly audit   'wrap-ansi': [ '8.1.0', '7.0.0' ],
34 silly audit   '@istanbuljs/load-nyc-config': [ '1.1.0' ],
34 silly audit   argparse: [ '1.0.10', '2.0.1' ],
34 silly audit   'find-up': [ '4.1.0', '5.0.0' ],
34 silly audit   'js-yaml': [ '3.14.1', '4.1.0' ],
34 silly audit   'locate-path': [ '5.0.0', '6.0.0' ],
34 silly audit   'p-limit': [ '2.3.0', '3.1.0' ],
34 silly audit   'p-locate': [ '4.1.0', '5.0.0' ],
34 silly audit   'resolve-from': [ '5.0.0', '4.0.0' ],
34 silly audit   '@istanbuljs/schema': [ '0.1.3' ],
34 silly audit   '@jest/console': [ '29.7.0' ],
34 silly audit   '@jest/core': [ '29.7.0' ],
34 silly audit   'pretty-format': [ '29.7.0', '27.5.1' ],
34 silly audit   'react-is': [ '18.3.1', '16.13.1', '17.0.2' ],
34 silly audit   '@jest/environment': [ '29.7.0' ],
34 silly audit   '@jest/expect': [ '29.7.0' ],
34 silly audit   '@jest/expect-utils': [ '29.7.0' ],
34 silly audit   '@jest/fake-timers': [ '29.7.0' ],
34 silly audit   '@jest/globals': [ '29.7.0' ],
34 silly audit   '@jest/reporters': [ '29.7.0' ],
34 silly audit   'istanbul-lib-instrument': [ '6.0.3', '5.2.1' ],
34 silly audit   '@jest/schemas': [ '29.6.3' ],
34 silly audit   '@jest/source-map': [ '29.6.3' ],
34 silly audit   '@jest/test-result': [ '29.7.0' ],
34 silly audit   '@jest/test-sequencer': [ '29.7.0' ],
34 silly audit   '@jest/transform': [ '29.7.0' ],
34 silly audit   '@jest/types': [ '29.6.3' ],
34 silly audit   '@jridgewell/gen-mapping': [ '0.3.5' ],
34 silly audit   '@jridgewell/resolve-uri': [ '3.1.2' ],
34 silly audit   '@jridgewell/set-array': [ '1.2.1' ],
34 silly audit   '@jridgewell/sourcemap-codec': [ '1.5.0' ],
34 silly audit   '@jridgewell/trace-mapping': [ '0.3.25' ],
34 silly audit   '@kinde-oss/kinde-auth-nextjs': [ '2.4.6' ],
34 silly audit   '@kinde-oss/kinde-typescript-sdk': [ '2.9.1' ],
34 silly audit   '@kinde/jwt-decoder': [ '0.2.0' ],
34 silly audit   '@mdx-js/mdx': [ '3.1.0' ],
34 silly audit   'source-map': [ '0.7.4', '0.6.1' ],
34 silly audit   '@mdx-js/react': [ '3.1.0' ],
34 silly audit   '@next/env': [ '14.2.18' ],
34 silly audit   '@next/eslint-plugin-next': [ '14.2.18' ],
34 silly audit   'brace-expansion': [ '2.0.1', '1.1.11' ],
34 silly audit   glob: [ '10.3.10', '7.2.3', '10.4.5' ],
34 silly audit   minimatch: [ '9.0.5', '3.1.2' ],
34 silly audit   '@next/swc-darwin-arm64': [ '14.2.18' ],
34 silly audit   '@next/swc-darwin-x64': [ '14.2.18' ],
34 silly audit   '@next/swc-linux-arm64-gnu': [ '14.2.18' ],
34 silly audit   '@next/swc-linux-arm64-musl': [ '14.2.18' ],
34 silly audit   '@next/swc-linux-x64-gnu': [ '14.2.18' ],
34 silly audit   '@next/swc-linux-x64-musl': [ '14.2.18' ],
34 silly audit   '@next/swc-win32-arm64-msvc': [ '14.2.18' ],
34 silly audit   '@next/swc-win32-ia32-msvc': [ '14.2.18' ],
34 silly audit   '@next/swc-win32-x64-msvc': [ '14.2.18' ],
34 silly audit   '@nodelib/fs.scandir': [ '2.1.5' ],
34 silly audit   '@nodelib/fs.stat': [ '2.0.5' ],
34 silly audit   '@nodelib/fs.walk': [ '1.2.8' ],
34 silly audit   '@nolyfill/is-core-module': [ '1.0.39' ],
34 silly audit   '@pkgjs/parseargs': [ '0.11.0' ],
34 silly audit   '@prisma/client': [ '6.0.1' ],
34 silly audit   '@prisma/debug': [ '6.0.1' ],
34 silly audit   '@prisma/engines': [ '6.0.1' ],
34 silly audit   '@prisma/engines-version': [ '5.23.0-27.5dbef10bdbfb579e07d35cc85fb1518d357cb99e' ],
34 silly audit   '@prisma/fetch-engine': [ '6.0.1' ],
34 silly audit   '@prisma/get-platform': [ '6.0.1' ],
34 silly audit   '@radix-ui/number': [ '1.1.0' ],
34 silly audit   '@radix-ui/primitive': [ '1.1.0' ],
34 silly audit   '@radix-ui/react-arrow': [ '1.1.0' ],
34 silly audit   '@radix-ui/react-avatar': [ '1.1.1' ],
34 silly audit   '@radix-ui/react-collection': [ '1.1.0' ],
34 silly audit   '@radix-ui/react-context': [ '1.1.0', '1.1.1' ],
34 silly audit   '@radix-ui/react-compose-refs': [ '1.1.0' ],
34 silly audit   '@radix-ui/react-dialog': [ '1.1.2' ],
34 silly audit   '@radix-ui/react-direction': [ '1.1.0' ],
34 silly audit   '@radix-ui/react-dismissable-layer': [ '1.1.1' ],
34 silly audit   '@radix-ui/react-dropdown-menu': [ '2.1.2' ],
34 silly audit   '@radix-ui/react-focus-guards': [ '1.1.1' ],
34 silly audit   '@radix-ui/react-focus-scope': [ '1.1.0' ],
34 silly audit   '@radix-ui/react-id': [ '1.1.0' ],
34 silly audit   '@radix-ui/react-label': [ '2.1.0' ],
34 silly audit   '@radix-ui/react-menu': [ '2.1.2' ],
34 silly audit   '@radix-ui/react-popper': [ '1.2.0' ],
34 silly audit   '@radix-ui/react-portal': [ '1.1.2' ],
34 silly audit   '@radix-ui/react-presence': [ '1.1.1' ],
34 silly audit   '@radix-ui/react-primitive': [ '2.0.0' ],
34 silly audit   '@radix-ui/react-roving-focus': [ '1.1.0' ],
34 silly audit   '@radix-ui/react-select': [ '2.1.2' ],
34 silly audit   '@radix-ui/react-separator': [ '1.1.0' ],
34 silly audit   '@radix-ui/react-slot': [ '1.1.0' ],
34 silly audit   '@radix-ui/react-toast': [ '1.2.2' ],
34 silly audit   '@radix-ui/react-use-callback-ref': [ '1.1.0' ],
34 silly audit   '@radix-ui/react-use-controllable-state': [ '1.1.0' ],
34 silly audit   '@radix-ui/react-use-escape-keydown': [ '1.1.0' ],
34 silly audit   '@radix-ui/react-use-layout-effect': [ '1.1.0' ],
34 silly audit   '@radix-ui/react-use-previous': [ '1.1.0' ],
34 silly audit   '@radix-ui/react-use-rect': [ '1.1.0' ],
34 silly audit   '@radix-ui/react-use-size': [ '1.1.0' ],
34 silly audit   '@radix-ui/react-visually-hidden': [ '1.1.0' ],
34 silly audit   '@radix-ui/rect': [ '1.1.0' ],
34 silly audit   '@rtsao/scc': [ '1.1.0' ],
34 silly audit   '@rushstack/eslint-patch': [ '1.10.4' ],
34 silly audit   '@sinclair/typebox': [ '0.27.8' ],
34 silly audit   '@sinonjs/commons': [ '3.0.1' ],
34 silly audit   '@sinonjs/fake-timers': [ '10.3.0' ],
34 silly audit   '@swc/counter': [ '0.1.3' ],
34 silly audit   '@swc/helpers': [ '0.5.5' ],
34 silly audit   '@tailwindcss/typography': [ '0.5.15' ],
34 silly audit   'postcss-selector-parser': [ '6.0.10', '6.1.2' ],
34 silly audit   '@testing-library/dom': [ '8.20.1' ],
34 silly audit   'aria-query': [ '5.1.3', '5.3.2' ],
34 silly audit   '@testing-library/jest-dom': [ '5.17.0' ],
34 silly audit   chalk: [ '3.0.0', '4.1.2' ],
34 silly audit   '@testing-library/react': [ '13.4.0' ],
34 silly audit   '@tootallnate/once': [ '2.0.0' ],
34 silly audit   '@types/acorn': [ '4.0.6' ],
34 silly audit   '@types/aria-query': [ '5.0.4' ],
34 silly audit   '@types/babel__core': [ '7.20.5' ],
34 silly audit   '@types/babel__generator': [ '7.6.8' ],
34 silly audit   '@types/babel__template': [ '7.4.4' ],
34 silly audit   '@types/babel__traverse': [ '7.20.6' ],
34 silly audit   '@types/debug': [ '4.1.12' ],
34 silly audit   '@types/estree': [ '1.0.6' ],
34 silly audit   '@types/estree-jsx': [ '1.0.5' ],
34 silly audit   '@types/graceful-fs': [ '4.1.9' ],
34 silly audit   '@types/hast': [ '3.0.4' ],
34 silly audit   '@types/istanbul-lib-coverage': [ '2.0.6' ],
34 silly audit   '@types/istanbul-lib-report': [ '3.0.3' ],
34 silly audit   '@types/istanbul-reports': [ '3.0.4' ],
34 silly audit   '@types/jest': [ '29.5.14' ],
34 silly audit   '@types/jsdom': [ '20.0.1' ],
34 silly audit   '@types/json5': [ '0.0.29' ],
34 silly audit   '@types/mdast': [ '4.0.4' ],
34 silly audit   '@types/mdx': [ '2.0.13' ],
34 silly audit   '@types/ms': [ '0.7.34' ],
34 silly audit   '@types/node': [ '20.17.9' ],
34 silly audit   '@types/prop-types': [ '15.7.13' ],
34 silly audit   '@types/react': [ '18.3.12' ],
34 silly audit   '@types/react-dom': [ '18.3.1' ],
34 silly audit   '@types/stack-utils': [ '2.0.3' ],
34 silly audit   '@types/testing-library__jest-dom': [ '5.14.9' ],
34 silly audit   '@types/tough-cookie': [ '4.0.5' ],
34 silly audit   '@types/unist': [ '3.0.3', '2.0.11' ],
34 silly audit   '@types/yargs': [ '17.0.33' ],
34 silly audit   '@types/yargs-parser': [ '21.0.3' ],
34 silly audit   '@typescript-eslint/eslint-plugin': [ '8.17.0' ],
34 silly audit   '@typescript-eslint/parser': [ '8.17.0' ],
34 silly audit   '@typescript-eslint/scope-manager': [ '8.17.0' ],
34 silly audit   '@typescript-eslint/type-utils': [ '8.17.0' ],
34 silly audit   '@typescript-eslint/types': [ '8.17.0' ],
34 silly audit   '@typescript-eslint/typescript-estree': [ '8.17.0' ],
34 silly audit   '@typescript-eslint/utils': [ '8.17.0' ],
34 silly audit   '@typescript-eslint/visitor-keys': [ '8.17.0' ],
34 silly audit   'eslint-visitor-keys': [ '4.2.0', '3.4.3' ],
34 silly audit   '@ungap/structured-clone': [ '1.2.0' ],
34 silly audit   abab: [ '2.0.6' ],
34 silly audit   acorn: [ '8.14.0' ],
34 silly audit   'acorn-globals': [ '7.0.1' ],
34 silly audit   'acorn-jsx': [ '5.3.2' ],
34 silly audit   'acorn-walk': [ '8.3.4' ],
34 silly audit   'agent-base': [ '6.0.2' ],
34 silly audit   ajv: [ '6.12.6' ],
34 silly audit   'ansi-escapes': [ '4.3.2' ],
34 silly audit   'any-promise': [ '1.3.0' ],
34 silly audit   anymatch: [ '3.1.3' ],
34 silly audit   arg: [ '5.0.2' ],
34 silly audit   'aria-hidden': [ '1.2.4' ],
34 silly audit   'array-buffer-byte-length': [ '1.0.1' ],
34 silly audit   'array-includes': [ '3.1.8' ],
34 silly audit   'array.prototype.findlast': [ '1.2.5' ],
34 silly audit   'array.prototype.findlastindex': [ '1.2.5' ],
34 silly audit   'array.prototype.flat': [ '1.3.2' ],
34 silly audit   'array.prototype.flatmap': [ '1.3.2' ],
34 silly audit   'array.prototype.tosorted': [ '1.1.4' ],
34 silly audit   'arraybuffer.prototype.slice': [ '1.0.3' ],
34 silly audit   'ast-types-flow': [ '0.0.8' ],
34 silly audit   astring: [ '1.9.0' ],
34 silly audit   asynckit: [ '0.4.0' ],
34 silly audit   autoprefixer: [ '10.4.20' ],
34 silly audit   'available-typed-arrays': [ '1.0.7' ],
34 silly audit   'axe-core': [ '4.10.2' ],
34 silly audit   'axobject-query': [ '4.1.0' ],
34 silly audit   'babel-jest': [ '29.7.0' ],
34 silly audit   'babel-plugin-istanbul': [ '6.1.1' ],
34 silly audit   'babel-plugin-jest-hoist': [ '29.6.3' ],
34 silly audit   'babel-plugin-polyfill-corejs2': [ '0.4.12' ],
34 silly audit   'babel-plugin-polyfill-corejs3': [ '0.10.6' ],
34 silly audit   'babel-plugin-polyfill-regenerator': [ '0.6.3' ],
34 silly audit   'babel-preset-current-node-syntax': [ '1.1.0' ],
34 silly audit   'babel-preset-jest': [ '29.6.3' ],
34 silly audit   bail: [ '2.0.2' ],
34 silly audit   'balanced-match': [ '1.0.2' ],
34 silly audit   'binary-extensions': [ '2.3.0' ],
34 silly audit   braces: [ '3.0.3' ],
34 silly audit   browserslist: [ '4.24.2' ],
34 silly audit   bser: [ '2.1.1' ],
34 silly audit   'buffer-from': [ '1.1.2' ],
34 silly audit   busboy: [ '1.6.0' ],
34 silly audit   'call-bind': [ '1.0.7' ],
34 silly audit   callsites: [ '3.1.0' ],
34 silly audit   camelcase: [ '5.3.1', '6.3.0' ],
34 silly audit   'camelcase-css': [ '2.0.1' ],
34 silly audit   'caniuse-lite': [ '1.0.30001686' ],
34 silly audit   ccount: [ '2.0.1' ],
34 silly audit   'char-regex': [ '1.0.2' ],
34 silly audit   'character-entities': [ '2.0.2' ],
34 silly audit   'character-entities-html4': [ '2.1.0' ],
34 silly audit   'character-entities-legacy': [ '3.0.0' ],
34 silly audit   'character-reference-invalid': [ '2.0.1' ],
34 silly audit   chokidar: [ '3.6.0' ],
34 silly audit   'glob-parent': [ '5.1.2', '6.0.2' ],
34 silly audit   'ci-info': [ '3.9.0' ],
34 silly audit   'cjs-module-lexer': [ '1.4.1' ],
34 silly audit   'class-variance-authority': [ '0.7.1' ],
34 silly audit   'client-only': [ '0.0.1' ],
34 silly audit   cliui: [ '8.0.1' ],
34 silly audit   clsx: [ '2.1.1' ],
34 silly audit   co: [ '4.6.0' ],
34 silly audit   'collapse-white-space': [ '2.1.0' ],
34 silly audit   'collect-v8-coverage': [ '1.0.2' ],
34 silly audit   'color-convert': [ '2.0.1' ],
34 silly audit   'color-name': [ '1.1.4' ],
34 silly audit   'combined-stream': [ '1.0.8' ],
34 silly audit   'comma-separated-tokens': [ '2.0.3' ],
34 silly audit   commander: [ '4.1.1' ],
34 silly audit   'concat-map': [ '0.0.1' ],
34 silly audit   'convert-source-map': [ '2.0.0' ],
34 silly audit   cookie: [ '1.0.2' ],
34 silly audit   'core-js-compat': [ '3.39.0' ],
34 silly audit   'create-jest': [ '29.7.0' ],
34 silly audit   'cross-spawn': [ '7.0.6' ],
34 silly audit   'crypto-js': [ '4.2.0' ],
34 silly audit   'css.escape': [ '1.5.1' ],
34 silly audit   cssesc: [ '3.0.0' ],
34 silly audit   cssom: [ '0.5.0', '0.3.8' ],
34 silly audit   cssstyle: [ '2.3.0' ],
34 silly audit   csstype: [ '3.1.3' ],
34 silly audit   'damerau-levenshtein': [ '1.0.8' ],
34 silly audit   'data-urls': [ '3.0.2' ],
34 silly audit   'data-view-buffer': [ '1.0.1' ],
34 silly audit   'data-view-byte-length': [ '1.0.1' ],
34 silly audit   'data-view-byte-offset': [ '1.0.0' ],
34 silly audit   debug: [ '4.3.7', '3.2.7' ],
34 silly audit   'decimal.js': [ '10.4.3' ],
34 silly audit   'decode-named-character-reference': [ '1.0.2' ],
34 silly audit   dedent: [ '1.5.3' ],
34 silly audit   'deep-equal': [ '2.2.3' ],
34 silly audit   'deep-is': [ '0.1.4' ],
34 silly audit   deepmerge: [ '4.3.1' ],
34 silly audit   'define-data-property': [ '1.1.4' ],
34 silly audit   'define-properties': [ '1.2.1' ],
34 silly audit   'delayed-stream': [ '1.0.0' ],
34 silly audit   dequal: [ '2.0.3' ],
34 silly audit   'detect-newline': [ '3.1.0' ],
34 silly audit   'detect-node-es': [ '1.1.0' ],
34 silly audit   devlop: [ '1.1.0' ],
34 silly audit   didyoumean: [ '1.2.2' ],
34 silly audit   'diff-sequences': [ '29.6.3' ],
34 silly audit   dlv: [ '1.1.3' ],
34 silly audit   doctrine: [ '3.0.0', '2.1.0' ],
34 silly audit   'dom-accessibility-api': [ '0.5.16' ],
34 silly audit   domexception: [ '4.0.0' ],
34 silly audit   eastasianwidth: [ '0.2.0' ],
34 silly audit   'electron-to-chromium': [ '1.5.68' ],
34 silly audit   emittery: [ '0.13.1' ],
34 silly audit   'enhanced-resolve': [ '5.17.1' ],
34 silly audit   entities: [ '4.5.0' ],
34 silly audit   'error-ex': [ '1.3.2' ],
34 silly audit   'es-abstract': [ '1.23.5' ],
34 silly audit   'es-define-property': [ '1.0.0' ],
34 silly audit   'es-errors': [ '1.3.0' ],
34 silly audit   'es-get-iterator': [ '1.1.3' ],
34 silly audit   'es-iterator-helpers': [ '1.2.0' ],
34 silly audit   'es-object-atoms': [ '1.0.0' ],
34 silly audit   'es-set-tostringtag': [ '2.0.3' ],
34 silly audit   'es-shim-unscopables': [ '1.0.2' ],
34 silly audit   'es-to-primitive': [ '1.3.0' ],
34 silly audit   'esast-util-from-estree': [ '2.0.0' ],
34 silly audit   'esast-util-from-js': [ '2.0.1' ],
34 silly audit   escalade: [ '3.2.0' ],
34 silly audit   'escape-string-regexp': [ '4.0.0', '2.0.0' ],
34 silly audit   escodegen: [ '2.1.0' ],
34 silly audit   eslint: [ '8.57.1' ],
34 silly audit   'eslint-config-next': [ '14.2.18' ],
34 silly audit   'eslint-import-resolver-node': [ '0.3.9' ],
34 silly audit   'eslint-import-resolver-typescript': [ '3.6.3' ],
34 silly audit   'eslint-module-utils': [ '2.12.0' ],
34 silly audit   'eslint-plugin-import': [ '2.31.0' ],
34 silly audit   'eslint-plugin-jsx-a11y': [ '6.10.2' ],
34 silly audit   'eslint-plugin-react': [ '7.37.2' ],
34 silly audit   'eslint-plugin-react-hooks': [ '5.0.0-canary-7118f5dd7-20230705' ],
34 silly audit   resolve: [ '2.0.0-next.5', '1.22.8' ],
34 silly audit   'eslint-scope': [ '7.2.2' ],
34 silly audit   espree: [ '9.6.1' ],
34 silly audit   esprima: [ '4.0.1' ],
34 silly audit   esquery: [ '1.6.0' ],
34 silly audit   esrecurse: [ '4.3.0' ],
34 silly audit   estraverse: [ '5.3.0' ],
34 silly audit   'estree-util-attach-comments': [ '3.0.0' ],
34 silly audit   'estree-util-build-jsx': [ '3.0.1' ],
34 silly audit   'estree-util-is-identifier-name': [ '3.0.0' ],
34 silly audit   'estree-util-scope': [ '1.0.0' ],
34 silly audit   'estree-util-to-js': [ '2.0.0' ],
34 silly audit   'estree-util-visit': [ '2.0.0' ],
34 silly audit   'estree-walker': [ '3.0.3' ],
34 silly audit   esutils: [ '2.0.3' ],
34 silly audit   execa: [ '5.1.1' ],
34 silly audit   exit: [ '0.1.2' ],
34 silly audit   expect: [ '29.7.0' ],
34 silly audit   extend: [ '3.0.2' ],
34 silly audit   'fast-deep-equal': [ '3.1.3' ],
34 silly audit   'fast-glob': [ '3.3.2' ],
34 silly audit   'fast-json-stable-stringify': [ '2.1.0' ],
34 silly audit   'fast-levenshtein': [ '2.0.6' ],
34 silly audit   fastq: [ '1.17.1' ],
34 silly audit   'fb-watchman': [ '2.0.2' ],
34 silly audit   'file-entry-cache': [ '6.0.1' ],
34 silly audit   'fill-range': [ '7.1.1' ],
34 silly audit   'flat-cache': [ '3.2.0' ],
34 silly audit   flatted: [ '3.3.2' ],
34 silly audit   'for-each': [ '0.3.3' ],
34 silly audit   'foreground-child': [ '3.3.0' ],
34 silly audit   'signal-exit': [ '4.1.0', '3.0.7' ],
34 silly audit   'form-data': [ '4.0.1' ],
34 silly audit   'fraction.js': [ '4.3.7' ],
34 silly audit   'fs.realpath': [ '1.0.0' ],
34 silly audit   'function-bind': [ '1.1.2' ],
34 silly audit   'function.prototype.name': [ '1.1.6' ],
34 silly audit   'functions-have-names': [ '1.2.3' ],
34 silly audit   gensync: [ '1.0.0-beta.2' ],
34 silly audit   'get-caller-file': [ '2.0.5' ],
34 silly audit   'get-intrinsic': [ '1.2.4' ],
34 silly audit   'get-nonce': [ '1.0.1' ],
34 silly audit   'get-package-type': [ '0.1.0' ],
34 silly audit   'get-stream': [ '6.0.1' ],
34 silly audit   'get-symbol-description': [ '1.0.2' ],
34 silly audit   'get-tsconfig': [ '4.8.1' ],
34 silly audit   globalthis: [ '1.0.4' ],
34 silly audit   gopd: [ '1.1.0' ],
34 silly audit   'graceful-fs': [ '4.2.11' ],
34 silly audit   graphemer: [ '1.4.0' ],
34 silly audit   'harmony-reflect': [ '1.6.2' ],
34 silly audit   'has-bigints': [ '1.0.2' ],
34 silly audit   'has-flag': [ '4.0.0' ],
34 silly audit   'has-property-descriptors': [ '1.0.2' ],
34 silly audit   'has-proto': [ '1.1.0' ],
34 silly audit   'has-symbols': [ '1.1.0' ],
34 silly audit   'has-tostringtag': [ '1.0.2' ],
34 silly audit   hasown: [ '2.0.2' ],
34 silly audit   'hast-util-to-estree': [ '3.1.0' ],
34 silly audit   'inline-style-parser': [ '0.1.1', '0.2.4' ],
34 silly audit   'style-to-object': [ '0.4.4', '1.0.8' ],
34 silly audit   'hast-util-to-jsx-runtime': [ '2.3.2' ],
34 silly audit   'hast-util-whitespace': [ '3.0.0' ],
34 silly audit   'html-encoding-sniffer': [ '3.0.0' ],
34 silly audit   'html-escaper': [ '2.0.2' ],
34 silly audit   'http-proxy-agent': [ '5.0.0' ],
34 silly audit   'https-proxy-agent': [ '5.0.1' ],
34 silly audit   'human-signals': [ '2.1.0' ],
34 silly audit   'iconv-lite': [ '0.6.3' ],
34 silly audit   'identity-obj-proxy': [ '3.0.0' ],
34 silly audit   ignore: [ '5.3.2' ],
34 silly audit   'import-fresh': [ '3.3.0' ],
34 silly audit   'import-local': [ '3.2.0' ],
34 silly audit   imurmurhash: [ '0.1.4' ],
34 silly audit   'indent-string': [ '4.0.0' ],
34 silly audit   inflight: [ '1.0.6' ],
34 silly audit   inherits: [ '2.0.4' ],
34 silly audit   'internal-slot': [ '1.0.7' ],
34 silly audit   invariant: [ '2.2.4' ],
34 silly audit   'is-alphabetical': [ '2.0.1' ],
34 silly audit   'is-alphanumerical': [ '2.0.1' ],
34 silly audit   'is-arguments': [ '1.1.1' ],
34 silly audit   'is-array-buffer': [ '3.0.4' ],
34 silly audit   'is-arrayish': [ '0.2.1' ],
34 silly audit   'is-async-function': [ '2.0.0' ],
34 silly audit   'is-bigint': [ '1.1.0' ],
34 silly audit   'is-binary-path': [ '2.1.0' ],
34 silly audit   'is-boolean-object': [ '1.2.0' ],
34 silly audit   'is-bun-module': [ '1.3.0' ],
34 silly audit   'is-callable': [ '1.2.7' ],
34 silly audit   'is-core-module': [ '2.15.1' ],
34 silly audit   'is-data-view': [ '1.0.1' ],
34 silly audit   'is-date-object': [ '1.0.5' ],
34 silly audit   'is-decimal': [ '2.0.1' ],
34 silly audit   'is-extglob': [ '2.1.1' ],
34 silly audit   'is-finalizationregistry': [ '1.1.0' ],
34 silly audit   'is-fullwidth-code-point': [ '3.0.0' ],
34 silly audit   'is-generator-fn': [ '2.1.0' ],
34 silly audit   'is-generator-function': [ '1.0.10' ],
34 silly audit   'is-glob': [ '4.0.3' ],
34 silly audit   'is-hexadecimal': [ '2.0.1' ],
34 silly audit   'is-map': [ '2.0.3' ],
34 silly audit   'is-negative-zero': [ '2.0.3' ],
34 silly audit   'is-number': [ '7.0.0' ],
34 silly audit   'is-number-object': [ '1.1.0' ],
34 silly audit   'is-path-inside': [ '3.0.3' ],
34 silly audit   'is-plain-obj': [ '4.1.0' ],
34 silly audit   'is-potential-custom-element-name': [ '1.0.1' ],
34 silly audit   'is-regex': [ '1.2.0' ],
34 silly audit   'is-set': [ '2.0.3' ],
34 silly audit   'is-shared-array-buffer': [ '1.0.3' ],
34 silly audit   'is-stream': [ '2.0.1' ],
34 silly audit   'is-string': [ '1.1.0' ],
34 silly audit   'is-symbol': [ '1.1.0' ],
34 silly audit   'is-typed-array': [ '1.1.13' ],
34 silly audit   'is-weakmap': [ '2.0.2' ],
34 silly audit   'is-weakref': [ '1.0.2' ],
34 silly audit   'is-weakset': [ '2.0.3' ],
34 silly audit   isarray: [ '2.0.5' ],
34 silly audit   isexe: [ '2.0.0' ],
34 silly audit   'istanbul-lib-coverage': [ '3.2.2' ],
34 silly audit   'istanbul-lib-report': [ '3.0.1' ],
34 silly audit   'istanbul-lib-source-maps': [ '4.0.1' ],
34 silly audit   'istanbul-reports': [ '3.1.7' ],
34 silly audit   'iterator.prototype': [ '1.1.3' ],
34 silly audit   jackspeak: [ '2.3.6', '3.4.3' ],
34 silly audit   jest: [ '29.7.0' ],
34 silly audit   'jest-changed-files': [ '29.7.0' ],
34 silly audit   'jest-circus': [ '29.7.0' ],
34 silly audit   'jest-cli': [ '29.7.0' ],
34 silly audit   'jest-config': [ '29.7.0' ],
34 silly audit   'jest-diff': [ '29.7.0' ],
34 silly audit   'jest-docblock': [ '29.7.0' ],
34 silly audit   'jest-each': [ '29.7.0' ],
34 silly audit   'jest-environment-jsdom': [ '29.7.0' ],
34 silly audit   'jest-environment-node': [ '29.7.0' ],
34 silly audit   'jest-get-type': [ '29.6.3' ],
34 silly audit   'jest-haste-map': [ '29.7.0' ],
34 silly audit   'jest-leak-detector': [ '29.7.0' ],
34 silly audit   'jest-matcher-utils': [ '29.7.0' ],
34 silly audit   'jest-message-util': [ '29.7.0' ],
34 silly audit   'jest-mock': [ '29.7.0' ],
34 silly audit   'jest-pnp-resolver': [ '1.2.3' ],
34 silly audit   'jest-regex-util': [ '29.6.3' ],
34 silly audit   'jest-resolve': [ '29.7.0' ],
34 silly audit   'jest-resolve-dependencies': [ '29.7.0' ],
34 silly audit   'jest-runner': [ '29.7.0' ],
34 silly audit   'jest-runtime': [ '29.7.0' ],
34 silly audit   'jest-snapshot': [ '29.7.0' ],
34 silly audit   'jest-util': [ '29.7.0' ],
34 silly audit   'jest-validate': [ '29.7.0' ],
34 silly audit   'jest-watcher': [ '29.7.0' ],
34 silly audit   'jest-worker': [ '29.7.0' ],
34 silly audit   'supports-color': [ '8.1.1', '7.2.0' ],
34 silly audit   jiti: [ '1.21.6' ],
34 silly audit   jose: [ '5.9.6' ],
34 silly audit   'js-tokens': [ '4.0.0' ],
34 silly audit   jsdom: [ '20.0.3' ],
34 silly audit   jsesc: [ '3.0.2' ],
34 silly audit   'json-buffer': [ '3.0.1' ],
34 silly audit   'json-parse-even-better-errors': [ '2.3.1' ],
34 silly audit   'json-schema-traverse': [ '0.4.1' ],
34 silly audit   'json-stable-stringify-without-jsonify': [ '1.0.1' ],
34 silly audit   json5: [ '2.2.3', '1.0.2' ],
34 silly audit   'jsx-ast-utils': [ '3.3.5' ],
34 silly audit   keyv: [ '4.5.4' ],
34 silly audit   kleur: [ '3.0.3' ],
34 silly audit   'language-subtag-registry': [ '0.3.23' ],
34 silly audit   'language-tags': [ '1.0.9' ],
34 silly audit   leven: [ '3.1.0' ],
34 silly audit   levn: [ '0.4.1' ],
34 silly audit   lilconfig: [ '2.1.0', '3.1.3' ],
34 silly audit   'lines-and-columns': [ '1.2.4' ],
34 silly audit   lodash: [ '4.17.21' ],
34 silly audit   'lodash.castarray': [ '4.4.0' ],
34 silly audit   'lodash.debounce': [ '4.0.8' ],
34 silly audit   'lodash.isplainobject': [ '4.0.6' ],
34 silly audit   'lodash.merge': [ '4.6.2' ],
34 silly audit   'longest-streak': [ '3.1.0' ],
34 silly audit   'loose-envify': [ '1.4.0' ],
34 silly audit   'lru-cache': [ '5.1.1', '10.4.3' ],
34 silly audit   'lucide-react': [ '0.294.0' ],
34 silly audit   'lz-string': [ '1.5.0' ],
34 silly audit   'make-dir': [ '4.0.0' ],
34 silly audit   makeerror: [ '1.0.12' ],
34 silly audit   'markdown-extensions': [ '2.0.0' ],
34 silly audit   'mdast-util-from-markdown': [ '2.0.2' ],
34 silly audit   'mdast-util-mdx': [ '3.0.0' ],
34 silly audit   'mdast-util-mdx-expression': [ '2.0.1' ],
34 silly audit   'mdast-util-mdx-jsx': [ '3.1.3' ],
34 silly audit   'mdast-util-mdxjs-esm': [ '2.0.1' ],
34 silly audit   'mdast-util-phrasing': [ '4.1.0' ],
34 silly audit   'mdast-util-to-hast': [ '13.2.0' ],
34 silly audit   'mdast-util-to-markdown': [ '2.1.2' ],
34 silly audit   'mdast-util-to-string': [ '4.0.0' ],
34 silly audit   'merge-stream': [ '2.0.0' ],
34 silly audit   merge2: [ '1.4.1' ],
34 silly audit   micromark: [ '4.0.1' ],
34 silly audit   'micromark-core-commonmark': [ '2.0.2' ],
34 silly audit   'micromark-extension-mdx-expression': [ '3.0.0' ],
34 silly audit   'micromark-extension-mdx-jsx': [ '3.0.1' ],
34 silly audit   'micromark-extension-mdx-md': [ '2.0.0' ],
34 silly audit   'micromark-extension-mdxjs': [ '3.0.0' ],
34 silly audit   'micromark-extension-mdxjs-esm': [ '3.0.0' ],
34 silly audit   'micromark-factory-destination': [ '2.0.1' ],
34 silly audit   'micromark-factory-label': [ '2.0.1' ],
34 silly audit   'micromark-factory-mdx-expression': [ '2.0.2' ],
34 silly audit   'micromark-factory-space': [ '2.0.1' ],
34 silly audit   'micromark-factory-title': [ '2.0.1' ],
34 silly audit   'micromark-factory-whitespace': [ '2.0.1' ],
34 silly audit   'micromark-util-character': [ '2.1.1' ],
34 silly audit   'micromark-util-chunked': [ '2.0.1' ],
34 silly audit   'micromark-util-classify-character': [ '2.0.1' ],
34 silly audit   'micromark-util-combine-extensions': [ '2.0.1' ],
34 silly audit   'micromark-util-decode-numeric-character-reference': [ '2.0.2' ],
34 silly audit   'micromark-util-decode-string': [ '2.0.1' ],
34 silly audit   'micromark-util-encode': [ '2.0.1' ],
34 silly audit   'micromark-util-events-to-acorn': [ '2.0.2' ],
34 silly audit   'micromark-util-html-tag-name': [ '2.0.1' ],
34 silly audit   'micromark-util-normalize-identifier': [ '2.0.1' ],
34 silly audit   'micromark-util-resolve-all': [ '2.0.1' ],
34 silly audit   'micromark-util-sanitize-uri': [ '2.0.1' ],
34 silly audit   'micromark-util-subtokenize': [ '2.0.3' ],
34 silly audit   'micromark-util-symbol': [ '2.0.1' ],
34 silly audit   'micromark-util-types': [ '2.0.1' ],
34 silly audit   micromatch: [ '4.0.8' ],
34 silly audit   'mime-db': [ '1.52.0' ],
34 silly audit   'mime-types': [ '2.1.35' ],
34 silly audit   'mimic-fn': [ '2.1.0' ],
34 silly audit   'min-indent': [ '1.0.1' ],
34 silly audit   minimist: [ '1.2.8' ],
34 silly audit   minipass: [ '7.1.2' ],
34 silly audit   ms: [ '2.1.3' ],
34 silly audit   mz: [ '2.7.0' ],
34 silly audit   nanoid: [ '3.3.8' ],
34 silly audit   'natural-compare': [ '1.4.0' ],
34 silly audit   next: [ '14.2.18' ],
34 silly audit   'next-mdx-remote': [ '5.0.0' ],
34 silly audit   'next-themes': [ '0.4.3' ],
34 silly audit   'node-int64': [ '0.4.0' ],
34 silly audit   'node-releases': [ '2.0.18' ],
34 silly audit   'normalize-path': [ '3.0.0' ],
34 silly audit   'normalize-range': [ '0.1.2' ],
34 silly audit   'npm-run-path': [ '4.0.1' ],
34 silly audit   nwsapi: [ '2.2.16' ],
34 silly audit   'object-assign': [ '4.1.1' ],
34 silly audit   'object-hash': [ '3.0.0' ],
34 silly audit   'object-inspect': [ '1.13.3' ],
34 silly audit   'object-is': [ '1.1.6' ],
34 silly audit   'object-keys': [ '1.1.1' ],
34 silly audit   'object.assign': [ '4.1.5' ],
34 silly audit   'object.entries': [ '1.1.8' ],
34 silly audit   'object.fromentries': [ '2.0.8' ],
34 silly audit   'object.groupby': [ '1.0.3' ],
34 silly audit   'object.values': [ '1.2.0' ],
34 silly audit   once: [ '1.4.0' ],
34 silly audit   onetime: [ '5.1.2' ],
34 silly audit   optionator: [ '0.9.4' ],
34 silly audit   'p-try': [ '2.2.0' ],
34 silly audit   'package-json-from-dist': [ '1.0.1' ],
34 silly audit   'parent-module': [ '1.0.1' ],
34 silly audit   'parse-entities': [ '4.0.1' ],
34 silly audit   'parse-json': [ '5.2.0' ],
34 silly audit   parse5: [ '7.2.1' ],
34 silly audit   'path-exists': [ '4.0.0' ],
34 silly audit   'path-is-absolute': [ '1.0.1' ],
34 silly audit   'path-key': [ '3.1.1' ],
34 silly audit   'path-parse': [ '1.0.7' ],
34 silly audit   'path-scurry': [ '1.11.1' ],
34 silly audit   picocolors: [ '1.1.1' ],
34 silly audit   picomatch: [ '2.3.1' ],
34 silly audit   pify: [ '2.3.0' ],
34 silly audit   pirates: [ '4.0.6' ],
34 silly audit   'pkg-dir': [ '4.2.0' ],
34 silly audit   'possible-typed-array-names': [ '1.0.0' ],
34 silly audit   postcss: [ '8.4.31', '8.4.49' ],
34 silly audit   'postcss-import': [ '15.1.0' ],
34 silly audit   'postcss-js': [ '4.0.1' ],
34 silly audit   'postcss-load-config': [ '4.0.2' ],
34 silly audit   'postcss-nested': [ '6.2.0' ],
34 silly audit   'postcss-value-parser': [ '4.2.0' ],
34 silly audit   'prelude-ls': [ '1.2.1' ],
34 silly audit   prisma: [ '6.0.1' ],
34 silly audit   prompts: [ '2.4.2' ],
34 silly audit   'prop-types': [ '15.8.1' ],
34 silly audit   'property-information': [ '6.5.0' ],
34 silly audit   psl: [ '1.15.0' ],
34 silly audit   punycode: [ '2.3.1' ],
34 silly audit   'pure-rand': [ '6.1.0' ],
34 silly audit   querystringify: [ '2.2.0' ],
34 silly audit   'queue-microtask': [ '1.2.3' ],
34 silly audit   react: [ '18.3.1' ],
34 silly audit   'react-dom': [ '18.3.1' ],
34 silly audit   'react-remove-scroll': [ '2.6.0' ],
34 silly audit   'react-remove-scroll-bar': [ '2.3.6' ],
34 silly audit   'react-style-singleton': [ '2.2.1' ],
34 silly audit   'read-cache': [ '1.0.0' ],
34 silly audit   readdirp: [ '3.6.0' ],
34 silly audit   'recma-build-jsx': [ '1.0.0' ],
34 silly audit   'recma-jsx': [ '1.0.0' ],
34 silly audit   'recma-parse': [ '1.0.0' ],
34 silly audit   'recma-stringify': [ '1.0.0' ],
34 silly audit   redent: [ '3.0.0' ],
34 silly audit   'reflect.getprototypeof': [ '1.0.7' ],
34 silly audit   regenerate: [ '1.4.2' ],
34 silly audit   'regenerate-unicode-properties': [ '10.2.0' ],
34 silly audit   'regenerator-runtime': [ '0.14.1' ],
34 silly audit   'regenerator-transform': [ '0.15.2' ],
34 silly audit   'regexp.prototype.flags': [ '1.5.3' ],
34 silly audit   'regexpu-core': [ '6.2.0' ],
34 silly audit   regjsgen: [ '0.8.0' ],
34 silly audit   regjsparser: [ '0.12.0' ],
34 silly audit   'rehype-recma': [ '1.0.0' ],
34 silly audit   'remark-mdx': [ '3.1.0' ],
34 silly audit   'remark-parse': [ '11.0.0' ],
34 silly audit   'remark-rehype': [ '11.1.1' ],
34 silly audit   'require-directory': [ '2.1.1' ],
34 silly audit   'requires-port': [ '1.0.0' ],
34 silly audit   'resolve-cwd': [ '3.0.0' ],
34 silly audit   'resolve-pkg-maps': [ '1.0.0' ],
34 silly audit   'resolve.exports': [ '2.0.3' ],
34 silly audit   reusify: [ '1.0.4' ],
34 silly audit   rimraf: [ '3.0.2' ],
34 silly audit   'run-parallel': [ '1.2.0' ],
34 silly audit   'safe-array-concat': [ '1.1.2' ],
34 silly audit   'safe-regex-test': [ '1.0.3' ],
34 silly audit   'safer-buffer': [ '2.1.2' ],
34 silly audit   saxes: [ '6.0.0' ],
34 silly audit   scheduler: [ '0.23.2' ],
34 silly audit   'set-function-length': [ '1.2.2' ],
34 silly audit   'set-function-name': [ '2.0.2' ],
34 silly audit   'shebang-command': [ '2.0.0' ],
34 silly audit   'shebang-regex': [ '3.0.0' ],
34 silly audit   'side-channel': [ '1.0.6' ],
34 silly audit   sisteransi: [ '1.0.5' ],
34 silly audit   slash: [ '3.0.0' ],
34 silly audit   sonner: [ '1.7.0' ],
34 silly audit   'source-map-js': [ '1.2.1' ],
34 silly audit   'source-map-support': [ '0.5.13' ],
34 silly audit   'space-separated-tokens': [ '2.0.2' ],
34 silly audit   'sprintf-js': [ '1.0.3' ],
34 silly audit   'stack-utils': [ '2.0.6' ],
34 silly audit   'stop-iteration-iterator': [ '1.0.0' ],
34 silly audit   streamsearch: [ '1.1.0' ],
34 silly audit   'string-length': [ '4.0.2' ],
34 silly audit   'string.prototype.includes': [ '2.0.1' ],
34 silly audit   'string.prototype.matchall': [ '4.0.11' ],
34 silly audit   'string.prototype.repeat': [ '1.0.0' ],
34 silly audit   'string.prototype.trim': [ '1.2.9' ],
34 silly audit   'string.prototype.trimend': [ '1.0.8' ],
34 silly audit   'string.prototype.trimstart': [ '1.0.8' ],
34 silly audit   'stringify-entities': [ '4.0.4' ],
34 silly audit   'strip-bom': [ '4.0.0', '3.0.0' ],
34 silly audit   'strip-final-newline': [ '2.0.0' ],
34 silly audit   'strip-indent': [ '3.0.0' ],
34 silly audit   'strip-json-comments': [ '3.1.1' ],
34 silly audit   'styled-jsx': [ '5.1.1' ],
34 silly audit   sucrase: [ '3.35.0' ],
34 silly audit   'supports-preserve-symlinks-flag': [ '1.0.0' ],
34 silly audit   'symbol-tree': [ '3.2.4' ],
34 silly audit   'tailwind-merge': [ '2.5.5' ],
34 silly audit   tailwindcss: [ '3.4.15' ],
34 silly audit   'tailwindcss-animate': [ '1.0.7' ],
34 silly audit   tapable: [ '2.2.1' ],
34 silly audit   'test-exclude': [ '6.0.0' ],
34 silly audit   'text-table': [ '0.2.0' ],
34 silly audit   thenify: [ '3.3.1' ],
34 silly audit   'thenify-all': [ '1.6.0' ],
34 silly audit   tmpl: [ '1.0.5' ],
34 silly audit   'to-regex-range': [ '5.0.1' ],
34 silly audit   'tough-cookie': [ '4.1.4' ],
34 silly audit   tr46: [ '3.0.0' ],
34 silly audit   'trim-lines': [ '3.0.1' ],
34 silly audit   trough: [ '2.2.0' ],
34 silly audit   'ts-api-utils': [ '1.4.3' ],
34 silly audit   'ts-interface-checker': [ '0.1.13' ],
34 silly audit   'tsconfig-paths': [ '3.15.0' ],
34 silly audit   tslib: [ '2.8.1' ],
34 silly audit   'type-check': [ '0.4.0' ],
34 silly audit   'type-detect': [ '4.0.8' ],
34 silly audit   'typed-array-buffer': [ '1.0.2' ],
34 silly audit   'typed-array-byte-length': [ '1.0.1' ],
34 silly audit   'typed-array-byte-offset': [ '1.0.3' ],
34 silly audit   'typed-array-length': [ '1.0.7' ],
34 silly audit   typescript: [ '5.7.2' ],
34 silly audit   'unbox-primitive': [ '1.0.2' ],
34 silly audit   uncrypto: [ '0.1.3' ],
34 silly audit   'undici-types': [ '6.19.8' ],
34 silly audit   'unicode-canonical-property-names-ecmascript': [ '2.0.1' ],
34 silly audit   'unicode-match-property-ecmascript': [ '2.0.0' ],
34 silly audit   'unicode-match-property-value-ecmascript': [ '2.2.0' ],
34 silly audit   'unicode-property-aliases-ecmascript': [ '2.1.0' ],
34 silly audit   unified: [ '11.0.5' ],
34 silly audit   'unist-util-is': [ '6.0.0', '5.2.1' ],
34 silly audit   'unist-util-position': [ '5.0.0' ],
34 silly audit   'unist-util-position-from-estree': [ '2.0.0' ],
34 silly audit   'unist-util-remove': [ '3.1.1' ],
34 silly audit   'unist-util-stringify-position': [ '4.0.0' ],
34 silly audit   'unist-util-visit': [ '5.0.0' ],
34 silly audit   'unist-util-visit-parents': [ '5.1.3', '6.0.1' ],
34 silly audit   universalify: [ '0.2.0' ],
34 silly audit   'update-browserslist-db': [ '1.1.1' ],
34 silly audit   'uri-js': [ '4.4.1' ],
34 silly audit   'url-parse': [ '1.5.10' ],
34 silly audit   'use-callback-ref': [ '1.3.2' ],
34 silly audit   'use-sidecar': [ '1.1.2' ],
34 silly audit   'util-deprecate': [ '1.0.2' ],
34 silly audit   'v8-to-istanbul': [ '9.3.0' ],
34 silly audit   vfile: [ '6.0.3' ],
34 silly audit   'vfile-matter': [ '5.0.0' ],
34 silly audit   'vfile-message': [ '4.0.2' ],
34 silly audit   'w3c-xmlserializer': [ '4.0.0' ],
34 silly audit   walker: [ '1.0.8' ],
34 silly audit   'webidl-conversions': [ '7.0.0' ],
34 silly audit   'whatwg-encoding': [ '2.0.0' ],
34 silly audit   'whatwg-mimetype': [ '3.0.0' ],
34 silly audit   'whatwg-url': [ '11.0.0' ],
34 silly audit   which: [ '2.0.2' ],
34 silly audit   'which-boxed-primitive': [ '1.1.0' ],
34 silly audit   'which-builtin-type': [ '1.2.0' ],
34 silly audit   'which-collection': [ '1.0.2' ],
34 silly audit   'which-typed-array': [ '1.1.16' ],
34 silly audit   'word-wrap': [ '1.2.5' ],
34 silly audit   wrappy: [ '1.0.2' ],
34 silly audit   'write-file-atomic': [ '4.0.2' ],
34 silly audit   ws: [ '8.18.0' ],
34 silly audit   'xml-name-validator': [ '4.0.0' ],
34 silly audit   xmlchars: [ '2.2.0' ],
34 silly audit   y18n: [ '5.0.8' ],
34 silly audit   yallist: [ '3.1.1' ],
34 silly audit   yaml: [ '2.6.1' ],
34 silly audit   yargs: [ '17.7.2' ],
34 silly audit   'yargs-parser': [ '21.1.1' ],
34 silly audit   'yocto-queue': [ '0.1.0' ],
34 silly audit   zwitch: [ '2.0.4' ],
34 silly audit   'react-markdown': [ '9.0.1' ],
34 silly audit   'html-url-attributes': [ '3.0.1' ]
34 silly audit }
35 verbose reify failed optional dependency C:\Users\saadr\Desktop\DevOps-Hub\devopshub\node_modules\@next\swc-win32-ia32-msvc
36 silly reify mark deleted [
36 silly reify   'C:\\Users\\saadr\\Desktop\\DevOps-Hub\\devopshub\\node_modules\\@next\\swc-win32-ia32-msvc'
36 silly reify ]
37 verbose reify failed optional dependency C:\Users\saadr\Desktop\DevOps-Hub\devopshub\node_modules\@next\swc-win32-arm64-msvc
38 silly reify mark deleted [
38 silly reify   'C:\\Users\\saadr\\Desktop\\DevOps-Hub\\devopshub\\node_modules\\@next\\swc-win32-arm64-msvc'
38 silly reify ]
39 verbose reify failed optional dependency C:\Users\saadr\Desktop\DevOps-Hub\devopshub\node_modules\@next\swc-linux-x64-musl
40 silly reify mark deleted [
40 silly reify   'C:\\Users\\saadr\\Desktop\\DevOps-Hub\\devopshub\\node_modules\\@next\\swc-linux-x64-musl'
40 silly reify ]
41 verbose reify failed optional dependency C:\Users\saadr\Desktop\DevOps-Hub\devopshub\node_modules\@next\swc-linux-x64-gnu
42 silly reify mark deleted [
42 silly reify   'C:\\Users\\saadr\\Desktop\\DevOps-Hub\\devopshub\\node_modules\\@next\\swc-linux-x64-gnu'
42 silly reify ]
43 verbose reify failed optional dependency C:\Users\saadr\Desktop\DevOps-Hub\devopshub\node_modules\@next\swc-linux-arm64-musl
44 silly reify mark deleted [
44 silly reify   'C:\\Users\\saadr\\Desktop\\DevOps-Hub\\devopshub\\node_modules\\@next\\swc-linux-arm64-musl'
44 silly reify ]
45 verbose reify failed optional dependency C:\Users\saadr\Desktop\DevOps-Hub\devopshub\node_modules\@next\swc-linux-arm64-gnu
46 silly reify mark deleted [
46 silly reify   'C:\\Users\\saadr\\Desktop\\DevOps-Hub\\devopshub\\node_modules\\@next\\swc-linux-arm64-gnu'
46 silly reify ]
47 verbose reify failed optional dependency C:\Users\saadr\Desktop\DevOps-Hub\devopshub\node_modules\@next\swc-darwin-x64
48 silly reify mark deleted [
48 silly reify   'C:\\Users\\saadr\\Desktop\\DevOps-Hub\\devopshub\\node_modules\\@next\\swc-darwin-x64'
48 silly reify ]
49 verbose reify failed optional dependency C:\Users\saadr\Desktop\DevOps-Hub\devopshub\node_modules\@next\swc-darwin-arm64
50 silly reify mark deleted [
50 silly reify   'C:\\Users\\saadr\\Desktop\\DevOps-Hub\\devopshub\\node_modules\\@next\\swc-darwin-arm64'
50 silly reify ]
51 silly tarball no local data for html-url-attributes@https://registry.npmjs.org/html-url-attributes/-/html-url-attributes-3.0.1.tgz. Extracting by manifest.
52 silly tarball no local data for react-markdown@https://registry.npmjs.org/react-markdown/-/react-markdown-9.0.1.tgz. Extracting by manifest.
53 http fetch POST 200 https://registry.npmjs.org/-/npm/v1/security/advisories/bulk 338ms
54 silly audit report {}
55 http fetch GET 200 https://registry.npmjs.org/html-url-attributes/-/html-url-attributes-3.0.1.tgz 519ms (cache miss)
56 http fetch GET 200 https://registry.npmjs.org/react-markdown/-/react-markdown-9.0.1.tgz 559ms (cache miss)
57 silly ADD node_modules/html-url-attributes
58 silly ADD node_modules/react-markdown
59 silly ADD
60 silly ADD
61 silly ADD
62 silly ADD
63 silly ADD
64 silly ADD
65 silly ADD
66 silly ADD
67 verbose cwd C:\Users\saadr\Desktop\DevOps-Hub\devopshub
68 verbose os Windows_NT 10.0.22631
69 verbose node v23.3.0
70 verbose npm  v10.9.0
71 verbose exit 0
72 info ok
