0 verbose cli C:\Program Files\nodejs\node.exe C:\Program Files\nodejs\node_modules\npm\bin\npm-cli.js
1 info using npm@10.8.1
2 info using node@v22.3.0
3 silly config load:file:C:\Program Files\nodejs\node_modules\npm\npmrc
4 silly config load:file:C:\Users\saadr\Desktop\DevOps-Hub\devopshub\.npmrc
5 silly config load:file:C:\Users\saadr\.npmrc
6 silly config load:file:C:\Users\saadr\AppData\Roaming\npm\etc\npmrc
7 verbose title npm install
8 verbose argv "install"
9 verbose logfile logs-max:10 dir:C:\Users\saadr\Desktop\DevOps-Hub\devopshub\%APPDATA%\npm-cache\_logs\2024-12-03T14_23_36_170Z-
10 verbose logfile C:\Users\saadr\Desktop\DevOps-Hub\devopshub\%APPDATA%\npm-cache\_logs\2024-12-03T14_23_36_170Z-debug-0.log
11 silly packumentCache heap:4345298944 maxSize:1086324736 maxEntrySize:543162368
12 silly logfile start cleaning logs, removing 1 files
13 silly logfile done cleaning log files
14 silly idealTree buildDeps
15 silly fetch manifest @radix-ui/react-slot@^1.0.2
16 silly packumentCache full:https://registry.npmjs.org/@radix-ui%2freact-slot cache-miss
17 http fetch GET 200 https://registry.npmjs.org/@radix-ui%2freact-slot 910ms (cache revalidated)
18 silly packumentCache full:https://registry.npmjs.org/@radix-ui%2freact-slot set size:272432 disposed:false
19 silly fetch manifest @types/react@^18.0.0
20 silly packumentCache full:https://registry.npmjs.org/@types%2freact cache-miss
21 http fetch GET 200 https://registry.npmjs.org/@types%2freact 185ms (cache revalidated)
22 silly packumentCache full:https://registry.npmjs.org/@types%2freact set size:2224167 disposed:false
23 silly fetch manifest react@^18.2.0
24 silly packumentCache full:https://registry.npmjs.org/react cache-miss
25 http fetch GET 200 https://registry.npmjs.org/react 224ms (cache revalidated)
26 silly packumentCache full:https://registry.npmjs.org/react set size:5191881 disposed:false
27 silly fetch manifest @radix-ui/react-dialog@^1.0.5
28 silly packumentCache full:https://registry.npmjs.org/@radix-ui%2freact-dialog cache-miss
29 http fetch GET 200 https://registry.npmjs.org/@radix-ui%2freact-dialog 505ms (cache miss)
30 silly packumentCache full:https://registry.npmjs.org/@radix-ui%2freact-dialog set size:undefined disposed:false
31 silly fetch manifest @types/react-dom@^18.0.0
32 silly packumentCache full:https://registry.npmjs.org/@types%2freact-dom cache-miss
33 http fetch GET 200 https://registry.npmjs.org/@types%2freact-dom 164ms (cache revalidated)
34 silly packumentCache full:https://registry.npmjs.org/@types%2freact-dom set size:350546 disposed:false
35 silly fetch manifest react-dom@^18.2.0
36 silly packumentCache full:https://registry.npmjs.org/react-dom cache-miss
37 http fetch GET 200 https://registry.npmjs.org/react-dom 169ms (cache revalidated)
38 silly packumentCache full:https://registry.npmjs.org/react-dom set size:6376151 disposed:false
39 silly fetch manifest class-variance-authority@^0.7.0
40 silly packumentCache full:https://registry.npmjs.org/class-variance-authority cache-miss
41 http fetch GET 200 https://registry.npmjs.org/class-variance-authority 166ms (cache revalidated)
42 silly packumentCache full:https://registry.npmjs.org/class-variance-authority set size:96388 disposed:false
43 silly fetch manifest clsx@^2.0.0
44 silly packumentCache full:https://registry.npmjs.org/clsx cache-miss
45 http fetch GET 200 https://registry.npmjs.org/clsx 153ms (cache revalidated)
46 silly packumentCache full:https://registry.npmjs.org/clsx set size:42489 disposed:false
47 silly fetch manifest tailwind-merge@^2.0.0
48 silly packumentCache full:https://registry.npmjs.org/tailwind-merge cache-miss
49 http fetch GET 200 https://registry.npmjs.org/tailwind-merge 158ms (cache revalidated)
50 silly packumentCache full:https://registry.npmjs.org/tailwind-merge set size:1090949 disposed:false
51 silly fetch manifest lucide-react@^0.294.0
52 silly packumentCache full:https://registry.npmjs.org/lucide-react cache-miss
53 http fetch GET 200 https://registry.npmjs.org/lucide-react 288ms (cache updated)
54 silly packumentCache full:https://registry.npmjs.org/lucide-react set size:undefined disposed:false
55 silly fetch manifest tailwindcss@^3.3.0
56 silly packumentCache full:https://registry.npmjs.org/tailwindcss cache-miss
57 http fetch GET 200 https://registry.npmjs.org/tailwindcss 181ms (cache revalidated)
58 silly packumentCache full:https://registry.npmjs.org/tailwindcss set size:7754418 disposed:false
59 silly fetch manifest autoprefixer@^10.0.1
60 silly packumentCache full:https://registry.npmjs.org/autoprefixer cache-miss
61 http fetch GET 200 https://registry.npmjs.org/autoprefixer 184ms (cache miss)
62 silly packumentCache full:https://registry.npmjs.org/autoprefixer set size:undefined disposed:false
63 silly fetch manifest postcss@^8.4.31
64 silly packumentCache full:https://registry.npmjs.org/postcss cache-miss
65 http fetch GET 200 https://registry.npmjs.org/postcss 154ms (cache revalidated)
66 silly packumentCache full:https://registry.npmjs.org/postcss set size:675229 disposed:false
67 silly placeDep ROOT @radix-ui/react-dialog@1.1.2 OK for: devopshub@0.1.0 want: ^1.0.5
68 silly placeDep ROOT @radix-ui/react-slot@1.1.0 OK for: devopshub@0.1.0 want: ^1.0.2
69 silly placeDep ROOT autoprefixer@10.4.20 OK for: devopshub@0.1.0 want: ^10.0.1
70 silly placeDep ROOT class-variance-authority@0.7.1 OK for: devopshub@0.1.0 want: ^0.7.0
71 silly placeDep ROOT clsx@2.1.1 OK for: devopshub@0.1.0 want: ^2.0.0
72 silly placeDep ROOT lucide-react@0.294.0 OK for: devopshub@0.1.0 want: ^0.294.0
73 silly placeDep ROOT tailwind-merge@2.5.5 OK for: devopshub@0.1.0 want: ^2.0.0
74 silly placeDep ROOT tailwindcss@3.4.15 OK for: devopshub@0.1.0 want: ^3.3.0
75 silly fetch manifest @radix-ui/primitive@1.1.0
76 silly packumentCache full:https://registry.npmjs.org/@radix-ui%2fprimitive cache-miss
77 silly fetch manifest @radix-ui/react-compose-refs@1.1.0
78 silly packumentCache full:https://registry.npmjs.org/@radix-ui%2freact-compose-refs cache-miss
79 silly fetch manifest @radix-ui/react-context@1.1.1
80 silly packumentCache full:https://registry.npmjs.org/@radix-ui%2freact-context cache-miss
81 silly fetch manifest @radix-ui/react-dismissable-layer@1.1.1
82 silly packumentCache full:https://registry.npmjs.org/@radix-ui%2freact-dismissable-layer cache-miss
83 silly fetch manifest @radix-ui/react-focus-guards@1.1.1
84 silly packumentCache full:https://registry.npmjs.org/@radix-ui%2freact-focus-guards cache-miss
85 silly fetch manifest @radix-ui/react-focus-scope@1.1.0
86 silly packumentCache full:https://registry.npmjs.org/@radix-ui%2freact-focus-scope cache-miss
87 silly fetch manifest @radix-ui/react-id@1.1.0
88 silly packumentCache full:https://registry.npmjs.org/@radix-ui%2freact-id cache-miss
89 http fetch GET 200 https://registry.npmjs.org/@radix-ui%2freact-compose-refs 395ms (cache revalidated)
90 silly packumentCache full:https://registry.npmjs.org/@radix-ui%2freact-compose-refs set size:185691 disposed:false
91 silly fetch manifest @radix-ui/react-portal@1.1.2
92 silly packumentCache full:https://registry.npmjs.org/@radix-ui%2freact-portal cache-miss
93 http fetch GET 200 https://registry.npmjs.org/@radix-ui%2fprimitive 447ms (cache revalidated)
94 silly packumentCache full:https://registry.npmjs.org/@radix-ui%2fprimitive set size:72114 disposed:false
95 silly fetch manifest @radix-ui/react-presence@1.1.1
96 silly packumentCache full:https://registry.npmjs.org/@radix-ui%2freact-presence cache-miss
97 http fetch GET 200 https://registry.npmjs.org/@radix-ui%2freact-id 541ms (cache revalidated)
98 silly packumentCache full:https://registry.npmjs.org/@radix-ui%2freact-id set size:299616 disposed:false
99 silly fetch manifest @radix-ui/react-primitive@2.0.0
100 silly packumentCache full:https://registry.npmjs.org/@radix-ui%2freact-primitive cache-miss
101 http fetch GET 200 https://registry.npmjs.org/@radix-ui%2freact-dismissable-layer 549ms (cache revalidated)
102 silly packumentCache full:https://registry.npmjs.org/@radix-ui%2freact-dismissable-layer set size:546211 disposed:false
103 silly fetch manifest @radix-ui/react-slot@1.1.0
104 silly packumentCache full:https://registry.npmjs.org/@radix-ui%2freact-slot cache-hit
105 silly fetch manifest @radix-ui/react-use-controllable-state@1.1.0
106 silly packumentCache full:https://registry.npmjs.org/@radix-ui%2freact-use-controllable-state cache-miss
107 http fetch GET 200 https://registry.npmjs.org/@radix-ui%2freact-focus-scope 560ms (cache revalidated)
108 silly packumentCache full:https://registry.npmjs.org/@radix-ui%2freact-focus-scope set size:469326 disposed:false
109 silly fetch manifest aria-hidden@^1.1.1
110 silly packumentCache full:https://registry.npmjs.org/aria-hidden cache-miss
111 http fetch GET 200 https://registry.npmjs.org/@radix-ui%2freact-portal 198ms (cache revalidated)
112 silly packumentCache full:https://registry.npmjs.org/@radix-ui%2freact-portal set size:496993 disposed:false
113 silly fetch manifest react-remove-scroll@2.6.0
114 silly packumentCache full:https://registry.npmjs.org/react-remove-scroll cache-miss
115 http fetch GET 200 https://registry.npmjs.org/@radix-ui%2freact-context 605ms (cache revalidated)
116 silly packumentCache full:https://registry.npmjs.org/@radix-ui%2freact-context set size:208057 disposed:false
117 silly fetch manifest fraction.js@^4.3.7
118 silly packumentCache full:https://registry.npmjs.org/fraction.js cache-miss
119 http fetch GET 200 https://registry.npmjs.org/@radix-ui%2freact-presence 185ms (cache miss)
120 silly packumentCache full:https://registry.npmjs.org/@radix-ui%2freact-presence set size:undefined disposed:false
121 silly fetch manifest normalize-range@^0.1.2
122 silly packumentCache full:https://registry.npmjs.org/normalize-range cache-miss
123 http fetch GET 200 https://registry.npmjs.org/@radix-ui%2freact-focus-guards 681ms (cache revalidated)
124 silly packumentCache full:https://registry.npmjs.org/@radix-ui%2freact-focus-guards set size:203193 disposed:false
125 silly fetch manifest postcss-value-parser@^4.2.0
126 silly packumentCache full:https://registry.npmjs.org/postcss-value-parser cache-miss
127 http fetch GET 200 https://registry.npmjs.org/aria-hidden 150ms (cache revalidated)
128 silly packumentCache full:https://registry.npmjs.org/aria-hidden set size:35042 disposed:false
129 silly fetch manifest clsx@^2.1.1
130 silly packumentCache full:https://registry.npmjs.org/clsx cache-hit
131 silly fetch manifest arg@^5.0.2
132 silly packumentCache full:https://registry.npmjs.org/arg cache-miss
133 http fetch GET 200 https://registry.npmjs.org/@radix-ui%2freact-primitive 183ms (cache revalidated)
134 silly packumentCache full:https://registry.npmjs.org/@radix-ui%2freact-primitive set size:427384 disposed:false
135 silly fetch manifest dlv@^1.1.3
136 silly packumentCache full:https://registry.npmjs.org/dlv cache-miss
137 http fetch GET 200 https://registry.npmjs.org/@radix-ui%2freact-use-controllable-state 204ms (cache revalidated)
138 silly packumentCache full:https://registry.npmjs.org/@radix-ui%2freact-use-controllable-state set size:195671 disposed:false
139 silly fetch manifest jiti@^1.21.6
140 silly packumentCache full:https://registry.npmjs.org/jiti cache-miss
141 http fetch GET 200 https://registry.npmjs.org/normalize-range 130ms (cache miss)
142 silly packumentCache full:https://registry.npmjs.org/normalize-range set size:undefined disposed:false
143 silly fetch manifest postcss@^8.4.47
144 silly packumentCache full:https://registry.npmjs.org/postcss cache-hit
145 silly fetch manifest sucrase@^3.35.0
146 silly packumentCache full:https://registry.npmjs.org/sucrase cache-miss
147 http fetch GET 200 https://registry.npmjs.org/react-remove-scroll 170ms (cache revalidated)
148 silly packumentCache full:https://registry.npmjs.org/react-remove-scroll set size:127978 disposed:false
149 silly fetch manifest chokidar@^3.6.0
150 silly packumentCache full:https://registry.npmjs.org/chokidar cache-miss
151 http fetch GET 200 https://registry.npmjs.org/fraction.js 185ms (cache miss)
152 silly packumentCache full:https://registry.npmjs.org/fraction.js set size:undefined disposed:false
153 silly fetch manifest lilconfig@^2.1.0
154 silly packumentCache full:https://registry.npmjs.org/lilconfig cache-miss
155 http fetch GET 200 https://registry.npmjs.org/postcss-value-parser 156ms (cache miss)
156 silly packumentCache full:https://registry.npmjs.org/postcss-value-parser set size:undefined disposed:false
157 silly fetch manifest didyoumean@^1.2.2
158 silly packumentCache full:https://registry.npmjs.org/didyoumean cache-miss
159 http fetch GET 200 https://registry.npmjs.org/dlv 133ms (cache miss)
160 silly packumentCache full:https://registry.npmjs.org/dlv set size:undefined disposed:false
161 silly fetch manifest postcss-js@^4.0.1
162 silly packumentCache full:https://registry.npmjs.org/postcss-js cache-miss
163 http fetch GET 200 https://registry.npmjs.org/arg 163ms (cache miss)
164 silly packumentCache full:https://registry.npmjs.org/arg set size:undefined disposed:false
165 silly fetch manifest object-hash@^3.0.0
166 silly packumentCache full:https://registry.npmjs.org/object-hash cache-miss
167 http fetch GET 200 https://registry.npmjs.org/sucrase 144ms (cache miss)
168 silly packumentCache full:https://registry.npmjs.org/sucrase set size:undefined disposed:false
169 silly fetch manifest postcss-import@^15.1.0
170 silly packumentCache full:https://registry.npmjs.org/postcss-import cache-miss
171 http fetch GET 200 https://registry.npmjs.org/jiti 174ms (cache revalidated)
172 silly packumentCache full:https://registry.npmjs.org/jiti set size:355863 disposed:false
173 silly fetch manifest postcss-nested@^6.2.0
174 silly packumentCache full:https://registry.npmjs.org/postcss-nested cache-miss
175 http fetch GET 200 https://registry.npmjs.org/lilconfig 160ms (cache miss)
176 silly packumentCache full:https://registry.npmjs.org/lilconfig set size:undefined disposed:false
177 silly fetch manifest @alloc/quick-lru@^5.2.0
178 silly packumentCache full:https://registry.npmjs.org/@alloc%2fquick-lru cache-miss
179 http fetch GET 200 https://registry.npmjs.org/chokidar 190ms (cache miss)
180 silly packumentCache full:https://registry.npmjs.org/chokidar set size:undefined disposed:false
181 silly fetch manifest postcss-load-config@^4.0.2
182 silly packumentCache full:https://registry.npmjs.org/postcss-load-config cache-miss
183 http fetch GET 200 https://registry.npmjs.org/didyoumean 144ms (cache miss)
184 silly packumentCache full:https://registry.npmjs.org/didyoumean set size:undefined disposed:false
185 silly fetch manifest postcss-selector-parser@^6.1.2
186 silly packumentCache full:https://registry.npmjs.org/postcss-selector-parser cache-miss
187 http fetch GET 200 https://registry.npmjs.org/postcss-js 156ms (cache miss)
188 silly packumentCache full:https://registry.npmjs.org/postcss-js set size:undefined disposed:false
189 http fetch GET 200 https://registry.npmjs.org/postcss-import 131ms (cache miss)
190 silly packumentCache full:https://registry.npmjs.org/postcss-import set size:undefined disposed:false
191 http fetch GET 200 https://registry.npmjs.org/postcss-nested 153ms (cache miss)
192 silly packumentCache full:https://registry.npmjs.org/postcss-nested set size:undefined disposed:false
193 http fetch GET 200 https://registry.npmjs.org/@alloc%2fquick-lru 177ms (cache miss)
194 silly packumentCache full:https://registry.npmjs.org/@alloc%2fquick-lru set size:undefined disposed:false
195 http fetch GET 200 https://registry.npmjs.org/postcss-load-config 175ms (cache miss)
196 silly packumentCache full:https://registry.npmjs.org/postcss-load-config set size:undefined disposed:false
197 http fetch GET 200 https://registry.npmjs.org/postcss-selector-parser 241ms (cache miss)
198 silly packumentCache full:https://registry.npmjs.org/postcss-selector-parser set size:undefined disposed:false
199 http fetch GET 200 https://registry.npmjs.org/object-hash 788ms (cache miss)
200 silly packumentCache full:https://registry.npmjs.org/object-hash set size:undefined disposed:false
201 silly fetch manifest @types/react@*
202 silly packumentCache full:https://registry.npmjs.org/@types%2freact cache-miss
203 http fetch GET 200 https://registry.npmjs.org/@types%2freact 12ms (cache hit)
204 silly packumentCache full:https://registry.npmjs.org/@types%2freact set size:2224167 disposed:false
205 silly fetch manifest react@^16.8 || ^17.0 || ^18.0 || ^19.0 || ^19.0.0-rc
206 silly packumentCache full:https://registry.npmjs.org/react cache-miss
207 http fetch GET 200 https://registry.npmjs.org/react 17ms (cache hit)
208 silly packumentCache full:https://registry.npmjs.org/react set size:5191881 disposed:false
209 silly fetch manifest @types/react-dom@*
210 silly packumentCache full:https://registry.npmjs.org/@types%2freact-dom cache-hit
211 silly fetch manifest react-dom@^16.8 || ^17.0 || ^18.0 || ^19.0 || ^19.0.0-rc
212 silly packumentCache full:https://registry.npmjs.org/react-dom cache-miss
213 http fetch GET 200 https://registry.npmjs.org/react-dom 26ms (cache hit)
214 silly packumentCache full:https://registry.npmjs.org/react-dom set size:6376151 disposed:false
215 silly placeDep ROOT @radix-ui/primitive@1.1.0 OK for: @radix-ui/react-dialog@1.1.2 want: 1.1.0
216 silly placeDep ROOT @radix-ui/react-compose-refs@1.1.0 OK for: @radix-ui/react-dialog@1.1.2 want: 1.1.0
217 silly placeDep ROOT @radix-ui/react-context@1.1.1 OK for: @radix-ui/react-dialog@1.1.2 want: 1.1.1
218 silly placeDep ROOT @radix-ui/react-dismissable-layer@1.1.1 OK for: @radix-ui/react-dialog@1.1.2 want: 1.1.1
219 silly placeDep ROOT @radix-ui/react-focus-guards@1.1.1 OK for: @radix-ui/react-dialog@1.1.2 want: 1.1.1
220 silly placeDep ROOT @radix-ui/react-focus-scope@1.1.0 OK for: @radix-ui/react-dialog@1.1.2 want: 1.1.0
221 silly placeDep ROOT @radix-ui/react-id@1.1.0 OK for: @radix-ui/react-dialog@1.1.2 want: 1.1.0
222 silly placeDep ROOT @radix-ui/react-portal@1.1.2 OK for: @radix-ui/react-dialog@1.1.2 want: 1.1.2
223 silly placeDep ROOT @radix-ui/react-presence@1.1.1 OK for: @radix-ui/react-dialog@1.1.2 want: 1.1.1
224 silly placeDep ROOT @radix-ui/react-primitive@2.0.0 OK for: @radix-ui/react-dialog@1.1.2 want: 2.0.0
225 silly placeDep ROOT @radix-ui/react-use-controllable-state@1.1.0 OK for: @radix-ui/react-dialog@1.1.2 want: 1.1.0
226 silly placeDep ROOT aria-hidden@1.2.4 OK for: @radix-ui/react-dialog@1.1.2 want: ^1.1.1
227 silly placeDep ROOT react-remove-scroll@2.6.0 OK for: @radix-ui/react-dialog@1.1.2 want: 2.6.0
228 silly fetch manifest @radix-ui/react-use-callback-ref@1.1.0
229 silly packumentCache full:https://registry.npmjs.org/@radix-ui%2freact-use-callback-ref cache-miss
230 silly fetch manifest @radix-ui/react-use-escape-keydown@1.1.0
231 silly packumentCache full:https://registry.npmjs.org/@radix-ui%2freact-use-escape-keydown cache-miss
232 silly fetch manifest @radix-ui/react-use-callback-ref@1.1.0
233 silly packumentCache full:https://registry.npmjs.org/@radix-ui%2freact-use-callback-ref cache-miss
234 silly fetch manifest @radix-ui/react-use-layout-effect@1.1.0
235 silly packumentCache full:https://registry.npmjs.org/@radix-ui%2freact-use-layout-effect cache-miss
236 silly fetch manifest @radix-ui/react-use-layout-effect@1.1.0
237 silly packumentCache full:https://registry.npmjs.org/@radix-ui%2freact-use-layout-effect cache-miss
238 silly fetch manifest @radix-ui/react-use-layout-effect@1.1.0
239 silly packumentCache full:https://registry.npmjs.org/@radix-ui%2freact-use-layout-effect cache-miss
240 silly fetch manifest @radix-ui/react-use-callback-ref@1.1.0
241 silly packumentCache full:https://registry.npmjs.org/@radix-ui%2freact-use-callback-ref cache-miss
242 http fetch GET 200 https://registry.npmjs.org/@radix-ui%2freact-use-escape-keydown 169ms (cache revalidated)
243 silly packumentCache full:https://registry.npmjs.org/@radix-ui%2freact-use-escape-keydown set size:251576 disposed:false
244 silly fetch manifest react-remove-scroll-bar@^2.3.6
245 silly packumentCache full:https://registry.npmjs.org/react-remove-scroll-bar cache-miss
246 http fetch GET 200 https://registry.npmjs.org/@radix-ui%2freact-use-layout-effect 195ms (cache revalidated)
247 silly packumentCache full:https://registry.npmjs.org/@radix-ui%2freact-use-layout-effect set size:187494 disposed:false
248 silly fetch manifest react-style-singleton@^2.2.1
249 silly packumentCache full:https://registry.npmjs.org/react-style-singleton cache-miss
250 http fetch GET 200 https://registry.npmjs.org/@radix-ui%2freact-use-layout-effect 212ms (cache revalidated)
251 silly packumentCache full:https://registry.npmjs.org/@radix-ui%2freact-use-layout-effect set size:187494 disposed:false
252 silly packumentCache full:https://registry.npmjs.org/@radix-ui%2freact-use-layout-effect dispose
253 silly fetch manifest use-callback-ref@^1.3.0
254 silly packumentCache full:https://registry.npmjs.org/use-callback-ref cache-miss
255 http fetch GET 200 https://registry.npmjs.org/@radix-ui%2freact-use-callback-ref 221ms (cache revalidated)
256 silly packumentCache full:https://registry.npmjs.org/@radix-ui%2freact-use-callback-ref set size:187143 disposed:false
257 silly fetch manifest use-sidecar@^1.1.2
258 silly packumentCache full:https://registry.npmjs.org/use-sidecar cache-miss
259 http fetch GET 200 https://registry.npmjs.org/@radix-ui%2freact-use-callback-ref 231ms (cache revalidated)
260 silly packumentCache full:https://registry.npmjs.org/@radix-ui%2freact-use-callback-ref set size:187143 disposed:false
261 silly packumentCache full:https://registry.npmjs.org/@radix-ui%2freact-use-callback-ref dispose
262 http fetch GET 200 https://registry.npmjs.org/react-remove-scroll-bar 124ms (cache revalidated)
263 silly packumentCache full:https://registry.npmjs.org/react-remove-scroll-bar set size:60530 disposed:false
264 http fetch GET 200 https://registry.npmjs.org/react-style-singleton 147ms (cache revalidated)
265 silly packumentCache full:https://registry.npmjs.org/react-style-singleton set size:27893 disposed:false
266 http fetch GET 200 https://registry.npmjs.org/use-sidecar 138ms (cache revalidated)
267 silly packumentCache full:https://registry.npmjs.org/use-sidecar set size:56163 disposed:false
268 http fetch GET 200 https://registry.npmjs.org/use-callback-ref 156ms (cache revalidated)
269 silly packumentCache full:https://registry.npmjs.org/use-callback-ref set size:44748 disposed:false
270 http fetch GET 200 https://registry.npmjs.org/@radix-ui%2freact-use-layout-effect 458ms (cache revalidated)
271 silly packumentCache full:https://registry.npmjs.org/@radix-ui%2freact-use-layout-effect set size:187494 disposed:true
272 silly packumentCache full:https://registry.npmjs.org/@radix-ui%2freact-use-layout-effect dispose
273 http fetch GET 200 https://registry.npmjs.org/@radix-ui%2freact-use-callback-ref 520ms (cache revalidated)
274 silly packumentCache full:https://registry.npmjs.org/@radix-ui%2freact-use-callback-ref set size:187143 disposed:true
275 silly packumentCache full:https://registry.npmjs.org/@radix-ui%2freact-use-callback-ref dispose
276 silly placeDep ROOT @radix-ui/react-use-callback-ref@1.1.0 OK for: @radix-ui/react-dismissable-layer@1.1.1 want: 1.1.0
277 silly placeDep ROOT @radix-ui/react-use-escape-keydown@1.1.0 OK for: @radix-ui/react-dismissable-layer@1.1.1 want: 1.1.0
278 silly placeDep ROOT @radix-ui/react-use-layout-effect@1.1.0 OK for: @radix-ui/react-id@1.1.0 want: 1.1.0
279 silly placeDep ROOT fraction.js@4.3.7 OK for: autoprefixer@10.4.20 want: ^4.3.7
280 silly placeDep ROOT normalize-range@0.1.2 OK for: autoprefixer@10.4.20 want: ^0.1.2
281 silly placeDep ROOT postcss-value-parser@4.2.0 OK for: autoprefixer@10.4.20 want: ^4.2.0
282 silly fetch manifest @types/react@^16.8.0 || ^17.0.0 || ^18.0.0
283 silly packumentCache full:https://registry.npmjs.org/@types%2freact cache-miss
284 http fetch GET 200 https://registry.npmjs.org/@types%2freact 14ms (cache hit)
285 silly packumentCache full:https://registry.npmjs.org/@types%2freact set size:2224167 disposed:false
286 silly fetch manifest react@^16.8.0 || ^17.0.0 || ^18.0.0
287 silly packumentCache full:https://registry.npmjs.org/react cache-miss
288 http fetch GET 200 https://registry.npmjs.org/react 18ms (cache hit)
289 silly packumentCache full:https://registry.npmjs.org/react set size:5191881 disposed:false
290 silly placeDep ROOT react-remove-scroll-bar@2.3.6 OK for: react-remove-scroll@2.6.0 want: ^2.3.6
291 silly placeDep ROOT react-style-singleton@2.2.1 OK for: react-remove-scroll@2.6.0 want: ^2.2.1
292 silly placeDep ROOT use-callback-ref@1.3.2 OK for: react-remove-scroll@2.6.0 want: ^1.3.0
293 silly placeDep ROOT use-sidecar@1.1.2 OK for: react-remove-scroll@2.6.0 want: ^1.1.2
294 silly fetch manifest get-nonce@^1.0.0
295 silly packumentCache full:https://registry.npmjs.org/get-nonce cache-miss
296 silly fetch manifest invariant@^2.2.4
297 silly packumentCache full:https://registry.npmjs.org/invariant cache-miss
298 silly fetch manifest detect-node-es@^1.1.0
299 silly packumentCache full:https://registry.npmjs.org/detect-node-es cache-miss
300 http fetch GET 200 https://registry.npmjs.org/invariant 138ms (cache revalidated)
301 silly packumentCache full:https://registry.npmjs.org/invariant set size:22008 disposed:false
302 http fetch GET 200 https://registry.npmjs.org/get-nonce 146ms (cache revalidated)
303 silly packumentCache full:https://registry.npmjs.org/get-nonce set size:8902 disposed:false
304 http fetch GET 200 https://registry.npmjs.org/detect-node-es 180ms (cache revalidated)
305 silly packumentCache full:https://registry.npmjs.org/detect-node-es set size:6554 disposed:false
306 silly placeDep ROOT get-nonce@1.0.1 OK for: react-style-singleton@2.2.1 want: ^1.0.0
307 silly placeDep ROOT invariant@2.2.4 OK for: react-style-singleton@2.2.1 want: ^2.2.4
308 silly fetch manifest ts-node@>=9.0.0
309 silly packumentCache full:https://registry.npmjs.org/ts-node cache-miss
310 http fetch GET 200 https://registry.npmjs.org/ts-node 163ms (cache revalidated)
311 silly packumentCache full:https://registry.npmjs.org/ts-node set size:574536 disposed:false
312 silly fetch manifest @swc/core@>=1.2.50
313 silly packumentCache full:https://registry.npmjs.org/@swc%2fcore cache-miss
314 http fetch GET 200 https://registry.npmjs.org/@swc%2fcore 398ms (cache revalidated)
315 silly packumentCache full:https://registry.npmjs.org/@swc%2fcore set size:3358039 disposed:false
316 silly fetch manifest @swc/helpers@*
317 silly packumentCache full:https://registry.npmjs.org/@swc%2fhelpers cache-miss
318 http fetch GET 200 https://registry.npmjs.org/@swc%2fhelpers 894ms (cache revalidated)
319 silly packumentCache full:https://registry.npmjs.org/@swc%2fhelpers set size:608609 disposed:false
320 silly fetch manifest @swc/wasm@>=1.2.50
321 silly packumentCache full:https://registry.npmjs.org/@swc%2fwasm cache-miss
322 http fetch GET 200 https://registry.npmjs.org/@swc%2fwasm 378ms (cache revalidated)
323 silly packumentCache full:https://registry.npmjs.org/@swc%2fwasm set size:1065130 disposed:false
324 silly fetch manifest @types/node@*
325 silly packumentCache full:https://registry.npmjs.org/@types%2fnode cache-miss
326 http fetch GET 200 https://registry.npmjs.org/@types%2fnode 383ms (cache revalidated)
327 silly packumentCache full:https://registry.npmjs.org/@types%2fnode set size:9446085 disposed:false
328 silly fetch manifest typescript@>=2.7
329 silly packumentCache full:https://registry.npmjs.org/typescript cache-miss
330 http fetch GET 200 https://registry.npmjs.org/typescript 181ms (cache revalidated)
331 silly packumentCache full:https://registry.npmjs.org/typescript set size:13537258 disposed:false
332 silly placeDep ROOT @alloc/quick-lru@5.2.0 OK for: tailwindcss@3.4.15 want: ^5.2.0
333 silly placeDep ROOT arg@5.0.2 OK for: tailwindcss@3.4.15 want: ^5.0.2
334 silly placeDep ROOT chokidar@3.6.0 OK for: tailwindcss@3.4.15 want: ^3.6.0
335 silly placeDep ROOT didyoumean@1.2.2 OK for: tailwindcss@3.4.15 want: ^1.2.2
336 silly placeDep ROOT dlv@1.1.3 OK for: tailwindcss@3.4.15 want: ^1.1.3
337 silly placeDep ROOT jiti@1.21.6 OK for: tailwindcss@3.4.15 want: ^1.21.6
338 silly placeDep ROOT lilconfig@2.1.0 OK for: tailwindcss@3.4.15 want: ^2.1.0
339 silly placeDep ROOT object-hash@3.0.0 OK for: tailwindcss@3.4.15 want: ^3.0.0
340 silly placeDep node_modules/tailwindcss postcss@8.4.49 OK for: tailwindcss@3.4.15 want: ^8.4.47
341 silly placeDep ROOT postcss-import@15.1.0 OK for: tailwindcss@3.4.15 want: ^15.1.0
342 silly placeDep ROOT postcss-js@4.0.1 OK for: tailwindcss@3.4.15 want: ^4.0.1
343 silly placeDep ROOT postcss-load-config@4.0.2 OK for: tailwindcss@3.4.15 want: ^4.0.2
344 silly placeDep ROOT postcss-nested@6.2.0 OK for: tailwindcss@3.4.15 want: ^6.2.0
345 silly placeDep ROOT postcss-selector-parser@6.1.2 OK for: tailwindcss@3.4.15 want: ^6.1.2
346 silly placeDep ROOT sucrase@3.35.0 OK for: tailwindcss@3.4.15 want: ^3.35.0
347 silly fetch manifest readdirp@~3.6.0
348 silly packumentCache full:https://registry.npmjs.org/readdirp cache-miss
349 silly fetch manifest glob-parent@~5.1.2
350 silly packumentCache full:https://registry.npmjs.org/glob-parent cache-miss
351 silly fetch manifest is-binary-path@~2.1.0
352 silly packumentCache full:https://registry.npmjs.org/is-binary-path cache-miss
353 silly fetch manifest fsevents@~2.3.2
354 silly packumentCache full:https://registry.npmjs.org/fsevents cache-miss
355 silly fetch manifest read-cache@^1.0.0
356 silly packumentCache full:https://registry.npmjs.org/read-cache cache-miss
357 silly fetch manifest camelcase-css@^2.0.1
358 silly packumentCache full:https://registry.npmjs.org/camelcase-css cache-miss
359 silly fetch manifest yaml@^2.3.4
360 silly packumentCache full:https://registry.npmjs.org/yaml cache-miss
361 http fetch GET 200 https://registry.npmjs.org/glob-parent 126ms (cache revalidated)
362 silly packumentCache full:https://registry.npmjs.org/glob-parent set size:42445 disposed:false
363 silly fetch manifest lilconfig@^3.0.0
364 silly packumentCache full:https://registry.npmjs.org/lilconfig cache-miss
365 http fetch GET 200 https://registry.npmjs.org/lilconfig 12ms (cache hit)
366 silly packumentCache full:https://registry.npmjs.org/lilconfig set size:45636 disposed:false
367 silly fetch manifest postcss-selector-parser@^6.1.1
368 silly packumentCache full:https://registry.npmjs.org/postcss-selector-parser cache-miss
369 http fetch GET 200 https://registry.npmjs.org/fsevents 153ms (cache revalidated)
370 silly packumentCache full:https://registry.npmjs.org/fsevents set size:182472 disposed:false
371 silly fetch manifest cssesc@^3.0.0
372 silly packumentCache full:https://registry.npmjs.org/cssesc cache-miss
373 http fetch GET 200 https://registry.npmjs.org/read-cache 163ms (cache miss)
374 silly packumentCache full:https://registry.npmjs.org/read-cache set size:undefined disposed:false
375 silly fetch manifest util-deprecate@^1.0.2
376 silly packumentCache full:https://registry.npmjs.org/util-deprecate cache-miss
377 http fetch GET 200 https://registry.npmjs.org/is-binary-path 167ms (cache miss)
378 silly packumentCache full:https://registry.npmjs.org/is-binary-path set size:undefined disposed:false
379 silly fetch manifest commander@^4.0.0
380 silly packumentCache full:https://registry.npmjs.org/commander cache-miss
381 http fetch GET 200 https://registry.npmjs.org/postcss-selector-parser 35ms (cache hit)
382 silly packumentCache full:https://registry.npmjs.org/postcss-selector-parser set size:171230 disposed:false
383 silly fetch manifest glob@^10.3.10
384 silly packumentCache full:https://registry.npmjs.org/glob cache-miss
385 http fetch GET 200 https://registry.npmjs.org/camelcase-css 189ms (cache miss)
386 silly packumentCache full:https://registry.npmjs.org/camelcase-css set size:undefined disposed:false
387 silly fetch manifest mz@^2.7.0
388 silly packumentCache full:https://registry.npmjs.org/mz cache-miss
389 http fetch GET 200 https://registry.npmjs.org/yaml 197ms (cache miss)
390 silly packumentCache full:https://registry.npmjs.org/yaml set size:undefined disposed:false
391 silly fetch manifest ts-interface-checker@^0.1.9
392 silly packumentCache full:https://registry.npmjs.org/ts-interface-checker cache-miss
393 http fetch GET 200 https://registry.npmjs.org/readdirp 207ms (cache miss)
394 silly packumentCache full:https://registry.npmjs.org/readdirp set size:undefined disposed:false
395 http fetch GET 200 https://registry.npmjs.org/cssesc 128ms (cache miss)
396 silly packumentCache full:https://registry.npmjs.org/cssesc set size:undefined disposed:false
397 http fetch GET 200 https://registry.npmjs.org/util-deprecate 165ms (cache revalidated)
398 silly packumentCache full:https://registry.npmjs.org/util-deprecate set size:6674 disposed:false
399 http fetch GET 200 https://registry.npmjs.org/glob 155ms (cache revalidated)
400 silly packumentCache full:https://registry.npmjs.org/glob set size:430869 disposed:false
401 http fetch GET 200 https://registry.npmjs.org/commander 174ms (cache revalidated)
402 silly packumentCache full:https://registry.npmjs.org/commander set size:942268 disposed:false
403 http fetch GET 200 https://registry.npmjs.org/mz 172ms (cache miss)
404 silly packumentCache full:https://registry.npmjs.org/mz set size:undefined disposed:false
405 http fetch GET 200 https://registry.npmjs.org/ts-interface-checker 162ms (cache miss)
406 silly packumentCache full:https://registry.npmjs.org/ts-interface-checker set size:undefined disposed:false
407 silly placeDep ROOT fsevents@2.3.3 OK for: chokidar@3.6.0 want: ~2.3.2
408 silly placeDep node_modules/chokidar glob-parent@5.1.2 OK for: chokidar@3.6.0 want: ~5.1.2
409 silly placeDep ROOT is-binary-path@2.1.0 OK for: chokidar@3.6.0 want: ~2.1.0
410 silly placeDep ROOT readdirp@3.6.0 OK for: chokidar@3.6.0 want: ~3.6.0
411 silly fetch manifest binary-extensions@^2.0.0
412 silly packumentCache full:https://registry.npmjs.org/binary-extensions cache-miss
413 http fetch GET 200 https://registry.npmjs.org/binary-extensions 166ms (cache miss)
414 silly packumentCache full:https://registry.npmjs.org/binary-extensions set size:undefined disposed:false
415 silly placeDep ROOT binary-extensions@2.3.0 OK for: is-binary-path@2.1.0 want: ^2.0.0
416 silly placeDep ROOT read-cache@1.0.0 OK for: postcss-import@15.1.0 want: ^1.0.0
417 silly fetch manifest pify@^2.3.0
418 silly packumentCache full:https://registry.npmjs.org/pify cache-miss
419 http fetch GET 200 https://registry.npmjs.org/pify 126ms (cache miss)
420 silly packumentCache full:https://registry.npmjs.org/pify set size:undefined disposed:false
421 silly placeDep ROOT camelcase-css@2.0.1 OK for: postcss-js@4.0.1 want: ^2.0.1
422 silly placeDep node_modules/postcss-load-config lilconfig@3.1.3 OK for: postcss-load-config@4.0.2 want: ^3.0.0
423 silly placeDep ROOT yaml@2.6.1 OK for: postcss-load-config@4.0.2 want: ^2.3.4
424 silly placeDep ROOT cssesc@3.0.0 OK for: postcss-selector-parser@6.1.2 want: ^3.0.0
425 silly placeDep ROOT util-deprecate@1.0.2 OK for: postcss-selector-parser@6.1.2 want: ^1.0.2
426 silly placeDep ROOT pify@2.3.0 OK for: read-cache@1.0.0 want: ^2.3.0
427 silly placeDep ROOT commander@4.1.1 OK for: sucrase@3.35.0 want: ^4.0.0
428 silly placeDep node_modules/sucrase glob@10.4.5 OK for: sucrase@3.35.0 want: ^10.3.10
429 silly placeDep ROOT mz@2.7.0 OK for: sucrase@3.35.0 want: ^2.7.0
430 silly placeDep ROOT ts-interface-checker@0.1.13 OK for: sucrase@3.35.0 want: ^0.1.9
431 silly fetch manifest jackspeak@^3.1.2
432 silly packumentCache full:https://registry.npmjs.org/jackspeak cache-miss
433 silly fetch manifest minimatch@^9.0.4
434 silly packumentCache full:https://registry.npmjs.org/minimatch cache-miss
435 silly fetch manifest package-json-from-dist@^1.0.0
436 silly packumentCache full:https://registry.npmjs.org/package-json-from-dist cache-miss
437 silly fetch manifest any-promise@^1.0.0
438 silly packumentCache full:https://registry.npmjs.org/any-promise cache-miss
439 silly fetch manifest thenify-all@^1.0.0
440 silly packumentCache full:https://registry.npmjs.org/thenify-all cache-miss
441 http fetch GET 200 https://registry.npmjs.org/any-promise 147ms (cache miss)
442 silly packumentCache full:https://registry.npmjs.org/any-promise set size:undefined disposed:false
443 http fetch GET 200 https://registry.npmjs.org/jackspeak 152ms (cache revalidated)
444 silly packumentCache full:https://registry.npmjs.org/jackspeak set size:180235 disposed:false
445 http fetch GET 200 https://registry.npmjs.org/minimatch 162ms (cache revalidated)
446 silly packumentCache full:https://registry.npmjs.org/minimatch set size:398328 disposed:false
447 http fetch GET 200 https://registry.npmjs.org/thenify-all 167ms (cache miss)
448 silly packumentCache full:https://registry.npmjs.org/thenify-all set size:undefined disposed:false
449 http fetch GET 200 https://registry.npmjs.org/package-json-from-dist 170ms (cache miss)
450 silly packumentCache full:https://registry.npmjs.org/package-json-from-dist set size:undefined disposed:false
451 silly placeDep ROOT any-promise@1.3.0 OK for: mz@2.7.0 want: ^1.0.0
452 silly placeDep ROOT thenify-all@1.6.0 OK for: mz@2.7.0 want: ^1.0.0
453 silly fetch manifest thenify@>= 3.1.0 < 4
454 silly packumentCache full:https://registry.npmjs.org/thenify cache-miss
455 http fetch GET 200 https://registry.npmjs.org/thenify 153ms (cache miss)
456 silly packumentCache full:https://registry.npmjs.org/thenify set size:undefined disposed:false
457 silly placeDep ROOT thenify@3.3.1 OK for: thenify-all@1.6.0 want: >= 3.1.0 < 4
458 silly placeDep ROOT detect-node-es@1.1.0 OK for: use-sidecar@1.1.2 want: ^1.1.0
459 silly placeDep node_modules/sucrase jackspeak@3.4.3 OK for: glob@10.4.5 want: ^3.1.2
460 silly placeDep node_modules/sucrase minimatch@9.0.5 OK for: glob@10.4.5 want: ^9.0.4
461 silly placeDep ROOT package-json-from-dist@1.0.1 OK for: glob@10.4.5 want: ^1.0.0
462 silly fetch manifest brace-expansion@^2.0.1
463 silly packumentCache full:https://registry.npmjs.org/brace-expansion cache-miss
464 http fetch GET 200 https://registry.npmjs.org/brace-expansion 143ms (cache revalidated)
465 silly packumentCache full:https://registry.npmjs.org/brace-expansion set size:42345 disposed:false
466 silly placeDep node_modules/sucrase brace-expansion@2.0.1 OK for: minimatch@9.0.5 want: ^2.0.1
467 silly reify moves {}
468 silly audit bulk request {
468 silly audit   '@adobe/css-tools': [ '4.4.1' ],
468 silly audit   '@ampproject/remapping': [ '2.3.0' ],
468 silly audit   '@babel/code-frame': [ '7.26.2' ],
468 silly audit   '@babel/compat-data': [ '7.26.2' ],
468 silly audit   '@babel/core': [ '7.26.0' ],
468 silly audit   semver: [ '6.3.1', '7.6.3' ],
468 silly audit   '@babel/generator': [ '7.26.2' ],
468 silly audit   '@babel/helper-annotate-as-pure': [ '7.25.9' ],
468 silly audit   '@babel/helper-builder-binary-assignment-operator-visitor': [ '7.25.9' ],
468 silly audit   '@babel/helper-compilation-targets': [ '7.25.9' ],
468 silly audit   '@babel/helper-create-class-features-plugin': [ '7.25.9' ],
468 silly audit   '@babel/helper-create-regexp-features-plugin': [ '7.25.9' ],
468 silly audit   '@babel/helper-define-polyfill-provider': [ '0.6.3' ],
468 silly audit   '@babel/helper-member-expression-to-functions': [ '7.25.9' ],
468 silly audit   '@babel/helper-module-imports': [ '7.25.9' ],
468 silly audit   '@babel/helper-module-transforms': [ '7.26.0' ],
468 silly audit   '@babel/helper-optimise-call-expression': [ '7.25.9' ],
468 silly audit   '@babel/helper-plugin-utils': [ '7.25.9' ],
468 silly audit   '@babel/helper-remap-async-to-generator': [ '7.25.9' ],
468 silly audit   '@babel/helper-replace-supers': [ '7.25.9' ],
468 silly audit   '@babel/helper-simple-access': [ '7.25.9' ],
468 silly audit   '@babel/helper-skip-transparent-expression-wrappers': [ '7.25.9' ],
468 silly audit   '@babel/helper-string-parser': [ '7.25.9' ],
468 silly audit   '@babel/helper-validator-identifier': [ '7.25.9' ],
468 silly audit   '@babel/helper-validator-option': [ '7.25.9' ],
468 silly audit   '@babel/helper-wrap-function': [ '7.25.9' ],
468 silly audit   '@babel/helpers': [ '7.26.0' ],
468 silly audit   '@babel/parser': [ '7.26.2' ],
468 silly audit   '@babel/plugin-bugfix-firefox-class-in-computed-class-key': [ '7.25.9' ],
468 silly audit   '@babel/plugin-bugfix-safari-class-field-initializer-scope': [ '7.25.9' ],
468 silly audit   '@babel/plugin-bugfix-safari-id-destructuring-collision-in-function-expression': [ '7.25.9' ],
468 silly audit   '@babel/plugin-bugfix-v8-spread-parameters-in-optional-chaining': [ '7.25.9' ],
468 silly audit   '@babel/plugin-bugfix-v8-static-class-fields-redefine-readonly': [ '7.25.9' ],
468 silly audit   '@babel/plugin-proposal-private-property-in-object': [ '7.21.0-placeholder-for-preset-env.2' ],
468 silly audit   '@babel/plugin-syntax-async-generators': [ '7.8.4' ],
468 silly audit   '@babel/plugin-syntax-bigint': [ '7.8.3' ],
468 silly audit   '@babel/plugin-syntax-class-properties': [ '7.12.13' ],
468 silly audit   '@babel/plugin-syntax-class-static-block': [ '7.14.5' ],
468 silly audit   '@babel/plugin-syntax-import-assertions': [ '7.26.0' ],
468 silly audit   '@babel/plugin-syntax-import-attributes': [ '7.26.0' ],
468 silly audit   '@babel/plugin-syntax-import-meta': [ '7.10.4' ],
468 silly audit   '@babel/plugin-syntax-json-strings': [ '7.8.3' ],
468 silly audit   '@babel/plugin-syntax-jsx': [ '7.25.9' ],
468 silly audit   '@babel/plugin-syntax-logical-assignment-operators': [ '7.10.4' ],
468 silly audit   '@babel/plugin-syntax-nullish-coalescing-operator': [ '7.8.3' ],
468 silly audit   '@babel/plugin-syntax-numeric-separator': [ '7.10.4' ],
468 silly audit   '@babel/plugin-syntax-object-rest-spread': [ '7.8.3' ],
468 silly audit   '@babel/plugin-syntax-optional-catch-binding': [ '7.8.3' ],
468 silly audit   '@babel/plugin-syntax-optional-chaining': [ '7.8.3' ],
468 silly audit   '@babel/plugin-syntax-private-property-in-object': [ '7.14.5' ],
468 silly audit   '@babel/plugin-syntax-top-level-await': [ '7.14.5' ],
468 silly audit   '@babel/plugin-syntax-typescript': [ '7.25.9' ],
468 silly audit   '@babel/plugin-syntax-unicode-sets-regex': [ '7.18.6' ],
468 silly audit   '@babel/plugin-transform-arrow-functions': [ '7.25.9' ],
468 silly audit   '@babel/plugin-transform-async-generator-functions': [ '7.25.9' ],
468 silly audit   '@babel/plugin-transform-async-to-generator': [ '7.25.9' ],
468 silly audit   '@babel/plugin-transform-block-scoped-functions': [ '7.25.9' ],
468 silly audit   '@babel/plugin-transform-block-scoping': [ '7.25.9' ],
468 silly audit   '@babel/plugin-transform-class-properties': [ '7.25.9' ],
468 silly audit   '@babel/plugin-transform-class-static-block': [ '7.26.0' ],
468 silly audit   '@babel/plugin-transform-classes': [ '7.25.9' ],
468 silly audit   '@babel/plugin-transform-computed-properties': [ '7.25.9' ],
468 silly audit   '@babel/plugin-transform-destructuring': [ '7.25.9' ],
468 silly audit   '@babel/plugin-transform-dotall-regex': [ '7.25.9' ],
468 silly audit   '@babel/plugin-transform-duplicate-keys': [ '7.25.9' ],
468 silly audit   '@babel/plugin-transform-duplicate-named-capturing-groups-regex': [ '7.25.9' ],
468 silly audit   '@babel/plugin-transform-dynamic-import': [ '7.25.9' ],
468 silly audit   '@babel/plugin-transform-exponentiation-operator': [ '7.25.9' ],
468 silly audit   '@babel/plugin-transform-export-namespace-from': [ '7.25.9' ],
468 silly audit   '@babel/plugin-transform-for-of': [ '7.25.9' ],
468 silly audit   '@babel/plugin-transform-function-name': [ '7.25.9' ],
468 silly audit   '@babel/plugin-transform-json-strings': [ '7.25.9' ],
468 silly audit   '@babel/plugin-transform-literals': [ '7.25.9' ],
468 silly audit   '@babel/plugin-transform-logical-assignment-operators': [ '7.25.9' ],
468 silly audit   '@babel/plugin-transform-member-expression-literals': [ '7.25.9' ],
468 silly audit   '@babel/plugin-transform-modules-amd': [ '7.25.9' ],
468 silly audit   '@babel/plugin-transform-modules-commonjs': [ '7.25.9' ],
468 silly audit   '@babel/plugin-transform-modules-systemjs': [ '7.25.9' ],
468 silly audit   '@babel/plugin-transform-modules-umd': [ '7.25.9' ],
468 silly audit   '@babel/plugin-transform-named-capturing-groups-regex': [ '7.25.9' ],
468 silly audit   '@babel/plugin-transform-new-target': [ '7.25.9' ],
468 silly audit   '@babel/plugin-transform-nullish-coalescing-operator': [ '7.25.9' ],
468 silly audit   '@babel/plugin-transform-numeric-separator': [ '7.25.9' ],
468 silly audit   '@babel/plugin-transform-object-rest-spread': [ '7.25.9' ],
468 silly audit   '@babel/plugin-transform-object-super': [ '7.25.9' ],
468 silly audit   '@babel/plugin-transform-optional-catch-binding': [ '7.25.9' ],
468 silly audit   '@babel/plugin-transform-optional-chaining': [ '7.25.9' ],
468 silly audit   '@babel/plugin-transform-parameters': [ '7.25.9' ],
468 silly audit   '@babel/plugin-transform-private-methods': [ '7.25.9' ],
468 silly audit   '@babel/plugin-transform-private-property-in-object': [ '7.25.9' ],
468 silly audit   '@babel/plugin-transform-property-literals': [ '7.25.9' ],
468 silly audit   '@babel/plugin-transform-react-display-name': [ '7.25.9' ],
468 silly audit   '@babel/plugin-transform-react-jsx': [ '7.25.9' ],
468 silly audit   '@babel/plugin-transform-react-jsx-development': [ '7.25.9' ],
468 silly audit   '@babel/plugin-transform-react-pure-annotations': [ '7.25.9' ],
468 silly audit   '@babel/plugin-transform-regenerator': [ '7.25.9' ],
468 silly audit   '@babel/plugin-transform-regexp-modifiers': [ '7.26.0' ],
468 silly audit   '@babel/plugin-transform-reserved-words': [ '7.25.9' ],
468 silly audit   '@babel/plugin-transform-shorthand-properties': [ '7.25.9' ],
468 silly audit   '@babel/plugin-transform-spread': [ '7.25.9' ],
468 silly audit   '@babel/plugin-transform-sticky-regex': [ '7.25.9' ],
468 silly audit   '@babel/plugin-transform-template-literals': [ '7.25.9' ],
468 silly audit   '@babel/plugin-transform-typeof-symbol': [ '7.25.9' ],
468 silly audit   '@babel/plugin-transform-typescript': [ '7.25.9' ],
468 silly audit   '@babel/plugin-transform-unicode-escapes': [ '7.25.9' ],
468 silly audit   '@babel/plugin-transform-unicode-property-regex': [ '7.25.9' ],
468 silly audit   '@babel/plugin-transform-unicode-regex': [ '7.25.9' ],
468 silly audit   '@babel/plugin-transform-unicode-sets-regex': [ '7.25.9' ],
468 silly audit   '@babel/preset-env': [ '7.26.0' ],
468 silly audit   '@babel/preset-modules': [ '0.1.6-no-external-plugins' ],
468 silly audit   '@babel/preset-react': [ '7.25.9' ],
468 silly audit   '@babel/preset-typescript': [ '7.26.0' ],
468 silly audit   '@babel/runtime': [ '7.26.0' ],
468 silly audit   '@babel/template': [ '7.25.9' ],
468 silly audit   '@babel/traverse': [ '7.25.9' ],
468 silly audit   '@babel/types': [ '7.26.0' ],
468 silly audit   '@bcoe/v8-coverage': [ '0.2.3' ],
468 silly audit   '@eslint-community/eslint-utils': [ '4.4.1' ],
468 silly audit   '@eslint-community/regexpp': [ '4.12.1' ],
468 silly audit   '@eslint/eslintrc': [ '2.1.4' ],
468 silly audit   globals: [ '13.24.0', '11.12.0' ],
468 silly audit   'type-fest': [ '0.20.2', '0.21.3' ],
468 silly audit   '@eslint/js': [ '8.57.1' ],
468 silly audit   '@hapi/boom': [ '9.1.4' ],
468 silly audit   '@hapi/bourne': [ '2.1.0' ],
468 silly audit   '@hapi/hoek': [ '9.3.0' ],
468 silly audit   '@hapi/topo': [ '5.1.0' ],
468 silly audit   '@hapi/wreck': [ '17.2.0' ],
468 silly audit   '@humanwhocodes/config-array': [ '0.13.0' ],
468 silly audit   '@humanwhocodes/module-importer': [ '1.0.1' ],
468 silly audit   '@humanwhocodes/object-schema': [ '2.0.3' ],
468 silly audit   '@isaacs/cliui': [ '8.0.2' ],
468 silly audit   'ansi-regex': [ '6.1.0', '5.0.1' ],
468 silly audit   'ansi-styles': [ '6.2.1', '5.2.0', '4.3.0' ],
468 silly audit   'emoji-regex': [ '9.2.2', '8.0.0' ],
468 silly audit   'string-width': [ '5.1.2', '4.2.3' ],
468 silly audit   'strip-ansi': [ '7.1.0', '6.0.1' ],
468 silly audit   'wrap-ansi': [ '8.1.0', '7.0.0' ],
468 silly audit   '@istanbuljs/load-nyc-config': [ '1.1.0' ],
468 silly audit   argparse: [ '1.0.10', '2.0.1' ],
468 silly audit   'find-up': [ '4.1.0', '5.0.0' ],
468 silly audit   'js-yaml': [ '3.14.1', '4.1.0' ],
468 silly audit   'locate-path': [ '5.0.0', '6.0.0' ],
468 silly audit   'p-limit': [ '2.3.0', '3.1.0' ],
468 silly audit   'p-locate': [ '4.1.0', '5.0.0' ],
468 silly audit   'resolve-from': [ '5.0.0', '4.0.0' ],
468 silly audit   '@istanbuljs/schema': [ '0.1.3' ],
468 silly audit   '@jest/console': [ '29.7.0' ],
468 silly audit   '@jest/core': [ '29.7.0' ],
468 silly audit   'pretty-format': [ '29.7.0', '27.5.1' ],
468 silly audit   'react-is': [ '18.3.1', '16.13.1', '17.0.2' ],
468 silly audit   '@jest/environment': [ '29.7.0' ],
468 silly audit   '@jest/expect': [ '29.7.0' ],
468 silly audit   '@jest/expect-utils': [ '29.7.0' ],
468 silly audit   '@jest/fake-timers': [ '29.7.0' ],
468 silly audit   '@jest/globals': [ '29.7.0' ],
468 silly audit   '@jest/reporters': [ '29.7.0' ],
468 silly audit   'istanbul-lib-instrument': [ '6.0.3', '5.2.1' ],
468 silly audit   '@jest/schemas': [ '29.6.3' ],
468 silly audit   '@jest/source-map': [ '29.6.3' ],
468 silly audit   '@jest/test-result': [ '29.7.0' ],
468 silly audit   '@jest/test-sequencer': [ '29.7.0' ],
468 silly audit   '@jest/transform': [ '29.7.0' ],
468 silly audit   '@jest/types': [ '29.6.3' ],
468 silly audit   '@jridgewell/gen-mapping': [ '0.3.5' ],
468 silly audit   '@jridgewell/resolve-uri': [ '3.1.2' ],
468 silly audit   '@jridgewell/set-array': [ '1.2.1' ],
468 silly audit   '@jridgewell/sourcemap-codec': [ '1.5.0' ],
468 silly audit   '@jridgewell/trace-mapping': [ '0.3.25' ],
468 silly audit   '@kinde-oss/kinde-auth-nextjs': [ '1.10.2' ],
468 silly audit   '@kinde-oss/kinde-typescript-sdk': [ '2.9.1' ],
468 silly audit   '@next/env': [ '14.2.18' ],
468 silly audit   '@next/eslint-plugin-next': [ '14.2.18' ],
468 silly audit   'brace-expansion': [ '2.0.1', '1.1.11' ],
468 silly audit   glob: [ '10.3.10', '7.2.3', '10.4.5' ],
468 silly audit   minimatch: [ '9.0.5', '3.1.2' ],
468 silly audit   '@next/swc-win32-x64-msvc': [ '14.2.18' ],
468 silly audit   '@nodelib/fs.scandir': [ '2.1.5' ],
468 silly audit   '@nodelib/fs.stat': [ '2.0.5' ],
468 silly audit   '@nodelib/fs.walk': [ '1.2.8' ],
468 silly audit   '@nolyfill/is-core-module': [ '1.0.39' ],
468 silly audit   '@pkgjs/parseargs': [ '0.11.0' ],
468 silly audit   '@prisma/client': [ '6.0.1' ],
468 silly audit   '@prisma/debug': [ '6.0.1' ],
468 silly audit   '@prisma/engines': [ '6.0.1' ],
468 silly audit   '@prisma/engines-version': [ '5.23.0-27.5dbef10bdbfb579e07d35cc85fb1518d357cb99e' ],
468 silly audit   '@prisma/fetch-engine': [ '6.0.1' ],
468 silly audit   '@prisma/get-platform': [ '6.0.1' ],
468 silly audit   '@rtsao/scc': [ '1.1.0' ],
468 silly audit   '@rushstack/eslint-patch': [ '1.10.4' ],
468 silly audit   '@sideway/address': [ '4.1.5' ],
468 silly audit   '@sideway/formula': [ '3.0.1' ],
468 silly audit   '@sideway/pinpoint': [ '2.0.0' ],
468 silly audit   '@sinclair/typebox': [ '0.27.8' ],
468 silly audit   '@sinonjs/commons': [ '3.0.1' ],
468 silly audit   '@sinonjs/fake-timers': [ '10.3.0' ],
468 silly audit   '@swc/counter': [ '0.1.3' ],
468 silly audit   '@swc/helpers': [ '0.5.5' ],
468 silly audit   '@testing-library/dom': [ '8.20.1' ],
468 silly audit   'aria-query': [ '5.1.3', '5.3.2' ],
468 silly audit   '@testing-library/jest-dom': [ '5.17.0' ],
468 silly audit   chalk: [ '3.0.0', '4.1.2' ],
468 silly audit   '@testing-library/react': [ '13.4.0' ],
468 silly audit   '@tootallnate/once': [ '2.0.0' ],
468 silly audit   '@types/aria-query': [ '5.0.4' ],
468 silly audit   '@types/babel__core': [ '7.20.5' ],
468 silly audit   '@types/babel__generator': [ '7.6.8' ],
468 silly audit   '@types/babel__template': [ '7.4.4' ],
468 silly audit   '@types/babel__traverse': [ '7.20.6' ],
468 silly audit   '@types/graceful-fs': [ '4.1.9' ],
468 silly audit   '@types/istanbul-lib-coverage': [ '2.0.6' ],
468 silly audit   '@types/istanbul-lib-report': [ '3.0.3' ],
468 silly audit   '@types/istanbul-reports': [ '3.0.4' ],
468 silly audit   '@types/jest': [ '29.5.14' ],
468 silly audit   '@types/jsdom': [ '20.0.1' ],
468 silly audit   '@types/json5': [ '0.0.29' ],
468 silly audit   '@types/node': [ '20.17.9' ],
468 silly audit   '@types/prop-types': [ '15.7.13' ],
468 silly audit   '@types/react': [ '18.3.12' ],
468 silly audit   '@types/react-dom': [ '18.3.1' ],
468 silly audit   '@types/stack-utils': [ '2.0.3' ],
468 silly audit   '@types/testing-library__jest-dom': [ '5.14.9' ],
468 silly audit   '@types/tough-cookie': [ '4.0.5' ],
468 silly audit   '@types/yargs': [ '17.0.33' ],
468 silly audit   '@types/yargs-parser': [ '21.0.3' ],
468 silly audit   '@typescript-eslint/eslint-plugin': [ '8.17.0' ],
468 silly audit   '@typescript-eslint/parser': [ '8.17.0' ],
468 silly audit   '@typescript-eslint/scope-manager': [ '8.17.0' ],
468 silly audit   '@typescript-eslint/type-utils': [ '8.17.0' ],
468 silly audit   '@typescript-eslint/types': [ '8.17.0' ],
468 silly audit   '@typescript-eslint/typescript-estree': [ '8.17.0' ],
468 silly audit   '@typescript-eslint/utils': [ '8.17.0' ],
468 silly audit   '@typescript-eslint/visitor-keys': [ '8.17.0' ],
468 silly audit   'eslint-visitor-keys': [ '4.2.0', '3.4.3' ],
468 silly audit   '@ungap/structured-clone': [ '1.2.0' ],
468 silly audit   abab: [ '2.0.6' ],
468 silly audit   acorn: [ '8.14.0' ],
468 silly audit   'acorn-globals': [ '7.0.1' ],
468 silly audit   'acorn-jsx': [ '5.3.2' ],
468 silly audit   'acorn-walk': [ '8.3.4' ],
468 silly audit   'agent-base': [ '6.0.2' ],
468 silly audit   ajv: [ '6.12.6' ],
468 silly audit   'ansi-escapes': [ '4.3.2' ],
468 silly audit   anymatch: [ '3.1.3' ],
468 silly audit   'array-buffer-byte-length': [ '1.0.1' ],
468 silly audit   'array-includes': [ '3.1.8' ],
468 silly audit   'array.prototype.findlast': [ '1.2.5' ],
468 silly audit   'array.prototype.findlastindex': [ '1.2.5' ],
468 silly audit   'array.prototype.flat': [ '1.3.2' ],
468 silly audit   'array.prototype.flatmap': [ '1.3.2' ],
468 silly audit   'array.prototype.tosorted': [ '1.1.4' ],
468 silly audit   'arraybuffer.prototype.slice': [ '1.0.3' ],
468 silly audit   'ast-types-flow': [ '0.0.8' ],
468 silly audit   asynckit: [ '0.4.0' ],
468 silly audit   'available-typed-arrays': [ '1.0.7' ],
468 silly audit   'axe-core': [ '4.10.2' ],
468 silly audit   'axobject-query': [ '4.1.0' ],
468 silly audit   'babel-jest': [ '29.7.0' ],
468 silly audit   'babel-plugin-istanbul': [ '6.1.1' ],
468 silly audit   'babel-plugin-jest-hoist': [ '29.6.3' ],
468 silly audit   'babel-plugin-polyfill-corejs2': [ '0.4.12' ],
468 silly audit   'babel-plugin-polyfill-corejs3': [ '0.10.6' ],
468 silly audit   'babel-plugin-polyfill-regenerator': [ '0.6.3' ],
468 silly audit   'babel-preset-current-node-syntax': [ '1.1.0' ],
468 silly audit   'babel-preset-jest': [ '29.6.3' ],
468 silly audit   'balanced-match': [ '1.0.2' ],
468 silly audit   braces: [ '3.0.3' ],
468 silly audit   browserslist: [ '4.24.2' ],
468 silly audit   bser: [ '2.1.1' ],
468 silly audit   'buffer-from': [ '1.1.2' ],
468 silly audit   busboy: [ '1.6.0' ],
468 silly audit   'call-bind': [ '1.0.7' ],
468 silly audit   callsites: [ '3.1.0' ],
468 silly audit   camelcase: [ '5.3.1', '6.3.0' ],
468 silly audit   'caniuse-lite': [ '1.0.30001686' ],
468 silly audit   'char-regex': [ '1.0.2' ],
468 silly audit   'ci-info': [ '3.9.0' ],
468 silly audit   'cjs-module-lexer': [ '1.4.1' ],
468 silly audit   'client-only': [ '0.0.1' ],
468 silly audit   cliui: [ '8.0.1' ],
468 silly audit   co: [ '4.6.0' ],
468 silly audit   'collect-v8-coverage': [ '1.0.2' ],
468 silly audit   'color-convert': [ '2.0.1' ],
468 silly audit   'color-name': [ '1.1.4' ],
468 silly audit   'combined-stream': [ '1.0.8' ],
468 silly audit   'concat-map': [ '0.0.1' ],
468 silly audit   'convert-source-map': [ '2.0.0' ],
468 silly audit   cookie: [ '0.5.0' ],
468 silly audit   'core-js-compat': [ '3.39.0' ],
468 silly audit   'create-jest': [ '29.7.0' ],
468 silly audit   'cross-spawn': [ '7.0.6' ],
468 silly audit   'crypto-js': [ '4.2.0' ],
468 silly audit   'css.escape': [ '1.5.1' ],
468 silly audit   cssom: [ '0.5.0', '0.3.8' ],
468 silly audit   cssstyle: [ '2.3.0' ],
468 silly audit   csstype: [ '3.1.3' ],
468 silly audit   'damerau-levenshtein': [ '1.0.8' ],
468 silly audit   'data-urls': [ '3.0.2' ],
468 silly audit   'data-view-buffer': [ '1.0.1' ],
468 silly audit   'data-view-byte-length': [ '1.0.1' ],
468 silly audit   'data-view-byte-offset': [ '1.0.0' ],
468 silly audit   debug: [ '4.3.7', '3.2.7' ],
468 silly audit   'decimal.js': [ '10.4.3' ],
468 silly audit   dedent: [ '1.5.3' ],
468 silly audit   'deep-equal': [ '2.2.3' ],
468 silly audit   'deep-is': [ '0.1.4' ],
468 silly audit   deepmerge: [ '4.3.1' ],
468 silly audit   'define-data-property': [ '1.1.4' ],
468 silly audit   'define-properties': [ '1.2.1' ],
468 silly audit   'delayed-stream': [ '1.0.0' ],
468 silly audit   'detect-newline': [ '3.1.0' ],
468 silly audit   'diff-sequences': [ '29.6.3' ],
468 silly audit   doctrine: [ '3.0.0', '2.1.0' ],
468 silly audit   'dom-accessibility-api': [ '0.5.16' ],
468 silly audit   domexception: [ '4.0.0' ],
468 silly audit   eastasianwidth: [ '0.2.0' ],
468 silly audit   'electron-to-chromium': [ '1.5.68' ],
468 silly audit   emittery: [ '0.13.1' ],
468 silly audit   'enhanced-resolve': [ '5.17.1' ],
468 silly audit   entities: [ '4.5.0' ],
468 silly audit   'error-ex': [ '1.3.2' ],
468 silly audit   'es-abstract': [ '1.23.5' ],
468 silly audit   'es-define-property': [ '1.0.0' ],
468 silly audit   'es-errors': [ '1.3.0' ],
468 silly audit   'es-get-iterator': [ '1.1.3' ],
468 silly audit   'es-iterator-helpers': [ '1.2.0' ],
468 silly audit   'es-object-atoms': [ '1.0.0' ],
468 silly audit   'es-set-tostringtag': [ '2.0.3' ],
468 silly audit   'es-shim-unscopables': [ '1.0.2' ],
468 silly audit   'es-to-primitive': [ '1.3.0' ],
468 silly audit   escalade: [ '3.2.0' ],
468 silly audit   'escape-string-regexp': [ '4.0.0', '2.0.0' ],
468 silly audit   escodegen: [ '2.1.0' ],
468 silly audit   eslint: [ '8.57.1' ],
468 silly audit   'eslint-config-next': [ '14.2.18' ],
468 silly audit   'eslint-import-resolver-node': [ '0.3.9' ],
468 silly audit   'eslint-import-resolver-typescript': [ '3.6.3' ],
468 silly audit   'eslint-module-utils': [ '2.12.0' ],
468 silly audit   'eslint-plugin-import': [ '2.31.0' ],
468 silly audit   'eslint-plugin-jsx-a11y': [ '6.10.2' ],
468 silly audit   'eslint-plugin-react': [ '7.37.2' ],
468 silly audit   resolve: [ '2.0.0-next.5', '1.22.8' ],
468 silly audit   'eslint-plugin-react-hooks': [ '5.0.0-canary-7118f5dd7-20230705' ],
468 silly audit   'eslint-scope': [ '7.2.2' ],
468 silly audit   espree: [ '9.6.1' ],
468 silly audit   esprima: [ '4.0.1' ],
468 silly audit   esquery: [ '1.6.0' ],
468 silly audit   esrecurse: [ '4.3.0' ],
468 silly audit   estraverse: [ '5.3.0' ],
468 silly audit   esutils: [ '2.0.3' ],
468 silly audit   execa: [ '5.1.1' ],
468 silly audit   exit: [ '0.1.2' ],
468 silly audit   expect: [ '29.7.0' ],
468 silly audit   'fast-deep-equal': [ '3.1.3' ],
468 silly audit   'fast-glob': [ '3.3.2' ],
468 silly audit   'glob-parent': [ '5.1.2', '6.0.2' ],
468 silly audit   'fast-json-stable-stringify': [ '2.1.0' ],
468 silly audit   'fast-levenshtein': [ '2.0.6' ],
468 silly audit   fastq: [ '1.17.1' ],
468 silly audit   'fb-watchman': [ '2.0.2' ],
468 silly audit   'file-entry-cache': [ '6.0.1' ],
468 silly audit   'fill-range': [ '7.1.1' ],
468 silly audit   'flat-cache': [ '3.2.0' ],
468 silly audit   flatted: [ '3.3.2' ],
468 silly audit   'for-each': [ '0.3.3' ],
468 silly audit   'foreground-child': [ '3.3.0' ],
468 silly audit   'signal-exit': [ '4.1.0', '3.0.7' ],
468 silly audit   'form-data': [ '4.0.1' ],
468 silly audit   'fs.realpath': [ '1.0.0' ],
468 silly audit   'function-bind': [ '1.1.2' ],
468 silly audit   'function.prototype.name': [ '1.1.6' ],
468 silly audit   'functions-have-names': [ '1.2.3' ],
468 silly audit   gensync: [ '1.0.0-beta.2' ],
468 silly audit   'get-caller-file': [ '2.0.5' ],
468 silly audit   'get-intrinsic': [ '1.2.4' ],
468 silly audit   'get-package-type': [ '0.1.0' ],
468 silly audit   'get-stream': [ '6.0.1' ],
468 silly audit   'get-symbol-description': [ '1.0.2' ],
468 silly audit   'get-tsconfig': [ '4.8.1' ],
468 silly audit   globalthis: [ '1.0.4' ],
468 silly audit   gopd: [ '1.1.0' ],
468 silly audit   'graceful-fs': [ '4.2.11' ],
468 silly audit   graphemer: [ '1.4.0' ],
468 silly audit   'harmony-reflect': [ '1.6.2' ],
468 silly audit   'has-bigints': [ '1.0.2' ],
468 silly audit   'has-flag': [ '4.0.0' ],
468 silly audit   'has-property-descriptors': [ '1.0.2' ],
468 silly audit   'has-proto': [ '1.1.0' ],
468 silly audit   'has-symbols': [ '1.1.0' ],
468 silly audit   'has-tostringtag': [ '1.0.2' ],
468 silly audit   hasown: [ '2.0.2' ],
468 silly audit   'html-encoding-sniffer': [ '3.0.0' ],
468 silly audit   'html-escaper': [ '2.0.2' ],
468 silly audit   'http-proxy-agent': [ '5.0.0' ],
468 silly audit   'https-proxy-agent': [ '5.0.1' ],
468 silly audit   'human-signals': [ '2.1.0' ],
468 silly audit   'iconv-lite': [ '0.6.3' ],
468 silly audit   'identity-obj-proxy': [ '3.0.0' ],
468 silly audit   ignore: [ '5.3.2' ],
468 silly audit   'import-fresh': [ '3.3.0' ],
468 silly audit   'import-local': [ '3.2.0' ],
468 silly audit   imurmurhash: [ '0.1.4' ],
468 silly audit   'indent-string': [ '4.0.0' ],
468 silly audit   inflight: [ '1.0.6' ],
468 silly audit   inherits: [ '2.0.4' ],
468 silly audit   'internal-slot': [ '1.0.7' ],
468 silly audit   'is-arguments': [ '1.1.1' ],
468 silly audit   'is-array-buffer': [ '3.0.4' ],
468 silly audit   'is-arrayish': [ '0.2.1' ],
468 silly audit   'is-async-function': [ '2.0.0' ],
468 silly audit   'is-bigint': [ '1.1.0' ],
468 silly audit   'is-boolean-object': [ '1.2.0' ],
468 silly audit   'is-bun-module': [ '1.3.0' ],
468 silly audit   'is-callable': [ '1.2.7' ],
468 silly audit   'is-core-module': [ '2.15.1' ],
468 silly audit   'is-data-view': [ '1.0.1' ],
468 silly audit   'is-date-object': [ '1.0.5' ],
468 silly audit   'is-extglob': [ '2.1.1' ],
468 silly audit   'is-finalizationregistry': [ '1.1.0' ],
468 silly audit   'is-fullwidth-code-point': [ '3.0.0' ],
468 silly audit   'is-generator-fn': [ '2.1.0' ],
468 silly audit   'is-generator-function': [ '1.0.10' ],
468 silly audit   'is-glob': [ '4.0.3' ],
468 silly audit   'is-map': [ '2.0.3' ],
468 silly audit   'is-negative-zero': [ '2.0.3' ],
468 silly audit   'is-number': [ '7.0.0' ],
468 silly audit   'is-number-object': [ '1.1.0' ],
468 silly audit   'is-path-inside': [ '3.0.3' ],
468 silly audit   'is-potential-custom-element-name': [ '1.0.1' ],
468 silly audit   'is-regex': [ '1.2.0' ],
468 silly audit   'is-set': [ '2.0.3' ],
468 silly audit   'is-shared-array-buffer': [ '1.0.3' ],
468 silly audit   'is-stream': [ '2.0.1' ],
468 silly audit   'is-string': [ '1.1.0' ],
468 silly audit   'is-symbol': [ '1.1.0' ],
468 silly audit   'is-typed-array': [ '1.1.13' ],
468 silly audit   'is-weakmap': [ '2.0.2' ],
468 silly audit   'is-weakref': [ '1.0.2' ],
468 silly audit   'is-weakset': [ '2.0.3' ],
468 silly audit   isarray: [ '2.0.5' ],
468 silly audit   isexe: [ '2.0.0' ],
468 silly audit   'istanbul-lib-coverage': [ '3.2.2' ],
468 silly audit   'istanbul-lib-report': [ '3.0.1' ],
468 silly audit   'istanbul-lib-source-maps': [ '4.0.1' ],
468 silly audit   'istanbul-reports': [ '3.1.7' ],
468 silly audit   'iterator.prototype': [ '1.1.3' ],
468 silly audit   jackspeak: [ '2.3.6', '3.4.3' ],
468 silly audit   jest: [ '29.7.0' ],
468 silly audit   'jest-changed-files': [ '29.7.0' ],
468 silly audit   'jest-circus': [ '29.7.0' ],
468 silly audit   'jest-cli': [ '29.7.0' ],
468 silly audit   'jest-config': [ '29.7.0' ],
468 silly audit   'jest-diff': [ '29.7.0' ],
468 silly audit   'jest-docblock': [ '29.7.0' ],
468 silly audit   'jest-each': [ '29.7.0' ],
468 silly audit   'jest-environment-jsdom': [ '29.7.0' ],
468 silly audit   'jest-environment-node': [ '29.7.0' ],
468 silly audit   'jest-get-type': [ '29.6.3' ],
468 silly audit   'jest-haste-map': [ '29.7.0' ],
468 silly audit   'jest-leak-detector': [ '29.7.0' ],
468 silly audit   'jest-matcher-utils': [ '29.7.0' ],
468 silly audit   'jest-message-util': [ '29.7.0' ],
468 silly audit   'jest-mock': [ '29.7.0' ],
468 silly audit   'jest-pnp-resolver': [ '1.2.3' ],
468 silly audit   'jest-regex-util': [ '29.6.3' ],
468 silly audit   'jest-resolve': [ '29.7.0' ],
468 silly audit   'jest-resolve-dependencies': [ '29.7.0' ],
468 silly audit   'jest-runner': [ '29.7.0' ],
468 silly audit   'jest-runtime': [ '29.7.0' ],
468 silly audit   'jest-snapshot': [ '29.7.0' ],
468 silly audit   'jest-util': [ '29.7.0' ],
468 silly audit   'jest-validate': [ '29.7.0' ],
468 silly audit   'jest-watcher': [ '29.7.0' ],
468 silly audit   'jest-worker': [ '29.7.0' ],
468 silly audit   'supports-color': [ '8.1.1', '7.2.0' ],
468 silly audit   joi: [ '17.13.3' ],
468 silly audit   jose: [ '5.9.6' ],
468 silly audit   'js-tokens': [ '4.0.0' ],
468 silly audit   jsdom: [ '20.0.3' ],
468 silly audit   jsesc: [ '3.0.2' ],
468 silly audit   'json-buffer': [ '3.0.1' ],
468 silly audit   'json-parse-even-better-errors': [ '2.3.1' ],
468 silly audit   'json-schema-traverse': [ '0.4.1' ],
468 silly audit   'json-stable-stringify-without-jsonify': [ '1.0.1' ],
468 silly audit   json5: [ '2.2.3', '1.0.2' ],
468 silly audit   'jsx-ast-utils': [ '3.3.5' ],
468 silly audit   'jwt-decode': [ '3.1.2' ],
468 silly audit   keyv: [ '4.5.4' ],
468 silly audit   kleur: [ '3.0.3' ],
468 silly audit   'language-subtag-registry': [ '0.3.23' ],
468 silly audit   'language-tags': [ '1.0.9' ],
468 silly audit   leven: [ '3.1.0' ],
468 silly audit   levn: [ '0.4.1' ],
468 silly audit   'lines-and-columns': [ '1.2.4' ],
468 silly audit   lodash: [ '4.17.21' ],
468 silly audit   'lodash.debounce': [ '4.0.8' ],
468 silly audit   'lodash.merge': [ '4.6.2' ],
468 silly audit   'loose-envify': [ '1.4.0' ],
468 silly audit   'lru-cache': [ '5.1.1', '10.4.3' ],
468 silly audit   'lz-string': [ '1.5.0' ],
468 silly audit   'make-dir': [ '4.0.0' ],
468 silly audit   makeerror: [ '1.0.12' ],
468 silly audit   'merge-stream': [ '2.0.0' ],
468 silly audit   merge2: [ '1.4.1' ],
468 silly audit   micromatch: [ '4.0.8' ],
468 silly audit   'mime-db': [ '1.52.0' ],
468 silly audit   'mime-types': [ '2.1.35' ],
468 silly audit   'mimic-fn': [ '2.1.0' ],
468 silly audit   'min-indent': [ '1.0.1' ],
468 silly audit   minimist: [ '1.2.8' ],
468 silly audit   minipass: [ '7.1.2' ],
468 silly audit   ms: [ '2.1.3' ],
468 silly audit   nanoid: [ '3.3.8' ],
468 silly audit   'natural-compare': [ '1.4.0' ],
468 silly audit   next: [ '14.2.18' ],
468 silly audit   'node-int64': [ '0.4.0' ],
468 silly audit   'node-releases': [ '2.0.18' ],
468 silly audit   'normalize-path': [ '3.0.0' ],
468 silly audit   'npm-run-path': [ '4.0.1' ],
468 silly audit   nwsapi: [ '2.2.16' ],
468 silly audit   'object-assign': [ '4.1.1' ],
468 silly audit   'object-inspect': [ '1.13.3' ],
468 silly audit   'object-is': [ '1.1.6' ],
468 silly audit   'object-keys': [ '1.1.1' ],
468 silly audit   'object.assign': [ '4.1.5' ],
468 silly audit   'object.entries': [ '1.1.8' ],
468 silly audit   'object.fromentries': [ '2.0.8' ],
468 silly audit   'object.groupby': [ '1.0.3' ],
468 silly audit   'object.values': [ '1.2.0' ],
468 silly audit   once: [ '1.4.0' ],
468 silly audit   onetime: [ '5.1.2' ],
468 silly audit   optionator: [ '0.9.4' ],
468 silly audit   'p-try': [ '2.2.0' ],
468 silly audit   'parent-module': [ '1.0.1' ],
468 silly audit   'parse-json': [ '5.2.0' ],
468 silly audit   parse5: [ '7.2.1' ],
468 silly audit   'path-exists': [ '4.0.0' ],
468 silly audit   'path-is-absolute': [ '1.0.1' ],
468 silly audit   'path-key': [ '3.1.1' ],
468 silly audit   'path-parse': [ '1.0.7' ],
468 silly audit   'path-scurry': [ '1.11.1' ],
468 silly audit   picocolors: [ '1.1.1' ],
468 silly audit   picomatch: [ '2.3.1' ],
468 silly audit   pirates: [ '4.0.6' ],
468 silly audit   'pkg-dir': [ '4.2.0' ],
468 silly audit   'possible-typed-array-names': [ '1.0.0' ],
468 silly audit   postcss: [ '8.4.31', '8.4.49' ],
468 silly audit   'prelude-ls': [ '1.2.1' ],
468 silly audit   prisma: [ '6.0.1' ],
468 silly audit   prompts: [ '2.4.2' ],
468 silly audit   'prop-types': [ '15.8.1' ],
468 silly audit   psl: [ '1.15.0' ],
468 silly audit   punycode: [ '2.3.1' ],
468 silly audit   'pure-rand': [ '6.1.0' ],
468 silly audit   querystringify: [ '2.2.0' ],
468 silly audit   'queue-microtask': [ '1.2.3' ],
468 silly audit   react: [ '18.3.1' ],
468 silly audit   'react-dom': [ '18.3.1' ],
468 silly audit   redent: [ '3.0.0' ],
468 silly audit   'reflect.getprototypeof': [ '1.0.7' ],
468 silly audit   regenerate: [ '1.4.2' ],
468 silly audit   'regenerate-unicode-properties': [ '10.2.0' ],
468 silly audit   'regenerator-runtime': [ '0.14.1' ],
468 silly audit   'regenerator-transform': [ '0.15.2' ],
468 silly audit   'regexp.prototype.flags': [ '1.5.3' ],
468 silly audit   'regexpu-core': [ '6.2.0' ],
468 silly audit   regjsgen: [ '0.8.0' ],
468 silly audit   regjsparser: [ '0.12.0' ],
468 silly audit   'require-directory': [ '2.1.1' ],
468 silly audit   'requires-port': [ '1.0.0' ],
468 silly audit   'resolve-cwd': [ '3.0.0' ],
468 silly audit   'resolve-pkg-maps': [ '1.0.0' ],
468 silly audit   'resolve.exports': [ '2.0.3' ],
468 silly audit   reusify: [ '1.0.4' ],
468 silly audit   rimraf: [ '3.0.2' ],
468 silly audit   'run-parallel': [ '1.2.0' ],
468 silly audit   'safe-array-concat': [ '1.1.2' ],
468 silly audit   'safe-regex-test': [ '1.0.3' ],
468 silly audit   'safer-buffer': [ '2.1.2' ],
468 silly audit   saxes: [ '6.0.0' ],
468 silly audit   scheduler: [ '0.23.2' ],
468 silly audit   'set-function-length': [ '1.2.2' ],
468 silly audit   'set-function-name': [ '2.0.2' ],
468 silly audit   'shebang-command': [ '2.0.0' ],
468 silly audit   'shebang-regex': [ '3.0.0' ],
468 silly audit   'side-channel': [ '1.0.6' ],
468 silly audit   'simple-oauth2': [ '4.3.0' ],
468 silly audit   sisteransi: [ '1.0.5' ],
468 silly audit   slash: [ '3.0.0' ],
468 silly audit   'source-map': [ '0.6.1' ],
468 silly audit   'source-map-js': [ '1.2.1' ],
468 silly audit   'source-map-support': [ '0.5.13' ],
468 silly audit   'sprintf-js': [ '1.0.3' ],
468 silly audit   'stack-utils': [ '2.0.6' ],
468 silly audit   'stop-iteration-iterator': [ '1.0.0' ],
468 silly audit   streamsearch: [ '1.1.0' ],
468 silly audit   'string-length': [ '4.0.2' ],
468 silly audit   'string.prototype.includes': [ '2.0.1' ],
468 silly audit   'string.prototype.matchall': [ '4.0.11' ],
468 silly audit   'string.prototype.repeat': [ '1.0.0' ],
468 silly audit   'string.prototype.trim': [ '1.2.9' ],
468 silly audit   'string.prototype.trimend': [ '1.0.8' ],
468 silly audit   'string.prototype.trimstart': [ '1.0.8' ],
468 silly audit   'strip-bom': [ '4.0.0', '3.0.0' ],
468 silly audit   'strip-final-newline': [ '2.0.0' ],
468 silly audit   'strip-indent': [ '3.0.0' ],
468 silly audit   'strip-json-comments': [ '3.1.1' ],
468 silly audit   'styled-jsx': [ '5.1.1' ],
468 silly audit   'supports-preserve-symlinks-flag': [ '1.0.0' ],
468 silly audit   'symbol-tree': [ '3.2.4' ],
468 silly audit   tapable: [ '2.2.1' ],
468 silly audit   'test-exclude': [ '6.0.0' ],
468 silly audit   'text-table': [ '0.2.0' ],
468 silly audit   tmpl: [ '1.0.5' ],
468 silly audit   'to-regex-range': [ '5.0.1' ],
468 silly audit   'tough-cookie': [ '4.1.4' ],
468 silly audit   tr46: [ '3.0.0' ],
468 silly audit   'ts-api-utils': [ '1.4.3' ],
468 silly audit   'tsconfig-paths': [ '3.15.0' ],
468 silly audit   tslib: [ '2.8.1' ],
468 silly audit   'type-check': [ '0.4.0' ],
468 silly audit   'type-detect': [ '4.0.8' ],
468 silly audit   'typed-array-buffer': [ '1.0.2' ],
468 silly audit   'typed-array-byte-length': [ '1.0.1' ],
468 silly audit   'typed-array-byte-offset': [ '1.0.3' ],
468 silly audit   'typed-array-length': [ '1.0.7' ],
468 silly audit   typescript: [ '5.7.2' ],
468 silly audit   'unbox-primitive': [ '1.0.2' ],
468 silly audit   uncrypto: [ '0.1.3' ],
468 silly audit   'undici-types': [ '6.19.8' ],
468 silly audit   'unicode-canonical-property-names-ecmascript': [ '2.0.1' ],
468 silly audit   'unicode-match-property-ecmascript': [ '2.0.0' ],
468 silly audit   'unicode-match-property-value-ecmascript': [ '2.2.0' ],
468 silly audit   'unicode-property-aliases-ecmascript': [ '2.1.0' ],
468 silly audit   universalify: [ '0.2.0' ],
468 silly audit   'update-browserslist-db': [ '1.1.1' ],
468 silly audit   'uri-js': [ '4.4.1' ],
468 silly audit   'url-parse': [ '1.5.10' ],
468 silly audit   'v8-to-istanbul': [ '9.3.0' ],
468 silly audit   'w3c-xmlserializer': [ '4.0.0' ],
468 silly audit   walker: [ '1.0.8' ],
468 silly audit   'webidl-conversions': [ '7.0.0' ],
468 silly audit   'whatwg-encoding': [ '2.0.0' ],
468 silly audit   'whatwg-mimetype': [ '3.0.0' ],
468 silly audit   'whatwg-url': [ '11.0.0' ],
468 silly audit   which: [ '2.0.2' ],
468 silly audit   'which-boxed-primitive': [ '1.1.0' ],
468 silly audit   'which-builtin-type': [ '1.2.0' ],
468 silly audit   'which-collection': [ '1.0.2' ],
468 silly audit   'which-typed-array': [ '1.1.16' ],
468 silly audit   'word-wrap': [ '1.2.5' ],
468 silly audit   wrappy: [ '1.0.2' ],
468 silly audit   'write-file-atomic': [ '4.0.2' ],
468 silly audit   ws: [ '8.18.0' ],
468 silly audit   'xml-name-validator': [ '4.0.0' ],
468 silly audit   xmlchars: [ '2.2.0' ],
468 silly audit   y18n: [ '5.0.8' ],
468 silly audit   yallist: [ '3.1.1' ],
468 silly audit   yargs: [ '17.7.2' ],
468 silly audit   'yargs-parser': [ '21.1.1' ],
468 silly audit   'yocto-queue': [ '0.1.0' ],
468 silly audit   '@radix-ui/react-dialog': [ '1.1.2' ],
468 silly audit   '@radix-ui/react-slot': [ '1.1.0' ],
468 silly audit   autoprefixer: [ '10.4.20' ],
468 silly audit   'class-variance-authority': [ '0.7.1' ],
468 silly audit   clsx: [ '2.1.1' ],
468 silly audit   'lucide-react': [ '0.294.0' ],
468 silly audit   'tailwind-merge': [ '2.5.5' ],
468 silly audit   tailwindcss: [ '3.4.15' ],
468 silly audit   '@radix-ui/primitive': [ '1.1.0' ],
468 silly audit   '@radix-ui/react-compose-refs': [ '1.1.0' ],
468 silly audit   '@radix-ui/react-context': [ '1.1.1' ],
468 silly audit   '@radix-ui/react-dismissable-layer': [ '1.1.1' ],
468 silly audit   '@radix-ui/react-focus-guards': [ '1.1.1' ],
468 silly audit   '@radix-ui/react-focus-scope': [ '1.1.0' ],
468 silly audit   '@radix-ui/react-id': [ '1.1.0' ],
468 silly audit   '@radix-ui/react-portal': [ '1.1.2' ],
468 silly audit   '@radix-ui/react-presence': [ '1.1.1' ],
468 silly audit   '@radix-ui/react-primitive': [ '2.0.0' ],
468 silly audit   '@radix-ui/react-use-controllable-state': [ '1.1.0' ],
468 silly audit   'aria-hidden': [ '1.2.4' ],
468 silly audit   'react-remove-scroll': [ '2.6.0' ],
468 silly audit   '@radix-ui/react-use-callback-ref': [ '1.1.0' ],
468 silly audit   '@radix-ui/react-use-escape-keydown': [ '1.1.0' ],
468 silly audit   '@radix-ui/react-use-layout-effect': [ '1.1.0' ],
468 silly audit   'fraction.js': [ '4.3.7' ],
468 silly audit   'normalize-range': [ '0.1.2' ],
468 silly audit   'postcss-value-parser': [ '4.2.0' ],
468 silly audit   'react-remove-scroll-bar': [ '2.3.6' ],
468 silly audit   'react-style-singleton': [ '2.2.1' ],
468 silly audit   'use-callback-ref': [ '1.3.2' ],
468 silly audit   'use-sidecar': [ '1.1.2' ],
468 silly audit   'get-nonce': [ '1.0.1' ],
468 silly audit   invariant: [ '2.2.4' ],
468 silly audit   '@alloc/quick-lru': [ '5.2.0' ],
468 silly audit   arg: [ '5.0.2' ],
468 silly audit   chokidar: [ '3.6.0' ],
468 silly audit   didyoumean: [ '1.2.2' ],
468 silly audit   dlv: [ '1.1.3' ],
468 silly audit   jiti: [ '1.21.6' ],
468 silly audit   lilconfig: [ '2.1.0', '3.1.3' ],
468 silly audit   'object-hash': [ '3.0.0' ],
468 silly audit   'postcss-import': [ '15.1.0' ],
468 silly audit   'postcss-js': [ '4.0.1' ],
468 silly audit   'postcss-load-config': [ '4.0.2' ],
468 silly audit   'postcss-nested': [ '6.2.0' ],
468 silly audit   'postcss-selector-parser': [ '6.1.2' ],
468 silly audit   sucrase: [ '3.35.0' ],
468 silly audit   fsevents: [ '2.3.3' ],
468 silly audit   'is-binary-path': [ '2.1.0' ],
468 silly audit   readdirp: [ '3.6.0' ],
468 silly audit   'binary-extensions': [ '2.3.0' ],
468 silly audit   'read-cache': [ '1.0.0' ],
468 silly audit   'camelcase-css': [ '2.0.1' ],
468 silly audit   yaml: [ '2.6.1' ],
468 silly audit   cssesc: [ '3.0.0' ],
468 silly audit   'util-deprecate': [ '1.0.2' ],
468 silly audit   pify: [ '2.3.0' ],
468 silly audit   commander: [ '4.1.1' ],
468 silly audit   mz: [ '2.7.0' ],
468 silly audit   'ts-interface-checker': [ '0.1.13' ],
468 silly audit   'any-promise': [ '1.3.0' ],
468 silly audit   'thenify-all': [ '1.6.0' ],
468 silly audit   thenify: [ '3.3.1' ],
468 silly audit   'detect-node-es': [ '1.1.0' ],
468 silly audit   'package-json-from-dist': [ '1.0.1' ]
468 silly audit }
469 verbose reify failed optional dependency C:\Users\saadr\Desktop\DevOps-Hub\devopshub\node_modules\fsevents
470 silly reify mark deleted [
470 silly reify   'C:\\Users\\saadr\\Desktop\\DevOps-Hub\\devopshub\\node_modules\\fsevents'
470 silly reify ]
471 silly tarball no local data for thenify@https://registry.npmjs.org/thenify/-/thenify-3.3.1.tgz. Extracting by manifest.
472 silly tarball no local data for package-json-from-dist@https://registry.npmjs.org/package-json-from-dist/-/package-json-from-dist-1.0.1.tgz. Extracting by manifest.
473 silly tarball no local data for thenify-all@https://registry.npmjs.org/thenify-all/-/thenify-all-1.6.0.tgz. Extracting by manifest.
474 silly tarball no local data for any-promise@https://registry.npmjs.org/any-promise/-/any-promise-1.3.0.tgz. Extracting by manifest.
475 silly tarball no local data for ts-interface-checker@https://registry.npmjs.org/ts-interface-checker/-/ts-interface-checker-0.1.13.tgz. Extracting by manifest.
476 silly tarball no local data for mz@https://registry.npmjs.org/mz/-/mz-2.7.0.tgz. Extracting by manifest.
477 silly tarball no local data for commander@https://registry.npmjs.org/commander/-/commander-4.1.1.tgz. Extracting by manifest.
478 silly tarball no local data for cssesc@https://registry.npmjs.org/cssesc/-/cssesc-3.0.0.tgz. Extracting by manifest.
479 silly tarball no local data for pify@https://registry.npmjs.org/pify/-/pify-2.3.0.tgz. Extracting by manifest.
480 silly tarball no local data for yaml@https://registry.npmjs.org/yaml/-/yaml-2.6.1.tgz. Extracting by manifest.
481 silly tarball no local data for camelcase-css@https://registry.npmjs.org/camelcase-css/-/camelcase-css-2.0.1.tgz. Extracting by manifest.
482 silly tarball no local data for binary-extensions@https://registry.npmjs.org/binary-extensions/-/binary-extensions-2.3.0.tgz. Extracting by manifest.
483 silly tarball no local data for read-cache@https://registry.npmjs.org/read-cache/-/read-cache-1.0.0.tgz. Extracting by manifest.
484 silly tarball no local data for readdirp@https://registry.npmjs.org/readdirp/-/readdirp-3.6.0.tgz. Extracting by manifest.
485 silly tarball no local data for is-binary-path@https://registry.npmjs.org/is-binary-path/-/is-binary-path-2.1.0.tgz. Extracting by manifest.
486 silly tarball no local data for sucrase@https://registry.npmjs.org/sucrase/-/sucrase-3.35.0.tgz. Extracting by manifest.
487 silly tarball no local data for postcss-selector-parser@https://registry.npmjs.org/postcss-selector-parser/-/postcss-selector-parser-6.1.2.tgz. Extracting by manifest.
488 silly tarball no local data for postcss-nested@https://registry.npmjs.org/postcss-nested/-/postcss-nested-6.2.0.tgz. Extracting by manifest.
489 silly tarball no local data for postcss-js@https://registry.npmjs.org/postcss-js/-/postcss-js-4.0.1.tgz. Extracting by manifest.
490 silly tarball no local data for postcss-load-config@https://registry.npmjs.org/postcss-load-config/-/postcss-load-config-4.0.2.tgz. Extracting by manifest.
491 silly tarball no local data for postcss-import@https://registry.npmjs.org/postcss-import/-/postcss-import-15.1.0.tgz. Extracting by manifest.
492 silly tarball no local data for object-hash@https://registry.npmjs.org/object-hash/-/object-hash-3.0.0.tgz. Extracting by manifest.
493 silly tarball no local data for lilconfig@https://registry.npmjs.org/lilconfig/-/lilconfig-2.1.0.tgz. Extracting by manifest.
494 silly tarball no local data for dlv@https://registry.npmjs.org/dlv/-/dlv-1.1.3.tgz. Extracting by manifest.
495 silly tarball no local data for jiti@https://registry.npmjs.org/jiti/-/jiti-1.21.6.tgz. Extracting by manifest.
496 silly tarball no local data for didyoumean@https://registry.npmjs.org/didyoumean/-/didyoumean-1.2.2.tgz. Extracting by manifest.
497 silly tarball no local data for chokidar@https://registry.npmjs.org/chokidar/-/chokidar-3.6.0.tgz. Extracting by manifest.
498 silly tarball no local data for arg@https://registry.npmjs.org/arg/-/arg-5.0.2.tgz. Extracting by manifest.
499 silly tarball no local data for @alloc/quick-lru@https://registry.npmjs.org/@alloc/quick-lru/-/quick-lru-5.2.0.tgz. Extracting by manifest.
500 silly tarball no local data for postcss-value-parser@https://registry.npmjs.org/postcss-value-parser/-/postcss-value-parser-4.2.0.tgz. Extracting by manifest.
501 silly tarball no local data for normalize-range@https://registry.npmjs.org/normalize-range/-/normalize-range-0.1.2.tgz. Extracting by manifest.
502 silly tarball no local data for fraction.js@https://registry.npmjs.org/fraction.js/-/fraction.js-4.3.7.tgz. Extracting by manifest.
503 silly tarball no local data for @radix-ui/react-presence@https://registry.npmjs.org/@radix-ui/react-presence/-/react-presence-1.1.1.tgz. Extracting by manifest.
504 silly tarball no local data for tailwindcss@https://registry.npmjs.org/tailwindcss/-/tailwindcss-3.4.15.tgz. Extracting by manifest.
505 silly tarball no local data for lucide-react@https://registry.npmjs.org/lucide-react/-/lucide-react-0.294.0.tgz. Extracting by manifest.
506 silly tarball no local data for autoprefixer@https://registry.npmjs.org/autoprefixer/-/autoprefixer-10.4.20.tgz. Extracting by manifest.
507 silly tarball no local data for @radix-ui/react-dialog@https://registry.npmjs.org/@radix-ui/react-dialog/-/react-dialog-1.1.2.tgz. Extracting by manifest.
508 silly tarball no local data for jackspeak@https://registry.npmjs.org/jackspeak/-/jackspeak-3.4.3.tgz. Extracting by manifest.
509 silly tarball no local data for glob@https://registry.npmjs.org/glob/-/glob-10.4.5.tgz. Extracting by manifest.
510 silly tarball no local data for lilconfig@https://registry.npmjs.org/lilconfig/-/lilconfig-3.1.3.tgz. Extracting by manifest.
511 http fetch GET 200 https://registry.npmjs.org/thenify-all/-/thenify-all-1.6.0.tgz 275ms (cache miss)
512 http fetch GET 200 https://registry.npmjs.org/mz/-/mz-2.7.0.tgz 273ms (cache miss)
513 http fetch GET 200 https://registry.npmjs.org/thenify/-/thenify-3.3.1.tgz 284ms (cache miss)
514 http fetch GET 200 https://registry.npmjs.org/ts-interface-checker/-/ts-interface-checker-0.1.13.tgz 361ms (cache miss)
515 http fetch GET 200 https://registry.npmjs.org/is-binary-path/-/is-binary-path-2.1.0.tgz 369ms (cache miss)
516 http fetch GET 200 https://registry.npmjs.org/postcss-js/-/postcss-js-4.0.1.tgz 384ms (cache miss)
517 http fetch GET 200 https://registry.npmjs.org/postcss-nested/-/postcss-nested-6.2.0.tgz 393ms (cache miss)
518 http fetch POST 200 https://registry.npmjs.org/-/npm/v1/security/advisories/bulk 475ms
519 silly audit report {
519 silly audit report   cookie: [
519 silly audit report     {
519 silly audit report       id: 1099846,
519 silly audit report       url: 'https://github.com/advisories/GHSA-pxg6-pf52-xh8x',
519 silly audit report       title: 'cookie accepts cookie name, path, and domain with out of bounds characters',
519 silly audit report       severity: 'low',
519 silly audit report       vulnerable_versions: '<0.7.0',
519 silly audit report       cwe: [Array],
519 silly audit report       cvss: [Object]
519 silly audit report     }
519 silly audit report   ]
519 silly audit report }
520 silly packumentCache corgi:https://registry.npmjs.org/cookie cache-miss
521 http fetch GET 200 https://registry.npmjs.org/package-json-from-dist/-/package-json-from-dist-1.0.1.tgz 469ms (cache miss)
522 http fetch GET 200 https://registry.npmjs.org/postcss-load-config/-/postcss-load-config-4.0.2.tgz 464ms (cache miss)
523 http fetch GET 200 https://registry.npmjs.org/postcss-import/-/postcss-import-15.1.0.tgz 479ms (cache miss)
524 http fetch GET 200 https://registry.npmjs.org/object-hash/-/object-hash-3.0.0.tgz 532ms (cache miss)
525 http fetch GET 200 https://registry.npmjs.org/dlv/-/dlv-1.1.3.tgz 532ms (cache miss)
526 http fetch GET 200 https://registry.npmjs.org/read-cache/-/read-cache-1.0.0.tgz 537ms (cache miss)
527 http fetch GET 200 https://registry.npmjs.org/lilconfig/-/lilconfig-2.1.0.tgz 534ms (cache miss)
528 http fetch GET 200 https://registry.npmjs.org/pify/-/pify-2.3.0.tgz 634ms (cache miss)
529 http fetch GET 200 https://registry.npmjs.org/cssesc/-/cssesc-3.0.0.tgz 667ms (cache miss)
530 http fetch GET 200 https://registry.npmjs.org/didyoumean/-/didyoumean-1.2.2.tgz 711ms (cache miss)
531 http fetch GET 200 https://registry.npmjs.org/arg/-/arg-5.0.2.tgz 769ms (cache miss)
532 http fetch GET 200 https://registry.npmjs.org/readdirp/-/readdirp-3.6.0.tgz 793ms (cache miss)
533 http fetch GET 200 https://registry.npmjs.org/normalize-range/-/normalize-range-0.1.2.tgz 793ms (cache miss)
534 http fetch GET 200 https://registry.npmjs.org/cookie 378ms (cache revalidated)
535 silly packumentCache corgi:https://registry.npmjs.org/cookie set size:22175 disposed:false
536 silly packumentCache corgi:https://registry.npmjs.org/@kinde-oss%2fkinde-auth-nextjs cache-miss
537 http fetch GET 200 https://registry.npmjs.org/@alloc/quick-lru/-/quick-lru-5.2.0.tgz 806ms (cache miss)
538 http fetch GET 200 https://registry.npmjs.org/binary-extensions/-/binary-extensions-2.3.0.tgz 820ms (cache miss)
539 http fetch GET 200 https://registry.npmjs.org/camelcase-css/-/camelcase-css-2.0.1.tgz 828ms (cache miss)
540 http fetch GET 200 https://registry.npmjs.org/lilconfig/-/lilconfig-3.1.3.tgz 863ms (cache miss)
541 http fetch GET 200 https://registry.npmjs.org/postcss-value-parser/-/postcss-value-parser-4.2.0.tgz 891ms (cache miss)
542 http fetch GET 200 https://registry.npmjs.org/chokidar/-/chokidar-3.6.0.tgz 915ms (cache miss)
543 http fetch GET 200 https://registry.npmjs.org/fraction.js/-/fraction.js-4.3.7.tgz 919ms (cache miss)
544 http fetch GET 200 https://registry.npmjs.org/any-promise/-/any-promise-1.3.0.tgz 934ms (cache miss)
545 http fetch GET 200 https://registry.npmjs.org/commander/-/commander-4.1.1.tgz 938ms (cache miss)
546 http fetch GET 200 https://registry.npmjs.org/@radix-ui/react-dialog/-/react-dialog-1.1.2.tgz 964ms (cache miss)
547 http fetch GET 200 https://registry.npmjs.org/@radix-ui/react-presence/-/react-presence-1.1.1.tgz 987ms (cache miss)
548 http fetch GET 200 https://registry.npmjs.org/postcss-selector-parser/-/postcss-selector-parser-6.1.2.tgz 1053ms (cache miss)
549 http fetch GET 200 https://registry.npmjs.org/jackspeak/-/jackspeak-3.4.3.tgz 1099ms (cache miss)
550 http fetch GET 200 https://registry.npmjs.org/jiti/-/jiti-1.21.6.tgz 1151ms (cache miss)
551 http fetch GET 200 https://registry.npmjs.org/glob/-/glob-10.4.5.tgz 1279ms (cache miss)
552 http fetch GET 200 https://registry.npmjs.org/autoprefixer/-/autoprefixer-10.4.20.tgz 1344ms (cache miss)
553 http fetch GET 200 https://registry.npmjs.org/sucrase/-/sucrase-3.35.0.tgz 1686ms (cache miss)
554 http fetch GET 200 https://registry.npmjs.org/yaml/-/yaml-2.6.1.tgz 1799ms (cache miss)
555 http fetch GET 200 https://registry.npmjs.org/tailwindcss/-/tailwindcss-3.4.15.tgz 1917ms (cache miss)
556 http fetch GET 200 https://registry.npmjs.org/@kinde-oss%2fkinde-auth-nextjs 1766ms (cache revalidated)
557 silly packumentCache corgi:https://registry.npmjs.org/@kinde-oss%2fkinde-auth-nextjs set size:354652 disposed:false
558 http fetch GET 200 https://registry.npmjs.org/lucide-react/-/lucide-react-0.294.0.tgz 6427ms (cache miss)
559 silly ADD node_modules/package-json-from-dist
560 silly ADD node_modules/detect-node-es
561 silly ADD node_modules/thenify
562 silly ADD node_modules/thenify-all
563 silly ADD node_modules/any-promise
564 silly ADD node_modules/ts-interface-checker
565 silly ADD node_modules/mz
566 silly ADD node_modules/commander
567 silly ADD node_modules/pify
568 silly ADD node_modules/util-deprecate
569 silly ADD node_modules/cssesc
570 silly ADD node_modules/yaml
571 silly ADD node_modules/camelcase-css
572 silly ADD node_modules/read-cache
573 silly ADD node_modules/binary-extensions
574 silly ADD node_modules/readdirp
575 silly ADD node_modules/is-binary-path
576 silly ADD
577 silly ADD node_modules/sucrase
578 silly ADD node_modules/sucrase/node_modules/brace-expansion
579 silly ADD node_modules/sucrase/node_modules/minimatch
580 silly ADD node_modules/sucrase/node_modules/jackspeak
581 silly ADD node_modules/sucrase/node_modules/glob
582 silly ADD node_modules/postcss-selector-parser
583 silly ADD node_modules/postcss-nested
584 silly ADD node_modules/postcss-load-config
585 silly ADD node_modules/postcss-load-config/node_modules/lilconfig
586 silly ADD node_modules/postcss-js
587 silly ADD node_modules/postcss-import
588 silly ADD node_modules/object-hash
589 silly ADD node_modules/lilconfig
590 silly ADD node_modules/jiti
591 silly ADD node_modules/dlv
592 silly ADD node_modules/didyoumean
593 silly ADD node_modules/chokidar
594 silly ADD node_modules/chokidar/node_modules/glob-parent
595 silly ADD node_modules/arg
596 silly ADD node_modules/@alloc/quick-lru
597 silly ADD node_modules/invariant
598 silly ADD node_modules/get-nonce
599 silly ADD node_modules/use-sidecar
600 silly ADD node_modules/use-callback-ref
601 silly ADD node_modules/react-style-singleton
602 silly ADD node_modules/react-remove-scroll-bar
603 silly ADD node_modules/postcss-value-parser
604 silly ADD node_modules/normalize-range
605 silly ADD node_modules/fraction.js
606 silly ADD node_modules/@radix-ui/react-use-layout-effect
607 silly ADD node_modules/@radix-ui/react-use-escape-keydown
608 silly ADD node_modules/@radix-ui/react-use-callback-ref
609 silly ADD node_modules/react-remove-scroll
610 silly ADD node_modules/aria-hidden
611 silly ADD node_modules/@radix-ui/react-use-controllable-state
612 silly ADD node_modules/@radix-ui/react-primitive
613 silly ADD node_modules/@radix-ui/react-presence
614 silly ADD node_modules/@radix-ui/react-portal
615 silly ADD node_modules/@radix-ui/react-id
616 silly ADD node_modules/@radix-ui/react-focus-scope
617 silly ADD node_modules/@radix-ui/react-focus-guards
618 silly ADD node_modules/@radix-ui/react-dismissable-layer
619 silly ADD node_modules/@radix-ui/react-context
620 silly ADD node_modules/@radix-ui/react-compose-refs
621 silly ADD node_modules/@radix-ui/primitive
622 silly ADD node_modules/tailwindcss
623 silly ADD node_modules/tailwindcss/node_modules/postcss
624 silly ADD node_modules/tailwind-merge
625 silly ADD node_modules/lucide-react
626 silly ADD node_modules/clsx
627 silly ADD node_modules/class-variance-authority
628 silly ADD node_modules/autoprefixer
629 silly ADD node_modules/@radix-ui/react-slot
630 silly ADD node_modules/@radix-ui/react-dialog
631 verbose cwd C:\Users\saadr\Desktop\DevOps-Hub\devopshub
632 verbose os Windows_NT 10.0.22631
633 verbose node v22.3.0
634 verbose npm  v10.8.1
635 verbose exit 0
636 info ok
