0 verbose cli C:\Program Files\nodejs\node.exe C:\Program Files\nodejs\node_modules\npm\bin\npm-cli.js
1 info using npm@10.8.1
2 info using node@v22.3.0
3 silly config load:file:C:\Program Files\nodejs\node_modules\npm\npmrc
4 silly config load:file:C:\Users\saadr\Desktop\DevOps-Hub\devopshub\.npmrc
5 silly config load:file:C:\Users\saadr\.npmrc
6 silly config load:file:C:\Users\saadr\AppData\Roaming\npm\etc\npmrc
7 verbose title npm install
8 verbose argv "install"
9 verbose logfile logs-max:10 dir:C:\Users\saadr\Desktop\DevOps-Hub\devopshub\%APPDATA%\npm-cache\_logs\2024-12-02T20_11_14_489Z-
10 verbose logfile C:\Users\saadr\Desktop\DevOps-Hub\devopshub\%APPDATA%\npm-cache\_logs\2024-12-02T20_11_14_489Z-debug-0.log
11 silly packumentCache heap:4345298944 maxSize:1086324736 maxEntrySize:543162368
12 silly logfile start cleaning logs, removing 1 files
13 silly logfile done cleaning log files
14 silly idealTree buildDeps
15 silly fetch manifest react@^18.2.0
16 silly packumentCache full:https://registry.npmjs.org/react cache-miss
17 verbose shrinkwrap failed to load node_modules/.package-lock.json out of date, updated: node_modules/prisma
18 http fetch GET 200 https://registry.npmjs.org/react 1021ms (cache revalidated)
19 silly packumentCache full:https://registry.npmjs.org/react set size:5191881 disposed:false
20 silly fetch manifest react-dom@^18.2.0
21 silly packumentCache full:https://registry.npmjs.org/react-dom cache-miss
22 http fetch GET 200 https://registry.npmjs.org/react-dom 216ms (cache revalidated)
23 silly packumentCache full:https://registry.npmjs.org/react-dom set size:6376151 disposed:false
24 silly placeDep ROOT react@18.3.1 REPLACE for: devopshub@0.1.0 want: ^18.2.0
25 warn ERESOLVE overriding peer dependency {
25 warn ERESOLVE   code: 'ERESOLVE',
25 warn ERESOLVE   edge: {
25 warn ERESOLVE     type: 'peer',
25 warn ERESOLVE     name: 'react',
25 warn ERESOLVE     spec: '19.0.0-rc-66855b96-20241106',
25 warn ERESOLVE     from: {
25 warn ERESOLVE       name: 'react-dom',
25 warn ERESOLVE       version: '19.0.0-rc-66855b96-20241106',
25 warn ERESOLVE       location: 'node_modules/react-dom',
25 warn ERESOLVE       isWorkspace: false,
25 warn ERESOLVE       dependents: [Array]
25 warn ERESOLVE     }
25 warn ERESOLVE   },
25 warn ERESOLVE   dep: {
25 warn ERESOLVE     name: 'react',
25 warn ERESOLVE     version: '18.3.1',
25 warn ERESOLVE     whileInstalling: {
25 warn ERESOLVE       name: 'devopshub',
25 warn ERESOLVE       version: '0.1.0',
25 warn ERESOLVE       path: 'C:\\Users\\saadr\\Desktop\\DevOps-Hub\\devopshub'
25 warn ERESOLVE     },
25 warn ERESOLVE     location: 'node_modules/react',
25 warn ERESOLVE     isWorkspace: false,
25 warn ERESOLVE     dependents: [ [Object] ]
25 warn ERESOLVE   },
25 warn ERESOLVE   force: false,
25 warn ERESOLVE   isMine: true,
25 warn ERESOLVE   strictPeerDeps: false,
25 warn ERESOLVE   current: {
25 warn ERESOLVE     name: 'react',
25 warn ERESOLVE     version: '19.0.0-rc-66855b96-20241106',
25 warn ERESOLVE     location: 'node_modules/react',
25 warn ERESOLVE     isWorkspace: false,
25 warn ERESOLVE     dependents: [
25 warn ERESOLVE       [Object], [Object], [Object], [Object],
25 warn ERESOLVE       [Object], [Object], [Object], [Object],
25 warn ERESOLVE       [Object], [Object], [Object], [Object],
25 warn ERESOLVE       [Object], [Object], [Object], [Object],
25 warn ERESOLVE       [Object], [Object], [Object], [Object],
25 warn ERESOLVE       [Object], [Object], [Object], [Object],
25 warn ERESOLVE       [Object], [Object], [Object], [Object],
25 warn ERESOLVE       [Object], [Object], [Object], [Object],
25 warn ERESOLVE       [Object], [Object], [Object], [Object]
25 warn ERESOLVE     ]
25 warn ERESOLVE   }
25 warn ERESOLVE }
26 warn ERESOLVE overriding peer dependency {
26 warn ERESOLVE   code: 'ERESOLVE',
26 warn ERESOLVE   edge: {
26 warn ERESOLVE     type: 'peer',
26 warn ERESOLVE     name: 'react',
26 warn ERESOLVE     spec: '19.0.0-rc-66855b96-20241106',
26 warn ERESOLVE     from: {
26 warn ERESOLVE       name: 'react-dom',
26 warn ERESOLVE       version: '19.0.0-rc-66855b96-20241106',
26 warn ERESOLVE       location: 'node_modules/react-dom',
26 warn ERESOLVE       isWorkspace: false,
26 warn ERESOLVE       dependents: [Array]
26 warn ERESOLVE     }
26 warn ERESOLVE   },
26 warn ERESOLVE   dep: {
26 warn ERESOLVE     name: 'react',
26 warn ERESOLVE     version: '18.3.1',
26 warn ERESOLVE     whileInstalling: {
26 warn ERESOLVE       name: 'devopshub',
26 warn ERESOLVE       version: '0.1.0',
26 warn ERESOLVE       path: 'C:\\Users\\saadr\\Desktop\\DevOps-Hub\\devopshub'
26 warn ERESOLVE     },
26 warn ERESOLVE     location: 'node_modules/react',
26 warn ERESOLVE     isWorkspace: false,
26 warn ERESOLVE     dependents: [ [Object] ]
26 warn ERESOLVE   },
26 warn ERESOLVE   force: false,
26 warn ERESOLVE   isMine: true,
26 warn ERESOLVE   strictPeerDeps: false,
26 warn ERESOLVE   current: {
26 warn ERESOLVE     name: 'react',
26 warn ERESOLVE     version: '19.0.0-rc-66855b96-20241106',
26 warn ERESOLVE     location: 'node_modules/react',
26 warn ERESOLVE     isWorkspace: false,
26 warn ERESOLVE     dependents: [
26 warn ERESOLVE       [Object], [Object], [Object], [Object],
26 warn ERESOLVE       [Object], [Object], [Object], [Object],
26 warn ERESOLVE       [Object], [Object], [Object], [Object],
26 warn ERESOLVE       [Object], [Object], [Object], [Object],
26 warn ERESOLVE       [Object], [Object], [Object], [Object],
26 warn ERESOLVE       [Object], [Object], [Object], [Object],
26 warn ERESOLVE       [Object], [Object], [Object], [Object],
26 warn ERESOLVE       [Object], [Object], [Object], [Object],
26 warn ERESOLVE       [Object], [Object], [Object], [Object]
26 warn ERESOLVE     ]
26 warn ERESOLVE   }
26 warn ERESOLVE }
27 warn ERESOLVE overriding peer dependency {
27 warn ERESOLVE   code: 'ERESOLVE',
27 warn ERESOLVE   edge: {
27 warn ERESOLVE     type: 'peer',
27 warn ERESOLVE     name: 'react',
27 warn ERESOLVE     spec: '19.0.0-rc-66855b96-20241106',
27 warn ERESOLVE     from: {
27 warn ERESOLVE       name: 'react-dom',
27 warn ERESOLVE       version: '19.0.0-rc-66855b96-20241106',
27 warn ERESOLVE       location: 'node_modules/react-dom',
27 warn ERESOLVE       isWorkspace: false,
27 warn ERESOLVE       dependents: [Array]
27 warn ERESOLVE     }
27 warn ERESOLVE   },
27 warn ERESOLVE   dep: {
27 warn ERESOLVE     name: 'react',
27 warn ERESOLVE     version: '18.3.1',
27 warn ERESOLVE     whileInstalling: {
27 warn ERESOLVE       name: 'devopshub',
27 warn ERESOLVE       version: '0.1.0',
27 warn ERESOLVE       path: 'C:\\Users\\saadr\\Desktop\\DevOps-Hub\\devopshub'
27 warn ERESOLVE     },
27 warn ERESOLVE     location: 'node_modules/react',
27 warn ERESOLVE     isWorkspace: false,
27 warn ERESOLVE     dependents: [ [Object] ]
27 warn ERESOLVE   },
27 warn ERESOLVE   force: false,
27 warn ERESOLVE   isMine: true,
27 warn ERESOLVE   strictPeerDeps: false,
27 warn ERESOLVE   current: {
27 warn ERESOLVE     name: 'react',
27 warn ERESOLVE     version: '19.0.0-rc-66855b96-20241106',
27 warn ERESOLVE     location: 'node_modules/react',
27 warn ERESOLVE     isWorkspace: false,
27 warn ERESOLVE     dependents: [
27 warn ERESOLVE       [Object], [Object], [Object], [Object],
27 warn ERESOLVE       [Object], [Object], [Object], [Object],
27 warn ERESOLVE       [Object], [Object], [Object], [Object],
27 warn ERESOLVE       [Object], [Object], [Object], [Object],
27 warn ERESOLVE       [Object], [Object], [Object], [Object],
27 warn ERESOLVE       [Object], [Object], [Object], [Object],
27 warn ERESOLVE       [Object], [Object], [Object], [Object],
27 warn ERESOLVE       [Object], [Object], [Object], [Object],
27 warn ERESOLVE       [Object], [Object], [Object], [Object]
27 warn ERESOLVE     ]
27 warn ERESOLVE   }
27 warn ERESOLVE }
28 warn ERESOLVE overriding peer dependency {
28 warn ERESOLVE   code: 'ERESOLVE',
28 warn ERESOLVE   edge: {
28 warn ERESOLVE     type: 'peer',
28 warn ERESOLVE     name: 'react',
28 warn ERESOLVE     spec: '19.0.0-rc-66855b96-20241106',
28 warn ERESOLVE     from: {
28 warn ERESOLVE       name: 'react-dom',
28 warn ERESOLVE       version: '19.0.0-rc-66855b96-20241106',
28 warn ERESOLVE       location: 'node_modules/react-dom',
28 warn ERESOLVE       isWorkspace: false,
28 warn ERESOLVE       dependents: [Array]
28 warn ERESOLVE     }
28 warn ERESOLVE   },
28 warn ERESOLVE   dep: {
28 warn ERESOLVE     name: 'react',
28 warn ERESOLVE     version: '18.3.1',
28 warn ERESOLVE     whileInstalling: {
28 warn ERESOLVE       name: 'devopshub',
28 warn ERESOLVE       version: '0.1.0',
28 warn ERESOLVE       path: 'C:\\Users\\saadr\\Desktop\\DevOps-Hub\\devopshub'
28 warn ERESOLVE     },
28 warn ERESOLVE     location: 'node_modules/react',
28 warn ERESOLVE     isWorkspace: false,
28 warn ERESOLVE     dependents: [ [Object] ]
28 warn ERESOLVE   },
28 warn ERESOLVE   force: false,
28 warn ERESOLVE   isMine: true,
28 warn ERESOLVE   strictPeerDeps: false,
28 warn ERESOLVE   current: {
28 warn ERESOLVE     name: 'react',
28 warn ERESOLVE     version: '19.0.0-rc-66855b96-20241106',
28 warn ERESOLVE     location: 'node_modules/react',
28 warn ERESOLVE     isWorkspace: false,
28 warn ERESOLVE     dependents: [
28 warn ERESOLVE       [Object], [Object], [Object], [Object],
28 warn ERESOLVE       [Object], [Object], [Object], [Object],
28 warn ERESOLVE       [Object], [Object], [Object], [Object],
28 warn ERESOLVE       [Object], [Object], [Object], [Object],
28 warn ERESOLVE       [Object], [Object], [Object], [Object],
28 warn ERESOLVE       [Object], [Object], [Object], [Object],
28 warn ERESOLVE       [Object], [Object], [Object], [Object],
28 warn ERESOLVE       [Object], [Object], [Object], [Object],
28 warn ERESOLVE       [Object], [Object], [Object], [Object]
28 warn ERESOLVE     ]
28 warn ERESOLVE   }
28 warn ERESOLVE }
29 warn ERESOLVE overriding peer dependency {
29 warn ERESOLVE   code: 'ERESOLVE',
29 warn ERESOLVE   edge: {
29 warn ERESOLVE     type: 'peer',
29 warn ERESOLVE     name: 'react',
29 warn ERESOLVE     spec: '19.0.0-rc-66855b96-20241106',
29 warn ERESOLVE     from: {
29 warn ERESOLVE       name: 'react-dom',
29 warn ERESOLVE       version: '19.0.0-rc-66855b96-20241106',
29 warn ERESOLVE       location: 'node_modules/react-dom',
29 warn ERESOLVE       isWorkspace: false,
29 warn ERESOLVE       dependents: [Array]
29 warn ERESOLVE     }
29 warn ERESOLVE   },
29 warn ERESOLVE   dep: {
29 warn ERESOLVE     name: 'react',
29 warn ERESOLVE     version: '18.3.1',
29 warn ERESOLVE     whileInstalling: {
29 warn ERESOLVE       name: 'devopshub',
29 warn ERESOLVE       version: '0.1.0',
29 warn ERESOLVE       path: 'C:\\Users\\saadr\\Desktop\\DevOps-Hub\\devopshub'
29 warn ERESOLVE     },
29 warn ERESOLVE     location: 'node_modules/react',
29 warn ERESOLVE     isWorkspace: false,
29 warn ERESOLVE     dependents: [ [Object] ]
29 warn ERESOLVE   },
29 warn ERESOLVE   force: false,
29 warn ERESOLVE   isMine: true,
29 warn ERESOLVE   strictPeerDeps: false,
29 warn ERESOLVE   current: {
29 warn ERESOLVE     name: 'react',
29 warn ERESOLVE     version: '19.0.0-rc-66855b96-20241106',
29 warn ERESOLVE     location: 'node_modules/react',
29 warn ERESOLVE     isWorkspace: false,
29 warn ERESOLVE     dependents: [
29 warn ERESOLVE       [Object], [Object], [Object], [Object],
29 warn ERESOLVE       [Object], [Object], [Object], [Object],
29 warn ERESOLVE       [Object], [Object], [Object], [Object],
29 warn ERESOLVE       [Object], [Object], [Object], [Object],
29 warn ERESOLVE       [Object], [Object], [Object], [Object],
29 warn ERESOLVE       [Object], [Object], [Object], [Object],
29 warn ERESOLVE       [Object], [Object], [Object], [Object],
29 warn ERESOLVE       [Object], [Object], [Object], [Object],
29 warn ERESOLVE       [Object], [Object], [Object], [Object]
29 warn ERESOLVE     ]
29 warn ERESOLVE   }
29 warn ERESOLVE }
30 warn ERESOLVE overriding peer dependency {
30 warn ERESOLVE   code: 'ERESOLVE',
30 warn ERESOLVE   edge: {
30 warn ERESOLVE     type: 'peer',
30 warn ERESOLVE     name: 'react',
30 warn ERESOLVE     spec: '19.0.0-rc-66855b96-20241106',
30 warn ERESOLVE     from: {
30 warn ERESOLVE       name: 'react-dom',
30 warn ERESOLVE       version: '19.0.0-rc-66855b96-20241106',
30 warn ERESOLVE       location: 'node_modules/react-dom',
30 warn ERESOLVE       isWorkspace: false,
30 warn ERESOLVE       dependents: [Array]
30 warn ERESOLVE     }
30 warn ERESOLVE   },
30 warn ERESOLVE   dep: {
30 warn ERESOLVE     name: 'react',
30 warn ERESOLVE     version: '18.3.1',
30 warn ERESOLVE     whileInstalling: {
30 warn ERESOLVE       name: 'devopshub',
30 warn ERESOLVE       version: '0.1.0',
30 warn ERESOLVE       path: 'C:\\Users\\saadr\\Desktop\\DevOps-Hub\\devopshub'
30 warn ERESOLVE     },
30 warn ERESOLVE     location: 'node_modules/react',
30 warn ERESOLVE     isWorkspace: false,
30 warn ERESOLVE     dependents: [ [Object] ]
30 warn ERESOLVE   },
30 warn ERESOLVE   force: false,
30 warn ERESOLVE   isMine: true,
30 warn ERESOLVE   strictPeerDeps: false,
30 warn ERESOLVE   current: {
30 warn ERESOLVE     name: 'react',
30 warn ERESOLVE     version: '19.0.0-rc-66855b96-20241106',
30 warn ERESOLVE     location: 'node_modules/react',
30 warn ERESOLVE     isWorkspace: false,
30 warn ERESOLVE     dependents: [
30 warn ERESOLVE       [Object], [Object], [Object], [Object],
30 warn ERESOLVE       [Object], [Object], [Object], [Object],
30 warn ERESOLVE       [Object], [Object], [Object], [Object],
30 warn ERESOLVE       [Object], [Object], [Object], [Object],
30 warn ERESOLVE       [Object], [Object], [Object], [Object],
30 warn ERESOLVE       [Object], [Object], [Object], [Object],
30 warn ERESOLVE       [Object], [Object], [Object], [Object],
30 warn ERESOLVE       [Object], [Object], [Object], [Object],
30 warn ERESOLVE       [Object], [Object], [Object], [Object]
30 warn ERESOLVE     ]
30 warn ERESOLVE   }
30 warn ERESOLVE }
31 warn ERESOLVE overriding peer dependency {
31 warn ERESOLVE   code: 'ERESOLVE',
31 warn ERESOLVE   edge: {
31 warn ERESOLVE     type: 'peer',
31 warn ERESOLVE     name: 'react',
31 warn ERESOLVE     spec: '19.0.0-rc-66855b96-20241106',
31 warn ERESOLVE     from: {
31 warn ERESOLVE       name: 'react-dom',
31 warn ERESOLVE       version: '19.0.0-rc-66855b96-20241106',
31 warn ERESOLVE       location: 'node_modules/react-dom',
31 warn ERESOLVE       isWorkspace: false,
31 warn ERESOLVE       dependents: [Array]
31 warn ERESOLVE     }
31 warn ERESOLVE   },
31 warn ERESOLVE   dep: {
31 warn ERESOLVE     name: 'react',
31 warn ERESOLVE     version: '18.3.1',
31 warn ERESOLVE     whileInstalling: {
31 warn ERESOLVE       name: 'devopshub',
31 warn ERESOLVE       version: '0.1.0',
31 warn ERESOLVE       path: 'C:\\Users\\saadr\\Desktop\\DevOps-Hub\\devopshub'
31 warn ERESOLVE     },
31 warn ERESOLVE     location: 'node_modules/react',
31 warn ERESOLVE     isWorkspace: false,
31 warn ERESOLVE     dependents: [ [Object] ]
31 warn ERESOLVE   },
31 warn ERESOLVE   force: false,
31 warn ERESOLVE   isMine: true,
31 warn ERESOLVE   strictPeerDeps: false,
31 warn ERESOLVE   current: {
31 warn ERESOLVE     name: 'react',
31 warn ERESOLVE     version: '19.0.0-rc-66855b96-20241106',
31 warn ERESOLVE     location: 'node_modules/react',
31 warn ERESOLVE     isWorkspace: false,
31 warn ERESOLVE     dependents: [
31 warn ERESOLVE       [Object], [Object], [Object], [Object],
31 warn ERESOLVE       [Object], [Object], [Object], [Object],
31 warn ERESOLVE       [Object], [Object], [Object], [Object],
31 warn ERESOLVE       [Object], [Object], [Object], [Object],
31 warn ERESOLVE       [Object], [Object], [Object], [Object],
31 warn ERESOLVE       [Object], [Object], [Object], [Object],
31 warn ERESOLVE       [Object], [Object], [Object], [Object],
31 warn ERESOLVE       [Object], [Object], [Object], [Object],
31 warn ERESOLVE       [Object], [Object], [Object], [Object]
31 warn ERESOLVE     ]
31 warn ERESOLVE   }
31 warn ERESOLVE }
32 warn ERESOLVE overriding peer dependency {
32 warn ERESOLVE   code: 'ERESOLVE',
32 warn ERESOLVE   edge: {
32 warn ERESOLVE     type: 'peer',
32 warn ERESOLVE     name: 'react',
32 warn ERESOLVE     spec: '19.0.0-rc-66855b96-20241106',
32 warn ERESOLVE     from: {
32 warn ERESOLVE       name: 'react-dom',
32 warn ERESOLVE       version: '19.0.0-rc-66855b96-20241106',
32 warn ERESOLVE       location: 'node_modules/react-dom',
32 warn ERESOLVE       isWorkspace: false,
32 warn ERESOLVE       dependents: [Array]
32 warn ERESOLVE     }
32 warn ERESOLVE   },
32 warn ERESOLVE   dep: {
32 warn ERESOLVE     name: 'react',
32 warn ERESOLVE     version: '18.3.1',
32 warn ERESOLVE     whileInstalling: {
32 warn ERESOLVE       name: 'devopshub',
32 warn ERESOLVE       version: '0.1.0',
32 warn ERESOLVE       path: 'C:\\Users\\saadr\\Desktop\\DevOps-Hub\\devopshub'
32 warn ERESOLVE     },
32 warn ERESOLVE     location: 'node_modules/react',
32 warn ERESOLVE     isWorkspace: false,
32 warn ERESOLVE     dependents: [ [Object] ]
32 warn ERESOLVE   },
32 warn ERESOLVE   force: false,
32 warn ERESOLVE   isMine: true,
32 warn ERESOLVE   strictPeerDeps: false,
32 warn ERESOLVE   current: {
32 warn ERESOLVE     name: 'react',
32 warn ERESOLVE     version: '19.0.0-rc-66855b96-20241106',
32 warn ERESOLVE     location: 'node_modules/react',
32 warn ERESOLVE     isWorkspace: false,
32 warn ERESOLVE     dependents: [
32 warn ERESOLVE       [Object], [Object], [Object], [Object],
32 warn ERESOLVE       [Object], [Object], [Object], [Object],
32 warn ERESOLVE       [Object], [Object], [Object], [Object],
32 warn ERESOLVE       [Object], [Object], [Object], [Object],
32 warn ERESOLVE       [Object], [Object], [Object], [Object],
32 warn ERESOLVE       [Object], [Object], [Object], [Object],
32 warn ERESOLVE       [Object], [Object], [Object], [Object],
32 warn ERESOLVE       [Object], [Object], [Object], [Object],
32 warn ERESOLVE       [Object], [Object], [Object], [Object]
32 warn ERESOLVE     ]
32 warn ERESOLVE   }
32 warn ERESOLVE }
33 silly placeDep ROOT react-dom@18.3.1 REPLACE for: devopshub@0.1.0 want: ^18.2.0
34 silly fetch manifest scheduler@^0.23.2
35 silly packumentCache full:https://registry.npmjs.org/scheduler cache-miss
36 http fetch GET 200 https://registry.npmjs.org/scheduler 967ms (cache miss)
37 silly packumentCache full:https://registry.npmjs.org/scheduler set size:undefined disposed:false
38 silly fetch manifest @babel/core@^7.0.0
39 silly packumentCache full:https://registry.npmjs.org/@babel%2fcore cache-miss
40 http fetch GET 200 https://registry.npmjs.org/@babel%2fcore 268ms (cache revalidated)
41 silly packumentCache full:https://registry.npmjs.org/@babel%2fcore set size:672875 disposed:false
42 silly placeDep ROOT @babel/core@7.26.0 OK for: @babel/helper-create-class-features-plugin@7.25.9 want: ^7.0.0
43 silly fetch manifest json5@^2.2.3
44 silly packumentCache full:https://registry.npmjs.org/json5 cache-miss
45 silly fetch manifest semver@^6.3.1
46 silly packumentCache full:https://registry.npmjs.org/semver cache-miss
47 silly fetch manifest gensync@^1.0.0-beta.2
48 silly packumentCache full:https://registry.npmjs.org/gensync cache-miss
49 silly fetch manifest @babel/helpers@^7.26.0
50 silly packumentCache full:https://registry.npmjs.org/@babel%2fhelpers cache-miss
51 silly fetch manifest convert-source-map@^2.0.0
52 silly packumentCache full:https://registry.npmjs.org/convert-source-map cache-miss
53 silly fetch manifest @ampproject/remapping@^2.2.0
54 silly packumentCache full:https://registry.npmjs.org/@ampproject%2fremapping cache-miss
55 http fetch GET 200 https://registry.npmjs.org/json5 196ms (cache revalidated)
56 silly packumentCache full:https://registry.npmjs.org/json5 set size:86136 disposed:false
57 http fetch GET 200 https://registry.npmjs.org/semver 512ms (cache revalidated)
58 silly packumentCache full:https://registry.npmjs.org/semver set size:215926 disposed:false
59 http fetch GET 200 https://registry.npmjs.org/convert-source-map 588ms (cache revalidated)
60 silly packumentCache full:https://registry.npmjs.org/convert-source-map set size:66997 disposed:false
61 http fetch GET 200 https://registry.npmjs.org/@ampproject%2fremapping 589ms (cache revalidated)
62 silly packumentCache full:https://registry.npmjs.org/@ampproject%2fremapping set size:88598 disposed:false
63 http fetch GET 200 https://registry.npmjs.org/gensync 616ms (cache revalidated)
64 silly packumentCache full:https://registry.npmjs.org/gensync set size:15068 disposed:false
65 http fetch GET 200 https://registry.npmjs.org/@babel%2fhelpers 783ms (cache revalidated)
66 silly packumentCache full:https://registry.npmjs.org/@babel%2fhelpers set size:342884 disposed:false
67 silly placeDep ROOT @ampproject/remapping@2.3.0 OK for: @babel/core@7.26.0 want: ^2.2.0
68 silly placeDep ROOT @babel/helpers@7.26.0 OK for: @babel/core@7.26.0 want: ^7.26.0
69 silly placeDep ROOT convert-source-map@2.0.0 OK for: @babel/core@7.26.0 want: ^2.0.0
70 silly placeDep ROOT gensync@1.0.0-beta.2 OK for: @babel/core@7.26.0 want: ^1.0.0-beta.2
71 silly placeDep node_modules/@babel/core json5@2.2.3 OK for: @babel/core@7.26.0 want: ^2.2.3
72 silly placeDep node_modules/@babel/core semver@6.3.1 OK for: @babel/core@7.26.0 want: ^6.3.1
73 silly fetch manifest @clerk/shared@2.17.0
74 silly packumentCache full:https://registry.npmjs.org/@clerk%2fshared cache-miss
75 http fetch GET 200 https://registry.npmjs.org/@clerk%2fshared 3744ms (cache updated)
76 silly packumentCache full:https://registry.npmjs.org/@clerk%2fshared set size:undefined disposed:false
77 silly fetch manifest react@^18 || ^19.0.0-0
78 silly packumentCache full:https://registry.npmjs.org/react cache-miss
79 http fetch GET 200 https://registry.npmjs.org/react 17ms (cache hit)
80 silly packumentCache full:https://registry.npmjs.org/react set size:5191881 disposed:false
81 silly fetch manifest react-dom@^18 || ^19.0.0-0
82 silly packumentCache full:https://registry.npmjs.org/react-dom cache-miss
83 http fetch GET 200 https://registry.npmjs.org/react-dom 19ms (cache hit)
84 silly packumentCache full:https://registry.npmjs.org/react-dom set size:6376151 disposed:false
85 silly placeDep ROOT @clerk/shared@2.17.0 OK for: @clerk/backend@1.18.0 want: 2.17.0
86 silly fetch manifest swr@^2.2.0
87 silly packumentCache full:https://registry.npmjs.org/swr cache-miss
88 silly fetch manifest dequal@2.0.3
89 silly packumentCache full:https://registry.npmjs.org/dequal cache-miss
90 silly fetch manifest std-env@^3.7.0
91 silly packumentCache full:https://registry.npmjs.org/std-env cache-miss
92 silly fetch manifest js-cookie@3.0.5
93 silly packumentCache full:https://registry.npmjs.org/js-cookie cache-miss
94 silly fetch manifest glob-to-regexp@0.4.1
95 silly packumentCache full:https://registry.npmjs.org/glob-to-regexp cache-miss
96 http fetch GET 200 https://registry.npmjs.org/dequal 214ms (cache revalidated)
97 silly packumentCache full:https://registry.npmjs.org/dequal set size:24037 disposed:false
98 http fetch GET 200 https://registry.npmjs.org/glob-to-regexp 215ms (cache revalidated)
99 silly packumentCache full:https://registry.npmjs.org/glob-to-regexp set size:15844 disposed:false
100 http fetch GET 200 https://registry.npmjs.org/std-env 225ms (cache revalidated)
101 silly packumentCache full:https://registry.npmjs.org/std-env set size:74864 disposed:false
102 http fetch GET 200 https://registry.npmjs.org/js-cookie 226ms (cache revalidated)
103 silly packumentCache full:https://registry.npmjs.org/js-cookie set size:240037 disposed:false
104 http fetch GET 200 https://registry.npmjs.org/swr 809ms (cache revalidated)
105 silly packumentCache full:https://registry.npmjs.org/swr set size:2091789 disposed:false
106 silly fetch manifest @clerk/clerk-react@5.17.1
107 silly packumentCache full:https://registry.npmjs.org/@clerk%2fclerk-react cache-miss
108 http fetch GET 200 https://registry.npmjs.org/@clerk%2fclerk-react 3592ms (cache updated)
109 silly packumentCache full:https://registry.npmjs.org/@clerk%2fclerk-react set size:undefined disposed:false
110 silly fetch manifest ezheaders@0.1.0
111 silly packumentCache full:https://registry.npmjs.org/ezheaders cache-miss
112 http fetch GET 200 https://registry.npmjs.org/ezheaders 811ms (cache revalidated)
113 silly packumentCache full:https://registry.npmjs.org/ezheaders set size:13284 disposed:false
114 silly fetch manifest next@^13.5.4 || ^14.0.3 || ^15.0.0
115 silly packumentCache full:https://registry.npmjs.org/next cache-miss
116 http fetch GET 200 https://registry.npmjs.org/next 254ms (cache revalidated)
117 silly packumentCache full:https://registry.npmjs.org/next set size:21956711 disposed:false
118 silly fetch manifest @opentelemetry/api@^1.1.0
119 silly packumentCache full:https://registry.npmjs.org/@opentelemetry%2fapi cache-miss
120 http fetch GET 200 https://registry.npmjs.org/@opentelemetry%2fapi 863ms (cache revalidated)
121 silly packumentCache full:https://registry.npmjs.org/@opentelemetry%2fapi set size:455622 disposed:false
122 silly fetch manifest @playwright/test@^1.41.2
123 silly packumentCache full:https://registry.npmjs.org/@playwright%2ftest cache-miss
124 http fetch GET 200 https://registry.npmjs.org/@playwright%2ftest 443ms (cache revalidated)
125 silly packumentCache full:https://registry.npmjs.org/@playwright%2ftest set size:7280457 disposed:false
126 silly fetch manifest babel-plugin-react-compiler@*
127 silly packumentCache full:https://registry.npmjs.org/babel-plugin-react-compiler cache-miss
128 http fetch GET 200 https://registry.npmjs.org/babel-plugin-react-compiler 137ms (cache updated)
129 silly packumentCache full:https://registry.npmjs.org/babel-plugin-react-compiler set size:undefined disposed:false
130 silly fetch manifest sass@^1.3.0
131 silly packumentCache full:https://registry.npmjs.org/sass cache-miss
132 http fetch GET 200 https://registry.npmjs.org/sass 791ms (cache revalidated)
133 silly packumentCache full:https://registry.npmjs.org/sass set size:647817 disposed:false
134 silly placeDep ROOT @clerk/clerk-react@5.17.1 OK for: @clerk/nextjs@6.5.1 want: 5.17.1
135 silly placeDep ROOT ezheaders@0.1.0 OK for: @clerk/nextjs@6.5.1 want: 0.1.0
136 silly fetch manifest tslib@2.4.1
137 silly packumentCache full:https://registry.npmjs.org/tslib cache-miss
138 http fetch GET 200 https://registry.npmjs.org/tslib 123ms (cache revalidated)
139 silly packumentCache full:https://registry.npmjs.org/tslib set size:108872 disposed:false
140 silly placeDep node_modules/@clerk/clerk-react tslib@2.4.1 OK for: @clerk/clerk-react@5.17.1 want: 2.4.1
141 silly placeDep ROOT dequal@2.0.3 OK for: @clerk/shared@2.17.0 want: 2.0.3
142 silly placeDep ROOT glob-to-regexp@0.4.1 OK for: @clerk/shared@2.17.0 want: 0.4.1
143 silly placeDep ROOT js-cookie@3.0.5 OK for: @clerk/shared@2.17.0 want: 3.0.5
144 silly placeDep ROOT std-env@3.8.0 OK for: @clerk/shared@2.17.0 want: ^3.7.0
145 silly placeDep ROOT swr@2.2.5 OK for: @clerk/shared@2.17.0 want: ^2.2.0
146 silly fetch manifest use-sync-external-store@^1.2.0
147 silly packumentCache full:https://registry.npmjs.org/use-sync-external-store cache-miss
148 http fetch GET 200 https://registry.npmjs.org/use-sync-external-store 606ms (cache updated)
149 silly packumentCache full:https://registry.npmjs.org/use-sync-external-store set size:undefined disposed:false
150 silly fetch manifest @radix-ui/react-primitive@2.0.0
151 silly packumentCache full:https://registry.npmjs.org/@radix-ui%2freact-primitive cache-miss
152 http fetch GET 200 https://registry.npmjs.org/@radix-ui%2freact-primitive 456ms (cache revalidated)
153 silly packumentCache full:https://registry.npmjs.org/@radix-ui%2freact-primitive set size:427384 disposed:false
154 silly fetch manifest @types/react@*
155 silly packumentCache full:https://registry.npmjs.org/@types%2freact cache-miss
156 http fetch GET 200 https://registry.npmjs.org/@types%2freact 192ms (cache revalidated)
157 silly packumentCache full:https://registry.npmjs.org/@types%2freact set size:2224167 disposed:false
158 silly fetch manifest @types/react-dom@*
159 silly packumentCache full:https://registry.npmjs.org/@types%2freact-dom cache-miss
160 http fetch GET 200 https://registry.npmjs.org/@types%2freact-dom 179ms (cache revalidated)
161 silly packumentCache full:https://registry.npmjs.org/@types%2freact-dom set size:350546 disposed:false
162 silly fetch manifest react@^16.8 || ^17.0 || ^18.0 || ^19.0 || ^19.0.0-rc
163 silly packumentCache full:https://registry.npmjs.org/react cache-miss
164 http fetch GET 200 https://registry.npmjs.org/react 17ms (cache hit)
165 silly packumentCache full:https://registry.npmjs.org/react set size:5191881 disposed:false
166 silly fetch manifest react-dom@^16.8 || ^17.0 || ^18.0 || ^19.0 || ^19.0.0-rc
167 silly packumentCache full:https://registry.npmjs.org/react-dom cache-miss
168 http fetch GET 200 https://registry.npmjs.org/react-dom 19ms (cache hit)
169 silly packumentCache full:https://registry.npmjs.org/react-dom set size:6376151 disposed:false
170 silly placeDep ROOT @radix-ui/react-primitive@2.0.0 OK for: @radix-ui/react-avatar@1.1.1 want: 2.0.0
171 silly fetch manifest @radix-ui/react-collection@1.1.0
172 silly packumentCache full:https://registry.npmjs.org/@radix-ui%2freact-collection cache-miss
173 http fetch GET 200 https://registry.npmjs.org/@radix-ui%2freact-collection 399ms (cache revalidated)
174 silly packumentCache full:https://registry.npmjs.org/@radix-ui%2freact-collection set size:445476 disposed:false
175 silly fetch manifest @radix-ui/react-dismissable-layer@1.1.1
176 silly packumentCache full:https://registry.npmjs.org/@radix-ui%2freact-dismissable-layer cache-miss
177 http fetch GET 200 https://registry.npmjs.org/@radix-ui%2freact-dismissable-layer 1721ms (cache revalidated)
178 silly packumentCache full:https://registry.npmjs.org/@radix-ui%2freact-dismissable-layer set size:546211 disposed:false
179 silly fetch manifest @radix-ui/react-focus-scope@1.1.0
180 silly packumentCache full:https://registry.npmjs.org/@radix-ui%2freact-focus-scope cache-miss
181 http fetch GET 200 https://registry.npmjs.org/@radix-ui%2freact-focus-scope 273ms (cache revalidated)
182 silly packumentCache full:https://registry.npmjs.org/@radix-ui%2freact-focus-scope set size:469326 disposed:false
183 silly fetch manifest @radix-ui/react-popper@1.2.0
184 silly packumentCache full:https://registry.npmjs.org/@radix-ui%2freact-popper cache-miss
185 http fetch GET 200 https://registry.npmjs.org/@radix-ui%2freact-popper 340ms (cache revalidated)
186 silly packumentCache full:https://registry.npmjs.org/@radix-ui%2freact-popper set size:541980 disposed:false
187 silly fetch manifest @radix-ui/react-portal@1.1.2
188 silly packumentCache full:https://registry.npmjs.org/@radix-ui%2freact-portal cache-miss
189 http fetch GET 200 https://registry.npmjs.org/@radix-ui%2freact-portal 399ms (cache revalidated)
190 silly packumentCache full:https://registry.npmjs.org/@radix-ui%2freact-portal set size:496993 disposed:false
191 silly fetch manifest @radix-ui/react-visually-hidden@1.1.0
192 silly packumentCache full:https://registry.npmjs.org/@radix-ui%2freact-visually-hidden cache-miss
193 http fetch GET 200 https://registry.npmjs.org/@radix-ui%2freact-visually-hidden 359ms (cache revalidated)
194 silly packumentCache full:https://registry.npmjs.org/@radix-ui%2freact-visually-hidden set size:425195 disposed:false
195 silly placeDep ROOT @radix-ui/react-collection@1.1.0 OK for: @radix-ui/react-select@2.1.2 want: 1.1.0
196 silly placeDep ROOT @radix-ui/react-dismissable-layer@1.1.1 OK for: @radix-ui/react-select@2.1.2 want: 1.1.1
197 silly placeDep ROOT @radix-ui/react-focus-scope@1.1.0 OK for: @radix-ui/react-select@2.1.2 want: 1.1.0
198 silly placeDep ROOT @radix-ui/react-popper@1.2.0 OK for: @radix-ui/react-select@2.1.2 want: 1.2.0
199 silly placeDep ROOT @radix-ui/react-portal@1.1.2 OK for: @radix-ui/react-select@2.1.2 want: 1.1.2
200 silly placeDep ROOT @radix-ui/react-visually-hidden@1.1.0 OK for: @radix-ui/react-select@2.1.2 want: 1.1.0
201 silly fetch manifest @radix-ui/react-context@1.1.0
202 silly packumentCache full:https://registry.npmjs.org/@radix-ui%2freact-context cache-miss
203 silly fetch manifest @radix-ui/react-use-escape-keydown@1.1.0
204 silly packumentCache full:https://registry.npmjs.org/@radix-ui%2freact-use-escape-keydown cache-miss
205 silly fetch manifest @radix-ui/rect@1.1.0
206 silly packumentCache full:https://registry.npmjs.org/@radix-ui%2frect cache-miss
207 silly fetch manifest @radix-ui/react-arrow@1.1.0
208 silly packumentCache full:https://registry.npmjs.org/@radix-ui%2freact-arrow cache-miss
209 silly fetch manifest @floating-ui/react-dom@^2.0.0
210 silly packumentCache full:https://registry.npmjs.org/@floating-ui%2freact-dom cache-miss
211 silly fetch manifest @radix-ui/react-context@1.1.0
212 silly packumentCache full:https://registry.npmjs.org/@radix-ui%2freact-context cache-miss
213 silly fetch manifest @radix-ui/react-use-rect@1.1.0
214 silly packumentCache full:https://registry.npmjs.org/@radix-ui%2freact-use-rect cache-miss
215 http fetch GET 200 https://registry.npmjs.org/@radix-ui%2frect 381ms (cache revalidated)
216 silly packumentCache full:https://registry.npmjs.org/@radix-ui%2frect set size:79144 disposed:false
217 silly fetch manifest @radix-ui/react-use-size@1.1.0
218 silly packumentCache full:https://registry.npmjs.org/@radix-ui%2freact-use-size cache-miss
219 http fetch GET 200 https://registry.npmjs.org/@radix-ui%2freact-use-rect 382ms (cache revalidated)
220 silly packumentCache full:https://registry.npmjs.org/@radix-ui%2freact-use-rect set size:200125 disposed:false
221 http fetch GET 200 https://registry.npmjs.org/@radix-ui%2freact-use-escape-keydown 392ms (cache revalidated)
222 silly packumentCache full:https://registry.npmjs.org/@radix-ui%2freact-use-escape-keydown set size:251576 disposed:false
223 http fetch GET 200 https://registry.npmjs.org/@radix-ui%2freact-arrow 397ms (cache revalidated)
224 silly packumentCache full:https://registry.npmjs.org/@radix-ui%2freact-arrow set size:417102 disposed:false
225 http fetch GET 200 https://registry.npmjs.org/@radix-ui%2freact-context 476ms (cache revalidated)
226 silly packumentCache full:https://registry.npmjs.org/@radix-ui%2freact-context set size:208057 disposed:false
227 http fetch GET 200 https://registry.npmjs.org/@radix-ui%2freact-use-size 334ms (cache revalidated)
228 silly packumentCache full:https://registry.npmjs.org/@radix-ui%2freact-use-size set size:245498 disposed:false
229 http fetch GET 200 https://registry.npmjs.org/@radix-ui%2freact-context 1095ms (cache revalidated)
230 silly packumentCache full:https://registry.npmjs.org/@radix-ui%2freact-context set size:208057 disposed:false
231 silly packumentCache full:https://registry.npmjs.org/@radix-ui%2freact-context dispose
232 http fetch GET 200 https://registry.npmjs.org/@floating-ui%2freact-dom 1708ms (cache revalidated)
233 silly packumentCache full:https://registry.npmjs.org/@floating-ui%2freact-dom set size:147503 disposed:false
234 silly placeDep node_modules/@radix-ui/react-collection @radix-ui/react-context@1.1.0 OK for: @radix-ui/react-collection@1.1.0 want: 1.1.0
235 silly placeDep ROOT @radix-ui/react-use-escape-keydown@1.1.0 OK for: @radix-ui/react-dismissable-layer@1.1.1 want: 1.1.0
236 silly placeDep ROOT @floating-ui/react-dom@2.1.2 OK for: @radix-ui/react-popper@1.2.0 want: ^2.0.0
237 silly placeDep ROOT @radix-ui/react-arrow@1.1.0 OK for: @radix-ui/react-popper@1.2.0 want: 1.1.0
238 silly placeDep node_modules/@radix-ui/react-popper @radix-ui/react-context@1.1.0 OK for: @radix-ui/react-popper@1.2.0 want: 1.1.0
239 silly placeDep ROOT @radix-ui/react-use-rect@1.1.0 OK for: @radix-ui/react-popper@1.2.0 want: 1.1.0
240 silly placeDep ROOT @radix-ui/react-use-size@1.1.0 OK for: @radix-ui/react-popper@1.2.0 want: 1.1.0
241 silly placeDep ROOT @radix-ui/rect@1.1.0 OK for: @radix-ui/react-popper@1.2.0 want: 1.1.0
242 silly fetch manifest @floating-ui/dom@^1.0.0
243 silly packumentCache full:https://registry.npmjs.org/@floating-ui%2fdom cache-miss
244 http fetch GET 200 https://registry.npmjs.org/@floating-ui%2fdom 183ms (cache revalidated)
245 silly packumentCache full:https://registry.npmjs.org/@floating-ui%2fdom set size:229675 disposed:false
246 silly placeDep ROOT @floating-ui/dom@1.6.12 OK for: @floating-ui/react-dom@2.1.2 want: ^1.0.0
247 silly fetch manifest @floating-ui/core@^1.6.0
248 silly packumentCache full:https://registry.npmjs.org/@floating-ui%2fcore cache-miss
249 silly fetch manifest @floating-ui/utils@^0.2.8
250 silly packumentCache full:https://registry.npmjs.org/@floating-ui%2futils cache-miss
251 http fetch GET 200 https://registry.npmjs.org/@floating-ui%2futils 275ms (cache revalidated)
252 silly packumentCache full:https://registry.npmjs.org/@floating-ui%2futils set size:42636 disposed:false
253 http fetch GET 200 https://registry.npmjs.org/@floating-ui%2fcore 382ms (cache revalidated)
254 silly packumentCache full:https://registry.npmjs.org/@floating-ui%2fcore set size:161213 disposed:false
255 silly placeDep ROOT @floating-ui/core@1.6.8 OK for: @floating-ui/dom@1.6.12 want: ^1.6.0
256 silly placeDep ROOT @floating-ui/utils@0.2.8 OK for: @floating-ui/dom@1.6.12 want: ^0.2.8
257 silly placeDep ROOT scheduler@0.23.2 OK for: react-dom@18.3.1 want: ^0.23.2
258 silly fetch manifest react@^16.11.0 || ^17.0.0 || ^18.0.0
259 silly packumentCache full:https://registry.npmjs.org/react cache-miss
260 http fetch GET 200 https://registry.npmjs.org/react 40ms (cache hit)
261 silly packumentCache full:https://registry.npmjs.org/react set size:5191881 disposed:false
262 silly placeDep ROOT use-sync-external-store@1.2.2 OK for: swr@2.2.5 want: ^1.2.0
263 silly reify mark retired [
263 silly reify   'C:\\Users\\saadr\\Desktop\\DevOps-Hub\\devopshub\\node_modules\\react'
263 silly reify ]
264 silly reify mark retired [
264 silly reify   'C:\\Users\\saadr\\Desktop\\DevOps-Hub\\devopshub\\node_modules\\react-dom'
264 silly reify ]
265 silly reify mark retired [
265 silly reify   'C:\\Users\\saadr\\Desktop\\DevOps-Hub\\devopshub\\node_modules\\scheduler'
265 silly reify ]
266 silly reify mark retired [
266 silly reify   'C:\\Users\\saadr\\Desktop\\DevOps-Hub\\devopshub\\node_modules\\@clerk\\shared\\node_modules\\swr'
266 silly reify ]
267 silly reify mark retired [
267 silly reify   'C:\\Users\\saadr\\Desktop\\DevOps-Hub\\devopshub\\node_modules\\@radix-ui\\react-popper\\node_modules\\@floating-ui\\react-dom'
267 silly reify ]
268 silly reify moves {
268 silly reify   'C:\\Users\\saadr\\Desktop\\DevOps-Hub\\devopshub\\node_modules\\react': 'C:\\Users\\saadr\\Desktop\\DevOps-Hub\\devopshub\\node_modules\\.react-UN9nJOfE',
268 silly reify   'C:\\Users\\saadr\\Desktop\\DevOps-Hub\\devopshub\\node_modules\\react-dom': 'C:\\Users\\saadr\\Desktop\\DevOps-Hub\\devopshub\\node_modules\\.react-dom-1RRgv0rR',
268 silly reify   'C:\\Users\\saadr\\Desktop\\DevOps-Hub\\devopshub\\node_modules\\scheduler': 'C:\\Users\\saadr\\Desktop\\DevOps-Hub\\devopshub\\node_modules\\.scheduler-JE1aNB6I',
268 silly reify   'C:\\Users\\saadr\\Desktop\\DevOps-Hub\\devopshub\\node_modules\\@clerk\\shared\\node_modules\\swr': 'C:\\Users\\saadr\\Desktop\\DevOps-Hub\\devopshub\\node_modules\\@clerk\\shared\\node_modules\\.swr-rwTAw56G',
268 silly reify   'C:\\Users\\saadr\\Desktop\\DevOps-Hub\\devopshub\\node_modules\\@radix-ui\\react-popper\\node_modules\\@floating-ui\\react-dom': 'C:\\Users\\saadr\\Desktop\\DevOps-Hub\\devopshub\\node_modules\\@radix-ui\\react-popper\\node_modules\\@floating-ui\\.react-dom-UO0RWHyi'
268 silly reify }
269 silly audit bulk request {
269 silly audit   '@alloc/quick-lru': [ '5.2.0' ],
269 silly audit   '@babel/code-frame': [ '7.26.2' ],
269 silly audit   '@babel/compat-data': [ '7.26.2' ],
269 silly audit   '@babel/generator': [ '7.26.2' ],
269 silly audit   '@babel/helper-annotate-as-pure': [ '7.25.9' ],
269 silly audit   '@babel/helper-builder-binary-assignment-operator-visitor': [ '7.25.9' ],
269 silly audit   '@babel/helper-compilation-targets': [ '7.25.9' ],
269 silly audit   'lru-cache': [ '5.1.1', '10.4.3' ],
269 silly audit   semver: [ '6.3.1', '7.6.3' ],
269 silly audit   '@babel/helper-create-class-features-plugin': [ '7.25.9' ],
269 silly audit   '@babel/helper-create-regexp-features-plugin': [ '7.25.9' ],
269 silly audit   '@babel/helper-define-polyfill-provider': [ '0.6.3' ],
269 silly audit   '@babel/helper-member-expression-to-functions': [ '7.25.9' ],
269 silly audit   '@babel/helper-module-imports': [ '7.25.9' ],
269 silly audit   '@babel/helper-module-transforms': [ '7.26.0' ],
269 silly audit   '@babel/helper-optimise-call-expression': [ '7.25.9' ],
269 silly audit   '@babel/helper-plugin-utils': [ '7.25.9' ],
269 silly audit   '@babel/helper-remap-async-to-generator': [ '7.25.9' ],
269 silly audit   '@babel/helper-replace-supers': [ '7.25.9' ],
269 silly audit   '@babel/helper-simple-access': [ '7.25.9' ],
269 silly audit   '@babel/helper-skip-transparent-expression-wrappers': [ '7.25.9' ],
269 silly audit   '@babel/helper-string-parser': [ '7.25.9' ],
269 silly audit   '@babel/helper-validator-identifier': [ '7.25.9' ],
269 silly audit   '@babel/helper-validator-option': [ '7.25.9' ],
269 silly audit   '@babel/helper-wrap-function': [ '7.25.9' ],
269 silly audit   '@babel/parser': [ '7.26.2' ],
269 silly audit   '@babel/plugin-bugfix-firefox-class-in-computed-class-key': [ '7.25.9' ],
269 silly audit   '@babel/plugin-bugfix-safari-class-field-initializer-scope': [ '7.25.9' ],
269 silly audit   '@babel/plugin-bugfix-safari-id-destructuring-collision-in-function-expression': [ '7.25.9' ],
269 silly audit   '@babel/plugin-bugfix-v8-spread-parameters-in-optional-chaining': [ '7.25.9' ],
269 silly audit   '@babel/plugin-bugfix-v8-static-class-fields-redefine-readonly': [ '7.25.9' ],
269 silly audit   '@babel/plugin-proposal-private-property-in-object': [ '7.21.0-placeholder-for-preset-env.2' ],
269 silly audit   '@babel/plugin-syntax-import-assertions': [ '7.26.0' ],
269 silly audit   '@babel/plugin-syntax-import-attributes': [ '7.26.0' ],
269 silly audit   '@babel/plugin-syntax-unicode-sets-regex': [ '7.18.6' ],
269 silly audit   '@babel/plugin-transform-arrow-functions': [ '7.25.9' ],
269 silly audit   '@babel/plugin-transform-async-generator-functions': [ '7.25.9' ],
269 silly audit   '@babel/plugin-transform-async-to-generator': [ '7.25.9' ],
269 silly audit   '@babel/plugin-transform-block-scoped-functions': [ '7.25.9' ],
269 silly audit   '@babel/plugin-transform-block-scoping': [ '7.25.9' ],
269 silly audit   '@babel/plugin-transform-class-properties': [ '7.25.9' ],
269 silly audit   '@babel/plugin-transform-class-static-block': [ '7.26.0' ],
269 silly audit   '@babel/plugin-transform-classes': [ '7.25.9' ],
269 silly audit   globals: [ '11.12.0', '13.24.0' ],
269 silly audit   '@babel/plugin-transform-computed-properties': [ '7.25.9' ],
269 silly audit   '@babel/plugin-transform-destructuring': [ '7.25.9' ],
269 silly audit   '@babel/plugin-transform-dotall-regex': [ '7.25.9' ],
269 silly audit   '@babel/plugin-transform-duplicate-keys': [ '7.25.9' ],
269 silly audit   '@babel/plugin-transform-duplicate-named-capturing-groups-regex': [ '7.25.9' ],
269 silly audit   '@babel/plugin-transform-dynamic-import': [ '7.25.9' ],
269 silly audit   '@babel/plugin-transform-exponentiation-operator': [ '7.25.9' ],
269 silly audit   '@babel/plugin-transform-export-namespace-from': [ '7.25.9' ],
269 silly audit   '@babel/plugin-transform-for-of': [ '7.25.9' ],
269 silly audit   '@babel/plugin-transform-function-name': [ '7.25.9' ],
269 silly audit   '@babel/plugin-transform-json-strings': [ '7.25.9' ],
269 silly audit   '@babel/plugin-transform-literals': [ '7.25.9' ],
269 silly audit   '@babel/plugin-transform-logical-assignment-operators': [ '7.25.9' ],
269 silly audit   '@babel/plugin-transform-member-expression-literals': [ '7.25.9' ],
269 silly audit   '@babel/plugin-transform-modules-amd': [ '7.25.9' ],
269 silly audit   '@babel/plugin-transform-modules-commonjs': [ '7.25.9' ],
269 silly audit   '@babel/plugin-transform-modules-systemjs': [ '7.25.9' ],
269 silly audit   '@babel/plugin-transform-modules-umd': [ '7.25.9' ],
269 silly audit   '@babel/plugin-transform-named-capturing-groups-regex': [ '7.25.9' ],
269 silly audit   '@babel/plugin-transform-new-target': [ '7.25.9' ],
269 silly audit   '@babel/plugin-transform-nullish-coalescing-operator': [ '7.25.9' ],
269 silly audit   '@babel/plugin-transform-numeric-separator': [ '7.25.9' ],
269 silly audit   '@babel/plugin-transform-object-rest-spread': [ '7.25.9' ],
269 silly audit   '@babel/plugin-transform-object-super': [ '7.25.9' ],
269 silly audit   '@babel/plugin-transform-optional-catch-binding': [ '7.25.9' ],
269 silly audit   '@babel/plugin-transform-optional-chaining': [ '7.25.9' ],
269 silly audit   '@babel/plugin-transform-parameters': [ '7.25.9' ],
269 silly audit   '@babel/plugin-transform-private-methods': [ '7.25.9' ],
269 silly audit   '@babel/plugin-transform-private-property-in-object': [ '7.25.9' ],
269 silly audit   '@babel/plugin-transform-property-literals': [ '7.25.9' ],
269 silly audit   '@babel/plugin-transform-regenerator': [ '7.25.9' ],
269 silly audit   '@babel/plugin-transform-regexp-modifiers': [ '7.26.0' ],
269 silly audit   '@babel/plugin-transform-reserved-words': [ '7.25.9' ],
269 silly audit   '@babel/plugin-transform-shorthand-properties': [ '7.25.9' ],
269 silly audit   '@babel/plugin-transform-spread': [ '7.25.9' ],
269 silly audit   '@babel/plugin-transform-sticky-regex': [ '7.25.9' ],
269 silly audit   '@babel/plugin-transform-template-literals': [ '7.25.9' ],
269 silly audit   '@babel/plugin-transform-typeof-symbol': [ '7.25.9' ],
269 silly audit   '@babel/plugin-transform-unicode-escapes': [ '7.25.9' ],
269 silly audit   '@babel/plugin-transform-unicode-property-regex': [ '7.25.9' ],
269 silly audit   '@babel/plugin-transform-unicode-regex': [ '7.25.9' ],
269 silly audit   '@babel/plugin-transform-unicode-sets-regex': [ '7.25.9' ],
269 silly audit   '@babel/preset-env': [ '7.26.0' ],
269 silly audit   '@babel/preset-modules': [ '0.1.6-no-external-plugins' ],
269 silly audit   '@babel/runtime': [ '7.26.0' ],
269 silly audit   '@babel/template': [ '7.25.9' ],
269 silly audit   '@babel/traverse': [ '7.25.9' ],
269 silly audit   '@babel/types': [ '7.26.0' ],
269 silly audit   '@clerk/backend': [ '1.18.0' ],
269 silly audit   tslib: [ '2.4.1', '2.8.1' ],
269 silly audit   '@clerk/nextjs': [ '6.5.1' ],
269 silly audit   '@clerk/types': [ '4.35.0' ],
269 silly audit   csstype: [ '3.1.1', '3.1.3' ],
269 silly audit   '@emnapi/runtime': [ '1.3.1' ],
269 silly audit   '@eslint-community/eslint-utils': [ '4.4.1' ],
269 silly audit   '@eslint-community/regexpp': [ '4.12.1' ],
269 silly audit   '@eslint/eslintrc': [ '2.1.4' ],
269 silly audit   '@eslint/js': [ '8.57.1' ],
269 silly audit   '@humanwhocodes/config-array': [ '0.13.0' ],
269 silly audit   '@humanwhocodes/module-importer': [ '1.0.1' ],
269 silly audit   '@humanwhocodes/object-schema': [ '2.0.3' ],
269 silly audit   '@img/sharp-darwin-arm64': [ '0.33.5' ],
269 silly audit   '@img/sharp-darwin-x64': [ '0.33.5' ],
269 silly audit   '@img/sharp-libvips-darwin-arm64': [ '1.0.4' ],
269 silly audit   '@img/sharp-libvips-darwin-x64': [ '1.0.4' ],
269 silly audit   '@img/sharp-libvips-linux-arm': [ '1.0.5' ],
269 silly audit   '@img/sharp-libvips-linux-arm64': [ '1.0.4' ],
269 silly audit   '@img/sharp-libvips-linux-s390x': [ '1.0.4' ],
269 silly audit   '@img/sharp-libvips-linux-x64': [ '1.0.4' ],
269 silly audit   '@img/sharp-libvips-linuxmusl-arm64': [ '1.0.4' ],
269 silly audit   '@img/sharp-libvips-linuxmusl-x64': [ '1.0.4' ],
269 silly audit   '@img/sharp-linux-arm': [ '0.33.5' ],
269 silly audit   '@img/sharp-linux-arm64': [ '0.33.5' ],
269 silly audit   '@img/sharp-linux-s390x': [ '0.33.5' ],
269 silly audit   '@img/sharp-linux-x64': [ '0.33.5' ],
269 silly audit   '@img/sharp-linuxmusl-arm64': [ '0.33.5' ],
269 silly audit   '@img/sharp-linuxmusl-x64': [ '0.33.5' ],
269 silly audit   '@img/sharp-wasm32': [ '0.33.5' ],
269 silly audit   '@img/sharp-win32-ia32': [ '0.33.5' ],
269 silly audit   '@img/sharp-win32-x64': [ '0.33.5' ],
269 silly audit   '@isaacs/cliui': [ '8.0.2' ],
269 silly audit   'ansi-regex': [ '6.1.0', '5.0.1' ],
269 silly audit   'strip-ansi': [ '7.1.0', '6.0.1' ],
269 silly audit   '@jridgewell/gen-mapping': [ '0.3.5' ],
269 silly audit   '@jridgewell/resolve-uri': [ '3.1.2' ],
269 silly audit   '@jridgewell/set-array': [ '1.2.1' ],
269 silly audit   '@jridgewell/sourcemap-codec': [ '1.5.0' ],
269 silly audit   '@jridgewell/trace-mapping': [ '0.3.25' ],
269 silly audit   '@kinde-oss/kinde-auth-nextjs': [ '2.4.6' ],
269 silly audit   cookie: [ '1.0.2', '0.7.0' ],
269 silly audit   '@kinde-oss/kinde-typescript-sdk': [ '2.9.1' ],
269 silly audit   '@kinde/jwt-decoder': [ '0.2.0' ],
269 silly audit   '@neondatabase/serverless': [ '0.10.4' ],
269 silly audit   '@next/env': [ '15.0.3' ],
269 silly audit   '@next/eslint-plugin-next': [ '15.0.3' ],
269 silly audit   '@next/swc-darwin-arm64': [ '15.0.3' ],
269 silly audit   '@next/swc-darwin-x64': [ '15.0.3' ],
269 silly audit   '@next/swc-linux-arm64-gnu': [ '15.0.3' ],
269 silly audit   '@next/swc-linux-arm64-musl': [ '15.0.3' ],
269 silly audit   '@next/swc-linux-x64-gnu': [ '15.0.3' ],
269 silly audit   '@next/swc-linux-x64-musl': [ '15.0.3' ],
269 silly audit   '@next/swc-win32-arm64-msvc': [ '15.0.3' ],
269 silly audit   '@next/swc-win32-x64-msvc': [ '15.0.3' ],
269 silly audit   '@nodelib/fs.scandir': [ '2.1.5' ],
269 silly audit   '@nodelib/fs.stat': [ '2.0.5' ],
269 silly audit   '@nodelib/fs.walk': [ '1.2.8' ],
269 silly audit   '@nolyfill/is-core-module': [ '1.0.39' ],
269 silly audit   '@pkgjs/parseargs': [ '0.11.0' ],
269 silly audit   '@prisma/client': [ '6.0.1' ],
269 silly audit   '@prisma/debug': [ '6.0.1' ],
269 silly audit   '@prisma/engines': [ '6.0.1' ],
269 silly audit   '@prisma/engines-version': [ '5.23.0-27.5dbef10bdbfb579e07d35cc85fb1518d357cb99e' ],
269 silly audit   '@prisma/fetch-engine': [ '6.0.1' ],
269 silly audit   '@prisma/get-platform': [ '6.0.1' ],
269 silly audit   '@radix-ui/number': [ '1.1.0' ],
269 silly audit   '@radix-ui/primitive': [ '1.1.0' ],
269 silly audit   '@radix-ui/react-avatar': [ '1.1.1' ],
269 silly audit   '@radix-ui/react-context': [ '1.1.1', '1.1.0' ],
269 silly audit   '@radix-ui/react-compose-refs': [ '1.1.0' ],
269 silly audit   '@radix-ui/react-direction': [ '1.1.0' ],
269 silly audit   '@radix-ui/react-focus-guards': [ '1.1.1' ],
269 silly audit   '@radix-ui/react-id': [ '1.1.0' ],
269 silly audit   '@radix-ui/react-label': [ '2.1.0' ],
269 silly audit   '@radix-ui/react-select': [ '2.1.2' ],
269 silly audit   'react-remove-scroll': [ '2.6.0' ],
269 silly audit   'react-remove-scroll-bar': [ '2.3.6' ],
269 silly audit   'react-style-singleton': [ '2.2.1' ],
269 silly audit   'use-callback-ref': [ '1.3.2' ],
269 silly audit   'use-sidecar': [ '1.1.2' ],
269 silly audit   '@radix-ui/react-slot': [ '1.1.0' ],
269 silly audit   '@radix-ui/react-use-callback-ref': [ '1.1.0' ],
269 silly audit   '@radix-ui/react-use-controllable-state': [ '1.1.0' ],
269 silly audit   '@radix-ui/react-use-layout-effect': [ '1.1.0' ],
269 silly audit   '@radix-ui/react-use-previous': [ '1.1.0' ],
269 silly audit   '@rtsao/scc': [ '1.1.0' ],
269 silly audit   '@rushstack/eslint-patch': [ '1.10.4' ],
269 silly audit   '@swc/counter': [ '0.1.3' ],
269 silly audit   '@swc/helpers': [ '0.5.13' ],
269 silly audit   '@types/json5': [ '0.0.29' ],
269 silly audit   '@types/node': [ '20.17.9' ],
269 silly audit   '@types/pg': [ '8.11.6' ],
269 silly audit   '@types/prop-types': [ '15.7.13' ],
269 silly audit   '@types/react': [ '18.3.12' ],
269 silly audit   '@types/react-dom': [ '18.3.1' ],
269 silly audit   '@typescript-eslint/eslint-plugin': [ '8.16.0' ],
269 silly audit   '@typescript-eslint/parser': [ '8.16.0' ],
269 silly audit   '@typescript-eslint/scope-manager': [ '8.16.0' ],
269 silly audit   '@typescript-eslint/type-utils': [ '8.16.0' ],
269 silly audit   '@typescript-eslint/types': [ '8.16.0' ],
269 silly audit   '@typescript-eslint/typescript-estree': [ '8.16.0' ],
269 silly audit   'brace-expansion': [ '2.0.1', '1.1.11' ],
269 silly audit   'fast-glob': [ '3.3.2', '3.3.1' ],
269 silly audit   'glob-parent': [ '5.1.2', '6.0.2' ],
269 silly audit   minimatch: [ '9.0.5', '3.1.2' ],
269 silly audit   '@typescript-eslint/utils': [ '8.16.0' ],
269 silly audit   '@typescript-eslint/visitor-keys': [ '8.16.0' ],
269 silly audit   'eslint-visitor-keys': [ '4.2.0', '3.4.3' ],
269 silly audit   '@ungap/structured-clone': [ '1.2.0' ],
269 silly audit   acorn: [ '8.14.0' ],
269 silly audit   'acorn-jsx': [ '5.3.2' ],
269 silly audit   ajv: [ '6.12.6' ],
269 silly audit   'ansi-styles': [ '4.3.0', '6.2.1' ],
269 silly audit   'any-promise': [ '1.3.0' ],
269 silly audit   anymatch: [ '3.1.3' ],
269 silly audit   arg: [ '5.0.2' ],
269 silly audit   argparse: [ '2.0.1' ],
269 silly audit   'aria-hidden': [ '1.2.4' ],
269 silly audit   'aria-query': [ '5.3.2' ],
269 silly audit   'array-buffer-byte-length': [ '1.0.1' ],
269 silly audit   'array-includes': [ '3.1.8' ],
269 silly audit   'array.prototype.findlast': [ '1.2.5' ],
269 silly audit   'array.prototype.findlastindex': [ '1.2.5' ],
269 silly audit   'array.prototype.flat': [ '1.3.2' ],
269 silly audit   'array.prototype.flatmap': [ '1.3.2' ],
269 silly audit   'array.prototype.tosorted': [ '1.1.4' ],
269 silly audit   'arraybuffer.prototype.slice': [ '1.0.3' ],
269 silly audit   'ast-types-flow': [ '0.0.8' ],
269 silly audit   'available-typed-arrays': [ '1.0.7' ],
269 silly audit   'axe-core': [ '4.10.2' ],
269 silly audit   'axobject-query': [ '4.1.0' ],
269 silly audit   'babel-plugin-polyfill-corejs2': [ '0.4.12' ],
269 silly audit   'babel-plugin-polyfill-corejs3': [ '0.10.6' ],
269 silly audit   'babel-plugin-polyfill-regenerator': [ '0.6.3' ],
269 silly audit   'balanced-match': [ '1.0.2' ],
269 silly audit   'binary-extensions': [ '2.3.0' ],
269 silly audit   braces: [ '3.0.3' ],
269 silly audit   browserslist: [ '4.24.2' ],
269 silly audit   busboy: [ '1.6.0' ],
269 silly audit   'call-bind': [ '1.0.7' ],
269 silly audit   callsites: [ '3.1.0' ],
269 silly audit   'camelcase-css': [ '2.0.1' ],
269 silly audit   'caniuse-lite': [ '1.0.30001685' ],
269 silly audit   chalk: [ '4.1.2' ],
269 silly audit   chokidar: [ '3.6.0' ],
269 silly audit   'class-variance-authority': [ '0.7.1' ],
269 silly audit   'client-only': [ '0.0.1' ],
269 silly audit   clsx: [ '2.1.1' ],
269 silly audit   color: [ '4.2.3' ],
269 silly audit   'color-convert': [ '2.0.1' ],
269 silly audit   'color-name': [ '1.1.4' ],
269 silly audit   'color-string': [ '1.9.1' ],
269 silly audit   commander: [ '4.1.1' ],
269 silly audit   'concat-map': [ '0.0.1' ],
269 silly audit   'core-js-compat': [ '3.39.0' ],
269 silly audit   'cross-spawn': [ '7.0.6' ],
269 silly audit   'crypto-js': [ '4.2.0' ],
269 silly audit   cssesc: [ '3.0.0' ],
269 silly audit   'damerau-levenshtein': [ '1.0.8' ],
269 silly audit   'data-view-buffer': [ '1.0.1' ],
269 silly audit   'data-view-byte-length': [ '1.0.1' ],
269 silly audit   'data-view-byte-offset': [ '1.0.0' ],
269 silly audit   debug: [ '4.3.7', '3.2.7' ],
269 silly audit   'deep-is': [ '0.1.4' ],
269 silly audit   'define-data-property': [ '1.1.4' ],
269 silly audit   'define-properties': [ '1.2.1' ],
269 silly audit   'detect-libc': [ '2.0.3' ],
269 silly audit   'detect-node-es': [ '1.1.0' ],
269 silly audit   didyoumean: [ '1.2.2' ],
269 silly audit   dlv: [ '1.1.3' ],
269 silly audit   doctrine: [ '3.0.0', '2.1.0' ],
269 silly audit   'dot-case': [ '3.0.4' ],
269 silly audit   eastasianwidth: [ '0.2.0' ],
269 silly audit   'electron-to-chromium': [ '1.5.67' ],
269 silly audit   'emoji-regex': [ '9.2.2', '8.0.0' ],
269 silly audit   'enhanced-resolve': [ '5.17.1' ],
269 silly audit   'es-abstract': [ '1.23.5' ],
269 silly audit   'es-define-property': [ '1.0.0' ],
269 silly audit   'es-errors': [ '1.3.0' ],
269 silly audit   'es-iterator-helpers': [ '1.2.0' ],
269 silly audit   'es-object-atoms': [ '1.0.0' ],
269 silly audit   'es-set-tostringtag': [ '2.0.3' ],
269 silly audit   'es-shim-unscopables': [ '1.0.2' ],
269 silly audit   'es-to-primitive': [ '1.3.0' ],
269 silly audit   escalade: [ '3.2.0' ],
269 silly audit   'escape-string-regexp': [ '4.0.0' ],
269 silly audit   eslint: [ '8.57.1' ],
269 silly audit   'eslint-config-next': [ '15.0.3' ],
269 silly audit   'eslint-import-resolver-node': [ '0.3.9' ],
269 silly audit   'eslint-import-resolver-typescript': [ '3.6.3' ],
269 silly audit   'eslint-module-utils': [ '2.12.0' ],
269 silly audit   'eslint-plugin-import': [ '2.31.0' ],
269 silly audit   'eslint-plugin-jsx-a11y': [ '6.10.2' ],
269 silly audit   'eslint-plugin-react': [ '7.37.2' ],
269 silly audit   'eslint-plugin-react-hooks': [ '5.0.0' ],
269 silly audit   resolve: [ '2.0.0-next.5', '1.22.8' ],
269 silly audit   'eslint-scope': [ '7.2.2' ],
269 silly audit   espree: [ '9.6.1' ],
269 silly audit   esquery: [ '1.6.0' ],
269 silly audit   esrecurse: [ '4.3.0' ],
269 silly audit   estraverse: [ '5.3.0' ],
269 silly audit   esutils: [ '2.0.3' ],
269 silly audit   'fast-deep-equal': [ '3.1.3' ],
269 silly audit   'fast-json-stable-stringify': [ '2.1.0' ],
269 silly audit   'fast-levenshtein': [ '2.0.6' ],
269 silly audit   fastq: [ '1.17.1' ],
269 silly audit   'file-entry-cache': [ '6.0.1' ],
269 silly audit   'fill-range': [ '7.1.1' ],
269 silly audit   'find-up': [ '5.0.0' ],
269 silly audit   'flat-cache': [ '3.2.0' ],
269 silly audit   flatted: [ '3.3.2' ],
269 silly audit   'for-each': [ '0.3.3' ],
269 silly audit   'foreground-child': [ '3.3.0' ],
269 silly audit   'fs.realpath': [ '1.0.0' ],
269 silly audit   fsevents: [ '2.3.3' ],
269 silly audit   'function-bind': [ '1.1.2' ],
269 silly audit   'function.prototype.name': [ '1.1.6' ],
269 silly audit   'functions-have-names': [ '1.2.3' ],
269 silly audit   'get-intrinsic': [ '1.2.4' ],
269 silly audit   'get-nonce': [ '1.0.1' ],
269 silly audit   'get-symbol-description': [ '1.0.2' ],
269 silly audit   'get-tsconfig': [ '4.8.1' ],
269 silly audit   glob: [ '7.2.3', '10.4.5' ],
269 silly audit   globalthis: [ '1.0.4' ],
269 silly audit   gopd: [ '1.1.0' ],
269 silly audit   'graceful-fs': [ '4.2.11' ],
269 silly audit   graphemer: [ '1.4.0' ],
269 silly audit   'has-bigints': [ '1.0.2' ],
269 silly audit   'has-flag': [ '4.0.0' ],
269 silly audit   'has-property-descriptors': [ '1.0.2' ],
269 silly audit   'has-proto': [ '1.1.0' ],
269 silly audit   'has-symbols': [ '1.0.3' ],
269 silly audit   'has-tostringtag': [ '1.0.2' ],
269 silly audit   hasown: [ '2.0.2' ],
269 silly audit   ignore: [ '5.3.2' ],
269 silly audit   'import-fresh': [ '3.3.0' ],
269 silly audit   imurmurhash: [ '0.1.4' ],
269 silly audit   inflight: [ '1.0.6' ],
269 silly audit   inherits: [ '2.0.4' ],
269 silly audit   'internal-slot': [ '1.0.7' ],
269 silly audit   invariant: [ '2.2.4' ],
269 silly audit   'is-array-buffer': [ '3.0.4' ],
269 silly audit   'is-arrayish': [ '0.3.2' ],
269 silly audit   'is-async-function': [ '2.0.0' ],
269 silly audit   'is-bigint': [ '1.0.4' ],
269 silly audit   'is-binary-path': [ '2.1.0' ],
269 silly audit   'is-boolean-object': [ '1.2.0' ],
269 silly audit   'is-bun-module': [ '1.3.0' ],
269 silly audit   'is-callable': [ '1.2.7' ],
269 silly audit   'is-core-module': [ '2.15.1' ],
269 silly audit   'is-data-view': [ '1.0.1' ],
269 silly audit   'is-date-object': [ '1.0.5' ],
269 silly audit   'is-extglob': [ '2.1.1' ],
269 silly audit   'is-finalizationregistry': [ '1.1.0' ],
269 silly audit   'is-fullwidth-code-point': [ '3.0.0' ],
269 silly audit   'is-generator-function': [ '1.0.10' ],
269 silly audit   'is-glob': [ '4.0.3' ],
269 silly audit   'is-map': [ '2.0.3' ],
269 silly audit   'is-negative-zero': [ '2.0.3' ],
269 silly audit   'is-number': [ '7.0.0' ],
269 silly audit   'is-number-object': [ '1.1.0' ],
269 silly audit   'is-path-inside': [ '3.0.3' ],
269 silly audit   'is-regex': [ '1.2.0' ],
269 silly audit   'is-set': [ '2.0.3' ],
269 silly audit   'is-shared-array-buffer': [ '1.0.3' ],
269 silly audit   'is-string': [ '1.1.0' ],
269 silly audit   'is-symbol': [ '1.0.4' ],
269 silly audit   'is-typed-array': [ '1.1.13' ],
269 silly audit   'is-weakmap': [ '2.0.2' ],
269 silly audit   'is-weakref': [ '1.0.2' ],
269 silly audit   'is-weakset': [ '2.0.3' ],
269 silly audit   isarray: [ '2.0.5' ],
269 silly audit   isexe: [ '2.0.0' ],
269 silly audit   'iterator.prototype': [ '1.1.3' ],
269 silly audit   jackspeak: [ '3.4.3' ],
269 silly audit   jiti: [ '1.21.6' ],
269 silly audit   jose: [ '5.9.6' ],
269 silly audit   'js-tokens': [ '4.0.0' ],
269 silly audit   'js-yaml': [ '4.1.0' ],
269 silly audit   jsesc: [ '3.0.2' ],
269 silly audit   'json-buffer': [ '3.0.1' ],
269 silly audit   'json-schema-traverse': [ '0.4.1' ],
269 silly audit   'json-stable-stringify-without-jsonify': [ '1.0.1' ],
269 silly audit   json5: [ '1.0.2', '2.2.3' ],
269 silly audit   'jsx-ast-utils': [ '3.3.5' ],
269 silly audit   keyv: [ '4.5.4' ],
269 silly audit   'language-subtag-registry': [ '0.3.23' ],
269 silly audit   'language-tags': [ '1.0.9' ],
269 silly audit   levn: [ '0.4.1' ],
269 silly audit   lilconfig: [ '2.1.0', '3.1.2' ],
269 silly audit   'lines-and-columns': [ '1.2.4' ],
269 silly audit   'locate-path': [ '6.0.0' ],
269 silly audit   'lodash.debounce': [ '4.0.8' ],
269 silly audit   'lodash.merge': [ '4.6.2' ],
269 silly audit   'loose-envify': [ '1.4.0' ],
269 silly audit   'lower-case': [ '2.0.2' ],
269 silly audit   'lucide-react': [ '0.462.0' ],
269 silly audit   'map-obj': [ '4.3.0' ],
269 silly audit   merge2: [ '1.4.1' ],
269 silly audit   micromatch: [ '4.0.8' ],
269 silly audit   minimist: [ '1.2.8' ],
269 silly audit   minipass: [ '7.1.2' ],
269 silly audit   ms: [ '2.1.3' ],
269 silly audit   mz: [ '2.7.0' ],
269 silly audit   nanoid: [ '3.3.8' ],
269 silly audit   'natural-compare': [ '1.4.0' ],
269 silly audit   next: [ '15.0.3' ],
269 silly audit   'next-themes': [ '0.4.3' ],
269 silly audit   postcss: [ '8.4.31', '8.4.49' ],
269 silly audit   'no-case': [ '3.0.4' ],
269 silly audit   'node-releases': [ '2.0.18' ],
269 silly audit   'normalize-path': [ '3.0.0' ],
269 silly audit   'object-assign': [ '4.1.1' ],
269 silly audit   'object-hash': [ '3.0.0' ],
269 silly audit   'object-inspect': [ '1.13.3' ],
269 silly audit   'object-keys': [ '1.1.1' ],
269 silly audit   'object.assign': [ '4.1.5' ],
269 silly audit   'object.entries': [ '1.1.8' ],
269 silly audit   'object.fromentries': [ '2.0.8' ],
269 silly audit   'object.groupby': [ '1.0.3' ],
269 silly audit   'object.values': [ '1.2.0' ],
269 silly audit   obuf: [ '1.1.2' ],
269 silly audit   once: [ '1.4.0' ],
269 silly audit   optionator: [ '0.9.4' ],
269 silly audit   'p-limit': [ '3.1.0' ],
269 silly audit   'p-locate': [ '5.0.0' ],
269 silly audit   'package-json-from-dist': [ '1.0.1' ],
269 silly audit   'parent-module': [ '1.0.1' ],
269 silly audit   'path-exists': [ '4.0.0' ],
269 silly audit   'path-is-absolute': [ '1.0.1' ],
269 silly audit   'path-key': [ '3.1.1' ],
269 silly audit   'path-parse': [ '1.0.7' ],
269 silly audit   'path-scurry': [ '1.11.1' ],
269 silly audit   'pg-int8': [ '1.0.1' ],
269 silly audit   'pg-numeric': [ '1.0.2' ],
269 silly audit   'pg-protocol': [ '1.7.0' ],
269 silly audit   'pg-types': [ '4.0.2' ],
269 silly audit   picocolors: [ '1.1.1' ],
269 silly audit   picomatch: [ '2.3.1' ],
269 silly audit   pify: [ '2.3.0' ],
269 silly audit   pirates: [ '4.0.6' ],
269 silly audit   'possible-typed-array-names': [ '1.0.0' ],
269 silly audit   'postcss-import': [ '15.1.0' ],
269 silly audit   'postcss-js': [ '4.0.1' ],
269 silly audit   'postcss-load-config': [ '4.0.2' ],
269 silly audit   'postcss-nested': [ '6.2.0' ],
269 silly audit   'postcss-selector-parser': [ '6.1.2' ],
269 silly audit   'postcss-value-parser': [ '4.2.0' ],
269 silly audit   'postgres-array': [ '3.0.2' ],
269 silly audit   'postgres-bytea': [ '3.0.0' ],
269 silly audit   'postgres-date': [ '2.1.0' ],
269 silly audit   'postgres-interval': [ '3.0.0' ],
269 silly audit   'postgres-range': [ '1.1.4' ],
269 silly audit   'prelude-ls': [ '1.2.1' ],
269 silly audit   prisma: [ '6.0.1' ],
269 silly audit   'prop-types': [ '15.8.1' ],
269 silly audit   punycode: [ '2.3.1' ],
269 silly audit   'queue-microtask': [ '1.2.3' ],
269 silly audit   'react-is': [ '16.13.1' ],
269 silly audit   'read-cache': [ '1.0.0' ],
269 silly audit   readdirp: [ '3.6.0' ],
269 silly audit   'reflect.getprototypeof': [ '1.0.7' ],
269 silly audit   regenerate: [ '1.4.2' ],
269 silly audit   'regenerate-unicode-properties': [ '10.2.0' ],
269 silly audit   'regenerator-runtime': [ '0.14.1' ],
269 silly audit   'regenerator-transform': [ '0.15.2' ],
269 silly audit   'regexp.prototype.flags': [ '1.5.3' ],
269 silly audit   'regexpu-core': [ '6.2.0' ],
269 silly audit   regjsgen: [ '0.8.0' ],
269 silly audit   regjsparser: [ '0.12.0' ],
269 silly audit   'resolve-from': [ '4.0.0' ],
269 silly audit   'resolve-pkg-maps': [ '1.0.0' ],
269 silly audit   reusify: [ '1.0.4' ],
269 silly audit   rimraf: [ '3.0.2' ],
269 silly audit   'run-parallel': [ '1.2.0' ],
269 silly audit   'safe-array-concat': [ '1.1.2' ],
269 silly audit   'safe-regex-test': [ '1.0.3' ],
269 silly audit   'server-only': [ '0.0.1' ],
269 silly audit   'set-function-length': [ '1.2.2' ],
269 silly audit   'set-function-name': [ '2.0.2' ],
269 silly audit   sharp: [ '0.33.5' ],
269 silly audit   'shebang-command': [ '2.0.0' ],
269 silly audit   'shebang-regex': [ '3.0.0' ],
269 silly audit   'side-channel': [ '1.0.6' ],
269 silly audit   'signal-exit': [ '4.1.0' ],
269 silly audit   'simple-swizzle': [ '0.2.2' ],
269 silly audit   'snake-case': [ '3.0.4' ],
269 silly audit   'snakecase-keys': [ '5.4.4' ],
269 silly audit   'type-fest': [ '2.19.0', '0.20.2' ],
269 silly audit   sonner: [ '1.7.0' ],
269 silly audit   'source-map-js': [ '1.2.1' ],
269 silly audit   streamsearch: [ '1.1.0' ],
269 silly audit   'string-width': [ '5.1.2', '4.2.3' ],
269 silly audit   'string.prototype.includes': [ '2.0.1' ],
269 silly audit   'string.prototype.matchall': [ '4.0.11' ],
269 silly audit   'string.prototype.repeat': [ '1.0.0' ],
269 silly audit   'string.prototype.trim': [ '1.2.9' ],
269 silly audit   'string.prototype.trimend': [ '1.0.8' ],
269 silly audit   'string.prototype.trimstart': [ '1.0.8' ],
269 silly audit   'strip-bom': [ '3.0.0' ],
269 silly audit   'strip-json-comments': [ '3.1.1' ],
269 silly audit   'styled-jsx': [ '5.1.6' ],
269 silly audit   sucrase: [ '3.35.0' ],
269 silly audit   'supports-color': [ '7.2.0' ],
269 silly audit   'supports-preserve-symlinks-flag': [ '1.0.0' ],
269 silly audit   'tailwind-merge': [ '2.5.5' ],
269 silly audit   tailwindcss: [ '3.4.15' ],
269 silly audit   'tailwindcss-animate': [ '1.0.7' ],
269 silly audit   tapable: [ '2.2.1' ],
269 silly audit   'text-table': [ '0.2.0' ],
269 silly audit   thenify: [ '3.3.1' ],
269 silly audit   'thenify-all': [ '1.6.0' ],
269 silly audit   'to-regex-range': [ '5.0.1' ],
269 silly audit   'ts-api-utils': [ '1.4.3' ],
269 silly audit   'ts-interface-checker': [ '0.1.13' ],
269 silly audit   'tsconfig-paths': [ '3.15.0' ],
269 silly audit   'type-check': [ '0.4.0' ],
269 silly audit   'typed-array-buffer': [ '1.0.2' ],
269 silly audit   'typed-array-byte-length': [ '1.0.1' ],
269 silly audit   'typed-array-byte-offset': [ '1.0.3' ],
269 silly audit   'typed-array-length': [ '1.0.7' ],
269 silly audit   typescript: [ '5.7.2' ],
269 silly audit   'unbox-primitive': [ '1.0.2' ],
269 silly audit   uncrypto: [ '0.1.3' ],
269 silly audit   'undici-types': [ '6.19.8' ],
269 silly audit   'unicode-canonical-property-names-ecmascript': [ '2.0.1' ],
269 silly audit   'unicode-match-property-ecmascript': [ '2.0.0' ],
269 silly audit   'unicode-match-property-value-ecmascript': [ '2.2.0' ],
269 silly audit   'unicode-property-aliases-ecmascript': [ '2.1.0' ],
269 silly audit   'update-browserslist-db': [ '1.1.1' ],
269 silly audit   'uri-js': [ '4.4.1' ],
269 silly audit   'util-deprecate': [ '1.0.2' ],
269 silly audit   which: [ '2.0.2' ],
269 silly audit   'which-boxed-primitive': [ '1.0.2' ],
269 silly audit   'which-builtin-type': [ '1.2.0' ],
269 silly audit   'which-collection': [ '1.0.2' ],
269 silly audit   'which-typed-array': [ '1.1.16' ],
269 silly audit   'word-wrap': [ '1.2.5' ],
269 silly audit   'wrap-ansi': [ '8.1.0', '7.0.0' ],
269 silly audit   wrappy: [ '1.0.2' ],
269 silly audit   yallist: [ '3.1.1' ],
269 silly audit   yaml: [ '2.6.1' ],
269 silly audit   'yocto-queue': [ '0.1.0' ],
269 silly audit   react: [ '18.3.1' ],
269 silly audit   'react-dom': [ '18.3.1' ],
269 silly audit   '@babel/core': [ '7.26.0' ],
269 silly audit   '@ampproject/remapping': [ '2.3.0' ],
269 silly audit   '@babel/helpers': [ '7.26.0' ],
269 silly audit   'convert-source-map': [ '2.0.0' ],
269 silly audit   gensync: [ '1.0.0-beta.2' ],
269 silly audit   '@clerk/shared': [ '2.17.0' ],
269 silly audit   '@clerk/clerk-react': [ '5.17.1' ],
269 silly audit   ezheaders: [ '0.1.0' ],
269 silly audit   dequal: [ '2.0.3' ],
269 silly audit   'glob-to-regexp': [ '0.4.1' ],
269 silly audit   'js-cookie': [ '3.0.5' ],
269 silly audit   'std-env': [ '3.8.0' ],
269 silly audit   swr: [ '2.2.5' ],
269 silly audit   '@radix-ui/react-primitive': [ '2.0.0' ],
269 silly audit   '@radix-ui/react-collection': [ '1.1.0' ],
269 silly audit   '@radix-ui/react-dismissable-layer': [ '1.1.1' ],
269 silly audit   '@radix-ui/react-focus-scope': [ '1.1.0' ],
269 silly audit   '@radix-ui/react-popper': [ '1.2.0' ],
269 silly audit   '@radix-ui/react-portal': [ '1.1.2' ],
269 silly audit   '@radix-ui/react-visually-hidden': [ '1.1.0' ],
269 silly audit   '@radix-ui/react-use-escape-keydown': [ '1.1.0' ],
269 silly audit   '@floating-ui/react-dom': [ '2.1.2' ],
269 silly audit   '@radix-ui/react-arrow': [ '1.1.0' ],
269 silly audit   '@radix-ui/react-use-rect': [ '1.1.0' ],
269 silly audit   '@radix-ui/react-use-size': [ '1.1.0' ],
269 silly audit   '@radix-ui/rect': [ '1.1.0' ],
269 silly audit   '@floating-ui/dom': [ '1.6.12' ],
269 silly audit   '@floating-ui/core': [ '1.6.8' ],
269 silly audit   '@floating-ui/utils': [ '0.2.8' ],
269 silly audit   scheduler: [ '0.23.2' ],
269 silly audit   'use-sync-external-store': [ '1.2.2' ]
269 silly audit }
270 verbose reify failed optional dependency C:\Users\saadr\Desktop\DevOps-Hub\devopshub\node_modules\fsevents
271 silly reify mark deleted [
271 silly reify   'C:\\Users\\saadr\\Desktop\\DevOps-Hub\\devopshub\\node_modules\\fsevents'
271 silly reify ]
272 verbose reify failed optional dependency C:\Users\saadr\Desktop\DevOps-Hub\devopshub\node_modules\@next\swc-win32-arm64-msvc
273 silly reify mark deleted [
273 silly reify   'C:\\Users\\saadr\\Desktop\\DevOps-Hub\\devopshub\\node_modules\\@next\\swc-win32-arm64-msvc'
273 silly reify ]
274 verbose reify failed optional dependency C:\Users\saadr\Desktop\DevOps-Hub\devopshub\node_modules\@next\swc-linux-x64-musl
275 silly reify mark deleted [
275 silly reify   'C:\\Users\\saadr\\Desktop\\DevOps-Hub\\devopshub\\node_modules\\@next\\swc-linux-x64-musl'
275 silly reify ]
276 verbose reify failed optional dependency C:\Users\saadr\Desktop\DevOps-Hub\devopshub\node_modules\@next\swc-linux-x64-gnu
277 silly reify mark deleted [
277 silly reify   'C:\\Users\\saadr\\Desktop\\DevOps-Hub\\devopshub\\node_modules\\@next\\swc-linux-x64-gnu'
277 silly reify ]
278 verbose reify failed optional dependency C:\Users\saadr\Desktop\DevOps-Hub\devopshub\node_modules\@next\swc-linux-arm64-musl
279 silly reify mark deleted [
279 silly reify   'C:\\Users\\saadr\\Desktop\\DevOps-Hub\\devopshub\\node_modules\\@next\\swc-linux-arm64-musl'
279 silly reify ]
280 verbose reify failed optional dependency C:\Users\saadr\Desktop\DevOps-Hub\devopshub\node_modules\@next\swc-linux-arm64-gnu
281 silly reify mark deleted [
281 silly reify   'C:\\Users\\saadr\\Desktop\\DevOps-Hub\\devopshub\\node_modules\\@next\\swc-linux-arm64-gnu'
281 silly reify ]
282 verbose reify failed optional dependency C:\Users\saadr\Desktop\DevOps-Hub\devopshub\node_modules\@next\swc-darwin-x64
283 silly reify mark deleted [
283 silly reify   'C:\\Users\\saadr\\Desktop\\DevOps-Hub\\devopshub\\node_modules\\@next\\swc-darwin-x64'
283 silly reify ]
284 verbose reify failed optional dependency C:\Users\saadr\Desktop\DevOps-Hub\devopshub\node_modules\@next\swc-darwin-arm64
285 silly reify mark deleted [
285 silly reify   'C:\\Users\\saadr\\Desktop\\DevOps-Hub\\devopshub\\node_modules\\@next\\swc-darwin-arm64'
285 silly reify ]
286 verbose reify failed optional dependency C:\Users\saadr\Desktop\DevOps-Hub\devopshub\node_modules\@img\sharp-win32-ia32
287 silly reify mark deleted [
287 silly reify   'C:\\Users\\saadr\\Desktop\\DevOps-Hub\\devopshub\\node_modules\\@img\\sharp-win32-ia32'
287 silly reify ]
288 verbose reify failed optional dependency C:\Users\saadr\Desktop\DevOps-Hub\devopshub\node_modules\@img\sharp-wasm32
289 silly reify mark deleted [
289 silly reify   'C:\\Users\\saadr\\Desktop\\DevOps-Hub\\devopshub\\node_modules\\@img\\sharp-wasm32'
289 silly reify ]
290 verbose reify failed optional dependency C:\Users\saadr\Desktop\DevOps-Hub\devopshub\node_modules\@emnapi\runtime
291 silly reify mark deleted [
291 silly reify   'C:\\Users\\saadr\\Desktop\\DevOps-Hub\\devopshub\\node_modules\\@emnapi\\runtime'
291 silly reify ]
292 verbose reify failed optional dependency C:\Users\saadr\Desktop\DevOps-Hub\devopshub\node_modules\@img\sharp-linuxmusl-x64
293 silly reify mark deleted [
293 silly reify   'C:\\Users\\saadr\\Desktop\\DevOps-Hub\\devopshub\\node_modules\\@img\\sharp-linuxmusl-x64'
293 silly reify ]
294 verbose reify failed optional dependency C:\Users\saadr\Desktop\DevOps-Hub\devopshub\node_modules\@img\sharp-linuxmusl-arm64
295 silly reify mark deleted [
295 silly reify   'C:\\Users\\saadr\\Desktop\\DevOps-Hub\\devopshub\\node_modules\\@img\\sharp-linuxmusl-arm64'
295 silly reify ]
296 verbose reify failed optional dependency C:\Users\saadr\Desktop\DevOps-Hub\devopshub\node_modules\@img\sharp-linux-x64
297 silly reify mark deleted [
297 silly reify   'C:\\Users\\saadr\\Desktop\\DevOps-Hub\\devopshub\\node_modules\\@img\\sharp-linux-x64'
297 silly reify ]
298 verbose reify failed optional dependency C:\Users\saadr\Desktop\DevOps-Hub\devopshub\node_modules\@img\sharp-linux-s390x
299 silly reify mark deleted [
299 silly reify   'C:\\Users\\saadr\\Desktop\\DevOps-Hub\\devopshub\\node_modules\\@img\\sharp-linux-s390x'
299 silly reify ]
300 verbose reify failed optional dependency C:\Users\saadr\Desktop\DevOps-Hub\devopshub\node_modules\@img\sharp-linux-arm64
301 silly reify mark deleted [
301 silly reify   'C:\\Users\\saadr\\Desktop\\DevOps-Hub\\devopshub\\node_modules\\@img\\sharp-linux-arm64'
301 silly reify ]
302 verbose reify failed optional dependency C:\Users\saadr\Desktop\DevOps-Hub\devopshub\node_modules\@img\sharp-linux-arm
303 silly reify mark deleted [
303 silly reify   'C:\\Users\\saadr\\Desktop\\DevOps-Hub\\devopshub\\node_modules\\@img\\sharp-linux-arm'
303 silly reify ]
304 verbose reify failed optional dependency C:\Users\saadr\Desktop\DevOps-Hub\devopshub\node_modules\@img\sharp-libvips-linuxmusl-x64
305 silly reify mark deleted [
305 silly reify   'C:\\Users\\saadr\\Desktop\\DevOps-Hub\\devopshub\\node_modules\\@img\\sharp-libvips-linuxmusl-x64'
305 silly reify ]
306 verbose reify failed optional dependency C:\Users\saadr\Desktop\DevOps-Hub\devopshub\node_modules\@img\sharp-libvips-linuxmusl-arm64
307 silly reify mark deleted [
307 silly reify   'C:\\Users\\saadr\\Desktop\\DevOps-Hub\\devopshub\\node_modules\\@img\\sharp-libvips-linuxmusl-arm64'
307 silly reify ]
308 verbose reify failed optional dependency C:\Users\saadr\Desktop\DevOps-Hub\devopshub\node_modules\@img\sharp-libvips-linux-x64
309 silly reify mark deleted [
309 silly reify   'C:\\Users\\saadr\\Desktop\\DevOps-Hub\\devopshub\\node_modules\\@img\\sharp-libvips-linux-x64'
309 silly reify ]
310 verbose reify failed optional dependency C:\Users\saadr\Desktop\DevOps-Hub\devopshub\node_modules\@img\sharp-libvips-linux-s390x
311 silly reify mark deleted [
311 silly reify   'C:\\Users\\saadr\\Desktop\\DevOps-Hub\\devopshub\\node_modules\\@img\\sharp-libvips-linux-s390x'
311 silly reify ]
312 verbose reify failed optional dependency C:\Users\saadr\Desktop\DevOps-Hub\devopshub\node_modules\@img\sharp-libvips-linux-arm64
313 silly reify mark deleted [
313 silly reify   'C:\\Users\\saadr\\Desktop\\DevOps-Hub\\devopshub\\node_modules\\@img\\sharp-libvips-linux-arm64'
313 silly reify ]
314 verbose reify failed optional dependency C:\Users\saadr\Desktop\DevOps-Hub\devopshub\node_modules\@img\sharp-libvips-linux-arm
315 silly reify mark deleted [
315 silly reify   'C:\\Users\\saadr\\Desktop\\DevOps-Hub\\devopshub\\node_modules\\@img\\sharp-libvips-linux-arm'
315 silly reify ]
316 verbose reify failed optional dependency C:\Users\saadr\Desktop\DevOps-Hub\devopshub\node_modules\@img\sharp-libvips-darwin-x64
317 silly reify mark deleted [
317 silly reify   'C:\\Users\\saadr\\Desktop\\DevOps-Hub\\devopshub\\node_modules\\@img\\sharp-libvips-darwin-x64'
317 silly reify ]
318 verbose reify failed optional dependency C:\Users\saadr\Desktop\DevOps-Hub\devopshub\node_modules\@img\sharp-libvips-darwin-arm64
319 silly reify mark deleted [
319 silly reify   'C:\\Users\\saadr\\Desktop\\DevOps-Hub\\devopshub\\node_modules\\@img\\sharp-libvips-darwin-arm64'
319 silly reify ]
320 verbose reify failed optional dependency C:\Users\saadr\Desktop\DevOps-Hub\devopshub\node_modules\@img\sharp-darwin-x64
321 silly reify mark deleted [
321 silly reify   'C:\\Users\\saadr\\Desktop\\DevOps-Hub\\devopshub\\node_modules\\@img\\sharp-darwin-x64'
321 silly reify ]
322 verbose reify failed optional dependency C:\Users\saadr\Desktop\DevOps-Hub\devopshub\node_modules\@img\sharp-darwin-arm64
323 silly reify mark deleted [
323 silly reify   'C:\\Users\\saadr\\Desktop\\DevOps-Hub\\devopshub\\node_modules\\@img\\sharp-darwin-arm64'
323 silly reify ]
324 silly tarball no local data for scheduler@https://registry.npmjs.org/scheduler/-/scheduler-0.23.2.tgz. Extracting by manifest.
325 silly tarball no local data for react-dom@https://registry.npmjs.org/react-dom/-/react-dom-18.3.1.tgz. Extracting by manifest.
326 silly tarball no local data for react@https://registry.npmjs.org/react/-/react-18.3.1.tgz. Extracting by manifest.
327 http fetch GET 200 https://registry.npmjs.org/scheduler/-/scheduler-0.23.2.tgz 181ms (cache miss)
328 http fetch POST 200 https://registry.npmjs.org/-/npm/v1/security/advisories/bulk 321ms
329 silly audit report {}
330 http fetch GET 200 https://registry.npmjs.org/react/-/react-18.3.1.tgz 313ms (cache miss)
331 http fetch GET 200 https://registry.npmjs.org/react-dom/-/react-dom-18.3.1.tgz 665ms (cache miss)
332 silly ADD node_modules/use-sync-external-store
333 silly ADD node_modules/@floating-ui/react-dom
334 silly ADD node_modules/swr
335 silly ADD node_modules/gensync
336 silly ADD node_modules/convert-source-map
337 silly ADD node_modules/@babel/helpers
338 silly ADD node_modules/@ampproject/remapping
339 silly ADD node_modules/@babel/core
340 silly ADD node_modules/@babel/core/node_modules/semver
341 silly ADD node_modules/@babel/core/node_modules/json5
342 silly ADD
343 silly ADD
344 silly ADD
345 silly ADD
346 silly ADD
347 silly ADD
348 silly ADD
349 silly ADD
350 silly ADD
351 silly ADD
352 silly ADD
353 silly ADD
354 silly ADD
355 silly ADD
356 silly ADD
357 silly ADD
358 silly ADD
359 silly ADD
360 silly ADD
361 silly ADD
362 silly ADD
363 silly ADD
364 silly ADD
365 silly ADD
366 silly ADD
367 silly ADD
368 silly ADD
369 silly REMOVE node_modules/@radix-ui/react-popper/node_modules/@floating-ui/react-dom
370 silly REMOVE node_modules/@clerk/shared/node_modules/swr
371 silly REMOVE node_modules/@clerk/shared/node_modules/swr/node_modules/use-sync-external-store
372 silly CHANGE node_modules/scheduler
373 silly CHANGE node_modules/react-dom
374 silly CHANGE node_modules/react
375 verbose cwd C:\Users\saadr\Desktop\DevOps-Hub\devopshub
376 verbose os Windows_NT 10.0.22631
377 verbose node v22.3.0
378 verbose npm  v10.8.1
379 verbose exit 0
380 info ok
