0 verbose cli C:\Program Files\nodejs\node.exe C:\Program Files\nodejs\node_modules\npm\bin\npm-cli.js
1 info using npm@10.8.1
2 info using node@v22.3.0
3 silly config load:file:C:\Program Files\nodejs\node_modules\npm\npmrc
4 silly config load:file:C:\Users\saadr\Desktop\DevOps-Hub\devopshub\.npmrc
5 silly config load:file:C:\Users\saadr\.npmrc
6 silly config load:file:C:\Users\saadr\AppData\Roaming\npm\etc\npmrc
7 verbose title npm install next-themes @clerk/nextjs @radix-ui/react-slot @radix-ui/react-select @radix-ui/react-avatar
8 verbose argv "install" "--force" "next-themes" "@clerk/nextjs" "@radix-ui/react-slot" "@radix-ui/react-select" "@radix-ui/react-avatar"
9 verbose logfile logs-max:10 dir:C:\Users\saadr\Desktop\DevOps-Hub\devopshub\%APPDATA%\npm-cache\_logs\2024-12-02T11_04_24_713Z-
10 verbose logfile C:\Users\saadr\Desktop\DevOps-Hub\devopshub\%APPDATA%\npm-cache\_logs\2024-12-02T11_04_24_713Z-debug-0.log
11 warn using --force Recommended protections disabled.
12 silly packumentCache heap:4345298944 maxSize:1086324736 maxEntrySize:543162368
13 silly logfile start cleaning logs, removing 1 files
14 silly logfile done cleaning log files
15 silly idealTree buildDeps
16 silly fetch manifest @radix-ui/react-select@^2.1.2
17 silly packumentCache full:https://registry.npmjs.org/@radix-ui%2freact-select cache-miss
18 http fetch GET 200 https://registry.npmjs.org/@radix-ui%2freact-select 843ms (cache revalidated)
19 silly packumentCache full:https://registry.npmjs.org/@radix-ui%2freact-select set size:586617 disposed:false
20 silly fetch manifest @types/react@^18
21 silly packumentCache full:https://registry.npmjs.org/@types%2freact cache-miss
22 http fetch GET 200 https://registry.npmjs.org/@types%2freact 163ms (cache revalidated)
23 silly packumentCache full:https://registry.npmjs.org/@types%2freact set size:2224167 disposed:false
24 silly fetch manifest @types/react-dom@^18
25 silly packumentCache full:https://registry.npmjs.org/@types%2freact-dom cache-miss
26 http fetch GET 200 https://registry.npmjs.org/@types%2freact-dom 155ms (cache revalidated)
27 silly packumentCache full:https://registry.npmjs.org/@types%2freact-dom set size:350546 disposed:false
28 silly fetch manifest react@19.0.0-rc-66855b96-20241106
29 silly packumentCache full:https://registry.npmjs.org/react cache-miss
30 http fetch GET 200 https://registry.npmjs.org/react 169ms (cache revalidated)
31 silly packumentCache full:https://registry.npmjs.org/react set size:5187790 disposed:false
32 silly fetch manifest react-dom@19.0.0-rc-66855b96-20241106
33 silly packumentCache full:https://registry.npmjs.org/react-dom cache-miss
34 http fetch GET 200 https://registry.npmjs.org/react-dom 156ms (cache revalidated)
35 silly packumentCache full:https://registry.npmjs.org/react-dom set size:6369154 disposed:false
36 silly fetch manifest @radix-ui/react-slot@^1.1.0
37 silly packumentCache full:https://registry.npmjs.org/@radix-ui%2freact-slot cache-miss
38 http fetch GET 200 https://registry.npmjs.org/@radix-ui%2freact-slot 660ms (cache revalidated)
39 silly packumentCache full:https://registry.npmjs.org/@radix-ui%2freact-slot set size:272432 disposed:false
40 silly fetch manifest next-themes@^0.4.3
41 silly packumentCache full:https://registry.npmjs.org/next-themes cache-miss
42 http fetch GET 200 https://registry.npmjs.org/next-themes 151ms (cache revalidated)
43 silly packumentCache full:https://registry.npmjs.org/next-themes set size:155955 disposed:false
44 silly fetch manifest @clerk/nextjs@*
45 silly packumentCache full:https://registry.npmjs.org/@clerk%2fnextjs cache-miss
46 http fetch GET 200 https://registry.npmjs.org/@clerk%2fnextjs 1846ms (cache miss)
47 silly packumentCache full:https://registry.npmjs.org/@clerk%2fnextjs set size:undefined disposed:false
48 silly fetch manifest next@15.0.3
49 silly packumentCache full:https://registry.npmjs.org/next cache-miss
50 http fetch GET 200 https://registry.npmjs.org/next 595ms (cache miss)
51 silly packumentCache full:https://registry.npmjs.org/next set size:undefined disposed:false
52 silly fetch manifest @opentelemetry/api@^1.1.0
53 silly packumentCache full:https://registry.npmjs.org/@opentelemetry%2fapi cache-miss
54 http fetch GET 200 https://registry.npmjs.org/@opentelemetry%2fapi 169ms (cache miss)
55 silly packumentCache full:https://registry.npmjs.org/@opentelemetry%2fapi set size:undefined disposed:false
56 silly fetch manifest @playwright/test@^1.41.2
57 silly packumentCache full:https://registry.npmjs.org/@playwright%2ftest cache-miss
58 http fetch GET 200 https://registry.npmjs.org/@playwright%2ftest 270ms (cache miss)
59 silly packumentCache full:https://registry.npmjs.org/@playwright%2ftest set size:undefined disposed:false
60 silly fetch manifest babel-plugin-react-compiler@*
61 silly packumentCache full:https://registry.npmjs.org/babel-plugin-react-compiler cache-miss
62 http fetch GET 200 https://registry.npmjs.org/babel-plugin-react-compiler 139ms (cache miss)
63 silly packumentCache full:https://registry.npmjs.org/babel-plugin-react-compiler set size:undefined disposed:false
64 silly fetch manifest sass@^1.3.0
65 silly packumentCache full:https://registry.npmjs.org/sass cache-miss
66 http fetch GET 200 https://registry.npmjs.org/sass 169ms (cache miss)
67 silly packumentCache full:https://registry.npmjs.org/sass set size:undefined disposed:false
68 silly fetch manifest @radix-ui/react-avatar@*
69 silly packumentCache full:https://registry.npmjs.org/@radix-ui%2freact-avatar cache-miss
70 http fetch GET 200 https://registry.npmjs.org/@radix-ui%2freact-avatar 360ms (cache miss)
71 silly packumentCache full:https://registry.npmjs.org/@radix-ui%2freact-avatar set size:undefined disposed:false
72 silly placeDep ROOT @clerk/nextjs@6.5.1 OK for: devopshub@0.1.0 want: *
73 silly placeDep ROOT @radix-ui/react-avatar@1.1.1 OK for: devopshub@0.1.0 want: *
74 silly placeDep ROOT @radix-ui/react-select@2.1.2 REPLACE for: devopshub@0.1.0 want: ^2.1.2
75 silly placeDep ROOT @radix-ui/react-slot@1.1.0 REPLACE for: devopshub@0.1.0 want: ^1.1.0
76 silly placeDep ROOT next-themes@0.4.3 REPLACE for: devopshub@0.1.0 want: ^0.4.3
77 silly fetch manifest tslib@2.4.1
78 silly packumentCache full:https://registry.npmjs.org/tslib cache-miss
79 silly fetch manifest crypto-js@4.2.0
80 silly packumentCache full:https://registry.npmjs.org/crypto-js cache-miss
81 silly fetch manifest ezheaders@0.1.0
82 silly packumentCache full:https://registry.npmjs.org/ezheaders cache-miss
83 silly fetch manifest server-only@0.0.1
84 silly packumentCache full:https://registry.npmjs.org/server-only cache-miss
85 silly fetch manifest @clerk/types@4.35.0
86 silly packumentCache full:https://registry.npmjs.org/@clerk%2ftypes cache-miss
87 silly fetch manifest @clerk/shared@2.17.0
88 silly packumentCache full:https://registry.npmjs.org/@clerk%2fshared cache-miss
89 silly fetch manifest @clerk/backend@1.18.0
90 silly packumentCache full:https://registry.npmjs.org/@clerk%2fbackend cache-miss
91 http fetch GET 200 https://registry.npmjs.org/crypto-js 148ms (cache miss)
92 silly packumentCache full:https://registry.npmjs.org/crypto-js set size:undefined disposed:false
93 silly fetch manifest @clerk/clerk-react@5.17.1
94 silly packumentCache full:https://registry.npmjs.org/@clerk%2fclerk-react cache-miss
95 http fetch GET 200 https://registry.npmjs.org/server-only 471ms (cache miss)
96 silly packumentCache full:https://registry.npmjs.org/server-only set size:undefined disposed:false
97 http fetch GET 200 https://registry.npmjs.org/tslib 535ms (cache revalidated)
98 silly packumentCache full:https://registry.npmjs.org/tslib set size:108872 disposed:false
99 http fetch GET 200 https://registry.npmjs.org/ezheaders 1246ms (cache miss)
100 silly packumentCache full:https://registry.npmjs.org/ezheaders set size:undefined disposed:false
101 http fetch GET 200 https://registry.npmjs.org/@clerk%2fclerk-react 1867ms (cache miss)
102 silly packumentCache full:https://registry.npmjs.org/@clerk%2fclerk-react set size:undefined disposed:false
103 http fetch GET 200 https://registry.npmjs.org/@clerk%2fbackend 2307ms (cache miss)
104 silly packumentCache full:https://registry.npmjs.org/@clerk%2fbackend set size:undefined disposed:false
105 http fetch GET 200 https://registry.npmjs.org/@clerk%2fshared 2420ms (cache miss)
106 silly packumentCache full:https://registry.npmjs.org/@clerk%2fshared set size:undefined disposed:false
107 http fetch GET 200 https://registry.npmjs.org/@clerk%2ftypes 2475ms (cache miss)
108 silly packumentCache full:https://registry.npmjs.org/@clerk%2ftypes set size:undefined disposed:false
109 silly fetch manifest next@^13.5.4 || ^14.0.3 || ^15.0.0
110 silly packumentCache full:https://registry.npmjs.org/next cache-miss
111 http fetch GET 200 https://registry.npmjs.org/next 62ms (cache hit)
112 silly packumentCache full:https://registry.npmjs.org/next set size:21947905 disposed:false
113 silly fetch manifest react@^18 || ^19.0.0-0
114 silly packumentCache full:https://registry.npmjs.org/react cache-miss
115 http fetch GET 200 https://registry.npmjs.org/react 27ms (cache hit)
116 silly packumentCache full:https://registry.npmjs.org/react set size:5187790 disposed:false
117 silly fetch manifest react-dom@^18 || ^19.0.0-0
118 silly packumentCache full:https://registry.npmjs.org/react-dom cache-miss
119 http fetch GET 200 https://registry.npmjs.org/react-dom 20ms (cache hit)
120 silly packumentCache full:https://registry.npmjs.org/react-dom set size:6369154 disposed:false
121 silly placeDep ROOT @clerk/backend@1.18.0 OK for: @clerk/nextjs@6.5.1 want: 1.18.0
122 silly placeDep ROOT @clerk/clerk-react@5.17.1 OK for: @clerk/nextjs@6.5.1 want: 5.17.1
123 silly placeDep ROOT @clerk/shared@2.17.0 OK for: @clerk/nextjs@6.5.1 want: 2.17.0
124 silly placeDep ROOT @clerk/types@4.35.0 OK for: @clerk/nextjs@6.5.1 want: 4.35.0
125 silly placeDep ROOT crypto-js@4.2.0 OK for: @clerk/nextjs@6.5.1 want: 4.2.0
126 silly placeDep ROOT ezheaders@0.1.0 OK for: @clerk/nextjs@6.5.1 want: 0.1.0
127 silly placeDep ROOT server-only@0.0.1 OK for: @clerk/nextjs@6.5.1 want: 0.0.1
128 silly placeDep node_modules/@clerk/nextjs tslib@2.4.1 OK for: @clerk/nextjs@6.5.1 want: 2.4.1
129 silly fetch manifest cookie@0.7.0
130 silly packumentCache full:https://registry.npmjs.org/cookie cache-miss
131 silly fetch manifest snakecase-keys@5.4.4
132 silly packumentCache full:https://registry.npmjs.org/snakecase-keys cache-miss
133 silly fetch manifest swr@^2.2.0
134 silly packumentCache full:https://registry.npmjs.org/swr cache-miss
135 silly fetch manifest dequal@2.0.3
136 silly packumentCache full:https://registry.npmjs.org/dequal cache-miss
137 silly fetch manifest std-env@^3.7.0
138 silly packumentCache full:https://registry.npmjs.org/std-env cache-miss
139 silly fetch manifest js-cookie@3.0.5
140 silly packumentCache full:https://registry.npmjs.org/js-cookie cache-miss
141 silly fetch manifest glob-to-regexp@0.4.1
142 silly packumentCache full:https://registry.npmjs.org/glob-to-regexp cache-miss
143 http fetch GET 200 https://registry.npmjs.org/std-env 153ms (cache miss)
144 silly packumentCache full:https://registry.npmjs.org/std-env set size:undefined disposed:false
145 silly fetch manifest csstype@3.1.1
146 silly packumentCache full:https://registry.npmjs.org/csstype cache-miss
147 http fetch GET 200 https://registry.npmjs.org/dequal 167ms (cache miss)
148 silly packumentCache full:https://registry.npmjs.org/dequal set size:undefined disposed:false
149 http fetch GET 200 https://registry.npmjs.org/glob-to-regexp 169ms (cache miss)
150 silly packumentCache full:https://registry.npmjs.org/glob-to-regexp set size:undefined disposed:false
151 http fetch GET 200 https://registry.npmjs.org/cookie 178ms (cache miss)
152 silly packumentCache full:https://registry.npmjs.org/cookie set size:undefined disposed:false
153 http fetch GET 200 https://registry.npmjs.org/swr 295ms (cache miss)
154 silly packumentCache full:https://registry.npmjs.org/swr set size:undefined disposed:false
155 http fetch GET 200 https://registry.npmjs.org/csstype 180ms (cache miss)
156 silly packumentCache full:https://registry.npmjs.org/csstype set size:undefined disposed:false
157 http fetch GET 200 https://registry.npmjs.org/js-cookie 778ms (cache miss)
158 silly packumentCache full:https://registry.npmjs.org/js-cookie set size:undefined disposed:false
159 http fetch GET 200 https://registry.npmjs.org/snakecase-keys 846ms (cache miss)
160 silly packumentCache full:https://registry.npmjs.org/snakecase-keys set size:undefined disposed:false
161 silly placeDep ROOT cookie@0.7.0 OK for: @clerk/backend@1.18.0 want: 0.7.0
162 silly placeDep ROOT snakecase-keys@5.4.4 OK for: @clerk/backend@1.18.0 want: 5.4.4
163 silly placeDep node_modules/@clerk/backend tslib@2.4.1 OK for: @clerk/backend@1.18.0 want: 2.4.1
164 silly fetch manifest map-obj@^4.1.0
165 silly packumentCache full:https://registry.npmjs.org/map-obj cache-miss
166 silly fetch manifest snake-case@^3.0.4
167 silly packumentCache full:https://registry.npmjs.org/snake-case cache-miss
168 silly fetch manifest type-fest@^2.5.2
169 silly packumentCache full:https://registry.npmjs.org/type-fest cache-miss
170 http fetch GET 200 https://registry.npmjs.org/snake-case 142ms (cache miss)
171 silly packumentCache full:https://registry.npmjs.org/snake-case set size:undefined disposed:false
172 http fetch GET 200 https://registry.npmjs.org/map-obj 163ms (cache miss)
173 silly packumentCache full:https://registry.npmjs.org/map-obj set size:undefined disposed:false
174 http fetch GET 200 https://registry.npmjs.org/type-fest 185ms (cache miss)
175 silly packumentCache full:https://registry.npmjs.org/type-fest set size:undefined disposed:false
176 silly placeDep node_modules/@clerk/clerk-react tslib@2.4.1 OK for: @clerk/clerk-react@5.17.1 want: 2.4.1
177 silly placeDep ROOT dequal@2.0.3 OK for: @clerk/shared@2.17.0 want: 2.0.3
178 silly placeDep ROOT glob-to-regexp@0.4.1 OK for: @clerk/shared@2.17.0 want: 0.4.1
179 silly placeDep ROOT js-cookie@3.0.5 OK for: @clerk/shared@2.17.0 want: 3.0.5
180 silly placeDep ROOT std-env@3.8.0 OK for: @clerk/shared@2.17.0 want: ^3.7.0
181 silly placeDep node_modules/@clerk/shared swr@2.2.5 CONFLICT for: @clerk/shared@2.17.0 want: ^2.2.0
182 warn ERESOLVE overriding peer dependency {
182 warn ERESOLVE   code: 'ERESOLVE',
182 warn ERESOLVE   edge: {
182 warn ERESOLVE     type: 'peer',
182 warn ERESOLVE     name: 'react',
182 warn ERESOLVE     spec: '^16.11.0 || ^17.0.0 || ^18.0.0',
182 warn ERESOLVE     error: 'INVALID',
182 warn ERESOLVE     from: {
182 warn ERESOLVE       name: 'swr',
182 warn ERESOLVE       version: '2.2.5',
182 warn ERESOLVE       location: 'node_modules/@clerk/shared/node_modules/swr',
182 warn ERESOLVE       isWorkspace: false,
182 warn ERESOLVE       dependents: [Array]
182 warn ERESOLVE     }
182 warn ERESOLVE   },
182 warn ERESOLVE   dep: {
182 warn ERESOLVE     name: 'react',
182 warn ERESOLVE     version: '18.3.1',
182 warn ERESOLVE     whileInstalling: {
182 warn ERESOLVE       name: '@clerk/shared',
182 warn ERESOLVE       version: '2.17.0',
182 warn ERESOLVE       path: 'C:\\Users\\saadr\\Desktop\\DevOps-Hub\\devopshub\\node_modules\\@clerk\\shared'
182 warn ERESOLVE     },
182 warn ERESOLVE     location: 'node_modules/react',
182 warn ERESOLVE     isWorkspace: false,
182 warn ERESOLVE     dependents: [ [Object] ]
182 warn ERESOLVE   },
182 warn ERESOLVE   force: true,
182 warn ERESOLVE   isMine: false,
182 warn ERESOLVE   strictPeerDeps: false,
182 warn ERESOLVE   current: {
182 warn ERESOLVE     name: 'react',
182 warn ERESOLVE     version: '19.0.0-rc-66855b96-20241106',
182 warn ERESOLVE     location: 'node_modules/react',
182 warn ERESOLVE     isWorkspace: false,
182 warn ERESOLVE     dependents: [ [Object] ]
182 warn ERESOLVE   },
182 warn ERESOLVE   peerConflict: {
182 warn ERESOLVE     name: 'react',
182 warn ERESOLVE     version: '19.0.0-rc-66855b96-20241106',
182 warn ERESOLVE     location: 'node_modules/react',
182 warn ERESOLVE     isWorkspace: false,
182 warn ERESOLVE     dependents: [ [Object] ]
182 warn ERESOLVE   }
182 warn ERESOLVE }
183 silly fetch manifest react@^16.11.0 || ^17.0.0 || ^18.0.0
184 silly packumentCache full:https://registry.npmjs.org/react cache-miss
185 silly fetch manifest use-sync-external-store@^1.2.0
186 silly packumentCache full:https://registry.npmjs.org/use-sync-external-store cache-miss
187 http fetch GET 200 https://registry.npmjs.org/react 24ms (cache hit)
188 silly packumentCache full:https://registry.npmjs.org/react set size:5187790 disposed:false
189 http fetch GET 200 https://registry.npmjs.org/use-sync-external-store 313ms (cache miss)
190 silly packumentCache full:https://registry.npmjs.org/use-sync-external-store set size:undefined disposed:false
191 silly placeDep node_modules/@clerk/types csstype@3.1.1 OK for: @clerk/types@4.35.0 want: 3.1.1
192 silly placeDep ROOT map-obj@4.3.0 OK for: snakecase-keys@5.4.4 want: ^4.1.0
193 silly placeDep ROOT snake-case@3.0.4 OK for: snakecase-keys@5.4.4 want: ^3.0.4
194 silly placeDep node_modules/snakecase-keys type-fest@2.19.0 OK for: snakecase-keys@5.4.4 want: ^2.5.2
195 silly fetch manifest dot-case@^3.0.4
196 silly packumentCache full:https://registry.npmjs.org/dot-case cache-miss
197 http fetch GET 200 https://registry.npmjs.org/dot-case 166ms (cache miss)
198 silly packumentCache full:https://registry.npmjs.org/dot-case set size:undefined disposed:false
199 silly placeDep ROOT dot-case@3.0.4 OK for: snake-case@3.0.4 want: ^3.0.4
200 silly fetch manifest no-case@^3.0.4
201 silly packumentCache full:https://registry.npmjs.org/no-case cache-miss
202 http fetch GET 200 https://registry.npmjs.org/no-case 130ms (cache miss)
203 silly packumentCache full:https://registry.npmjs.org/no-case set size:undefined disposed:false
204 silly placeDep ROOT no-case@3.0.4 OK for: dot-case@3.0.4 want: ^3.0.4
205 silly fetch manifest lower-case@^2.0.2
206 silly packumentCache full:https://registry.npmjs.org/lower-case cache-miss
207 http fetch GET 200 https://registry.npmjs.org/lower-case 174ms (cache miss)
208 silly packumentCache full:https://registry.npmjs.org/lower-case set size:undefined disposed:false
209 silly placeDep ROOT lower-case@2.0.2 OK for: no-case@3.0.4 want: ^2.0.2
210 silly placeDep node_modules/@clerk/shared/node_modules/swr use-sync-external-store@1.2.2 CONFLICT for: swr@2.2.5 want: ^1.2.0
211 warn ERESOLVE overriding peer dependency {
211 warn ERESOLVE   code: 'ERESOLVE',
211 warn ERESOLVE   edge: {
211 warn ERESOLVE     type: 'peer',
211 warn ERESOLVE     name: 'react',
211 warn ERESOLVE     spec: '^16.8.0 || ^17.0.0 || ^18.0.0',
211 warn ERESOLVE     error: 'INVALID',
211 warn ERESOLVE     from: {
211 warn ERESOLVE       name: 'use-sync-external-store',
211 warn ERESOLVE       version: '1.2.2',
211 warn ERESOLVE       location: 'node_modules/@clerk/shared/node_modules/swr/node_modules/use-sync-external-store',
211 warn ERESOLVE       isWorkspace: false,
211 warn ERESOLVE       dependents: [Array]
211 warn ERESOLVE     }
211 warn ERESOLVE   },
211 warn ERESOLVE   dep: {
211 warn ERESOLVE     name: 'react',
211 warn ERESOLVE     version: '18.3.1',
211 warn ERESOLVE     whileInstalling: {
211 warn ERESOLVE       name: 'swr',
211 warn ERESOLVE       version: '2.2.5',
211 warn ERESOLVE       path: 'C:\\Users\\saadr\\Desktop\\DevOps-Hub\\devopshub\\node_modules\\@clerk\\shared\\node_modules\\swr'
211 warn ERESOLVE     },
211 warn ERESOLVE     location: 'node_modules/react',
211 warn ERESOLVE     isWorkspace: false,
211 warn ERESOLVE     dependents: [ [Object] ]
211 warn ERESOLVE   },
211 warn ERESOLVE   force: true,
211 warn ERESOLVE   isMine: false,
211 warn ERESOLVE   strictPeerDeps: false,
211 warn ERESOLVE   current: {
211 warn ERESOLVE     name: 'react',
211 warn ERESOLVE     version: '19.0.0-rc-66855b96-20241106',
211 warn ERESOLVE     location: 'node_modules/react',
211 warn ERESOLVE     isWorkspace: false,
211 warn ERESOLVE     dependents: [ [Object] ]
211 warn ERESOLVE   },
211 warn ERESOLVE   peerConflict: {
211 warn ERESOLVE     name: 'react',
211 warn ERESOLVE     version: '19.0.0-rc-66855b96-20241106',
211 warn ERESOLVE     location: 'node_modules/react',
211 warn ERESOLVE     isWorkspace: false,
211 warn ERESOLVE     dependents: [ [Object] ]
211 warn ERESOLVE   }
211 warn ERESOLVE }
212 silly fetch manifest react@^16.8.0 || ^17.0.0 || ^18.0.0
213 silly packumentCache full:https://registry.npmjs.org/react cache-miss
214 http fetch GET 200 https://registry.npmjs.org/react 19ms (cache hit)
215 silly packumentCache full:https://registry.npmjs.org/react set size:5187790 disposed:false
216 silly fetch manifest react@>=16.8.0
217 silly packumentCache full:https://registry.npmjs.org/react cache-miss
218 http fetch GET 200 https://registry.npmjs.org/react 18ms (cache hit)
219 silly packumentCache full:https://registry.npmjs.org/react set size:5187790 disposed:false
220 silly fetch manifest react-dom@>=16.8.0
221 silly packumentCache full:https://registry.npmjs.org/react-dom cache-miss
222 http fetch GET 200 https://registry.npmjs.org/react-dom 23ms (cache hit)
223 silly packumentCache full:https://registry.npmjs.org/react-dom set size:6369154 disposed:false
224 warn ERESOLVE overriding peer dependency {
224 warn ERESOLVE   code: 'ERESOLVE',
224 warn ERESOLVE   edge: {
224 warn ERESOLVE     type: 'peer',
224 warn ERESOLVE     name: 'react',
224 warn ERESOLVE     spec: '>=16.8.0',
224 warn ERESOLVE     error: 'INVALID',
224 warn ERESOLVE     from: {
224 warn ERESOLVE       name: '@floating-ui/react-dom',
224 warn ERESOLVE       version: '2.1.2',
224 warn ERESOLVE       location: 'node_modules/@radix-ui/react-popper/node_modules/@floating-ui/react-dom',
224 warn ERESOLVE       isWorkspace: false,
224 warn ERESOLVE       dependents: [Array]
224 warn ERESOLVE     }
224 warn ERESOLVE   },
224 warn ERESOLVE   dep: {
224 warn ERESOLVE     name: 'react',
224 warn ERESOLVE     version: '18.3.1',
224 warn ERESOLVE     whileInstalling: {
224 warn ERESOLVE       name: '@floating-ui/react-dom',
224 warn ERESOLVE       version: '2.1.2',
224 warn ERESOLVE       path: 'C:\\Users\\saadr\\Desktop\\DevOps-Hub\\devopshub\\node_modules\\@radix-ui\\react-popper\\node_modules\\@floating-ui\\react-dom'
224 warn ERESOLVE     },
224 warn ERESOLVE     location: 'node_modules/react',
224 warn ERESOLVE     isWorkspace: false,
224 warn ERESOLVE     dependents: [ [Object] ]
224 warn ERESOLVE   },
224 warn ERESOLVE   force: true,
224 warn ERESOLVE   isMine: false,
224 warn ERESOLVE   strictPeerDeps: false,
224 warn ERESOLVE   current: {
224 warn ERESOLVE     name: 'react',
224 warn ERESOLVE     version: '19.0.0-rc-66855b96-20241106',
224 warn ERESOLVE     location: 'node_modules/react',
224 warn ERESOLVE     isWorkspace: false,
224 warn ERESOLVE     dependents: [ [Object] ]
224 warn ERESOLVE   },
224 warn ERESOLVE   peerConflict: {
224 warn ERESOLVE     current: {
224 warn ERESOLVE       name: 'react',
224 warn ERESOLVE       version: '19.0.0-rc-66855b96-20241106',
224 warn ERESOLVE       location: 'node_modules/react',
224 warn ERESOLVE       isWorkspace: false,
224 warn ERESOLVE       dependents: [Array]
224 warn ERESOLVE     },
224 warn ERESOLVE     peer: {
224 warn ERESOLVE       name: 'react',
224 warn ERESOLVE       version: '18.3.1',
224 warn ERESOLVE       whileInstalling: [Object],
224 warn ERESOLVE       location: 'node_modules/react',
224 warn ERESOLVE       isWorkspace: false,
224 warn ERESOLVE       dependents: [Array]
224 warn ERESOLVE     }
224 warn ERESOLVE   }
224 warn ERESOLVE }
225 warn ERESOLVE overriding peer dependency {
225 warn ERESOLVE   code: 'ERESOLVE',
225 warn ERESOLVE   edge: {
225 warn ERESOLVE     type: 'peer',
225 warn ERESOLVE     name: 'react-dom',
225 warn ERESOLVE     spec: '>=16.8.0',
225 warn ERESOLVE     error: 'INVALID',
225 warn ERESOLVE     from: {
225 warn ERESOLVE       name: '@floating-ui/react-dom',
225 warn ERESOLVE       version: '2.1.2',
225 warn ERESOLVE       location: 'node_modules/@radix-ui/react-popper/node_modules/@floating-ui/react-dom',
225 warn ERESOLVE       isWorkspace: false,
225 warn ERESOLVE       dependents: [Array]
225 warn ERESOLVE     }
225 warn ERESOLVE   },
225 warn ERESOLVE   dep: {
225 warn ERESOLVE     name: 'react-dom',
225 warn ERESOLVE     version: '18.3.1',
225 warn ERESOLVE     whileInstalling: {
225 warn ERESOLVE       name: '@floating-ui/react-dom',
225 warn ERESOLVE       version: '2.1.2',
225 warn ERESOLVE       path: 'C:\\Users\\saadr\\Desktop\\DevOps-Hub\\devopshub\\node_modules\\@radix-ui\\react-popper\\node_modules\\@floating-ui\\react-dom'
225 warn ERESOLVE     },
225 warn ERESOLVE     location: 'node_modules/react-dom',
225 warn ERESOLVE     isWorkspace: false,
225 warn ERESOLVE     dependents: [ [Object] ]
225 warn ERESOLVE   },
225 warn ERESOLVE   force: true,
225 warn ERESOLVE   isMine: false,
225 warn ERESOLVE   strictPeerDeps: false,
225 warn ERESOLVE   current: {
225 warn ERESOLVE     name: 'react-dom',
225 warn ERESOLVE     version: '19.0.0-rc-66855b96-20241106',
225 warn ERESOLVE     location: 'node_modules/react-dom',
225 warn ERESOLVE     isWorkspace: false,
225 warn ERESOLVE     dependents: [
225 warn ERESOLVE       [Object], [Object],
225 warn ERESOLVE       [Object], [Object],
225 warn ERESOLVE       [Object], [Object],
225 warn ERESOLVE       [Object], [Object],
225 warn ERESOLVE       [Object], [Object],
225 warn ERESOLVE       [Object], [Object],
225 warn ERESOLVE       [Object], [Object],
225 warn ERESOLVE       [Object], [Object]
225 warn ERESOLVE     ]
225 warn ERESOLVE   },
225 warn ERESOLVE   peerConflict: {
225 warn ERESOLVE     current: {
225 warn ERESOLVE       name: 'react-dom',
225 warn ERESOLVE       version: '19.0.0-rc-66855b96-20241106',
225 warn ERESOLVE       location: 'node_modules/react-dom',
225 warn ERESOLVE       isWorkspace: false,
225 warn ERESOLVE       dependents: [Array]
225 warn ERESOLVE     },
225 warn ERESOLVE     peer: {
225 warn ERESOLVE       name: 'react-dom',
225 warn ERESOLVE       version: '18.3.1',
225 warn ERESOLVE       whileInstalling: [Object],
225 warn ERESOLVE       location: 'node_modules/react-dom',
225 warn ERESOLVE       isWorkspace: false,
225 warn ERESOLVE       dependents: [Array]
225 warn ERESOLVE     }
225 warn ERESOLVE   }
225 warn ERESOLVE }
226 warn ERESOLVE overriding peer dependency {
226 warn ERESOLVE   code: 'ERESOLVE',
226 warn ERESOLVE   edge: {
226 warn ERESOLVE     type: 'peer',
226 warn ERESOLVE     name: 'react',
226 warn ERESOLVE     spec: '^16.8.0 || ^17.0.0 || ^18.0.0',
226 warn ERESOLVE     error: 'INVALID',
226 warn ERESOLVE     from: {
226 warn ERESOLVE       name: 'react-remove-scroll',
226 warn ERESOLVE       version: '2.6.0',
226 warn ERESOLVE       location: 'node_modules/@radix-ui/react-select/node_modules/react-remove-scroll',
226 warn ERESOLVE       isWorkspace: false,
226 warn ERESOLVE       dependents: [Array]
226 warn ERESOLVE     }
226 warn ERESOLVE   },
226 warn ERESOLVE   dep: {
226 warn ERESOLVE     name: 'react',
226 warn ERESOLVE     version: '18.3.1',
226 warn ERESOLVE     whileInstalling: {
226 warn ERESOLVE       name: 'react-remove-scroll',
226 warn ERESOLVE       version: '2.6.0',
226 warn ERESOLVE       path: 'C:\\Users\\saadr\\Desktop\\DevOps-Hub\\devopshub\\node_modules\\@radix-ui\\react-select\\node_modules\\react-remove-scroll'
226 warn ERESOLVE     },
226 warn ERESOLVE     location: 'node_modules/react',
226 warn ERESOLVE     isWorkspace: false,
226 warn ERESOLVE     dependents: [ [Object] ]
226 warn ERESOLVE   },
226 warn ERESOLVE   force: true,
226 warn ERESOLVE   isMine: false,
226 warn ERESOLVE   strictPeerDeps: false,
226 warn ERESOLVE   current: {
226 warn ERESOLVE     name: 'react',
226 warn ERESOLVE     version: '19.0.0-rc-66855b96-20241106',
226 warn ERESOLVE     location: 'node_modules/react',
226 warn ERESOLVE     isWorkspace: false,
226 warn ERESOLVE     dependents: [ [Object] ]
226 warn ERESOLVE   },
226 warn ERESOLVE   peerConflict: {
226 warn ERESOLVE     current: {
226 warn ERESOLVE       name: 'react',
226 warn ERESOLVE       version: '19.0.0-rc-66855b96-20241106',
226 warn ERESOLVE       location: 'node_modules/react',
226 warn ERESOLVE       isWorkspace: false,
226 warn ERESOLVE       dependents: [Array]
226 warn ERESOLVE     },
226 warn ERESOLVE     peer: {
226 warn ERESOLVE       name: 'react',
226 warn ERESOLVE       version: '18.3.1',
226 warn ERESOLVE       whileInstalling: [Object],
226 warn ERESOLVE       location: 'node_modules/react',
226 warn ERESOLVE       isWorkspace: false,
226 warn ERESOLVE       dependents: [Array]
226 warn ERESOLVE     }
226 warn ERESOLVE   }
226 warn ERESOLVE }
227 warn ERESOLVE overriding peer dependency {
227 warn ERESOLVE   code: 'ERESOLVE',
227 warn ERESOLVE   edge: {
227 warn ERESOLVE     type: 'peer',
227 warn ERESOLVE     name: 'react',
227 warn ERESOLVE     spec: '^16.8.0 || ^17.0.0 || ^18.0.0',
227 warn ERESOLVE     error: 'INVALID',
227 warn ERESOLVE     from: {
227 warn ERESOLVE       name: 'react-remove-scroll-bar',
227 warn ERESOLVE       version: '2.3.6',
227 warn ERESOLVE       location: 'node_modules/@radix-ui/react-select/node_modules/react-remove-scroll/node_modules/react-remove-scroll-bar',
227 warn ERESOLVE       isWorkspace: false,
227 warn ERESOLVE       dependents: [Array]
227 warn ERESOLVE     }
227 warn ERESOLVE   },
227 warn ERESOLVE   dep: {
227 warn ERESOLVE     name: 'react',
227 warn ERESOLVE     version: '18.3.1',
227 warn ERESOLVE     whileInstalling: {
227 warn ERESOLVE       name: 'react-remove-scroll-bar',
227 warn ERESOLVE       version: '2.3.6',
227 warn ERESOLVE       path: 'C:\\Users\\saadr\\Desktop\\DevOps-Hub\\devopshub\\node_modules\\@radix-ui\\react-select\\node_modules\\react-remove-scroll\\node_modules\\react-remove-scroll-bar'
227 warn ERESOLVE     },
227 warn ERESOLVE     location: 'node_modules/react',
227 warn ERESOLVE     isWorkspace: false,
227 warn ERESOLVE     dependents: [ [Object] ]
227 warn ERESOLVE   },
227 warn ERESOLVE   force: true,
227 warn ERESOLVE   isMine: false,
227 warn ERESOLVE   strictPeerDeps: false,
227 warn ERESOLVE   current: {
227 warn ERESOLVE     name: 'react',
227 warn ERESOLVE     version: '19.0.0-rc-66855b96-20241106',
227 warn ERESOLVE     location: 'node_modules/react',
227 warn ERESOLVE     isWorkspace: false,
227 warn ERESOLVE     dependents: [ [Object] ]
227 warn ERESOLVE   },
227 warn ERESOLVE   peerConflict: {
227 warn ERESOLVE     current: {
227 warn ERESOLVE       name: 'react',
227 warn ERESOLVE       version: '19.0.0-rc-66855b96-20241106',
227 warn ERESOLVE       location: 'node_modules/react',
227 warn ERESOLVE       isWorkspace: false,
227 warn ERESOLVE       dependents: [Array]
227 warn ERESOLVE     },
227 warn ERESOLVE     peer: {
227 warn ERESOLVE       name: 'react',
227 warn ERESOLVE       version: '18.3.1',
227 warn ERESOLVE       whileInstalling: [Object],
227 warn ERESOLVE       location: 'node_modules/react',
227 warn ERESOLVE       isWorkspace: false,
227 warn ERESOLVE       dependents: [Array]
227 warn ERESOLVE     }
227 warn ERESOLVE   }
227 warn ERESOLVE }
228 warn ERESOLVE overriding peer dependency {
228 warn ERESOLVE   code: 'ERESOLVE',
228 warn ERESOLVE   edge: {
228 warn ERESOLVE     type: 'peer',
228 warn ERESOLVE     name: 'react',
228 warn ERESOLVE     spec: '^16.8.0 || ^17.0.0 || ^18.0.0',
228 warn ERESOLVE     error: 'INVALID',
228 warn ERESOLVE     from: {
228 warn ERESOLVE       name: 'react-style-singleton',
228 warn ERESOLVE       version: '2.2.1',
228 warn ERESOLVE       location: 'node_modules/@radix-ui/react-select/node_modules/react-remove-scroll/node_modules/react-style-singleton',
228 warn ERESOLVE       isWorkspace: false,
228 warn ERESOLVE       dependents: [Array]
228 warn ERESOLVE     }
228 warn ERESOLVE   },
228 warn ERESOLVE   dep: {
228 warn ERESOLVE     name: 'react',
228 warn ERESOLVE     version: '18.3.1',
228 warn ERESOLVE     whileInstalling: {
228 warn ERESOLVE       name: 'react-style-singleton',
228 warn ERESOLVE       version: '2.2.1',
228 warn ERESOLVE       path: 'C:\\Users\\saadr\\Desktop\\DevOps-Hub\\devopshub\\node_modules\\@radix-ui\\react-select\\node_modules\\react-remove-scroll\\node_modules\\react-style-singleton'
228 warn ERESOLVE     },
228 warn ERESOLVE     location: 'node_modules/react',
228 warn ERESOLVE     isWorkspace: false,
228 warn ERESOLVE     dependents: [ [Object] ]
228 warn ERESOLVE   },
228 warn ERESOLVE   force: true,
228 warn ERESOLVE   isMine: false,
228 warn ERESOLVE   strictPeerDeps: false,
228 warn ERESOLVE   current: {
228 warn ERESOLVE     name: 'react',
228 warn ERESOLVE     version: '19.0.0-rc-66855b96-20241106',
228 warn ERESOLVE     location: 'node_modules/react',
228 warn ERESOLVE     isWorkspace: false,
228 warn ERESOLVE     dependents: [ [Object] ]
228 warn ERESOLVE   },
228 warn ERESOLVE   peerConflict: {
228 warn ERESOLVE     current: {
228 warn ERESOLVE       name: 'react',
228 warn ERESOLVE       version: '19.0.0-rc-66855b96-20241106',
228 warn ERESOLVE       location: 'node_modules/react',
228 warn ERESOLVE       isWorkspace: false,
228 warn ERESOLVE       dependents: [Array]
228 warn ERESOLVE     },
228 warn ERESOLVE     peer: {
228 warn ERESOLVE       name: 'react',
228 warn ERESOLVE       version: '18.3.1',
228 warn ERESOLVE       whileInstalling: [Object],
228 warn ERESOLVE       location: 'node_modules/react',
228 warn ERESOLVE       isWorkspace: false,
228 warn ERESOLVE       dependents: [Array]
228 warn ERESOLVE     }
228 warn ERESOLVE   }
228 warn ERESOLVE }
229 warn ERESOLVE overriding peer dependency {
229 warn ERESOLVE   code: 'ERESOLVE',
229 warn ERESOLVE   edge: {
229 warn ERESOLVE     type: 'peer',
229 warn ERESOLVE     name: 'react',
229 warn ERESOLVE     spec: '^16.8.0 || ^17.0.0 || ^18.0.0',
229 warn ERESOLVE     error: 'INVALID',
229 warn ERESOLVE     from: {
229 warn ERESOLVE       name: 'use-callback-ref',
229 warn ERESOLVE       version: '1.3.2',
229 warn ERESOLVE       location: 'node_modules/@radix-ui/react-select/node_modules/react-remove-scroll/node_modules/use-callback-ref',
229 warn ERESOLVE       isWorkspace: false,
229 warn ERESOLVE       dependents: [Array]
229 warn ERESOLVE     }
229 warn ERESOLVE   },
229 warn ERESOLVE   dep: {
229 warn ERESOLVE     name: 'react',
229 warn ERESOLVE     version: '18.3.1',
229 warn ERESOLVE     whileInstalling: {
229 warn ERESOLVE       name: 'use-callback-ref',
229 warn ERESOLVE       version: '1.3.2',
229 warn ERESOLVE       path: 'C:\\Users\\saadr\\Desktop\\DevOps-Hub\\devopshub\\node_modules\\@radix-ui\\react-select\\node_modules\\react-remove-scroll\\node_modules\\use-callback-ref'
229 warn ERESOLVE     },
229 warn ERESOLVE     location: 'node_modules/react',
229 warn ERESOLVE     isWorkspace: false,
229 warn ERESOLVE     dependents: [ [Object] ]
229 warn ERESOLVE   },
229 warn ERESOLVE   force: true,
229 warn ERESOLVE   isMine: false,
229 warn ERESOLVE   strictPeerDeps: false,
229 warn ERESOLVE   current: {
229 warn ERESOLVE     name: 'react',
229 warn ERESOLVE     version: '19.0.0-rc-66855b96-20241106',
229 warn ERESOLVE     location: 'node_modules/react',
229 warn ERESOLVE     isWorkspace: false,
229 warn ERESOLVE     dependents: [ [Object] ]
229 warn ERESOLVE   },
229 warn ERESOLVE   peerConflict: {
229 warn ERESOLVE     current: {
229 warn ERESOLVE       name: 'react',
229 warn ERESOLVE       version: '19.0.0-rc-66855b96-20241106',
229 warn ERESOLVE       location: 'node_modules/react',
229 warn ERESOLVE       isWorkspace: false,
229 warn ERESOLVE       dependents: [Array]
229 warn ERESOLVE     },
229 warn ERESOLVE     peer: {
229 warn ERESOLVE       name: 'react',
229 warn ERESOLVE       version: '18.3.1',
229 warn ERESOLVE       whileInstalling: [Object],
229 warn ERESOLVE       location: 'node_modules/react',
229 warn ERESOLVE       isWorkspace: false,
229 warn ERESOLVE       dependents: [Array]
229 warn ERESOLVE     }
229 warn ERESOLVE   }
229 warn ERESOLVE }
230 warn ERESOLVE overriding peer dependency {
230 warn ERESOLVE   code: 'ERESOLVE',
230 warn ERESOLVE   edge: {
230 warn ERESOLVE     type: 'peer',
230 warn ERESOLVE     name: 'react',
230 warn ERESOLVE     spec: '^16.8.0 || ^17.0.0 || ^18.0.0',
230 warn ERESOLVE     error: 'INVALID',
230 warn ERESOLVE     from: {
230 warn ERESOLVE       name: 'use-sidecar',
230 warn ERESOLVE       version: '1.1.2',
230 warn ERESOLVE       location: 'node_modules/@radix-ui/react-select/node_modules/react-remove-scroll/node_modules/use-sidecar',
230 warn ERESOLVE       isWorkspace: false,
230 warn ERESOLVE       dependents: [Array]
230 warn ERESOLVE     }
230 warn ERESOLVE   },
230 warn ERESOLVE   dep: {
230 warn ERESOLVE     name: 'react',
230 warn ERESOLVE     version: '18.3.1',
230 warn ERESOLVE     whileInstalling: {
230 warn ERESOLVE       name: 'use-sidecar',
230 warn ERESOLVE       version: '1.1.2',
230 warn ERESOLVE       path: 'C:\\Users\\saadr\\Desktop\\DevOps-Hub\\devopshub\\node_modules\\@radix-ui\\react-select\\node_modules\\react-remove-scroll\\node_modules\\use-sidecar'
230 warn ERESOLVE     },
230 warn ERESOLVE     location: 'node_modules/react',
230 warn ERESOLVE     isWorkspace: false,
230 warn ERESOLVE     dependents: [ [Object] ]
230 warn ERESOLVE   },
230 warn ERESOLVE   force: true,
230 warn ERESOLVE   isMine: false,
230 warn ERESOLVE   strictPeerDeps: false,
230 warn ERESOLVE   current: {
230 warn ERESOLVE     name: 'react',
230 warn ERESOLVE     version: '19.0.0-rc-66855b96-20241106',
230 warn ERESOLVE     location: 'node_modules/react',
230 warn ERESOLVE     isWorkspace: false,
230 warn ERESOLVE     dependents: [ [Object] ]
230 warn ERESOLVE   },
230 warn ERESOLVE   peerConflict: {
230 warn ERESOLVE     current: {
230 warn ERESOLVE       name: 'react',
230 warn ERESOLVE       version: '19.0.0-rc-66855b96-20241106',
230 warn ERESOLVE       location: 'node_modules/react',
230 warn ERESOLVE       isWorkspace: false,
230 warn ERESOLVE       dependents: [Array]
230 warn ERESOLVE     },
230 warn ERESOLVE     peer: {
230 warn ERESOLVE       name: 'react',
230 warn ERESOLVE       version: '18.3.1',
230 warn ERESOLVE       whileInstalling: [Object],
230 warn ERESOLVE       location: 'node_modules/react',
230 warn ERESOLVE       isWorkspace: false,
230 warn ERESOLVE       dependents: [Array]
230 warn ERESOLVE     }
230 warn ERESOLVE   }
230 warn ERESOLVE }
231 silly reify moves {}
232 silly audit bulk request {
232 silly audit   '@alloc/quick-lru': [ '5.2.0' ],
232 silly audit   '@emnapi/runtime': [ '1.3.1' ],
232 silly audit   '@eslint-community/eslint-utils': [ '4.4.1' ],
232 silly audit   '@eslint-community/regexpp': [ '4.12.1' ],
232 silly audit   '@eslint/eslintrc': [ '2.1.4' ],
232 silly audit   '@eslint/js': [ '8.57.1' ],
232 silly audit   '@floating-ui/core': [ '1.6.8' ],
232 silly audit   '@floating-ui/dom': [ '1.6.12' ],
232 silly audit   '@floating-ui/utils': [ '0.2.8' ],
232 silly audit   '@humanwhocodes/config-array': [ '0.13.0' ],
232 silly audit   '@humanwhocodes/module-importer': [ '1.0.1' ],
232 silly audit   '@humanwhocodes/object-schema': [ '2.0.3' ],
232 silly audit   '@img/sharp-darwin-arm64': [ '0.33.5' ],
232 silly audit   '@img/sharp-darwin-x64': [ '0.33.5' ],
232 silly audit   '@img/sharp-libvips-darwin-arm64': [ '1.0.4' ],
232 silly audit   '@img/sharp-libvips-darwin-x64': [ '1.0.4' ],
232 silly audit   '@img/sharp-libvips-linux-arm': [ '1.0.5' ],
232 silly audit   '@img/sharp-libvips-linux-arm64': [ '1.0.4' ],
232 silly audit   '@img/sharp-libvips-linux-s390x': [ '1.0.4' ],
232 silly audit   '@img/sharp-libvips-linux-x64': [ '1.0.4' ],
232 silly audit   '@img/sharp-libvips-linuxmusl-arm64': [ '1.0.4' ],
232 silly audit   '@img/sharp-libvips-linuxmusl-x64': [ '1.0.4' ],
232 silly audit   '@img/sharp-linux-arm': [ '0.33.5' ],
232 silly audit   '@img/sharp-linux-arm64': [ '0.33.5' ],
232 silly audit   '@img/sharp-linux-s390x': [ '0.33.5' ],
232 silly audit   '@img/sharp-linux-x64': [ '0.33.5' ],
232 silly audit   '@img/sharp-linuxmusl-arm64': [ '0.33.5' ],
232 silly audit   '@img/sharp-linuxmusl-x64': [ '0.33.5' ],
232 silly audit   '@img/sharp-wasm32': [ '0.33.5' ],
232 silly audit   '@img/sharp-win32-ia32': [ '0.33.5' ],
232 silly audit   '@img/sharp-win32-x64': [ '0.33.5' ],
232 silly audit   '@isaacs/cliui': [ '8.0.2' ],
232 silly audit   'ansi-regex': [ '6.1.0', '5.0.1' ],
232 silly audit   'strip-ansi': [ '7.1.0', '6.0.1' ],
232 silly audit   '@jridgewell/gen-mapping': [ '0.3.5' ],
232 silly audit   '@jridgewell/resolve-uri': [ '3.1.2' ],
232 silly audit   '@jridgewell/set-array': [ '1.2.1' ],
232 silly audit   '@jridgewell/sourcemap-codec': [ '1.5.0' ],
232 silly audit   '@jridgewell/trace-mapping': [ '0.3.25' ],
232 silly audit   '@next/env': [ '15.0.3' ],
232 silly audit   '@next/eslint-plugin-next': [ '15.0.3' ],
232 silly audit   '@next/swc-darwin-arm64': [ '15.0.3' ],
232 silly audit   '@next/swc-darwin-x64': [ '15.0.3' ],
232 silly audit   '@next/swc-linux-arm64-gnu': [ '15.0.3' ],
232 silly audit   '@next/swc-linux-arm64-musl': [ '15.0.3' ],
232 silly audit   '@next/swc-linux-x64-gnu': [ '15.0.3' ],
232 silly audit   '@next/swc-linux-x64-musl': [ '15.0.3' ],
232 silly audit   '@next/swc-win32-arm64-msvc': [ '15.0.3' ],
232 silly audit   '@next/swc-win32-x64-msvc': [ '15.0.3' ],
232 silly audit   '@nodelib/fs.scandir': [ '2.1.5' ],
232 silly audit   '@nodelib/fs.stat': [ '2.0.5' ],
232 silly audit   '@nodelib/fs.walk': [ '1.2.8' ],
232 silly audit   '@nolyfill/is-core-module': [ '1.0.39' ],
232 silly audit   '@pkgjs/parseargs': [ '0.11.0' ],
232 silly audit   '@radix-ui/number': [ '1.1.0' ],
232 silly audit   '@radix-ui/primitive': [ '1.1.0' ],
232 silly audit   '@radix-ui/react-arrow': [ '1.1.0' ],
232 silly audit   '@radix-ui/react-collection': [ '1.1.0' ],
232 silly audit   '@radix-ui/react-context': [ '1.1.0', '1.1.1' ],
232 silly audit   '@radix-ui/react-compose-refs': [ '1.1.0' ],
232 silly audit   '@radix-ui/react-direction': [ '1.1.0' ],
232 silly audit   '@radix-ui/react-dismissable-layer': [ '1.1.1' ],
232 silly audit   '@radix-ui/react-focus-guards': [ '1.1.1' ],
232 silly audit   '@radix-ui/react-focus-scope': [ '1.1.0' ],
232 silly audit   '@radix-ui/react-id': [ '1.1.0' ],
232 silly audit   '@radix-ui/react-popper': [ '1.2.0' ],
232 silly audit   '@floating-ui/react-dom': [ '2.1.2' ],
232 silly audit   '@radix-ui/react-portal': [ '1.1.2' ],
232 silly audit   '@radix-ui/react-primitive': [ '2.0.0' ],
232 silly audit   '@radix-ui/react-use-callback-ref': [ '1.1.0' ],
232 silly audit   '@radix-ui/react-use-controllable-state': [ '1.1.0' ],
232 silly audit   '@radix-ui/react-use-escape-keydown': [ '1.1.0' ],
232 silly audit   '@radix-ui/react-use-layout-effect': [ '1.1.0' ],
232 silly audit   '@radix-ui/react-use-previous': [ '1.1.0' ],
232 silly audit   '@radix-ui/react-use-rect': [ '1.1.0' ],
232 silly audit   '@radix-ui/react-use-size': [ '1.1.0' ],
232 silly audit   '@radix-ui/react-visually-hidden': [ '1.1.0' ],
232 silly audit   '@radix-ui/rect': [ '1.1.0' ],
232 silly audit   '@rtsao/scc': [ '1.1.0' ],
232 silly audit   '@rushstack/eslint-patch': [ '1.10.4' ],
232 silly audit   '@swc/counter': [ '0.1.3' ],
232 silly audit   '@swc/helpers': [ '0.5.13' ],
232 silly audit   '@types/json5': [ '0.0.29' ],
232 silly audit   '@types/node': [ '20.17.9' ],
232 silly audit   '@types/prop-types': [ '15.7.13' ],
232 silly audit   '@types/react': [ '18.3.12' ],
232 silly audit   '@types/react-dom': [ '18.3.1' ],
232 silly audit   '@typescript-eslint/eslint-plugin': [ '8.16.0' ],
232 silly audit   '@typescript-eslint/parser': [ '8.16.0' ],
232 silly audit   '@typescript-eslint/scope-manager': [ '8.16.0' ],
232 silly audit   '@typescript-eslint/type-utils': [ '8.16.0' ],
232 silly audit   '@typescript-eslint/types': [ '8.16.0' ],
232 silly audit   '@typescript-eslint/typescript-estree': [ '8.16.0' ],
232 silly audit   'brace-expansion': [ '2.0.1', '1.1.11' ],
232 silly audit   'fast-glob': [ '3.3.2', '3.3.1' ],
232 silly audit   'glob-parent': [ '5.1.2', '6.0.2' ],
232 silly audit   minimatch: [ '9.0.5', '3.1.2' ],
232 silly audit   '@typescript-eslint/utils': [ '8.16.0' ],
232 silly audit   '@typescript-eslint/visitor-keys': [ '8.16.0' ],
232 silly audit   'eslint-visitor-keys': [ '4.2.0', '3.4.3' ],
232 silly audit   '@ungap/structured-clone': [ '1.2.0' ],
232 silly audit   acorn: [ '8.14.0' ],
232 silly audit   'acorn-jsx': [ '5.3.2' ],
232 silly audit   ajv: [ '6.12.6' ],
232 silly audit   'ansi-styles': [ '4.3.0', '6.2.1' ],
232 silly audit   'any-promise': [ '1.3.0' ],
232 silly audit   anymatch: [ '3.1.3' ],
232 silly audit   arg: [ '5.0.2' ],
232 silly audit   argparse: [ '2.0.1' ],
232 silly audit   'aria-hidden': [ '1.2.4' ],
232 silly audit   'aria-query': [ '5.3.2' ],
232 silly audit   'array-buffer-byte-length': [ '1.0.1' ],
232 silly audit   'array-includes': [ '3.1.8' ],
232 silly audit   'array.prototype.findlast': [ '1.2.5' ],
232 silly audit   'array.prototype.findlastindex': [ '1.2.5' ],
232 silly audit   'array.prototype.flat': [ '1.3.2' ],
232 silly audit   'array.prototype.flatmap': [ '1.3.2' ],
232 silly audit   'array.prototype.tosorted': [ '1.1.4' ],
232 silly audit   'arraybuffer.prototype.slice': [ '1.0.3' ],
232 silly audit   'ast-types-flow': [ '0.0.8' ],
232 silly audit   'available-typed-arrays': [ '1.0.7' ],
232 silly audit   'axe-core': [ '4.10.2' ],
232 silly audit   'axobject-query': [ '4.1.0' ],
232 silly audit   'balanced-match': [ '1.0.2' ],
232 silly audit   'binary-extensions': [ '2.3.0' ],
232 silly audit   braces: [ '3.0.3' ],
232 silly audit   busboy: [ '1.6.0' ],
232 silly audit   'call-bind': [ '1.0.7' ],
232 silly audit   callsites: [ '3.1.0' ],
232 silly audit   'camelcase-css': [ '2.0.1' ],
232 silly audit   'caniuse-lite': [ '1.0.30001685' ],
232 silly audit   chalk: [ '4.1.2' ],
232 silly audit   chokidar: [ '3.6.0' ],
232 silly audit   'class-variance-authority': [ '0.7.1' ],
232 silly audit   'client-only': [ '0.0.1' ],
232 silly audit   clsx: [ '2.1.1' ],
232 silly audit   color: [ '4.2.3' ],
232 silly audit   'color-convert': [ '2.0.1' ],
232 silly audit   'color-name': [ '1.1.4' ],
232 silly audit   'color-string': [ '1.9.1' ],
232 silly audit   commander: [ '4.1.1' ],
232 silly audit   'concat-map': [ '0.0.1' ],
232 silly audit   'cross-spawn': [ '7.0.6' ],
232 silly audit   cssesc: [ '3.0.0' ],
232 silly audit   csstype: [ '3.1.3', '3.1.1' ],
232 silly audit   'damerau-levenshtein': [ '1.0.8' ],
232 silly audit   'data-view-buffer': [ '1.0.1' ],
232 silly audit   'data-view-byte-length': [ '1.0.1' ],
232 silly audit   'data-view-byte-offset': [ '1.0.0' ],
232 silly audit   debug: [ '4.3.7', '3.2.7' ],
232 silly audit   'deep-is': [ '0.1.4' ],
232 silly audit   'define-data-property': [ '1.1.4' ],
232 silly audit   'define-properties': [ '1.2.1' ],
232 silly audit   'detect-libc': [ '2.0.3' ],
232 silly audit   'detect-node-es': [ '1.1.0' ],
232 silly audit   didyoumean: [ '1.2.2' ],
232 silly audit   dlv: [ '1.1.3' ],
232 silly audit   doctrine: [ '3.0.0', '2.1.0' ],
232 silly audit   eastasianwidth: [ '0.2.0' ],
232 silly audit   'emoji-regex': [ '9.2.2', '8.0.0' ],
232 silly audit   'enhanced-resolve': [ '5.17.1' ],
232 silly audit   'es-abstract': [ '1.23.5' ],
232 silly audit   'es-define-property': [ '1.0.0' ],
232 silly audit   'es-errors': [ '1.3.0' ],
232 silly audit   'es-iterator-helpers': [ '1.2.0' ],
232 silly audit   'es-object-atoms': [ '1.0.0' ],
232 silly audit   'es-set-tostringtag': [ '2.0.3' ],
232 silly audit   'es-shim-unscopables': [ '1.0.2' ],
232 silly audit   'es-to-primitive': [ '1.3.0' ],
232 silly audit   'escape-string-regexp': [ '4.0.0' ],
232 silly audit   eslint: [ '8.57.1' ],
232 silly audit   'eslint-config-next': [ '15.0.3' ],
232 silly audit   'eslint-import-resolver-node': [ '0.3.9' ],
232 silly audit   'eslint-import-resolver-typescript': [ '3.6.3' ],
232 silly audit   'eslint-module-utils': [ '2.12.0' ],
232 silly audit   'eslint-plugin-import': [ '2.31.0' ],
232 silly audit   semver: [ '6.3.1', '7.6.3' ],
232 silly audit   'eslint-plugin-jsx-a11y': [ '6.10.2' ],
232 silly audit   'eslint-plugin-react': [ '7.37.2' ],
232 silly audit   'eslint-plugin-react-hooks': [ '5.0.0' ],
232 silly audit   resolve: [ '2.0.0-next.5', '1.22.8' ],
232 silly audit   'eslint-scope': [ '7.2.2' ],
232 silly audit   espree: [ '9.6.1' ],
232 silly audit   esquery: [ '1.6.0' ],
232 silly audit   esrecurse: [ '4.3.0' ],
232 silly audit   estraverse: [ '5.3.0' ],
232 silly audit   esutils: [ '2.0.3' ],
232 silly audit   'fast-deep-equal': [ '3.1.3' ],
232 silly audit   'fast-json-stable-stringify': [ '2.1.0' ],
232 silly audit   'fast-levenshtein': [ '2.0.6' ],
232 silly audit   fastq: [ '1.17.1' ],
232 silly audit   'file-entry-cache': [ '6.0.1' ],
232 silly audit   'fill-range': [ '7.1.1' ],
232 silly audit   'find-up': [ '5.0.0' ],
232 silly audit   'flat-cache': [ '3.2.0' ],
232 silly audit   flatted: [ '3.3.2' ],
232 silly audit   'for-each': [ '0.3.3' ],
232 silly audit   'foreground-child': [ '3.3.0' ],
232 silly audit   'fs.realpath': [ '1.0.0' ],
232 silly audit   fsevents: [ '2.3.3' ],
232 silly audit   'function-bind': [ '1.1.2' ],
232 silly audit   'function.prototype.name': [ '1.1.6' ],
232 silly audit   'functions-have-names': [ '1.2.3' ],
232 silly audit   'get-intrinsic': [ '1.2.4' ],
232 silly audit   'get-nonce': [ '1.0.1' ],
232 silly audit   'get-symbol-description': [ '1.0.2' ],
232 silly audit   'get-tsconfig': [ '4.8.1' ],
232 silly audit   glob: [ '7.2.3', '10.4.5' ],
232 silly audit   globals: [ '13.24.0' ],
232 silly audit   globalthis: [ '1.0.4' ],
232 silly audit   gopd: [ '1.1.0' ],
232 silly audit   'graceful-fs': [ '4.2.11' ],
232 silly audit   graphemer: [ '1.4.0' ],
232 silly audit   'has-bigints': [ '1.0.2' ],
232 silly audit   'has-flag': [ '4.0.0' ],
232 silly audit   'has-property-descriptors': [ '1.0.2' ],
232 silly audit   'has-proto': [ '1.1.0' ],
232 silly audit   'has-symbols': [ '1.0.3' ],
232 silly audit   'has-tostringtag': [ '1.0.2' ],
232 silly audit   hasown: [ '2.0.2' ],
232 silly audit   ignore: [ '5.3.2' ],
232 silly audit   'import-fresh': [ '3.3.0' ],
232 silly audit   imurmurhash: [ '0.1.4' ],
232 silly audit   inflight: [ '1.0.6' ],
232 silly audit   inherits: [ '2.0.4' ],
232 silly audit   'internal-slot': [ '1.0.7' ],
232 silly audit   invariant: [ '2.2.4' ],
232 silly audit   'is-array-buffer': [ '3.0.4' ],
232 silly audit   'is-arrayish': [ '0.3.2' ],
232 silly audit   'is-async-function': [ '2.0.0' ],
232 silly audit   'is-bigint': [ '1.0.4' ],
232 silly audit   'is-binary-path': [ '2.1.0' ],
232 silly audit   'is-boolean-object': [ '1.2.0' ],
232 silly audit   'is-bun-module': [ '1.3.0' ],
232 silly audit   'is-callable': [ '1.2.7' ],
232 silly audit   'is-core-module': [ '2.15.1' ],
232 silly audit   'is-data-view': [ '1.0.1' ],
232 silly audit   'is-date-object': [ '1.0.5' ],
232 silly audit   'is-extglob': [ '2.1.1' ],
232 silly audit   'is-finalizationregistry': [ '1.1.0' ],
232 silly audit   'is-fullwidth-code-point': [ '3.0.0' ],
232 silly audit   'is-generator-function': [ '1.0.10' ],
232 silly audit   'is-glob': [ '4.0.3' ],
232 silly audit   'is-map': [ '2.0.3' ],
232 silly audit   'is-negative-zero': [ '2.0.3' ],
232 silly audit   'is-number': [ '7.0.0' ],
232 silly audit   'is-number-object': [ '1.1.0' ],
232 silly audit   'is-path-inside': [ '3.0.3' ],
232 silly audit   'is-regex': [ '1.2.0' ],
232 silly audit   'is-set': [ '2.0.3' ],
232 silly audit   'is-shared-array-buffer': [ '1.0.3' ],
232 silly audit   'is-string': [ '1.1.0' ],
232 silly audit   'is-symbol': [ '1.0.4' ],
232 silly audit   'is-typed-array': [ '1.1.13' ],
232 silly audit   'is-weakmap': [ '2.0.2' ],
232 silly audit   'is-weakref': [ '1.0.2' ],
232 silly audit   'is-weakset': [ '2.0.3' ],
232 silly audit   isarray: [ '2.0.5' ],
232 silly audit   isexe: [ '2.0.0' ],
232 silly audit   'iterator.prototype': [ '1.1.3' ],
232 silly audit   jackspeak: [ '3.4.3' ],
232 silly audit   jiti: [ '1.21.6' ],
232 silly audit   'js-tokens': [ '4.0.0' ],
232 silly audit   'js-yaml': [ '4.1.0' ],
232 silly audit   'json-buffer': [ '3.0.1' ],
232 silly audit   'json-schema-traverse': [ '0.4.1' ],
232 silly audit   'json-stable-stringify-without-jsonify': [ '1.0.1' ],
232 silly audit   json5: [ '1.0.2' ],
232 silly audit   'jsx-ast-utils': [ '3.3.5' ],
232 silly audit   keyv: [ '4.5.4' ],
232 silly audit   'language-subtag-registry': [ '0.3.23' ],
232 silly audit   'language-tags': [ '1.0.9' ],
232 silly audit   levn: [ '0.4.1' ],
232 silly audit   lilconfig: [ '2.1.0', '3.1.2' ],
232 silly audit   'lines-and-columns': [ '1.2.4' ],
232 silly audit   'locate-path': [ '6.0.0' ],
232 silly audit   'lodash.merge': [ '4.6.2' ],
232 silly audit   'loose-envify': [ '1.4.0' ],
232 silly audit   'lru-cache': [ '10.4.3' ],
232 silly audit   'lucide-react': [ '0.462.0' ],
232 silly audit   merge2: [ '1.4.1' ],
232 silly audit   micromatch: [ '4.0.8' ],
232 silly audit   minimist: [ '1.2.8' ],
232 silly audit   minipass: [ '7.1.2' ],
232 silly audit   ms: [ '2.1.3' ],
232 silly audit   mz: [ '2.7.0' ],
232 silly audit   nanoid: [ '3.3.8' ],
232 silly audit   'natural-compare': [ '1.4.0' ],
232 silly audit   next: [ '15.0.3' ],
232 silly audit   postcss: [ '8.4.31', '8.4.49' ],
232 silly audit   'normalize-path': [ '3.0.0' ],
232 silly audit   'object-assign': [ '4.1.1' ],
232 silly audit   'object-hash': [ '3.0.0' ],
232 silly audit   'object-inspect': [ '1.13.3' ],
232 silly audit   'object-keys': [ '1.1.1' ],
232 silly audit   'object.assign': [ '4.1.5' ],
232 silly audit   'object.entries': [ '1.1.8' ],
232 silly audit   'object.fromentries': [ '2.0.8' ],
232 silly audit   'object.groupby': [ '1.0.3' ],
232 silly audit   'object.values': [ '1.2.0' ],
232 silly audit   once: [ '1.4.0' ],
232 silly audit   optionator: [ '0.9.4' ],
232 silly audit   'p-limit': [ '3.1.0' ],
232 silly audit   'p-locate': [ '5.0.0' ],
232 silly audit   'package-json-from-dist': [ '1.0.1' ],
232 silly audit   'parent-module': [ '1.0.1' ],
232 silly audit   'path-exists': [ '4.0.0' ],
232 silly audit   'path-is-absolute': [ '1.0.1' ],
232 silly audit   'path-key': [ '3.1.1' ],
232 silly audit   'path-parse': [ '1.0.7' ],
232 silly audit   'path-scurry': [ '1.11.1' ],
232 silly audit   picocolors: [ '1.1.1' ],
232 silly audit   picomatch: [ '2.3.1' ],
232 silly audit   pify: [ '2.3.0' ],
232 silly audit   pirates: [ '4.0.6' ],
232 silly audit   'possible-typed-array-names': [ '1.0.0' ],
232 silly audit   'postcss-import': [ '15.1.0' ],
232 silly audit   'postcss-js': [ '4.0.1' ],
232 silly audit   'postcss-load-config': [ '4.0.2' ],
232 silly audit   'postcss-nested': [ '6.2.0' ],
232 silly audit   'postcss-selector-parser': [ '6.1.2' ],
232 silly audit   'postcss-value-parser': [ '4.2.0' ],
232 silly audit   'prelude-ls': [ '1.2.1' ],
232 silly audit   'prop-types': [ '15.8.1' ],
232 silly audit   punycode: [ '2.3.1' ],
232 silly audit   'queue-microtask': [ '1.2.3' ],
232 silly audit   react: [ '19.0.0-rc-66855b96-20241106' ],
232 silly audit   'react-dom': [ '19.0.0-rc-66855b96-20241106' ],
232 silly audit   'react-is': [ '16.13.1' ],
232 silly audit   'read-cache': [ '1.0.0' ],
232 silly audit   readdirp: [ '3.6.0' ],
232 silly audit   'reflect.getprototypeof': [ '1.0.7' ],
232 silly audit   'regexp.prototype.flags': [ '1.5.3' ],
232 silly audit   'resolve-from': [ '4.0.0' ],
232 silly audit   'resolve-pkg-maps': [ '1.0.0' ],
232 silly audit   reusify: [ '1.0.4' ],
232 silly audit   rimraf: [ '3.0.2' ],
232 silly audit   'run-parallel': [ '1.2.0' ],
232 silly audit   'safe-array-concat': [ '1.1.2' ],
232 silly audit   'safe-regex-test': [ '1.0.3' ],
232 silly audit   scheduler: [ '0.25.0-rc-66855b96-20241106' ],
232 silly audit   'set-function-length': [ '1.2.2' ],
232 silly audit   'set-function-name': [ '2.0.2' ],
232 silly audit   sharp: [ '0.33.5' ],
232 silly audit   'shebang-command': [ '2.0.0' ],
232 silly audit   'shebang-regex': [ '3.0.0' ],
232 silly audit   'side-channel': [ '1.0.6' ],
232 silly audit   'signal-exit': [ '4.1.0' ],
232 silly audit   'simple-swizzle': [ '0.2.2' ],
232 silly audit   'source-map-js': [ '1.2.1' ],
232 silly audit   streamsearch: [ '1.1.0' ],
232 silly audit   'string-width': [ '5.1.2', '4.2.3' ],
232 silly audit   'string.prototype.includes': [ '2.0.1' ],
232 silly audit   'string.prototype.matchall': [ '4.0.11' ],
232 silly audit   'string.prototype.repeat': [ '1.0.0' ],
232 silly audit   'string.prototype.trim': [ '1.2.9' ],
232 silly audit   'string.prototype.trimend': [ '1.0.8' ],
232 silly audit   'string.prototype.trimstart': [ '1.0.8' ],
232 silly audit   'strip-bom': [ '3.0.0' ],
232 silly audit   'strip-json-comments': [ '3.1.1' ],
232 silly audit   'styled-jsx': [ '5.1.6' ],
232 silly audit   sucrase: [ '3.35.0' ],
232 silly audit   'supports-color': [ '7.2.0' ],
232 silly audit   'supports-preserve-symlinks-flag': [ '1.0.0' ],
232 silly audit   'tailwind-merge': [ '2.5.5' ],
232 silly audit   tailwindcss: [ '3.4.15' ],
232 silly audit   'tailwindcss-animate': [ '1.0.7' ],
232 silly audit   tapable: [ '2.2.1' ],
232 silly audit   'text-table': [ '0.2.0' ],
232 silly audit   thenify: [ '3.3.1' ],
232 silly audit   'thenify-all': [ '1.6.0' ],
232 silly audit   'to-regex-range': [ '5.0.1' ],
232 silly audit   'ts-api-utils': [ '1.4.3' ],
232 silly audit   'ts-interface-checker': [ '0.1.13' ],
232 silly audit   'tsconfig-paths': [ '3.15.0' ],
232 silly audit   tslib: [ '2.8.1', '2.4.1' ],
232 silly audit   'type-check': [ '0.4.0' ],
232 silly audit   'type-fest': [ '0.20.2', '2.19.0' ],
232 silly audit   'typed-array-buffer': [ '1.0.2' ],
232 silly audit   'typed-array-byte-length': [ '1.0.1' ],
232 silly audit   'typed-array-byte-offset': [ '1.0.3' ],
232 silly audit   'typed-array-length': [ '1.0.7' ],
232 silly audit   typescript: [ '5.7.2' ],
232 silly audit   'unbox-primitive': [ '1.0.2' ],
232 silly audit   'undici-types': [ '6.19.8' ],
232 silly audit   'uri-js': [ '4.4.1' ],
232 silly audit   'util-deprecate': [ '1.0.2' ],
232 silly audit   which: [ '2.0.2' ],
232 silly audit   'which-boxed-primitive': [ '1.0.2' ],
232 silly audit   'which-builtin-type': [ '1.2.0' ],
232 silly audit   'which-collection': [ '1.0.2' ],
232 silly audit   'which-typed-array': [ '1.1.16' ],
232 silly audit   'word-wrap': [ '1.2.5' ],
232 silly audit   'wrap-ansi': [ '8.1.0', '7.0.0' ],
232 silly audit   wrappy: [ '1.0.2' ],
232 silly audit   yaml: [ '2.6.1' ],
232 silly audit   'yocto-queue': [ '0.1.0' ],
232 silly audit   '@clerk/nextjs': [ '6.5.1' ],
232 silly audit   '@radix-ui/react-avatar': [ '1.1.1' ],
232 silly audit   '@radix-ui/react-select': [ '2.1.2' ],
232 silly audit   'react-remove-scroll': [ '2.6.0' ],
232 silly audit   'react-remove-scroll-bar': [ '2.3.6' ],
232 silly audit   'react-style-singleton': [ '2.2.1' ],
232 silly audit   'use-callback-ref': [ '1.3.2' ],
232 silly audit   'use-sidecar': [ '1.1.2' ],
232 silly audit   '@radix-ui/react-slot': [ '1.1.0' ],
232 silly audit   'next-themes': [ '0.4.3' ],
232 silly audit   '@clerk/backend': [ '1.18.0' ],
232 silly audit   '@clerk/clerk-react': [ '5.17.1' ],
232 silly audit   '@clerk/shared': [ '2.17.0' ],
232 silly audit   '@clerk/types': [ '4.35.0' ],
232 silly audit   'crypto-js': [ '4.2.0' ],
232 silly audit   ezheaders: [ '0.1.0' ],
232 silly audit   'server-only': [ '0.0.1' ],
232 silly audit   cookie: [ '0.7.0' ],
232 silly audit   'snakecase-keys': [ '5.4.4' ],
232 silly audit   dequal: [ '2.0.3' ],
232 silly audit   'glob-to-regexp': [ '0.4.1' ],
232 silly audit   'js-cookie': [ '3.0.5' ],
232 silly audit   'std-env': [ '3.8.0' ],
232 silly audit   swr: [ '2.2.5' ],
232 silly audit   'map-obj': [ '4.3.0' ],
232 silly audit   'snake-case': [ '3.0.4' ],
232 silly audit   'dot-case': [ '3.0.4' ],
232 silly audit   'no-case': [ '3.0.4' ],
232 silly audit   'lower-case': [ '2.0.2' ],
232 silly audit   'use-sync-external-store': [ '1.2.2' ]
232 silly audit }
233 verbose reify failed optional dependency C:\Users\saadr\Desktop\DevOps-Hub\devopshub\node_modules\fsevents
234 silly reify mark deleted [
234 silly reify   'C:\\Users\\saadr\\Desktop\\DevOps-Hub\\devopshub\\node_modules\\fsevents'
234 silly reify ]
235 verbose reify failed optional dependency C:\Users\saadr\Desktop\DevOps-Hub\devopshub\node_modules\@next\swc-win32-arm64-msvc
236 silly reify mark deleted [
236 silly reify   'C:\\Users\\saadr\\Desktop\\DevOps-Hub\\devopshub\\node_modules\\@next\\swc-win32-arm64-msvc'
236 silly reify ]
237 verbose reify failed optional dependency C:\Users\saadr\Desktop\DevOps-Hub\devopshub\node_modules\@next\swc-linux-x64-musl
238 silly reify mark deleted [
238 silly reify   'C:\\Users\\saadr\\Desktop\\DevOps-Hub\\devopshub\\node_modules\\@next\\swc-linux-x64-musl'
238 silly reify ]
239 verbose reify failed optional dependency C:\Users\saadr\Desktop\DevOps-Hub\devopshub\node_modules\@next\swc-linux-x64-gnu
240 silly reify mark deleted [
240 silly reify   'C:\\Users\\saadr\\Desktop\\DevOps-Hub\\devopshub\\node_modules\\@next\\swc-linux-x64-gnu'
240 silly reify ]
241 verbose reify failed optional dependency C:\Users\saadr\Desktop\DevOps-Hub\devopshub\node_modules\@next\swc-linux-arm64-musl
242 silly reify mark deleted [
242 silly reify   'C:\\Users\\saadr\\Desktop\\DevOps-Hub\\devopshub\\node_modules\\@next\\swc-linux-arm64-musl'
242 silly reify ]
243 verbose reify failed optional dependency C:\Users\saadr\Desktop\DevOps-Hub\devopshub\node_modules\@next\swc-linux-arm64-gnu
244 silly reify mark deleted [
244 silly reify   'C:\\Users\\saadr\\Desktop\\DevOps-Hub\\devopshub\\node_modules\\@next\\swc-linux-arm64-gnu'
244 silly reify ]
245 verbose reify failed optional dependency C:\Users\saadr\Desktop\DevOps-Hub\devopshub\node_modules\@next\swc-darwin-x64
246 silly reify mark deleted [
246 silly reify   'C:\\Users\\saadr\\Desktop\\DevOps-Hub\\devopshub\\node_modules\\@next\\swc-darwin-x64'
246 silly reify ]
247 verbose reify failed optional dependency C:\Users\saadr\Desktop\DevOps-Hub\devopshub\node_modules\@next\swc-darwin-arm64
248 silly reify mark deleted [
248 silly reify   'C:\\Users\\saadr\\Desktop\\DevOps-Hub\\devopshub\\node_modules\\@next\\swc-darwin-arm64'
248 silly reify ]
249 verbose reify failed optional dependency C:\Users\saadr\Desktop\DevOps-Hub\devopshub\node_modules\@img\sharp-win32-ia32
250 silly reify mark deleted [
250 silly reify   'C:\\Users\\saadr\\Desktop\\DevOps-Hub\\devopshub\\node_modules\\@img\\sharp-win32-ia32'
250 silly reify ]
251 verbose reify failed optional dependency C:\Users\saadr\Desktop\DevOps-Hub\devopshub\node_modules\@img\sharp-wasm32
252 silly reify mark deleted [
252 silly reify   'C:\\Users\\saadr\\Desktop\\DevOps-Hub\\devopshub\\node_modules\\@img\\sharp-wasm32'
252 silly reify ]
253 verbose reify failed optional dependency C:\Users\saadr\Desktop\DevOps-Hub\devopshub\node_modules\@emnapi\runtime
254 silly reify mark deleted [
254 silly reify   'C:\\Users\\saadr\\Desktop\\DevOps-Hub\\devopshub\\node_modules\\@emnapi\\runtime'
254 silly reify ]
255 verbose reify failed optional dependency C:\Users\saadr\Desktop\DevOps-Hub\devopshub\node_modules\@img\sharp-linuxmusl-x64
256 silly reify mark deleted [
256 silly reify   'C:\\Users\\saadr\\Desktop\\DevOps-Hub\\devopshub\\node_modules\\@img\\sharp-linuxmusl-x64'
256 silly reify ]
257 verbose reify failed optional dependency C:\Users\saadr\Desktop\DevOps-Hub\devopshub\node_modules\@img\sharp-linuxmusl-arm64
258 silly reify mark deleted [
258 silly reify   'C:\\Users\\saadr\\Desktop\\DevOps-Hub\\devopshub\\node_modules\\@img\\sharp-linuxmusl-arm64'
258 silly reify ]
259 verbose reify failed optional dependency C:\Users\saadr\Desktop\DevOps-Hub\devopshub\node_modules\@img\sharp-linux-x64
260 silly reify mark deleted [
260 silly reify   'C:\\Users\\saadr\\Desktop\\DevOps-Hub\\devopshub\\node_modules\\@img\\sharp-linux-x64'
260 silly reify ]
261 verbose reify failed optional dependency C:\Users\saadr\Desktop\DevOps-Hub\devopshub\node_modules\@img\sharp-linux-s390x
262 silly reify mark deleted [
262 silly reify   'C:\\Users\\saadr\\Desktop\\DevOps-Hub\\devopshub\\node_modules\\@img\\sharp-linux-s390x'
262 silly reify ]
263 verbose reify failed optional dependency C:\Users\saadr\Desktop\DevOps-Hub\devopshub\node_modules\@img\sharp-linux-arm64
264 silly reify mark deleted [
264 silly reify   'C:\\Users\\saadr\\Desktop\\DevOps-Hub\\devopshub\\node_modules\\@img\\sharp-linux-arm64'
264 silly reify ]
265 verbose reify failed optional dependency C:\Users\saadr\Desktop\DevOps-Hub\devopshub\node_modules\@img\sharp-linux-arm
266 silly reify mark deleted [
266 silly reify   'C:\\Users\\saadr\\Desktop\\DevOps-Hub\\devopshub\\node_modules\\@img\\sharp-linux-arm'
266 silly reify ]
267 verbose reify failed optional dependency C:\Users\saadr\Desktop\DevOps-Hub\devopshub\node_modules\@img\sharp-libvips-linuxmusl-x64
268 silly reify mark deleted [
268 silly reify   'C:\\Users\\saadr\\Desktop\\DevOps-Hub\\devopshub\\node_modules\\@img\\sharp-libvips-linuxmusl-x64'
268 silly reify ]
269 verbose reify failed optional dependency C:\Users\saadr\Desktop\DevOps-Hub\devopshub\node_modules\@img\sharp-libvips-linuxmusl-arm64
270 silly reify mark deleted [
270 silly reify   'C:\\Users\\saadr\\Desktop\\DevOps-Hub\\devopshub\\node_modules\\@img\\sharp-libvips-linuxmusl-arm64'
270 silly reify ]
271 verbose reify failed optional dependency C:\Users\saadr\Desktop\DevOps-Hub\devopshub\node_modules\@img\sharp-libvips-linux-x64
272 silly reify mark deleted [
272 silly reify   'C:\\Users\\saadr\\Desktop\\DevOps-Hub\\devopshub\\node_modules\\@img\\sharp-libvips-linux-x64'
272 silly reify ]
273 verbose reify failed optional dependency C:\Users\saadr\Desktop\DevOps-Hub\devopshub\node_modules\@img\sharp-libvips-linux-s390x
274 silly reify mark deleted [
274 silly reify   'C:\\Users\\saadr\\Desktop\\DevOps-Hub\\devopshub\\node_modules\\@img\\sharp-libvips-linux-s390x'
274 silly reify ]
275 verbose reify failed optional dependency C:\Users\saadr\Desktop\DevOps-Hub\devopshub\node_modules\@img\sharp-libvips-linux-arm64
276 silly reify mark deleted [
276 silly reify   'C:\\Users\\saadr\\Desktop\\DevOps-Hub\\devopshub\\node_modules\\@img\\sharp-libvips-linux-arm64'
276 silly reify ]
277 verbose reify failed optional dependency C:\Users\saadr\Desktop\DevOps-Hub\devopshub\node_modules\@img\sharp-libvips-linux-arm
278 silly reify mark deleted [
278 silly reify   'C:\\Users\\saadr\\Desktop\\DevOps-Hub\\devopshub\\node_modules\\@img\\sharp-libvips-linux-arm'
278 silly reify ]
279 verbose reify failed optional dependency C:\Users\saadr\Desktop\DevOps-Hub\devopshub\node_modules\@img\sharp-libvips-darwin-x64
280 silly reify mark deleted [
280 silly reify   'C:\\Users\\saadr\\Desktop\\DevOps-Hub\\devopshub\\node_modules\\@img\\sharp-libvips-darwin-x64'
280 silly reify ]
281 verbose reify failed optional dependency C:\Users\saadr\Desktop\DevOps-Hub\devopshub\node_modules\@img\sharp-libvips-darwin-arm64
282 silly reify mark deleted [
282 silly reify   'C:\\Users\\saadr\\Desktop\\DevOps-Hub\\devopshub\\node_modules\\@img\\sharp-libvips-darwin-arm64'
282 silly reify ]
283 verbose reify failed optional dependency C:\Users\saadr\Desktop\DevOps-Hub\devopshub\node_modules\@img\sharp-darwin-x64
284 silly reify mark deleted [
284 silly reify   'C:\\Users\\saadr\\Desktop\\DevOps-Hub\\devopshub\\node_modules\\@img\\sharp-darwin-x64'
284 silly reify ]
285 verbose reify failed optional dependency C:\Users\saadr\Desktop\DevOps-Hub\devopshub\node_modules\@img\sharp-darwin-arm64
286 silly reify mark deleted [
286 silly reify   'C:\\Users\\saadr\\Desktop\\DevOps-Hub\\devopshub\\node_modules\\@img\\sharp-darwin-arm64'
286 silly reify ]
287 silly tarball no local data for lower-case@https://registry.npmjs.org/lower-case/-/lower-case-2.0.2.tgz. Extracting by manifest.
288 silly tarball no local data for no-case@https://registry.npmjs.org/no-case/-/no-case-3.0.4.tgz. Extracting by manifest.
289 silly tarball no local data for dot-case@https://registry.npmjs.org/dot-case/-/dot-case-3.0.4.tgz. Extracting by manifest.
290 silly tarball no local data for snake-case@https://registry.npmjs.org/snake-case/-/snake-case-3.0.4.tgz. Extracting by manifest.
291 silly tarball no local data for map-obj@https://registry.npmjs.org/map-obj/-/map-obj-4.3.0.tgz. Extracting by manifest.
292 silly tarball no local data for std-env@https://registry.npmjs.org/std-env/-/std-env-3.8.0.tgz. Extracting by manifest.
293 silly tarball no local data for js-cookie@https://registry.npmjs.org/js-cookie/-/js-cookie-3.0.5.tgz. Extracting by manifest.
294 silly tarball no local data for glob-to-regexp@https://registry.npmjs.org/glob-to-regexp/-/glob-to-regexp-0.4.1.tgz. Extracting by manifest.
295 silly tarball no local data for dequal@https://registry.npmjs.org/dequal/-/dequal-2.0.3.tgz. Extracting by manifest.
296 silly tarball no local data for snakecase-keys@https://registry.npmjs.org/snakecase-keys/-/snakecase-keys-5.4.4.tgz. Extracting by manifest.
297 silly tarball no local data for type-fest@https://registry.npmjs.org/type-fest/-/type-fest-2.19.0.tgz. Extracting by manifest.
298 silly tarball no local data for cookie@https://registry.npmjs.org/cookie/-/cookie-0.7.0.tgz. Extracting by manifest.
299 silly tarball no local data for server-only@https://registry.npmjs.org/server-only/-/server-only-0.0.1.tgz. Extracting by manifest.
300 silly tarball no local data for ezheaders@https://registry.npmjs.org/ezheaders/-/ezheaders-0.1.0.tgz. Extracting by manifest.
301 silly tarball no local data for crypto-js@https://registry.npmjs.org/crypto-js/-/crypto-js-4.2.0.tgz. Extracting by manifest.
302 silly tarball no local data for @clerk/types@https://registry.npmjs.org/@clerk/types/-/types-4.35.0.tgz. Extracting by manifest.
303 silly tarball no local data for csstype@https://registry.npmjs.org/csstype/-/csstype-3.1.1.tgz. Extracting by manifest.
304 silly tarball no local data for @clerk/shared@https://registry.npmjs.org/@clerk/shared/-/shared-2.17.0.tgz. Extracting by manifest.
305 silly tarball no local data for swr@https://registry.npmjs.org/swr/-/swr-2.2.5.tgz. Extracting by manifest.
306 silly tarball no local data for use-sync-external-store@https://registry.npmjs.org/use-sync-external-store/-/use-sync-external-store-1.2.2.tgz. Extracting by manifest.
307 silly tarball no local data for @clerk/clerk-react@https://registry.npmjs.org/@clerk/clerk-react/-/clerk-react-5.17.1.tgz. Extracting by manifest.
308 silly tarball no local data for tslib@https://registry.npmjs.org/tslib/-/tslib-2.4.1.tgz. Extracting by manifest.
309 silly tarball no local data for tslib@https://registry.npmjs.org/tslib/-/tslib-2.4.1.tgz. Extracting by manifest.
310 silly tarball no local data for @clerk/backend@https://registry.npmjs.org/@clerk/backend/-/backend-1.18.0.tgz. Extracting by manifest.
311 silly tarball no local data for @radix-ui/react-avatar@https://registry.npmjs.org/@radix-ui/react-avatar/-/react-avatar-1.1.1.tgz. Extracting by manifest.
312 silly tarball no local data for @clerk/nextjs@https://registry.npmjs.org/@clerk/nextjs/-/nextjs-6.5.1.tgz. Extracting by manifest.
313 silly tarball no local data for tslib@https://registry.npmjs.org/tslib/-/tslib-2.4.1.tgz. Extracting by manifest.
314 http fetch GET 200 https://registry.npmjs.org/map-obj/-/map-obj-4.3.0.tgz 134ms (cache miss)
315 http fetch GET 200 https://registry.npmjs.org/snake-case/-/snake-case-3.0.4.tgz 155ms (cache miss)
316 http fetch GET 200 https://registry.npmjs.org/lower-case/-/lower-case-2.0.2.tgz 157ms (cache miss)
317 http fetch GET 200 https://registry.npmjs.org/dot-case/-/dot-case-3.0.4.tgz 168ms (cache miss)
318 http fetch GET 200 https://registry.npmjs.org/no-case/-/no-case-3.0.4.tgz 195ms (cache miss)
319 http fetch GET 200 https://registry.npmjs.org/std-env/-/std-env-3.8.0.tgz 202ms (cache miss)
320 http fetch POST 200 https://registry.npmjs.org/-/npm/v1/security/advisories/bulk 318ms
321 silly audit report {}
322 http fetch GET 200 https://registry.npmjs.org/use-sync-external-store/-/use-sync-external-store-1.2.2.tgz 328ms (cache miss)
323 http fetch GET 200 https://registry.npmjs.org/csstype/-/csstype-3.1.1.tgz 471ms (cache miss)
324 http fetch GET 200 https://registry.npmjs.org/tslib/-/tslib-2.4.1.tgz 547ms (cache miss)
325 http fetch GET 200 https://registry.npmjs.org/glob-to-regexp/-/glob-to-regexp-0.4.1.tgz 613ms (cache miss)
326 http fetch GET 200 https://registry.npmjs.org/cookie/-/cookie-0.7.0.tgz 641ms (cache miss)
327 http fetch GET 200 https://registry.npmjs.org/server-only/-/server-only-0.0.1.tgz 641ms (cache miss)
328 http fetch GET 200 https://registry.npmjs.org/snakecase-keys/-/snakecase-keys-5.4.4.tgz 666ms (cache miss)
329 http fetch GET 200 https://registry.npmjs.org/ezheaders/-/ezheaders-0.1.0.tgz 666ms (cache miss)
330 http fetch GET 200 https://registry.npmjs.org/tslib/-/tslib-2.4.1.tgz 666ms (cache miss)
331 http fetch GET 200 https://registry.npmjs.org/js-cookie/-/js-cookie-3.0.5.tgz 696ms (cache miss)
332 http fetch GET 200 https://registry.npmjs.org/tslib/-/tslib-2.4.1.tgz 690ms (cache miss)
333 http fetch GET 200 https://registry.npmjs.org/dequal/-/dequal-2.0.3.tgz 703ms (cache miss)
334 http fetch GET 200 https://registry.npmjs.org/@radix-ui/react-avatar/-/react-avatar-1.1.1.tgz 739ms (cache miss)
335 http fetch GET 200 https://registry.npmjs.org/crypto-js/-/crypto-js-4.2.0.tgz 750ms (cache miss)
336 http fetch GET 200 https://registry.npmjs.org/swr/-/swr-2.2.5.tgz 797ms (cache miss)
337 http fetch GET 200 https://registry.npmjs.org/type-fest/-/type-fest-2.19.0.tgz 889ms (cache miss)
338 http fetch GET 200 https://registry.npmjs.org/@clerk/types/-/types-4.35.0.tgz 907ms (cache miss)
339 http fetch GET 200 https://registry.npmjs.org/@clerk/backend/-/backend-1.18.0.tgz 1113ms (cache miss)
340 http fetch GET 200 https://registry.npmjs.org/@clerk/shared/-/shared-2.17.0.tgz 1274ms (cache miss)
341 http fetch GET 200 https://registry.npmjs.org/@clerk/clerk-react/-/clerk-react-5.17.1.tgz 1447ms (cache miss)
342 http fetch GET 200 https://registry.npmjs.org/@clerk/nextjs/-/nextjs-6.5.1.tgz 1934ms (cache miss)
343 info run @clerk/shared@2.17.0 postinstall node_modules/@clerk/shared node ./scripts/postinstall.mjs
344 info run @clerk/shared@2.17.0 postinstall { code: 0, signal: null }
345 silly ADD node_modules/lower-case
346 silly ADD node_modules/no-case
347 silly ADD node_modules/dot-case
348 silly ADD node_modules/snake-case
349 silly ADD node_modules/map-obj
350 silly ADD node_modules/std-env
351 silly ADD node_modules/js-cookie
352 silly ADD node_modules/glob-to-regexp
353 silly ADD node_modules/dequal
354 silly ADD node_modules/snakecase-keys
355 silly ADD node_modules/snakecase-keys/node_modules/type-fest
356 silly ADD node_modules/cookie
357 silly ADD node_modules/server-only
358 silly ADD node_modules/ezheaders
359 silly ADD node_modules/crypto-js
360 silly ADD node_modules/@clerk/types
361 silly ADD node_modules/@clerk/types/node_modules/csstype
362 silly ADD node_modules/@clerk/shared
363 silly ADD node_modules/@clerk/shared/node_modules/swr
364 silly ADD node_modules/@clerk/shared/node_modules/swr/node_modules/use-sync-external-store
365 silly ADD node_modules/@clerk/clerk-react
366 silly ADD node_modules/@clerk/clerk-react/node_modules/tslib
367 silly ADD node_modules/@clerk/backend
368 silly ADD node_modules/@clerk/backend/node_modules/tslib
369 silly ADD node_modules/@radix-ui/react-avatar
370 silly ADD node_modules/@clerk/nextjs
371 silly ADD node_modules/@clerk/nextjs/node_modules/tslib
372 silly ADD
373 silly ADD
374 silly ADD
375 silly ADD
376 silly ADD
377 silly ADD
378 silly ADD
379 silly ADD
380 silly ADD
381 silly ADD
382 silly ADD
383 silly ADD
384 silly ADD
385 silly ADD
386 silly ADD
387 silly ADD
388 silly ADD
389 silly ADD
390 silly ADD
391 silly ADD
392 silly ADD
393 silly ADD
394 silly ADD
395 silly ADD
396 silly ADD
397 silly ADD
398 silly ADD
399 verbose cwd C:\Users\saadr\Desktop\DevOps-Hub\devopshub
400 verbose os Windows_NT 10.0.22631
401 verbose node v22.3.0
402 verbose npm  v10.8.1
403 verbose exit 0
404 info ok
