0 verbose cli C:\Program Files\nodejs\node.exe C:\Program Files\nodejs\node_modules\npm\bin\npm-cli.js
1 info using npm@10.8.1
2 info using node@v22.3.0
3 silly config load:file:C:\Program Files\nodejs\node_modules\npm\npmrc
4 silly config load:file:C:\Users\saadr\Desktop\DevOps-Hub\devopshub\.npmrc
5 silly config load:file:C:\Users\saadr\.npmrc
6 silly config load:file:C:\Users\saadr\AppData\Roaming\npm\etc\npmrc
7 verbose title npm exec shadcn@latest add https://v0.dev/chat/b/b_xlrnWFl6IDF?token=eyJhbGciOiJkaXIiLCJlbmMiOiJBMjU2R0NNIn0..KD1KChczo7NE7CVd.56s7U73xod67I1ZEZne533DFVoIunMLEiBmMDppeMP4iuKYtzsrwrYkd_YI.jBGO98XYNGsS8WjaRXNzuA
8 verbose argv "exec" "--" "shadcn@latest" "add" "https://v0.dev/chat/b/b_xlrnWFl6IDF?token=eyJhbGciOiJkaXIiLCJlbmMiOiJBMjU2R0NNIn0..KD1KChczo7NE7CVd.56s7U73xod67I1ZEZne533DFVoIunMLEiBmMDppeMP4iuKYtzsrwrYkd_YI.jBGO98XYNGsS8WjaRXNzuA"
9 verbose logfile logs-max:10 dir:C:\Users\saadr\Desktop\DevOps-Hub\devopshub\%APPDATA%\npm-cache\_logs\2024-12-02T10_17_00_974Z-
10 verbose logfile C:\Users\saadr\Desktop\DevOps-Hub\devopshub\%APPDATA%\npm-cache\_logs\2024-12-02T10_17_00_974Z-debug-0.log
11 silly logfile done cleaning log files
12 silly packumentCache heap:4345298944 maxSize:1086324736 maxEntrySize:543162368
13 http fetch GET 200 https://registry.npmjs.org/shadcn 1363ms (cache revalidated)
14 silly packumentCache heap:4345298944 maxSize:1086324736 maxEntrySize:543162368
15 silly packumentCache heap:4345298944 maxSize:1086324736 maxEntrySize:543162368
16 verbose cwd C:\Users\saadr\Desktop\DevOps-Hub\devopshub
17 verbose os Windows_NT 10.0.22631
18 verbose node v22.3.0
19 verbose npm  v10.8.1
20 verbose exit 0
21 info ok
