0 verbose cli C:\Program Files\nodejs\node.exe C:\Program Files\nodejs\node_modules\npm\bin\npm-cli.js
1 info using npm@10.9.0
2 info using node@v23.3.0
3 silly config load:file:C:\Program Files\nodejs\node_modules\npm\npmrc
4 silly config load:file:C:\Users\saadr\Desktop\DevOps-Hub\devopshub\.npmrc
5 silly config load:file:C:\Users\saadr\.npmrc
6 silly config load:file:C:\Users\saadr\AppData\Roaming\npm\etc\npmrc
7 verbose title npm install react-markdown react-syntax-highlighter remark-gfm
8 verbose argv "install" "react-markdown" "react-syntax-highlighter" "remark-gfm"
9 verbose logfile logs-max:10 dir:C:\Users\saadr\Desktop\DevOps-Hub\devopshub\%APPDATA%\npm-cache\_logs\2024-12-10T17_38_31_461Z-
10 verbose logfile C:\Users\saadr\Desktop\DevOps-Hub\devopshub\%APPDATA%\npm-cache\_logs\2024-12-10T17_38_31_461Z-debug-0.log
11 silly logfile start cleaning logs, removing 1 files
12 silly packumentCache heap:4345298944 maxSize:1086324736 maxEntrySize:543162368
13 silly logfile done cleaning log files
14 silly idealTree buildDeps
15 silly fetch manifest react-markdown@^9.0.1
16 silly packumentCache full:https://registry.npmjs.org/react-markdown cache-miss
17 http fetch GET 200 https://registry.npmjs.org/react-markdown 303ms (cache hit)
18 silly packumentCache full:https://registry.npmjs.org/react-markdown set size:410887 disposed:false
19 silly fetch manifest @types/react@^18.0.0
20 silly packumentCache full:https://registry.npmjs.org/@types%2freact cache-miss
21 http fetch GET 200 https://registry.npmjs.org/@types%2freact 13ms (cache hit)
22 silly packumentCache full:https://registry.npmjs.org/@types%2freact set size:2241944 disposed:false
23 silly fetch manifest react@^18.2.0
24 silly packumentCache full:https://registry.npmjs.org/react cache-miss
25 http fetch GET 200 https://registry.npmjs.org/react 18ms (cache hit)
26 silly packumentCache full:https://registry.npmjs.org/react set size:5214258 disposed:false
27 silly fetch manifest react-syntax-highlighter@*
28 silly packumentCache full:https://registry.npmjs.org/react-syntax-highlighter cache-miss
29 http fetch GET 200 https://registry.npmjs.org/react-syntax-highlighter 1230ms (cache miss)
30 silly packumentCache full:https://registry.npmjs.org/react-syntax-highlighter set size:undefined disposed:false
31 silly fetch manifest remark-gfm@*
32 silly packumentCache full:https://registry.npmjs.org/remark-gfm cache-miss
33 http fetch GET 200 https://registry.npmjs.org/remark-gfm 815ms (cache miss)
34 silly packumentCache full:https://registry.npmjs.org/remark-gfm set size:undefined disposed:false
35 silly placeDep ROOT react-markdown@9.0.1 REPLACE for: devopshub@0.1.0 want: ^9.0.1
36 silly placeDep ROOT react-syntax-highlighter@15.6.1 OK for: devopshub@0.1.0 want: *
37 silly placeDep ROOT remark-gfm@4.0.0 OK for: devopshub@0.1.0 want: *
38 silly fetch manifest highlight.js@^10.4.1
39 silly packumentCache full:https://registry.npmjs.org/highlight.js cache-miss
40 silly fetch manifest highlightjs-vue@^1.0.0
41 silly packumentCache full:https://registry.npmjs.org/highlightjs-vue cache-miss
42 silly fetch manifest lowlight@^1.17.0
43 silly packumentCache full:https://registry.npmjs.org/lowlight cache-miss
44 silly fetch manifest prismjs@^1.27.0
45 silly packumentCache full:https://registry.npmjs.org/prismjs cache-miss
46 silly fetch manifest refractor@^3.6.0
47 silly packumentCache full:https://registry.npmjs.org/refractor cache-miss
48 silly fetch manifest mdast-util-gfm@^3.0.0
49 silly packumentCache full:https://registry.npmjs.org/mdast-util-gfm cache-miss
50 silly fetch manifest micromark-extension-gfm@^3.0.0
51 silly packumentCache full:https://registry.npmjs.org/micromark-extension-gfm cache-miss
52 http fetch GET 200 https://registry.npmjs.org/highlight.js 168ms (cache miss)
53 silly packumentCache full:https://registry.npmjs.org/highlight.js set size:undefined disposed:false
54 silly fetch manifest remark-stringify@^11.0.0
55 silly packumentCache full:https://registry.npmjs.org/remark-stringify cache-miss
56 http fetch GET 200 https://registry.npmjs.org/remark-stringify 153ms (cache miss)
57 silly packumentCache full:https://registry.npmjs.org/remark-stringify set size:undefined disposed:false
58 http fetch GET 200 https://registry.npmjs.org/prismjs 474ms (cache miss)
59 silly packumentCache full:https://registry.npmjs.org/prismjs set size:undefined disposed:false
60 http fetch GET 200 https://registry.npmjs.org/mdast-util-gfm 545ms (cache miss)
61 silly packumentCache full:https://registry.npmjs.org/mdast-util-gfm set size:undefined disposed:false
62 http fetch GET 200 https://registry.npmjs.org/micromark-extension-gfm 1117ms (cache miss)
63 silly packumentCache full:https://registry.npmjs.org/micromark-extension-gfm set size:undefined disposed:false
64 http fetch GET 200 https://registry.npmjs.org/lowlight 1171ms (cache miss)
65 silly packumentCache full:https://registry.npmjs.org/lowlight set size:undefined disposed:false
66 http fetch GET 200 https://registry.npmjs.org/highlightjs-vue 1183ms (cache miss)
67 silly packumentCache full:https://registry.npmjs.org/highlightjs-vue set size:undefined disposed:false
68 http fetch GET 200 https://registry.npmjs.org/refractor 1204ms (cache miss)
69 silly packumentCache full:https://registry.npmjs.org/refractor set size:undefined disposed:false
70 silly placeDep ROOT highlight.js@10.7.3 OK for: react-syntax-highlighter@15.6.1 want: ^10.4.1
71 silly placeDep ROOT highlightjs-vue@1.0.0 OK for: react-syntax-highlighter@15.6.1 want: ^1.0.0
72 silly placeDep ROOT lowlight@1.20.0 OK for: react-syntax-highlighter@15.6.1 want: ^1.17.0
73 silly placeDep ROOT prismjs@1.29.0 OK for: react-syntax-highlighter@15.6.1 want: ^1.27.0
74 silly placeDep ROOT refractor@3.6.0 OK for: react-syntax-highlighter@15.6.1 want: ^3.6.0
75 silly fetch manifest fault@^1.0.0
76 silly packumentCache full:https://registry.npmjs.org/fault cache-miss
77 silly fetch manifest hastscript@^6.0.0
78 silly packumentCache full:https://registry.npmjs.org/hastscript cache-miss
79 silly fetch manifest parse-entities@^2.0.0
80 silly packumentCache full:https://registry.npmjs.org/parse-entities cache-miss
81 silly fetch manifest prismjs@~1.27.0
82 silly packumentCache full:https://registry.npmjs.org/prismjs cache-miss
83 http fetch GET 200 https://registry.npmjs.org/prismjs 16ms (cache hit)
84 silly packumentCache full:https://registry.npmjs.org/prismjs set size:110611 disposed:false
85 http fetch GET 200 https://registry.npmjs.org/fault 162ms (cache miss)
86 silly packumentCache full:https://registry.npmjs.org/fault set size:undefined disposed:false
87 http fetch GET 200 https://registry.npmjs.org/parse-entities 168ms (cache revalidated)
88 silly packumentCache full:https://registry.npmjs.org/parse-entities set size:55599 disposed:false
89 http fetch GET 200 https://registry.npmjs.org/hastscript 780ms (cache miss)
90 silly packumentCache full:https://registry.npmjs.org/hastscript set size:undefined disposed:false
91 silly placeDep ROOT fault@1.0.4 OK for: lowlight@1.20.0 want: ^1.0.0
92 silly fetch manifest format@^0.2.0
93 silly packumentCache full:https://registry.npmjs.org/format cache-miss
94 http fetch GET 200 https://registry.npmjs.org/format 809ms (cache miss)
95 silly packumentCache full:https://registry.npmjs.org/format set size:undefined disposed:false
96 silly placeDep ROOT format@0.2.2 OK for: fault@1.0.4 want: ^0.2.0
97 silly placeDep ROOT hastscript@6.0.0 OK for: refractor@3.6.0 want: ^6.0.0
98 silly placeDep node_modules/refractor parse-entities@2.0.0 OK for: refractor@3.6.0 want: ^2.0.0
99 silly placeDep node_modules/refractor prismjs@1.27.0 OK for: refractor@3.6.0 want: ~1.27.0
100 silly fetch manifest @types/hast@^2.0.0
101 silly packumentCache full:https://registry.npmjs.org/@types%2fhast cache-miss
102 silly fetch manifest comma-separated-tokens@^1.0.0
103 silly packumentCache full:https://registry.npmjs.org/comma-separated-tokens cache-miss
104 silly fetch manifest hast-util-parse-selector@^2.0.0
105 silly packumentCache full:https://registry.npmjs.org/hast-util-parse-selector cache-miss
106 silly fetch manifest property-information@^5.0.0
107 silly packumentCache full:https://registry.npmjs.org/property-information cache-miss
108 silly fetch manifest space-separated-tokens@^1.0.0
109 silly packumentCache full:https://registry.npmjs.org/space-separated-tokens cache-miss
110 silly fetch manifest character-entities@^1.0.0
111 silly packumentCache full:https://registry.npmjs.org/character-entities cache-miss
112 silly fetch manifest character-entities-legacy@^1.0.0
113 silly packumentCache full:https://registry.npmjs.org/character-entities-legacy cache-miss
114 http fetch GET 200 https://registry.npmjs.org/space-separated-tokens 135ms (cache revalidated)
115 silly packumentCache full:https://registry.npmjs.org/space-separated-tokens set size:36967 disposed:false
116 silly fetch manifest character-reference-invalid@^1.0.0
117 silly packumentCache full:https://registry.npmjs.org/character-reference-invalid cache-miss
118 http fetch GET 200 https://registry.npmjs.org/property-information 149ms (cache revalidated)
119 silly packumentCache full:https://registry.npmjs.org/property-information set size:175747 disposed:false
120 silly fetch manifest is-alphanumerical@^1.0.0
121 silly packumentCache full:https://registry.npmjs.org/is-alphanumerical cache-miss
122 http fetch GET 200 https://registry.npmjs.org/hast-util-parse-selector 158ms (cache miss)
123 silly packumentCache full:https://registry.npmjs.org/hast-util-parse-selector set size:undefined disposed:false
124 silly fetch manifest is-decimal@^1.0.0
125 silly packumentCache full:https://registry.npmjs.org/is-decimal cache-miss
126 http fetch GET 200 https://registry.npmjs.org/character-entities-legacy 167ms (cache revalidated)
127 silly packumentCache full:https://registry.npmjs.org/character-entities-legacy set size:34121 disposed:false
128 silly fetch manifest is-hexadecimal@^1.0.0
129 silly packumentCache full:https://registry.npmjs.org/is-hexadecimal cache-miss
130 http fetch GET 200 https://registry.npmjs.org/comma-separated-tokens 171ms (cache revalidated)
131 silly packumentCache full:https://registry.npmjs.org/comma-separated-tokens set size:45877 disposed:false
132 http fetch GET 200 https://registry.npmjs.org/character-entities 175ms (cache revalidated)
133 silly packumentCache full:https://registry.npmjs.org/character-entities set size:36394 disposed:false
134 http fetch GET 200 https://registry.npmjs.org/@types%2fhast 183ms (cache revalidated)
135 silly packumentCache full:https://registry.npmjs.org/@types%2fhast set size:32531 disposed:false
136 http fetch GET 200 https://registry.npmjs.org/character-reference-invalid 122ms (cache revalidated)
137 silly packumentCache full:https://registry.npmjs.org/character-reference-invalid set size:34715 disposed:false
138 http fetch GET 200 https://registry.npmjs.org/is-alphanumerical 133ms (cache revalidated)
139 silly packumentCache full:https://registry.npmjs.org/is-alphanumerical set size:27515 disposed:false
140 http fetch GET 200 https://registry.npmjs.org/is-decimal 147ms (cache revalidated)
141 silly packumentCache full:https://registry.npmjs.org/is-decimal set size:25885 disposed:false
142 http fetch GET 200 https://registry.npmjs.org/is-hexadecimal 163ms (cache revalidated)
143 silly packumentCache full:https://registry.npmjs.org/is-hexadecimal set size:26554 disposed:false
144 silly placeDep node_modules/hastscript @types/hast@2.3.10 OK for: hastscript@6.0.0 want: ^2.0.0
145 silly placeDep node_modules/hastscript comma-separated-tokens@1.0.8 OK for: hastscript@6.0.0 want: ^1.0.0
146 silly placeDep ROOT hast-util-parse-selector@2.2.5 OK for: hastscript@6.0.0 want: ^2.0.0
147 silly placeDep node_modules/hastscript property-information@5.6.0 OK for: hastscript@6.0.0 want: ^5.0.0
148 silly placeDep node_modules/hastscript space-separated-tokens@1.1.5 OK for: hastscript@6.0.0 want: ^1.0.0
149 silly fetch manifest @types/unist@^2
150 silly packumentCache full:https://registry.npmjs.org/@types%2funist cache-miss
151 silly fetch manifest xtend@^4.0.0
152 silly packumentCache full:https://registry.npmjs.org/xtend cache-miss
153 http fetch GET 200 https://registry.npmjs.org/xtend 150ms (cache miss)
154 silly packumentCache full:https://registry.npmjs.org/xtend set size:undefined disposed:false
155 http fetch GET 200 https://registry.npmjs.org/@types%2funist 166ms (cache revalidated)
156 silly packumentCache full:https://registry.npmjs.org/@types%2funist set size:39183 disposed:false
157 silly placeDep ROOT mdast-util-gfm@3.0.0 OK for: remark-gfm@4.0.0 want: ^3.0.0
158 silly placeDep ROOT micromark-extension-gfm@3.0.0 OK for: remark-gfm@4.0.0 want: ^3.0.0
159 silly placeDep ROOT remark-stringify@11.0.0 OK for: remark-gfm@4.0.0 want: ^11.0.0
160 silly fetch manifest mdast-util-gfm-autolink-literal@^2.0.0
161 silly packumentCache full:https://registry.npmjs.org/mdast-util-gfm-autolink-literal cache-miss
162 silly fetch manifest mdast-util-gfm-footnote@^2.0.0
163 silly packumentCache full:https://registry.npmjs.org/mdast-util-gfm-footnote cache-miss
164 silly fetch manifest mdast-util-gfm-strikethrough@^2.0.0
165 silly packumentCache full:https://registry.npmjs.org/mdast-util-gfm-strikethrough cache-miss
166 silly fetch manifest mdast-util-gfm-table@^2.0.0
167 silly packumentCache full:https://registry.npmjs.org/mdast-util-gfm-table cache-miss
168 silly fetch manifest mdast-util-gfm-task-list-item@^2.0.0
169 silly packumentCache full:https://registry.npmjs.org/mdast-util-gfm-task-list-item cache-miss
170 silly fetch manifest micromark-extension-gfm-autolink-literal@^2.0.0
171 silly packumentCache full:https://registry.npmjs.org/micromark-extension-gfm-autolink-literal cache-miss
172 silly fetch manifest micromark-extension-gfm-footnote@^2.0.0
173 silly packumentCache full:https://registry.npmjs.org/micromark-extension-gfm-footnote cache-miss
174 http fetch GET 200 https://registry.npmjs.org/micromark-extension-gfm-footnote 162ms (cache miss)
175 silly packumentCache full:https://registry.npmjs.org/micromark-extension-gfm-footnote set size:undefined disposed:false
176 silly fetch manifest micromark-extension-gfm-strikethrough@^2.0.0
177 silly packumentCache full:https://registry.npmjs.org/micromark-extension-gfm-strikethrough cache-miss
178 http fetch GET 200 https://registry.npmjs.org/micromark-extension-gfm-autolink-literal 183ms (cache miss)
179 silly packumentCache full:https://registry.npmjs.org/micromark-extension-gfm-autolink-literal set size:undefined disposed:false
180 silly fetch manifest micromark-extension-gfm-table@^2.0.0
181 silly packumentCache full:https://registry.npmjs.org/micromark-extension-gfm-table cache-miss
182 http fetch GET 200 https://registry.npmjs.org/mdast-util-gfm-footnote 760ms (cache miss)
183 silly packumentCache full:https://registry.npmjs.org/mdast-util-gfm-footnote set size:undefined disposed:false
184 silly fetch manifest micromark-extension-gfm-tagfilter@^2.0.0
185 silly packumentCache full:https://registry.npmjs.org/micromark-extension-gfm-tagfilter cache-miss
186 http fetch GET 200 https://registry.npmjs.org/mdast-util-gfm-strikethrough 788ms (cache miss)
187 silly packumentCache full:https://registry.npmjs.org/mdast-util-gfm-strikethrough set size:undefined disposed:false
188 silly fetch manifest micromark-extension-gfm-task-list-item@^2.0.0
189 silly packumentCache full:https://registry.npmjs.org/micromark-extension-gfm-task-list-item cache-miss
190 http fetch GET 200 https://registry.npmjs.org/mdast-util-gfm-table 810ms (cache miss)
191 silly packumentCache full:https://registry.npmjs.org/mdast-util-gfm-table set size:undefined disposed:false
192 http fetch GET 200 https://registry.npmjs.org/mdast-util-gfm-autolink-literal 813ms (cache miss)
193 silly packumentCache full:https://registry.npmjs.org/mdast-util-gfm-autolink-literal set size:undefined disposed:false
194 http fetch GET 200 https://registry.npmjs.org/mdast-util-gfm-task-list-item 830ms (cache miss)
195 silly packumentCache full:https://registry.npmjs.org/mdast-util-gfm-task-list-item set size:undefined disposed:false
196 http fetch GET 200 https://registry.npmjs.org/micromark-extension-gfm-strikethrough 803ms (cache miss)
197 silly packumentCache full:https://registry.npmjs.org/micromark-extension-gfm-strikethrough set size:undefined disposed:false
198 http fetch GET 200 https://registry.npmjs.org/micromark-extension-gfm-table 845ms (cache miss)
199 silly packumentCache full:https://registry.npmjs.org/micromark-extension-gfm-table set size:undefined disposed:false
200 http fetch GET 200 https://registry.npmjs.org/micromark-extension-gfm-tagfilter 774ms (cache miss)
201 silly packumentCache full:https://registry.npmjs.org/micromark-extension-gfm-tagfilter set size:undefined disposed:false
202 http fetch GET 200 https://registry.npmjs.org/micromark-extension-gfm-task-list-item 783ms (cache miss)
203 silly packumentCache full:https://registry.npmjs.org/micromark-extension-gfm-task-list-item set size:undefined disposed:false
204 silly placeDep ROOT mdast-util-gfm-autolink-literal@2.0.1 OK for: mdast-util-gfm@3.0.0 want: ^2.0.0
205 silly placeDep ROOT mdast-util-gfm-footnote@2.0.0 OK for: mdast-util-gfm@3.0.0 want: ^2.0.0
206 silly placeDep ROOT mdast-util-gfm-strikethrough@2.0.0 OK for: mdast-util-gfm@3.0.0 want: ^2.0.0
207 silly placeDep ROOT mdast-util-gfm-table@2.0.0 OK for: mdast-util-gfm@3.0.0 want: ^2.0.0
208 silly placeDep ROOT mdast-util-gfm-task-list-item@2.0.0 OK for: mdast-util-gfm@3.0.0 want: ^2.0.0
209 silly fetch manifest mdast-util-find-and-replace@^3.0.0
210 silly packumentCache full:https://registry.npmjs.org/mdast-util-find-and-replace cache-miss
211 silly fetch manifest markdown-table@^3.0.0
212 silly packumentCache full:https://registry.npmjs.org/markdown-table cache-miss
213 http fetch GET 200 https://registry.npmjs.org/mdast-util-find-and-replace 158ms (cache miss)
214 silly packumentCache full:https://registry.npmjs.org/mdast-util-find-and-replace set size:undefined disposed:false
215 http fetch GET 200 https://registry.npmjs.org/markdown-table 166ms (cache miss)
216 silly packumentCache full:https://registry.npmjs.org/markdown-table set size:undefined disposed:false
217 silly placeDep ROOT mdast-util-find-and-replace@3.0.1 OK for: mdast-util-gfm-autolink-literal@2.0.1 want: ^3.0.0
218 silly fetch manifest escape-string-regexp@^5.0.0
219 silly packumentCache full:https://registry.npmjs.org/escape-string-regexp cache-miss
220 silly fetch manifest unist-util-visit-parents@^6.0.0
221 silly packumentCache full:https://registry.npmjs.org/unist-util-visit-parents cache-miss
222 http fetch GET 200 https://registry.npmjs.org/escape-string-regexp 145ms (cache revalidated)
223 silly packumentCache full:https://registry.npmjs.org/escape-string-regexp set size:22244 disposed:false
224 http fetch GET 200 https://registry.npmjs.org/unist-util-visit-parents 149ms (cache revalidated)
225 silly packumentCache full:https://registry.npmjs.org/unist-util-visit-parents set size:100345 disposed:false
226 silly placeDep node_modules/mdast-util-find-and-replace escape-string-regexp@5.0.0 OK for: mdast-util-find-and-replace@3.0.1 want: ^5.0.0
227 silly placeDep node_modules/mdast-util-find-and-replace unist-util-visit-parents@6.0.1 OK for: mdast-util-find-and-replace@3.0.1 want: ^6.0.0
228 silly placeDep ROOT markdown-table@3.0.4 OK for: mdast-util-gfm-table@2.0.0 want: ^3.0.0
229 silly placeDep ROOT micromark-extension-gfm-autolink-literal@2.1.0 OK for: micromark-extension-gfm@3.0.0 want: ^2.0.0
230 silly placeDep ROOT micromark-extension-gfm-footnote@2.1.0 OK for: micromark-extension-gfm@3.0.0 want: ^2.0.0
231 silly placeDep ROOT micromark-extension-gfm-strikethrough@2.1.0 OK for: micromark-extension-gfm@3.0.0 want: ^2.0.0
232 silly placeDep ROOT micromark-extension-gfm-table@2.1.0 OK for: micromark-extension-gfm@3.0.0 want: ^2.0.0
233 silly placeDep ROOT micromark-extension-gfm-tagfilter@2.0.0 OK for: micromark-extension-gfm@3.0.0 want: ^2.0.0
234 silly placeDep ROOT micromark-extension-gfm-task-list-item@2.1.0 OK for: micromark-extension-gfm@3.0.0 want: ^2.0.0
235 silly placeDep node_modules/hastscript @types/unist@2.0.11 OK for: @types/hast@2.3.10 want: ^2
236 silly placeDep ROOT xtend@4.0.2 OK for: property-information@5.6.0 want: ^4.0.0
237 silly placeDep node_modules/refractor character-entities@1.2.4 OK for: parse-entities@2.0.0 want: ^1.0.0
238 silly placeDep node_modules/refractor character-entities-legacy@1.1.4 OK for: parse-entities@2.0.0 want: ^1.0.0
239 silly placeDep node_modules/refractor character-reference-invalid@1.1.4 OK for: parse-entities@2.0.0 want: ^1.0.0
240 silly placeDep node_modules/refractor is-alphanumerical@1.0.4 OK for: parse-entities@2.0.0 want: ^1.0.0
241 silly placeDep node_modules/refractor is-decimal@1.0.4 OK for: parse-entities@2.0.0 want: ^1.0.0
242 silly placeDep node_modules/refractor is-hexadecimal@1.0.4 OK for: parse-entities@2.0.0 want: ^1.0.0
243 silly fetch manifest is-alphabetical@^1.0.0
244 silly packumentCache full:https://registry.npmjs.org/is-alphabetical cache-miss
245 http fetch GET 200 https://registry.npmjs.org/is-alphabetical 144ms (cache revalidated)
246 silly packumentCache full:https://registry.npmjs.org/is-alphabetical set size:26798 disposed:false
247 silly placeDep node_modules/refractor is-alphabetical@1.0.4 OK for: is-alphanumerical@1.0.4 want: ^1.0.0
248 silly reify moves {}
249 silly audit bulk request {
249 silly audit   '@adobe/css-tools': [ '4.4.1' ],
249 silly audit   '@alloc/quick-lru': [ '5.2.0' ],
249 silly audit   '@ampproject/remapping': [ '2.3.0' ],
249 silly audit   '@babel/code-frame': [ '7.26.2' ],
249 silly audit   '@babel/compat-data': [ '7.26.2' ],
249 silly audit   '@babel/core': [ '7.26.0' ],
249 silly audit   semver: [ '6.3.1', '7.6.3' ],
249 silly audit   '@babel/generator': [ '7.26.2' ],
249 silly audit   '@babel/helper-annotate-as-pure': [ '7.25.9' ],
249 silly audit   '@babel/helper-builder-binary-assignment-operator-visitor': [ '7.25.9' ],
249 silly audit   '@babel/helper-compilation-targets': [ '7.25.9' ],
249 silly audit   '@babel/helper-create-class-features-plugin': [ '7.25.9' ],
249 silly audit   '@babel/helper-create-regexp-features-plugin': [ '7.25.9' ],
249 silly audit   '@babel/helper-define-polyfill-provider': [ '0.6.3' ],
249 silly audit   '@babel/helper-member-expression-to-functions': [ '7.25.9' ],
249 silly audit   '@babel/helper-module-imports': [ '7.25.9' ],
249 silly audit   '@babel/helper-module-transforms': [ '7.26.0' ],
249 silly audit   '@babel/helper-optimise-call-expression': [ '7.25.9' ],
249 silly audit   '@babel/helper-plugin-utils': [ '7.25.9' ],
249 silly audit   '@babel/helper-remap-async-to-generator': [ '7.25.9' ],
249 silly audit   '@babel/helper-replace-supers': [ '7.25.9' ],
249 silly audit   '@babel/helper-simple-access': [ '7.25.9' ],
249 silly audit   '@babel/helper-skip-transparent-expression-wrappers': [ '7.25.9' ],
249 silly audit   '@babel/helper-string-parser': [ '7.25.9' ],
249 silly audit   '@babel/helper-validator-identifier': [ '7.25.9' ],
249 silly audit   '@babel/helper-validator-option': [ '7.25.9' ],
249 silly audit   '@babel/helper-wrap-function': [ '7.25.9' ],
249 silly audit   '@babel/helpers': [ '7.26.0' ],
249 silly audit   '@babel/parser': [ '7.26.2' ],
249 silly audit   '@babel/plugin-bugfix-firefox-class-in-computed-class-key': [ '7.25.9' ],
249 silly audit   '@babel/plugin-bugfix-safari-class-field-initializer-scope': [ '7.25.9' ],
249 silly audit   '@babel/plugin-bugfix-safari-id-destructuring-collision-in-function-expression': [ '7.25.9' ],
249 silly audit   '@babel/plugin-bugfix-v8-spread-parameters-in-optional-chaining': [ '7.25.9' ],
249 silly audit   '@babel/plugin-bugfix-v8-static-class-fields-redefine-readonly': [ '7.25.9' ],
249 silly audit   '@babel/plugin-proposal-private-property-in-object': [ '7.21.0-placeholder-for-preset-env.2' ],
249 silly audit   '@babel/plugin-syntax-async-generators': [ '7.8.4' ],
249 silly audit   '@babel/plugin-syntax-bigint': [ '7.8.3' ],
249 silly audit   '@babel/plugin-syntax-class-properties': [ '7.12.13' ],
249 silly audit   '@babel/plugin-syntax-class-static-block': [ '7.14.5' ],
249 silly audit   '@babel/plugin-syntax-import-assertions': [ '7.26.0' ],
249 silly audit   '@babel/plugin-syntax-import-attributes': [ '7.26.0' ],
249 silly audit   '@babel/plugin-syntax-import-meta': [ '7.10.4' ],
249 silly audit   '@babel/plugin-syntax-json-strings': [ '7.8.3' ],
249 silly audit   '@babel/plugin-syntax-jsx': [ '7.25.9' ],
249 silly audit   '@babel/plugin-syntax-logical-assignment-operators': [ '7.10.4' ],
249 silly audit   '@babel/plugin-syntax-nullish-coalescing-operator': [ '7.8.3' ],
249 silly audit   '@babel/plugin-syntax-numeric-separator': [ '7.10.4' ],
249 silly audit   '@babel/plugin-syntax-object-rest-spread': [ '7.8.3' ],
249 silly audit   '@babel/plugin-syntax-optional-catch-binding': [ '7.8.3' ],
249 silly audit   '@babel/plugin-syntax-optional-chaining': [ '7.8.3' ],
249 silly audit   '@babel/plugin-syntax-private-property-in-object': [ '7.14.5' ],
249 silly audit   '@babel/plugin-syntax-top-level-await': [ '7.14.5' ],
249 silly audit   '@babel/plugin-syntax-typescript': [ '7.25.9' ],
249 silly audit   '@babel/plugin-syntax-unicode-sets-regex': [ '7.18.6' ],
249 silly audit   '@babel/plugin-transform-arrow-functions': [ '7.25.9' ],
249 silly audit   '@babel/plugin-transform-async-generator-functions': [ '7.25.9' ],
249 silly audit   '@babel/plugin-transform-async-to-generator': [ '7.25.9' ],
249 silly audit   '@babel/plugin-transform-block-scoped-functions': [ '7.25.9' ],
249 silly audit   '@babel/plugin-transform-block-scoping': [ '7.25.9' ],
249 silly audit   '@babel/plugin-transform-class-properties': [ '7.25.9' ],
249 silly audit   '@babel/plugin-transform-class-static-block': [ '7.26.0' ],
249 silly audit   '@babel/plugin-transform-classes': [ '7.25.9' ],
249 silly audit   '@babel/plugin-transform-computed-properties': [ '7.25.9' ],
249 silly audit   '@babel/plugin-transform-destructuring': [ '7.25.9' ],
249 silly audit   '@babel/plugin-transform-dotall-regex': [ '7.25.9' ],
249 silly audit   '@babel/plugin-transform-duplicate-keys': [ '7.25.9' ],
249 silly audit   '@babel/plugin-transform-duplicate-named-capturing-groups-regex': [ '7.25.9' ],
249 silly audit   '@babel/plugin-transform-dynamic-import': [ '7.25.9' ],
249 silly audit   '@babel/plugin-transform-exponentiation-operator': [ '7.25.9' ],
249 silly audit   '@babel/plugin-transform-export-namespace-from': [ '7.25.9' ],
249 silly audit   '@babel/plugin-transform-for-of': [ '7.25.9' ],
249 silly audit   '@babel/plugin-transform-function-name': [ '7.25.9' ],
249 silly audit   '@babel/plugin-transform-json-strings': [ '7.25.9' ],
249 silly audit   '@babel/plugin-transform-literals': [ '7.25.9' ],
249 silly audit   '@babel/plugin-transform-logical-assignment-operators': [ '7.25.9' ],
249 silly audit   '@babel/plugin-transform-member-expression-literals': [ '7.25.9' ],
249 silly audit   '@babel/plugin-transform-modules-amd': [ '7.25.9' ],
249 silly audit   '@babel/plugin-transform-modules-commonjs': [ '7.25.9' ],
249 silly audit   '@babel/plugin-transform-modules-systemjs': [ '7.25.9' ],
249 silly audit   '@babel/plugin-transform-modules-umd': [ '7.25.9' ],
249 silly audit   '@babel/plugin-transform-named-capturing-groups-regex': [ '7.25.9' ],
249 silly audit   '@babel/plugin-transform-new-target': [ '7.25.9' ],
249 silly audit   '@babel/plugin-transform-nullish-coalescing-operator': [ '7.25.9' ],
249 silly audit   '@babel/plugin-transform-numeric-separator': [ '7.25.9' ],
249 silly audit   '@babel/plugin-transform-object-rest-spread': [ '7.25.9' ],
249 silly audit   '@babel/plugin-transform-object-super': [ '7.25.9' ],
249 silly audit   '@babel/plugin-transform-optional-catch-binding': [ '7.25.9' ],
249 silly audit   '@babel/plugin-transform-optional-chaining': [ '7.25.9' ],
249 silly audit   '@babel/plugin-transform-parameters': [ '7.25.9' ],
249 silly audit   '@babel/plugin-transform-private-methods': [ '7.25.9' ],
249 silly audit   '@babel/plugin-transform-private-property-in-object': [ '7.25.9' ],
249 silly audit   '@babel/plugin-transform-property-literals': [ '7.25.9' ],
249 silly audit   '@babel/plugin-transform-react-display-name': [ '7.25.9' ],
249 silly audit   '@babel/plugin-transform-react-jsx': [ '7.25.9' ],
249 silly audit   '@babel/plugin-transform-react-jsx-development': [ '7.25.9' ],
249 silly audit   '@babel/plugin-transform-react-pure-annotations': [ '7.25.9' ],
249 silly audit   '@babel/plugin-transform-regenerator': [ '7.25.9' ],
249 silly audit   '@babel/plugin-transform-regexp-modifiers': [ '7.26.0' ],
249 silly audit   '@babel/plugin-transform-reserved-words': [ '7.25.9' ],
249 silly audit   '@babel/plugin-transform-shorthand-properties': [ '7.25.9' ],
249 silly audit   '@babel/plugin-transform-spread': [ '7.25.9' ],
249 silly audit   '@babel/plugin-transform-sticky-regex': [ '7.25.9' ],
249 silly audit   '@babel/plugin-transform-template-literals': [ '7.25.9' ],
249 silly audit   '@babel/plugin-transform-typeof-symbol': [ '7.25.9' ],
249 silly audit   '@babel/plugin-transform-typescript': [ '7.25.9' ],
249 silly audit   '@babel/plugin-transform-unicode-escapes': [ '7.25.9' ],
249 silly audit   '@babel/plugin-transform-unicode-property-regex': [ '7.25.9' ],
249 silly audit   '@babel/plugin-transform-unicode-regex': [ '7.25.9' ],
249 silly audit   '@babel/plugin-transform-unicode-sets-regex': [ '7.25.9' ],
249 silly audit   '@babel/preset-env': [ '7.26.0' ],
249 silly audit   '@babel/preset-modules': [ '0.1.6-no-external-plugins' ],
249 silly audit   '@babel/preset-react': [ '7.25.9' ],
249 silly audit   '@babel/preset-typescript': [ '7.26.0' ],
249 silly audit   '@babel/runtime': [ '7.26.0' ],
249 silly audit   '@babel/template': [ '7.25.9' ],
249 silly audit   '@babel/traverse': [ '7.25.9' ],
249 silly audit   '@babel/types': [ '7.26.0' ],
249 silly audit   '@bcoe/v8-coverage': [ '0.2.3' ],
249 silly audit   '@eslint-community/eslint-utils': [ '4.4.1' ],
249 silly audit   '@eslint-community/regexpp': [ '4.12.1' ],
249 silly audit   '@eslint/eslintrc': [ '2.1.4' ],
249 silly audit   globals: [ '13.24.0', '11.12.0' ],
249 silly audit   'type-fest': [ '0.20.2', '0.21.3' ],
249 silly audit   '@eslint/js': [ '8.57.1' ],
249 silly audit   '@floating-ui/core': [ '1.6.8' ],
249 silly audit   '@floating-ui/dom': [ '1.6.12' ],
249 silly audit   '@floating-ui/react-dom': [ '2.1.2' ],
249 silly audit   '@floating-ui/utils': [ '0.2.8' ],
249 silly audit   '@humanwhocodes/config-array': [ '0.13.0' ],
249 silly audit   '@humanwhocodes/module-importer': [ '1.0.1' ],
249 silly audit   '@humanwhocodes/object-schema': [ '2.0.3' ],
249 silly audit   '@isaacs/cliui': [ '8.0.2' ],
249 silly audit   'ansi-regex': [ '6.1.0', '5.0.1' ],
249 silly audit   'ansi-styles': [ '6.2.1', '5.2.0', '4.3.0' ],
249 silly audit   'emoji-regex': [ '9.2.2', '8.0.0' ],
249 silly audit   'string-width': [ '5.1.2', '4.2.3' ],
249 silly audit   'strip-ansi': [ '7.1.0', '6.0.1' ],
249 silly audit   'wrap-ansi': [ '8.1.0', '7.0.0' ],
249 silly audit   '@istanbuljs/load-nyc-config': [ '1.1.0' ],
249 silly audit   argparse: [ '1.0.10', '2.0.1' ],
249 silly audit   'find-up': [ '4.1.0', '5.0.0' ],
249 silly audit   'js-yaml': [ '3.14.1', '4.1.0' ],
249 silly audit   'locate-path': [ '5.0.0', '6.0.0' ],
249 silly audit   'p-limit': [ '2.3.0', '3.1.0' ],
249 silly audit   'p-locate': [ '4.1.0', '5.0.0' ],
249 silly audit   'resolve-from': [ '5.0.0', '4.0.0' ],
249 silly audit   '@istanbuljs/schema': [ '0.1.3' ],
249 silly audit   '@jest/console': [ '29.7.0' ],
249 silly audit   '@jest/core': [ '29.7.0' ],
249 silly audit   'pretty-format': [ '29.7.0', '27.5.1' ],
249 silly audit   'react-is': [ '18.3.1', '16.13.1', '17.0.2' ],
249 silly audit   '@jest/environment': [ '29.7.0' ],
249 silly audit   '@jest/expect': [ '29.7.0' ],
249 silly audit   '@jest/expect-utils': [ '29.7.0' ],
249 silly audit   '@jest/fake-timers': [ '29.7.0' ],
249 silly audit   '@jest/globals': [ '29.7.0' ],
249 silly audit   '@jest/reporters': [ '29.7.0' ],
249 silly audit   'istanbul-lib-instrument': [ '6.0.3', '5.2.1' ],
249 silly audit   '@jest/schemas': [ '29.6.3' ],
249 silly audit   '@jest/source-map': [ '29.6.3' ],
249 silly audit   '@jest/test-result': [ '29.7.0' ],
249 silly audit   '@jest/test-sequencer': [ '29.7.0' ],
249 silly audit   '@jest/transform': [ '29.7.0' ],
249 silly audit   '@jest/types': [ '29.6.3' ],
249 silly audit   '@jridgewell/gen-mapping': [ '0.3.5' ],
249 silly audit   '@jridgewell/resolve-uri': [ '3.1.2' ],
249 silly audit   '@jridgewell/set-array': [ '1.2.1' ],
249 silly audit   '@jridgewell/sourcemap-codec': [ '1.5.0' ],
249 silly audit   '@jridgewell/trace-mapping': [ '0.3.25' ],
249 silly audit   '@kinde-oss/kinde-auth-nextjs': [ '2.4.6' ],
249 silly audit   '@kinde-oss/kinde-typescript-sdk': [ '2.9.1' ],
249 silly audit   '@kinde/jwt-decoder': [ '0.2.0' ],
249 silly audit   '@mdx-js/mdx': [ '3.1.0' ],
249 silly audit   'source-map': [ '0.7.4', '0.6.1' ],
249 silly audit   '@mdx-js/react': [ '3.1.0' ],
249 silly audit   '@next/env': [ '14.2.18' ],
249 silly audit   '@next/eslint-plugin-next': [ '14.2.18' ],
249 silly audit   'brace-expansion': [ '2.0.1', '1.1.11' ],
249 silly audit   glob: [ '10.3.10', '7.2.3', '10.4.5' ],
249 silly audit   minimatch: [ '9.0.5', '3.1.2' ],
249 silly audit   '@next/swc-darwin-arm64': [ '14.2.18' ],
249 silly audit   '@next/swc-darwin-x64': [ '14.2.18' ],
249 silly audit   '@next/swc-linux-arm64-gnu': [ '14.2.18' ],
249 silly audit   '@next/swc-linux-arm64-musl': [ '14.2.18' ],
249 silly audit   '@next/swc-linux-x64-gnu': [ '14.2.18' ],
249 silly audit   '@next/swc-linux-x64-musl': [ '14.2.18' ],
249 silly audit   '@next/swc-win32-arm64-msvc': [ '14.2.18' ],
249 silly audit   '@next/swc-win32-ia32-msvc': [ '14.2.18' ],
249 silly audit   '@next/swc-win32-x64-msvc': [ '14.2.18' ],
249 silly audit   '@nodelib/fs.scandir': [ '2.1.5' ],
249 silly audit   '@nodelib/fs.stat': [ '2.0.5' ],
249 silly audit   '@nodelib/fs.walk': [ '1.2.8' ],
249 silly audit   '@nolyfill/is-core-module': [ '1.0.39' ],
249 silly audit   '@pkgjs/parseargs': [ '0.11.0' ],
249 silly audit   '@prisma/client': [ '6.0.1' ],
249 silly audit   '@prisma/debug': [ '6.0.1' ],
249 silly audit   '@prisma/engines': [ '6.0.1' ],
249 silly audit   '@prisma/engines-version': [ '5.23.0-27.5dbef10bdbfb579e07d35cc85fb1518d357cb99e' ],
249 silly audit   '@prisma/fetch-engine': [ '6.0.1' ],
249 silly audit   '@prisma/get-platform': [ '6.0.1' ],
249 silly audit   '@radix-ui/number': [ '1.1.0' ],
249 silly audit   '@radix-ui/primitive': [ '1.1.0' ],
249 silly audit   '@radix-ui/react-arrow': [ '1.1.0' ],
249 silly audit   '@radix-ui/react-avatar': [ '1.1.1' ],
249 silly audit   '@radix-ui/react-collection': [ '1.1.0' ],
249 silly audit   '@radix-ui/react-context': [ '1.1.0', '1.1.1' ],
249 silly audit   '@radix-ui/react-compose-refs': [ '1.1.0' ],
249 silly audit   '@radix-ui/react-dialog': [ '1.1.2' ],
249 silly audit   '@radix-ui/react-direction': [ '1.1.0' ],
249 silly audit   '@radix-ui/react-dismissable-layer': [ '1.1.1' ],
249 silly audit   '@radix-ui/react-dropdown-menu': [ '2.1.2' ],
249 silly audit   '@radix-ui/react-focus-guards': [ '1.1.1' ],
249 silly audit   '@radix-ui/react-focus-scope': [ '1.1.0' ],
249 silly audit   '@radix-ui/react-id': [ '1.1.0' ],
249 silly audit   '@radix-ui/react-label': [ '2.1.0' ],
249 silly audit   '@radix-ui/react-menu': [ '2.1.2' ],
249 silly audit   '@radix-ui/react-popper': [ '1.2.0' ],
249 silly audit   '@radix-ui/react-portal': [ '1.1.2' ],
249 silly audit   '@radix-ui/react-presence': [ '1.1.1' ],
249 silly audit   '@radix-ui/react-primitive': [ '2.0.0' ],
249 silly audit   '@radix-ui/react-roving-focus': [ '1.1.0' ],
249 silly audit   '@radix-ui/react-select': [ '2.1.2' ],
249 silly audit   '@radix-ui/react-separator': [ '1.1.0' ],
249 silly audit   '@radix-ui/react-slot': [ '1.1.0' ],
249 silly audit   '@radix-ui/react-toast': [ '1.2.2' ],
249 silly audit   '@radix-ui/react-use-callback-ref': [ '1.1.0' ],
249 silly audit   '@radix-ui/react-use-controllable-state': [ '1.1.0' ],
249 silly audit   '@radix-ui/react-use-escape-keydown': [ '1.1.0' ],
249 silly audit   '@radix-ui/react-use-layout-effect': [ '1.1.0' ],
249 silly audit   '@radix-ui/react-use-previous': [ '1.1.0' ],
249 silly audit   '@radix-ui/react-use-rect': [ '1.1.0' ],
249 silly audit   '@radix-ui/react-use-size': [ '1.1.0' ],
249 silly audit   '@radix-ui/react-visually-hidden': [ '1.1.0' ],
249 silly audit   '@radix-ui/rect': [ '1.1.0' ],
249 silly audit   '@rtsao/scc': [ '1.1.0' ],
249 silly audit   '@rushstack/eslint-patch': [ '1.10.4' ],
249 silly audit   '@sinclair/typebox': [ '0.27.8' ],
249 silly audit   '@sinonjs/commons': [ '3.0.1' ],
249 silly audit   '@sinonjs/fake-timers': [ '10.3.0' ],
249 silly audit   '@swc/counter': [ '0.1.3' ],
249 silly audit   '@swc/helpers': [ '0.5.5' ],
249 silly audit   '@tailwindcss/typography': [ '0.5.15' ],
249 silly audit   'postcss-selector-parser': [ '6.0.10', '6.1.2' ],
249 silly audit   '@testing-library/dom': [ '8.20.1' ],
249 silly audit   'aria-query': [ '5.1.3', '5.3.2' ],
249 silly audit   '@testing-library/jest-dom': [ '5.17.0' ],
249 silly audit   chalk: [ '3.0.0', '4.1.2' ],
249 silly audit   '@testing-library/react': [ '13.4.0' ],
249 silly audit   '@tootallnate/once': [ '2.0.0' ],
249 silly audit   '@types/acorn': [ '4.0.6' ],
249 silly audit   '@types/aria-query': [ '5.0.4' ],
249 silly audit   '@types/babel__core': [ '7.20.5' ],
249 silly audit   '@types/babel__generator': [ '7.6.8' ],
249 silly audit   '@types/babel__template': [ '7.4.4' ],
249 silly audit   '@types/babel__traverse': [ '7.20.6' ],
249 silly audit   '@types/debug': [ '4.1.12' ],
249 silly audit   '@types/estree': [ '1.0.6' ],
249 silly audit   '@types/estree-jsx': [ '1.0.5' ],
249 silly audit   '@types/graceful-fs': [ '4.1.9' ],
249 silly audit   '@types/hast': [ '3.0.4', '2.3.10' ],
249 silly audit   '@types/istanbul-lib-coverage': [ '2.0.6' ],
249 silly audit   '@types/istanbul-lib-report': [ '3.0.3' ],
249 silly audit   '@types/istanbul-reports': [ '3.0.4' ],
249 silly audit   '@types/jest': [ '29.5.14' ],
249 silly audit   '@types/jsdom': [ '20.0.1' ],
249 silly audit   '@types/json5': [ '0.0.29' ],
249 silly audit   '@types/mdast': [ '4.0.4' ],
249 silly audit   '@types/mdx': [ '2.0.13' ],
249 silly audit   '@types/ms': [ '0.7.34' ],
249 silly audit   '@types/node': [ '20.17.9' ],
249 silly audit   '@types/prop-types': [ '15.7.13' ],
249 silly audit   '@types/react': [ '18.3.12' ],
249 silly audit   '@types/react-dom': [ '18.3.1' ],
249 silly audit   '@types/stack-utils': [ '2.0.3' ],
249 silly audit   '@types/testing-library__jest-dom': [ '5.14.9' ],
249 silly audit   '@types/tough-cookie': [ '4.0.5' ],
249 silly audit   '@types/unist': [ '3.0.3', '2.0.11' ],
249 silly audit   '@types/yargs': [ '17.0.33' ],
249 silly audit   '@types/yargs-parser': [ '21.0.3' ],
249 silly audit   '@typescript-eslint/eslint-plugin': [ '8.17.0' ],
249 silly audit   '@typescript-eslint/parser': [ '8.17.0' ],
249 silly audit   '@typescript-eslint/scope-manager': [ '8.17.0' ],
249 silly audit   '@typescript-eslint/type-utils': [ '8.17.0' ],
249 silly audit   '@typescript-eslint/types': [ '8.17.0' ],
249 silly audit   '@typescript-eslint/typescript-estree': [ '8.17.0' ],
249 silly audit   '@typescript-eslint/utils': [ '8.17.0' ],
249 silly audit   '@typescript-eslint/visitor-keys': [ '8.17.0' ],
249 silly audit   'eslint-visitor-keys': [ '4.2.0', '3.4.3' ],
249 silly audit   '@ungap/structured-clone': [ '1.2.0' ],
249 silly audit   abab: [ '2.0.6' ],
249 silly audit   acorn: [ '8.14.0' ],
249 silly audit   'acorn-globals': [ '7.0.1' ],
249 silly audit   'acorn-jsx': [ '5.3.2' ],
249 silly audit   'acorn-walk': [ '8.3.4' ],
249 silly audit   'agent-base': [ '6.0.2' ],
249 silly audit   ajv: [ '6.12.6' ],
249 silly audit   'ansi-escapes': [ '4.3.2' ],
249 silly audit   'any-promise': [ '1.3.0' ],
249 silly audit   anymatch: [ '3.1.3' ],
249 silly audit   arg: [ '5.0.2' ],
249 silly audit   'aria-hidden': [ '1.2.4' ],
249 silly audit   'array-buffer-byte-length': [ '1.0.1' ],
249 silly audit   'array-includes': [ '3.1.8' ],
249 silly audit   'array.prototype.findlast': [ '1.2.5' ],
249 silly audit   'array.prototype.findlastindex': [ '1.2.5' ],
249 silly audit   'array.prototype.flat': [ '1.3.2' ],
249 silly audit   'array.prototype.flatmap': [ '1.3.2' ],
249 silly audit   'array.prototype.tosorted': [ '1.1.4' ],
249 silly audit   'arraybuffer.prototype.slice': [ '1.0.3' ],
249 silly audit   'ast-types-flow': [ '0.0.8' ],
249 silly audit   astring: [ '1.9.0' ],
249 silly audit   asynckit: [ '0.4.0' ],
249 silly audit   autoprefixer: [ '10.4.20' ],
249 silly audit   'available-typed-arrays': [ '1.0.7' ],
249 silly audit   'axe-core': [ '4.10.2' ],
249 silly audit   'axobject-query': [ '4.1.0' ],
249 silly audit   'babel-jest': [ '29.7.0' ],
249 silly audit   'babel-plugin-istanbul': [ '6.1.1' ],
249 silly audit   'babel-plugin-jest-hoist': [ '29.6.3' ],
249 silly audit   'babel-plugin-polyfill-corejs2': [ '0.4.12' ],
249 silly audit   'babel-plugin-polyfill-corejs3': [ '0.10.6' ],
249 silly audit   'babel-plugin-polyfill-regenerator': [ '0.6.3' ],
249 silly audit   'babel-preset-current-node-syntax': [ '1.1.0' ],
249 silly audit   'babel-preset-jest': [ '29.6.3' ],
249 silly audit   bail: [ '2.0.2' ],
249 silly audit   'balanced-match': [ '1.0.2' ],
249 silly audit   'binary-extensions': [ '2.3.0' ],
249 silly audit   braces: [ '3.0.3' ],
249 silly audit   browserslist: [ '4.24.2' ],
249 silly audit   bser: [ '2.1.1' ],
249 silly audit   'buffer-from': [ '1.1.2' ],
249 silly audit   busboy: [ '1.6.0' ],
249 silly audit   'call-bind': [ '1.0.7' ],
249 silly audit   callsites: [ '3.1.0' ],
249 silly audit   camelcase: [ '5.3.1', '6.3.0' ],
249 silly audit   'camelcase-css': [ '2.0.1' ],
249 silly audit   'caniuse-lite': [ '1.0.30001686' ],
249 silly audit   ccount: [ '2.0.1' ],
249 silly audit   'char-regex': [ '1.0.2' ],
249 silly audit   'character-entities': [ '2.0.2', '1.2.4' ],
249 silly audit   'character-entities-html4': [ '2.1.0' ],
249 silly audit   'character-entities-legacy': [ '3.0.0', '1.1.4' ],
249 silly audit   'character-reference-invalid': [ '2.0.1', '1.1.4' ],
249 silly audit   chokidar: [ '3.6.0' ],
249 silly audit   'glob-parent': [ '5.1.2', '6.0.2' ],
249 silly audit   'ci-info': [ '3.9.0' ],
249 silly audit   'cjs-module-lexer': [ '1.4.1' ],
249 silly audit   'class-variance-authority': [ '0.7.1' ],
249 silly audit   'client-only': [ '0.0.1' ],
249 silly audit   cliui: [ '8.0.1' ],
249 silly audit   clsx: [ '2.1.1' ],
249 silly audit   co: [ '4.6.0' ],
249 silly audit   'collapse-white-space': [ '2.1.0' ],
249 silly audit   'collect-v8-coverage': [ '1.0.2' ],
249 silly audit   'color-convert': [ '2.0.1' ],
249 silly audit   'color-name': [ '1.1.4' ],
249 silly audit   'combined-stream': [ '1.0.8' ],
249 silly audit   'comma-separated-tokens': [ '2.0.3', '1.0.8' ],
249 silly audit   commander: [ '4.1.1' ],
249 silly audit   'concat-map': [ '0.0.1' ],
249 silly audit   'convert-source-map': [ '2.0.0' ],
249 silly audit   cookie: [ '1.0.2' ],
249 silly audit   'core-js-compat': [ '3.39.0' ],
249 silly audit   'create-jest': [ '29.7.0' ],
249 silly audit   'cross-spawn': [ '7.0.6' ],
249 silly audit   'crypto-js': [ '4.2.0' ],
249 silly audit   'css.escape': [ '1.5.1' ],
249 silly audit   cssesc: [ '3.0.0' ],
249 silly audit   cssom: [ '0.5.0', '0.3.8' ],
249 silly audit   cssstyle: [ '2.3.0' ],
249 silly audit   csstype: [ '3.1.3' ],
249 silly audit   'damerau-levenshtein': [ '1.0.8' ],
249 silly audit   'data-urls': [ '3.0.2' ],
249 silly audit   'data-view-buffer': [ '1.0.1' ],
249 silly audit   'data-view-byte-length': [ '1.0.1' ],
249 silly audit   'data-view-byte-offset': [ '1.0.0' ],
249 silly audit   debug: [ '4.3.7', '3.2.7' ],
249 silly audit   'decimal.js': [ '10.4.3' ],
249 silly audit   'decode-named-character-reference': [ '1.0.2' ],
249 silly audit   dedent: [ '1.5.3' ],
249 silly audit   'deep-equal': [ '2.2.3' ],
249 silly audit   'deep-is': [ '0.1.4' ],
249 silly audit   deepmerge: [ '4.3.1' ],
249 silly audit   'define-data-property': [ '1.1.4' ],
249 silly audit   'define-properties': [ '1.2.1' ],
249 silly audit   'delayed-stream': [ '1.0.0' ],
249 silly audit   dequal: [ '2.0.3' ],
249 silly audit   'detect-newline': [ '3.1.0' ],
249 silly audit   'detect-node-es': [ '1.1.0' ],
249 silly audit   devlop: [ '1.1.0' ],
249 silly audit   didyoumean: [ '1.2.2' ],
249 silly audit   'diff-sequences': [ '29.6.3' ],
249 silly audit   dlv: [ '1.1.3' ],
249 silly audit   doctrine: [ '3.0.0', '2.1.0' ],
249 silly audit   'dom-accessibility-api': [ '0.5.16' ],
249 silly audit   domexception: [ '4.0.0' ],
249 silly audit   eastasianwidth: [ '0.2.0' ],
249 silly audit   'electron-to-chromium': [ '1.5.68' ],
249 silly audit   emittery: [ '0.13.1' ],
249 silly audit   'enhanced-resolve': [ '5.17.1' ],
249 silly audit   entities: [ '4.5.0' ],
249 silly audit   'error-ex': [ '1.3.2' ],
249 silly audit   'es-abstract': [ '1.23.5' ],
249 silly audit   'es-define-property': [ '1.0.0' ],
249 silly audit   'es-errors': [ '1.3.0' ],
249 silly audit   'es-get-iterator': [ '1.1.3' ],
249 silly audit   'es-iterator-helpers': [ '1.2.0' ],
249 silly audit   'es-object-atoms': [ '1.0.0' ],
249 silly audit   'es-set-tostringtag': [ '2.0.3' ],
249 silly audit   'es-shim-unscopables': [ '1.0.2' ],
249 silly audit   'es-to-primitive': [ '1.3.0' ],
249 silly audit   'esast-util-from-estree': [ '2.0.0' ],
249 silly audit   'esast-util-from-js': [ '2.0.1' ],
249 silly audit   escalade: [ '3.2.0' ],
249 silly audit   'escape-string-regexp': [ '4.0.0', '2.0.0', '5.0.0' ],
249 silly audit   escodegen: [ '2.1.0' ],
249 silly audit   eslint: [ '8.57.1' ],
249 silly audit   'eslint-config-next': [ '14.2.18' ],
249 silly audit   'eslint-import-resolver-node': [ '0.3.9' ],
249 silly audit   'eslint-import-resolver-typescript': [ '3.6.3' ],
249 silly audit   'eslint-module-utils': [ '2.12.0' ],
249 silly audit   'eslint-plugin-import': [ '2.31.0' ],
249 silly audit   'eslint-plugin-jsx-a11y': [ '6.10.2' ],
249 silly audit   'eslint-plugin-react': [ '7.37.2' ],
249 silly audit   'eslint-plugin-react-hooks': [ '5.0.0-canary-7118f5dd7-20230705' ],
249 silly audit   resolve: [ '2.0.0-next.5', '1.22.8' ],
249 silly audit   'eslint-scope': [ '7.2.2' ],
249 silly audit   espree: [ '9.6.1' ],
249 silly audit   esprima: [ '4.0.1' ],
249 silly audit   esquery: [ '1.6.0' ],
249 silly audit   esrecurse: [ '4.3.0' ],
249 silly audit   estraverse: [ '5.3.0' ],
249 silly audit   'estree-util-attach-comments': [ '3.0.0' ],
249 silly audit   'estree-util-build-jsx': [ '3.0.1' ],
249 silly audit   'estree-util-is-identifier-name': [ '3.0.0' ],
249 silly audit   'estree-util-scope': [ '1.0.0' ],
249 silly audit   'estree-util-to-js': [ '2.0.0' ],
249 silly audit   'estree-util-visit': [ '2.0.0' ],
249 silly audit   'estree-walker': [ '3.0.3' ],
249 silly audit   esutils: [ '2.0.3' ],
249 silly audit   execa: [ '5.1.1' ],
249 silly audit   exit: [ '0.1.2' ],
249 silly audit   expect: [ '29.7.0' ],
249 silly audit   extend: [ '3.0.2' ],
249 silly audit   'fast-deep-equal': [ '3.1.3' ],
249 silly audit   'fast-glob': [ '3.3.2' ],
249 silly audit   'fast-json-stable-stringify': [ '2.1.0' ],
249 silly audit   'fast-levenshtein': [ '2.0.6' ],
249 silly audit   fastq: [ '1.17.1' ],
249 silly audit   'fb-watchman': [ '2.0.2' ],
249 silly audit   'file-entry-cache': [ '6.0.1' ],
249 silly audit   'fill-range': [ '7.1.1' ],
249 silly audit   'flat-cache': [ '3.2.0' ],
249 silly audit   flatted: [ '3.3.2' ],
249 silly audit   'for-each': [ '0.3.3' ],
249 silly audit   'foreground-child': [ '3.3.0' ],
249 silly audit   'signal-exit': [ '4.1.0', '3.0.7' ],
249 silly audit   'form-data': [ '4.0.1' ],
249 silly audit   'fraction.js': [ '4.3.7' ],
249 silly audit   'fs.realpath': [ '1.0.0' ],
249 silly audit   'function-bind': [ '1.1.2' ],
249 silly audit   'function.prototype.name': [ '1.1.6' ],
249 silly audit   'functions-have-names': [ '1.2.3' ],
249 silly audit   gensync: [ '1.0.0-beta.2' ],
249 silly audit   'get-caller-file': [ '2.0.5' ],
249 silly audit   'get-intrinsic': [ '1.2.4' ],
249 silly audit   'get-nonce': [ '1.0.1' ],
249 silly audit   'get-package-type': [ '0.1.0' ],
249 silly audit   'get-stream': [ '6.0.1' ],
249 silly audit   'get-symbol-description': [ '1.0.2' ],
249 silly audit   'get-tsconfig': [ '4.8.1' ],
249 silly audit   globalthis: [ '1.0.4' ],
249 silly audit   gopd: [ '1.1.0' ],
249 silly audit   'graceful-fs': [ '4.2.11' ],
249 silly audit   graphemer: [ '1.4.0' ],
249 silly audit   'harmony-reflect': [ '1.6.2' ],
249 silly audit   'has-bigints': [ '1.0.2' ],
249 silly audit   'has-flag': [ '4.0.0' ],
249 silly audit   'has-property-descriptors': [ '1.0.2' ],
249 silly audit   'has-proto': [ '1.1.0' ],
249 silly audit   'has-symbols': [ '1.1.0' ],
249 silly audit   'has-tostringtag': [ '1.0.2' ],
249 silly audit   hasown: [ '2.0.2' ],
249 silly audit   'hast-util-to-estree': [ '3.1.0' ],
249 silly audit   'inline-style-parser': [ '0.1.1', '0.2.4' ],
249 silly audit   'style-to-object': [ '0.4.4', '1.0.8' ],
249 silly audit   'hast-util-to-jsx-runtime': [ '2.3.2' ],
249 silly audit   'hast-util-whitespace': [ '3.0.0' ],
249 silly audit   'html-encoding-sniffer': [ '3.0.0' ],
249 silly audit   'html-escaper': [ '2.0.2' ],
249 silly audit   'html-url-attributes': [ '3.0.1' ],
249 silly audit   'http-proxy-agent': [ '5.0.0' ],
249 silly audit   'https-proxy-agent': [ '5.0.1' ],
249 silly audit   'human-signals': [ '2.1.0' ],
249 silly audit   'iconv-lite': [ '0.6.3' ],
249 silly audit   'identity-obj-proxy': [ '3.0.0' ],
249 silly audit   ignore: [ '5.3.2' ],
249 silly audit   'import-fresh': [ '3.3.0' ],
249 silly audit   'import-local': [ '3.2.0' ],
249 silly audit   imurmurhash: [ '0.1.4' ],
249 silly audit   'indent-string': [ '4.0.0' ],
249 silly audit   inflight: [ '1.0.6' ],
249 silly audit   inherits: [ '2.0.4' ],
249 silly audit   'internal-slot': [ '1.0.7' ],
249 silly audit   invariant: [ '2.2.4' ],
249 silly audit   'is-alphabetical': [ '2.0.1', '1.0.4' ],
249 silly audit   'is-alphanumerical': [ '2.0.1', '1.0.4' ],
249 silly audit   'is-arguments': [ '1.1.1' ],
249 silly audit   'is-array-buffer': [ '3.0.4' ],
249 silly audit   'is-arrayish': [ '0.2.1' ],
249 silly audit   'is-async-function': [ '2.0.0' ],
249 silly audit   'is-bigint': [ '1.1.0' ],
249 silly audit   'is-binary-path': [ '2.1.0' ],
249 silly audit   'is-boolean-object': [ '1.2.0' ],
249 silly audit   'is-bun-module': [ '1.3.0' ],
249 silly audit   'is-callable': [ '1.2.7' ],
249 silly audit   'is-core-module': [ '2.15.1' ],
249 silly audit   'is-data-view': [ '1.0.1' ],
249 silly audit   'is-date-object': [ '1.0.5' ],
249 silly audit   'is-decimal': [ '2.0.1', '1.0.4' ],
249 silly audit   'is-extglob': [ '2.1.1' ],
249 silly audit   'is-finalizationregistry': [ '1.1.0' ],
249 silly audit   'is-fullwidth-code-point': [ '3.0.0' ],
249 silly audit   'is-generator-fn': [ '2.1.0' ],
249 silly audit   'is-generator-function': [ '1.0.10' ],
249 silly audit   'is-glob': [ '4.0.3' ],
249 silly audit   'is-hexadecimal': [ '2.0.1', '1.0.4' ],
249 silly audit   'is-map': [ '2.0.3' ],
249 silly audit   'is-negative-zero': [ '2.0.3' ],
249 silly audit   'is-number': [ '7.0.0' ],
249 silly audit   'is-number-object': [ '1.1.0' ],
249 silly audit   'is-path-inside': [ '3.0.3' ],
249 silly audit   'is-plain-obj': [ '4.1.0' ],
249 silly audit   'is-potential-custom-element-name': [ '1.0.1' ],
249 silly audit   'is-regex': [ '1.2.0' ],
249 silly audit   'is-set': [ '2.0.3' ],
249 silly audit   'is-shared-array-buffer': [ '1.0.3' ],
249 silly audit   'is-stream': [ '2.0.1' ],
249 silly audit   'is-string': [ '1.1.0' ],
249 silly audit   'is-symbol': [ '1.1.0' ],
249 silly audit   'is-typed-array': [ '1.1.13' ],
249 silly audit   'is-weakmap': [ '2.0.2' ],
249 silly audit   'is-weakref': [ '1.0.2' ],
249 silly audit   'is-weakset': [ '2.0.3' ],
249 silly audit   isarray: [ '2.0.5' ],
249 silly audit   isexe: [ '2.0.0' ],
249 silly audit   'istanbul-lib-coverage': [ '3.2.2' ],
249 silly audit   'istanbul-lib-report': [ '3.0.1' ],
249 silly audit   'istanbul-lib-source-maps': [ '4.0.1' ],
249 silly audit   'istanbul-reports': [ '3.1.7' ],
249 silly audit   'iterator.prototype': [ '1.1.3' ],
249 silly audit   jackspeak: [ '2.3.6', '3.4.3' ],
249 silly audit   jest: [ '29.7.0' ],
249 silly audit   'jest-changed-files': [ '29.7.0' ],
249 silly audit   'jest-circus': [ '29.7.0' ],
249 silly audit   'jest-cli': [ '29.7.0' ],
249 silly audit   'jest-config': [ '29.7.0' ],
249 silly audit   'jest-diff': [ '29.7.0' ],
249 silly audit   'jest-docblock': [ '29.7.0' ],
249 silly audit   'jest-each': [ '29.7.0' ],
249 silly audit   'jest-environment-jsdom': [ '29.7.0' ],
249 silly audit   'jest-environment-node': [ '29.7.0' ],
249 silly audit   'jest-get-type': [ '29.6.3' ],
249 silly audit   'jest-haste-map': [ '29.7.0' ],
249 silly audit   'jest-leak-detector': [ '29.7.0' ],
249 silly audit   'jest-matcher-utils': [ '29.7.0' ],
249 silly audit   'jest-message-util': [ '29.7.0' ],
249 silly audit   'jest-mock': [ '29.7.0' ],
249 silly audit   'jest-pnp-resolver': [ '1.2.3' ],
249 silly audit   'jest-regex-util': [ '29.6.3' ],
249 silly audit   'jest-resolve': [ '29.7.0' ],
249 silly audit   'jest-resolve-dependencies': [ '29.7.0' ],
249 silly audit   'jest-runner': [ '29.7.0' ],
249 silly audit   'jest-runtime': [ '29.7.0' ],
249 silly audit   'jest-snapshot': [ '29.7.0' ],
249 silly audit   'jest-util': [ '29.7.0' ],
249 silly audit   'jest-validate': [ '29.7.0' ],
249 silly audit   'jest-watcher': [ '29.7.0' ],
249 silly audit   'jest-worker': [ '29.7.0' ],
249 silly audit   'supports-color': [ '8.1.1', '7.2.0' ],
249 silly audit   jiti: [ '1.21.6' ],
249 silly audit   jose: [ '5.9.6' ],
249 silly audit   'js-tokens': [ '4.0.0' ],
249 silly audit   jsdom: [ '20.0.3' ],
249 silly audit   jsesc: [ '3.0.2' ],
249 silly audit   'json-buffer': [ '3.0.1' ],
249 silly audit   'json-parse-even-better-errors': [ '2.3.1' ],
249 silly audit   'json-schema-traverse': [ '0.4.1' ],
249 silly audit   'json-stable-stringify-without-jsonify': [ '1.0.1' ],
249 silly audit   json5: [ '2.2.3', '1.0.2' ],
249 silly audit   'jsx-ast-utils': [ '3.3.5' ],
249 silly audit   keyv: [ '4.5.4' ],
249 silly audit   kleur: [ '3.0.3' ],
249 silly audit   'language-subtag-registry': [ '0.3.23' ],
249 silly audit   'language-tags': [ '1.0.9' ],
249 silly audit   leven: [ '3.1.0' ],
249 silly audit   levn: [ '0.4.1' ],
249 silly audit   lilconfig: [ '2.1.0', '3.1.3' ],
249 silly audit   'lines-and-columns': [ '1.2.4' ],
249 silly audit   lodash: [ '4.17.21' ],
249 silly audit   'lodash.castarray': [ '4.4.0' ],
249 silly audit   'lodash.debounce': [ '4.0.8' ],
249 silly audit   'lodash.isplainobject': [ '4.0.6' ],
249 silly audit   'lodash.merge': [ '4.6.2' ],
249 silly audit   'longest-streak': [ '3.1.0' ],
249 silly audit   'loose-envify': [ '1.4.0' ],
249 silly audit   'lru-cache': [ '5.1.1', '10.4.3' ],
249 silly audit   'lucide-react': [ '0.294.0' ],
249 silly audit   'lz-string': [ '1.5.0' ],
249 silly audit   'make-dir': [ '4.0.0' ],
249 silly audit   makeerror: [ '1.0.12' ],
249 silly audit   'markdown-extensions': [ '2.0.0' ],
249 silly audit   'mdast-util-from-markdown': [ '2.0.2' ],
249 silly audit   'mdast-util-mdx': [ '3.0.0' ],
249 silly audit   'mdast-util-mdx-expression': [ '2.0.1' ],
249 silly audit   'mdast-util-mdx-jsx': [ '3.1.3' ],
249 silly audit   'mdast-util-mdxjs-esm': [ '2.0.1' ],
249 silly audit   'mdast-util-phrasing': [ '4.1.0' ],
249 silly audit   'mdast-util-to-hast': [ '13.2.0' ],
249 silly audit   'mdast-util-to-markdown': [ '2.1.2' ],
249 silly audit   'mdast-util-to-string': [ '4.0.0' ],
249 silly audit   'merge-stream': [ '2.0.0' ],
249 silly audit   merge2: [ '1.4.1' ],
249 silly audit   micromark: [ '4.0.1' ],
249 silly audit   'micromark-core-commonmark': [ '2.0.2' ],
249 silly audit   'micromark-extension-mdx-expression': [ '3.0.0' ],
249 silly audit   'micromark-extension-mdx-jsx': [ '3.0.1' ],
249 silly audit   'micromark-extension-mdx-md': [ '2.0.0' ],
249 silly audit   'micromark-extension-mdxjs': [ '3.0.0' ],
249 silly audit   'micromark-extension-mdxjs-esm': [ '3.0.0' ],
249 silly audit   'micromark-factory-destination': [ '2.0.1' ],
249 silly audit   'micromark-factory-label': [ '2.0.1' ],
249 silly audit   'micromark-factory-mdx-expression': [ '2.0.2' ],
249 silly audit   'micromark-factory-space': [ '2.0.1' ],
249 silly audit   'micromark-factory-title': [ '2.0.1' ],
249 silly audit   'micromark-factory-whitespace': [ '2.0.1' ],
249 silly audit   'micromark-util-character': [ '2.1.1' ],
249 silly audit   'micromark-util-chunked': [ '2.0.1' ],
249 silly audit   'micromark-util-classify-character': [ '2.0.1' ],
249 silly audit   'micromark-util-combine-extensions': [ '2.0.1' ],
249 silly audit   'micromark-util-decode-numeric-character-reference': [ '2.0.2' ],
249 silly audit   'micromark-util-decode-string': [ '2.0.1' ],
249 silly audit   'micromark-util-encode': [ '2.0.1' ],
249 silly audit   'micromark-util-events-to-acorn': [ '2.0.2' ],
249 silly audit   'micromark-util-html-tag-name': [ '2.0.1' ],
249 silly audit   'micromark-util-normalize-identifier': [ '2.0.1' ],
249 silly audit   'micromark-util-resolve-all': [ '2.0.1' ],
249 silly audit   'micromark-util-sanitize-uri': [ '2.0.1' ],
249 silly audit   'micromark-util-subtokenize': [ '2.0.3' ],
249 silly audit   'micromark-util-symbol': [ '2.0.1' ],
249 silly audit   'micromark-util-types': [ '2.0.1' ],
249 silly audit   micromatch: [ '4.0.8' ],
249 silly audit   'mime-db': [ '1.52.0' ],
249 silly audit   'mime-types': [ '2.1.35' ],
249 silly audit   'mimic-fn': [ '2.1.0' ],
249 silly audit   'min-indent': [ '1.0.1' ],
249 silly audit   minimist: [ '1.2.8' ],
249 silly audit   minipass: [ '7.1.2' ],
249 silly audit   ms: [ '2.1.3' ],
249 silly audit   mz: [ '2.7.0' ],
249 silly audit   nanoid: [ '3.3.8' ],
249 silly audit   'natural-compare': [ '1.4.0' ],
249 silly audit   next: [ '14.2.18' ],
249 silly audit   'next-mdx-remote': [ '5.0.0' ],
249 silly audit   'next-themes': [ '0.4.3' ],
249 silly audit   'node-int64': [ '0.4.0' ],
249 silly audit   'node-releases': [ '2.0.18' ],
249 silly audit   'normalize-path': [ '3.0.0' ],
249 silly audit   'normalize-range': [ '0.1.2' ],
249 silly audit   'npm-run-path': [ '4.0.1' ],
249 silly audit   nwsapi: [ '2.2.16' ],
249 silly audit   'object-assign': [ '4.1.1' ],
249 silly audit   'object-hash': [ '3.0.0' ],
249 silly audit   'object-inspect': [ '1.13.3' ],
249 silly audit   'object-is': [ '1.1.6' ],
249 silly audit   'object-keys': [ '1.1.1' ],
249 silly audit   'object.assign': [ '4.1.5' ],
249 silly audit   'object.entries': [ '1.1.8' ],
249 silly audit   'object.fromentries': [ '2.0.8' ],
249 silly audit   'object.groupby': [ '1.0.3' ],
249 silly audit   'object.values': [ '1.2.0' ],
249 silly audit   once: [ '1.4.0' ],
249 silly audit   onetime: [ '5.1.2' ],
249 silly audit   optionator: [ '0.9.4' ],
249 silly audit   'p-try': [ '2.2.0' ],
249 silly audit   'package-json-from-dist': [ '1.0.1' ],
249 silly audit   'parent-module': [ '1.0.1' ],
249 silly audit   'parse-entities': [ '4.0.1', '2.0.0' ],
249 silly audit   'parse-json': [ '5.2.0' ],
249 silly audit   parse5: [ '7.2.1' ],
249 silly audit   'path-exists': [ '4.0.0' ],
249 silly audit   'path-is-absolute': [ '1.0.1' ],
249 silly audit   'path-key': [ '3.1.1' ],
249 silly audit   'path-parse': [ '1.0.7' ],
249 silly audit   'path-scurry': [ '1.11.1' ],
249 silly audit   picocolors: [ '1.1.1' ],
249 silly audit   picomatch: [ '2.3.1' ],
249 silly audit   pify: [ '2.3.0' ],
249 silly audit   pirates: [ '4.0.6' ],
249 silly audit   'pkg-dir': [ '4.2.0' ],
249 silly audit   'possible-typed-array-names': [ '1.0.0' ],
249 silly audit   postcss: [ '8.4.31', '8.4.49' ],
249 silly audit   'postcss-import': [ '15.1.0' ],
249 silly audit   'postcss-js': [ '4.0.1' ],
249 silly audit   'postcss-load-config': [ '4.0.2' ],
249 silly audit   'postcss-nested': [ '6.2.0' ],
249 silly audit   'postcss-value-parser': [ '4.2.0' ],
249 silly audit   'prelude-ls': [ '1.2.1' ],
249 silly audit   prisma: [ '6.0.1' ],
249 silly audit   prompts: [ '2.4.2' ],
249 silly audit   'prop-types': [ '15.8.1' ],
249 silly audit   'property-information': [ '6.5.0', '5.6.0' ],
249 silly audit   psl: [ '1.15.0' ],
249 silly audit   punycode: [ '2.3.1' ],
249 silly audit   'pure-rand': [ '6.1.0' ],
249 silly audit   querystringify: [ '2.2.0' ],
249 silly audit   'queue-microtask': [ '1.2.3' ],
249 silly audit   react: [ '18.3.1' ],
249 silly audit   'react-dom': [ '18.3.1' ],
249 silly audit   'react-remove-scroll': [ '2.6.0' ],
249 silly audit   'react-remove-scroll-bar': [ '2.3.6' ],
249 silly audit   'react-style-singleton': [ '2.2.1' ],
249 silly audit   'read-cache': [ '1.0.0' ],
249 silly audit   readdirp: [ '3.6.0' ],
249 silly audit   'recma-build-jsx': [ '1.0.0' ],
249 silly audit   'recma-jsx': [ '1.0.0' ],
249 silly audit   'recma-parse': [ '1.0.0' ],
249 silly audit   'recma-stringify': [ '1.0.0' ],
249 silly audit   redent: [ '3.0.0' ],
249 silly audit   'reflect.getprototypeof': [ '1.0.7' ],
249 silly audit   regenerate: [ '1.4.2' ],
249 silly audit   'regenerate-unicode-properties': [ '10.2.0' ],
249 silly audit   'regenerator-runtime': [ '0.14.1' ],
249 silly audit   'regenerator-transform': [ '0.15.2' ],
249 silly audit   'regexp.prototype.flags': [ '1.5.3' ],
249 silly audit   'regexpu-core': [ '6.2.0' ],
249 silly audit   regjsgen: [ '0.8.0' ],
249 silly audit   regjsparser: [ '0.12.0' ],
249 silly audit   'rehype-recma': [ '1.0.0' ],
249 silly audit   'remark-mdx': [ '3.1.0' ],
249 silly audit   'remark-parse': [ '11.0.0' ],
249 silly audit   'remark-rehype': [ '11.1.1' ],
249 silly audit   'require-directory': [ '2.1.1' ],
249 silly audit   'requires-port': [ '1.0.0' ],
249 silly audit   'resolve-cwd': [ '3.0.0' ],
249 silly audit   'resolve-pkg-maps': [ '1.0.0' ],
249 silly audit   'resolve.exports': [ '2.0.3' ],
249 silly audit   reusify: [ '1.0.4' ],
249 silly audit   rimraf: [ '3.0.2' ],
249 silly audit   'run-parallel': [ '1.2.0' ],
249 silly audit   'safe-array-concat': [ '1.1.2' ],
249 silly audit   'safe-regex-test': [ '1.0.3' ],
249 silly audit   'safer-buffer': [ '2.1.2' ],
249 silly audit   saxes: [ '6.0.0' ],
249 silly audit   scheduler: [ '0.23.2' ],
249 silly audit   'set-function-length': [ '1.2.2' ],
249 silly audit   'set-function-name': [ '2.0.2' ],
249 silly audit   'shebang-command': [ '2.0.0' ],
249 silly audit   'shebang-regex': [ '3.0.0' ],
249 silly audit   'side-channel': [ '1.0.6' ],
249 silly audit   sisteransi: [ '1.0.5' ],
249 silly audit   slash: [ '3.0.0' ],
249 silly audit   sonner: [ '1.7.0' ],
249 silly audit   'source-map-js': [ '1.2.1' ],
249 silly audit   'source-map-support': [ '0.5.13' ],
249 silly audit   'space-separated-tokens': [ '2.0.2', '1.1.5' ],
249 silly audit   'sprintf-js': [ '1.0.3' ],
249 silly audit   'stack-utils': [ '2.0.6' ],
249 silly audit   'stop-iteration-iterator': [ '1.0.0' ],
249 silly audit   streamsearch: [ '1.1.0' ],
249 silly audit   'string-length': [ '4.0.2' ],
249 silly audit   'string.prototype.includes': [ '2.0.1' ],
249 silly audit   'string.prototype.matchall': [ '4.0.11' ],
249 silly audit   'string.prototype.repeat': [ '1.0.0' ],
249 silly audit   'string.prototype.trim': [ '1.2.9' ],
249 silly audit   'string.prototype.trimend': [ '1.0.8' ],
249 silly audit   'string.prototype.trimstart': [ '1.0.8' ],
249 silly audit   'stringify-entities': [ '4.0.4' ],
249 silly audit   'strip-bom': [ '4.0.0', '3.0.0' ],
249 silly audit   'strip-final-newline': [ '2.0.0' ],
249 silly audit   'strip-indent': [ '3.0.0' ],
249 silly audit   'strip-json-comments': [ '3.1.1' ],
249 silly audit   'styled-jsx': [ '5.1.1' ],
249 silly audit   sucrase: [ '3.35.0' ],
249 silly audit   'supports-preserve-symlinks-flag': [ '1.0.0' ],
249 silly audit   'symbol-tree': [ '3.2.4' ],
249 silly audit   'tailwind-merge': [ '2.5.5' ],
249 silly audit   tailwindcss: [ '3.4.15' ],
249 silly audit   'tailwindcss-animate': [ '1.0.7' ],
249 silly audit   tapable: [ '2.2.1' ],
249 silly audit   'test-exclude': [ '6.0.0' ],
249 silly audit   'text-table': [ '0.2.0' ],
249 silly audit   thenify: [ '3.3.1' ],
249 silly audit   'thenify-all': [ '1.6.0' ],
249 silly audit   tmpl: [ '1.0.5' ],
249 silly audit   'to-regex-range': [ '5.0.1' ],
249 silly audit   'tough-cookie': [ '4.1.4' ],
249 silly audit   tr46: [ '3.0.0' ],
249 silly audit   'trim-lines': [ '3.0.1' ],
249 silly audit   trough: [ '2.2.0' ],
249 silly audit   'ts-api-utils': [ '1.4.3' ],
249 silly audit   'ts-interface-checker': [ '0.1.13' ],
249 silly audit   'tsconfig-paths': [ '3.15.0' ],
249 silly audit   tslib: [ '2.8.1' ],
249 silly audit   'type-check': [ '0.4.0' ],
249 silly audit   'type-detect': [ '4.0.8' ],
249 silly audit   'typed-array-buffer': [ '1.0.2' ],
249 silly audit   'typed-array-byte-length': [ '1.0.1' ],
249 silly audit   'typed-array-byte-offset': [ '1.0.3' ],
249 silly audit   'typed-array-length': [ '1.0.7' ],
249 silly audit   typescript: [ '5.7.2' ],
249 silly audit   'unbox-primitive': [ '1.0.2' ],
249 silly audit   uncrypto: [ '0.1.3' ],
249 silly audit   'undici-types': [ '6.19.8' ],
249 silly audit   'unicode-canonical-property-names-ecmascript': [ '2.0.1' ],
249 silly audit   'unicode-match-property-ecmascript': [ '2.0.0' ],
249 silly audit   'unicode-match-property-value-ecmascript': [ '2.2.0' ],
249 silly audit   'unicode-property-aliases-ecmascript': [ '2.1.0' ],
249 silly audit   unified: [ '11.0.5' ],
249 silly audit   'unist-util-is': [ '6.0.0', '5.2.1' ],
249 silly audit   'unist-util-position': [ '5.0.0' ],
249 silly audit   'unist-util-position-from-estree': [ '2.0.0' ],
249 silly audit   'unist-util-remove': [ '3.1.1' ],
249 silly audit   'unist-util-stringify-position': [ '4.0.0' ],
249 silly audit   'unist-util-visit': [ '5.0.0' ],
249 silly audit   'unist-util-visit-parents': [ '5.1.3', '6.0.1' ],
249 silly audit   universalify: [ '0.2.0' ],
249 silly audit   'update-browserslist-db': [ '1.1.1' ],
249 silly audit   'uri-js': [ '4.4.1' ],
249 silly audit   'url-parse': [ '1.5.10' ],
249 silly audit   'use-callback-ref': [ '1.3.2' ],
249 silly audit   'use-sidecar': [ '1.1.2' ],
249 silly audit   'util-deprecate': [ '1.0.2' ],
249 silly audit   'v8-to-istanbul': [ '9.3.0' ],
249 silly audit   vfile: [ '6.0.3' ],
249 silly audit   'vfile-matter': [ '5.0.0' ],
249 silly audit   'vfile-message': [ '4.0.2' ],
249 silly audit   'w3c-xmlserializer': [ '4.0.0' ],
249 silly audit   walker: [ '1.0.8' ],
249 silly audit   'webidl-conversions': [ '7.0.0' ],
249 silly audit   'whatwg-encoding': [ '2.0.0' ],
249 silly audit   'whatwg-mimetype': [ '3.0.0' ],
249 silly audit   'whatwg-url': [ '11.0.0' ],
249 silly audit   which: [ '2.0.2' ],
249 silly audit   'which-boxed-primitive': [ '1.1.0' ],
249 silly audit   'which-builtin-type': [ '1.2.0' ],
249 silly audit   'which-collection': [ '1.0.2' ],
249 silly audit   'which-typed-array': [ '1.1.16' ],
249 silly audit   'word-wrap': [ '1.2.5' ],
249 silly audit   wrappy: [ '1.0.2' ],
249 silly audit   'write-file-atomic': [ '4.0.2' ],
249 silly audit   ws: [ '8.18.0' ],
249 silly audit   'xml-name-validator': [ '4.0.0' ],
249 silly audit   xmlchars: [ '2.2.0' ],
249 silly audit   y18n: [ '5.0.8' ],
249 silly audit   yallist: [ '3.1.1' ],
249 silly audit   yaml: [ '2.6.1' ],
249 silly audit   yargs: [ '17.7.2' ],
249 silly audit   'yargs-parser': [ '21.1.1' ],
249 silly audit   'yocto-queue': [ '0.1.0' ],
249 silly audit   zwitch: [ '2.0.4' ],
249 silly audit   'react-markdown': [ '9.0.1' ],
249 silly audit   'react-syntax-highlighter': [ '15.6.1' ],
249 silly audit   'remark-gfm': [ '4.0.0' ],
249 silly audit   'highlight.js': [ '10.7.3' ],
249 silly audit   'highlightjs-vue': [ '1.0.0' ],
249 silly audit   lowlight: [ '1.20.0' ],
249 silly audit   prismjs: [ '1.29.0', '1.27.0' ],
249 silly audit   refractor: [ '3.6.0' ],
249 silly audit   fault: [ '1.0.4' ],
249 silly audit   format: [ '0.2.2' ],
249 silly audit   hastscript: [ '6.0.0' ],
249 silly audit   'hast-util-parse-selector': [ '2.2.5' ],
249 silly audit   'mdast-util-gfm': [ '3.0.0' ],
249 silly audit   'micromark-extension-gfm': [ '3.0.0' ],
249 silly audit   'remark-stringify': [ '11.0.0' ],
249 silly audit   'mdast-util-gfm-autolink-literal': [ '2.0.1' ],
249 silly audit   'mdast-util-gfm-footnote': [ '2.0.0' ],
249 silly audit   'mdast-util-gfm-strikethrough': [ '2.0.0' ],
249 silly audit   'mdast-util-gfm-table': [ '2.0.0' ],
249 silly audit   'mdast-util-gfm-task-list-item': [ '2.0.0' ],
249 silly audit   'mdast-util-find-and-replace': [ '3.0.1' ],
249 silly audit   'markdown-table': [ '3.0.4' ],
249 silly audit   'micromark-extension-gfm-autolink-literal': [ '2.1.0' ],
249 silly audit   'micromark-extension-gfm-footnote': [ '2.1.0' ],
249 silly audit   'micromark-extension-gfm-strikethrough': [ '2.1.0' ],
249 silly audit   'micromark-extension-gfm-table': [ '2.1.0' ],
249 silly audit   'micromark-extension-gfm-tagfilter': [ '2.0.0' ],
249 silly audit   'micromark-extension-gfm-task-list-item': [ '2.1.0' ],
249 silly audit   xtend: [ '4.0.2' ]
249 silly audit }
250 verbose reify failed optional dependency C:\Users\saadr\Desktop\DevOps-Hub\devopshub\node_modules\@next\swc-win32-ia32-msvc
251 silly reify mark deleted [
251 silly reify   'C:\\Users\\saadr\\Desktop\\DevOps-Hub\\devopshub\\node_modules\\@next\\swc-win32-ia32-msvc'
251 silly reify ]
252 verbose reify failed optional dependency C:\Users\saadr\Desktop\DevOps-Hub\devopshub\node_modules\@next\swc-win32-arm64-msvc
253 silly reify mark deleted [
253 silly reify   'C:\\Users\\saadr\\Desktop\\DevOps-Hub\\devopshub\\node_modules\\@next\\swc-win32-arm64-msvc'
253 silly reify ]
254 verbose reify failed optional dependency C:\Users\saadr\Desktop\DevOps-Hub\devopshub\node_modules\@next\swc-linux-x64-musl
255 silly reify mark deleted [
255 silly reify   'C:\\Users\\saadr\\Desktop\\DevOps-Hub\\devopshub\\node_modules\\@next\\swc-linux-x64-musl'
255 silly reify ]
256 verbose reify failed optional dependency C:\Users\saadr\Desktop\DevOps-Hub\devopshub\node_modules\@next\swc-linux-x64-gnu
257 silly reify mark deleted [
257 silly reify   'C:\\Users\\saadr\\Desktop\\DevOps-Hub\\devopshub\\node_modules\\@next\\swc-linux-x64-gnu'
257 silly reify ]
258 verbose reify failed optional dependency C:\Users\saadr\Desktop\DevOps-Hub\devopshub\node_modules\@next\swc-linux-arm64-musl
259 silly reify mark deleted [
259 silly reify   'C:\\Users\\saadr\\Desktop\\DevOps-Hub\\devopshub\\node_modules\\@next\\swc-linux-arm64-musl'
259 silly reify ]
260 verbose reify failed optional dependency C:\Users\saadr\Desktop\DevOps-Hub\devopshub\node_modules\@next\swc-linux-arm64-gnu
261 silly reify mark deleted [
261 silly reify   'C:\\Users\\saadr\\Desktop\\DevOps-Hub\\devopshub\\node_modules\\@next\\swc-linux-arm64-gnu'
261 silly reify ]
262 verbose reify failed optional dependency C:\Users\saadr\Desktop\DevOps-Hub\devopshub\node_modules\@next\swc-darwin-x64
263 silly reify mark deleted [
263 silly reify   'C:\\Users\\saadr\\Desktop\\DevOps-Hub\\devopshub\\node_modules\\@next\\swc-darwin-x64'
263 silly reify ]
264 verbose reify failed optional dependency C:\Users\saadr\Desktop\DevOps-Hub\devopshub\node_modules\@next\swc-darwin-arm64
265 silly reify mark deleted [
265 silly reify   'C:\\Users\\saadr\\Desktop\\DevOps-Hub\\devopshub\\node_modules\\@next\\swc-darwin-arm64'
265 silly reify ]
266 silly tarball no local data for xtend@https://registry.npmjs.org/xtend/-/xtend-4.0.2.tgz. Extracting by manifest.
267 silly tarball no local data for micromark-extension-gfm-table@https://registry.npmjs.org/micromark-extension-gfm-table/-/micromark-extension-gfm-table-2.1.0.tgz. Extracting by manifest.
268 silly tarball no local data for micromark-extension-gfm-tagfilter@https://registry.npmjs.org/micromark-extension-gfm-tagfilter/-/micromark-extension-gfm-tagfilter-2.0.0.tgz. Extracting by manifest.
269 silly tarball no local data for micromark-extension-gfm-task-list-item@https://registry.npmjs.org/micromark-extension-gfm-task-list-item/-/micromark-extension-gfm-task-list-item-2.1.0.tgz. Extracting by manifest.
270 silly tarball no local data for micromark-extension-gfm-footnote@https://registry.npmjs.org/micromark-extension-gfm-footnote/-/micromark-extension-gfm-footnote-2.1.0.tgz. Extracting by manifest.
271 silly tarball no local data for micromark-extension-gfm-strikethrough@https://registry.npmjs.org/micromark-extension-gfm-strikethrough/-/micromark-extension-gfm-strikethrough-2.1.0.tgz. Extracting by manifest.
272 silly tarball no local data for micromark-extension-gfm-autolink-literal@https://registry.npmjs.org/micromark-extension-gfm-autolink-literal/-/micromark-extension-gfm-autolink-literal-2.1.0.tgz. Extracting by manifest.
273 silly tarball no local data for markdown-table@https://registry.npmjs.org/markdown-table/-/markdown-table-3.0.4.tgz. Extracting by manifest.
274 silly tarball no local data for mdast-util-find-and-replace@https://registry.npmjs.org/mdast-util-find-and-replace/-/mdast-util-find-and-replace-3.0.1.tgz. Extracting by manifest.
275 silly tarball no local data for mdast-util-gfm-table@https://registry.npmjs.org/mdast-util-gfm-table/-/mdast-util-gfm-table-2.0.0.tgz. Extracting by manifest.
276 silly tarball no local data for mdast-util-gfm-strikethrough@https://registry.npmjs.org/mdast-util-gfm-strikethrough/-/mdast-util-gfm-strikethrough-2.0.0.tgz. Extracting by manifest.
277 silly tarball no local data for mdast-util-gfm-task-list-item@https://registry.npmjs.org/mdast-util-gfm-task-list-item/-/mdast-util-gfm-task-list-item-2.0.0.tgz. Extracting by manifest.
278 silly tarball no local data for mdast-util-gfm-footnote@https://registry.npmjs.org/mdast-util-gfm-footnote/-/mdast-util-gfm-footnote-2.0.0.tgz. Extracting by manifest.
279 silly tarball no local data for remark-stringify@https://registry.npmjs.org/remark-stringify/-/remark-stringify-11.0.0.tgz. Extracting by manifest.
280 silly tarball no local data for mdast-util-gfm-autolink-literal@https://registry.npmjs.org/mdast-util-gfm-autolink-literal/-/mdast-util-gfm-autolink-literal-2.0.1.tgz. Extracting by manifest.
281 silly tarball no local data for mdast-util-gfm@https://registry.npmjs.org/mdast-util-gfm/-/mdast-util-gfm-3.0.0.tgz. Extracting by manifest.
282 silly tarball no local data for micromark-extension-gfm@https://registry.npmjs.org/micromark-extension-gfm/-/micromark-extension-gfm-3.0.0.tgz. Extracting by manifest.
283 silly tarball no local data for format@https://registry.npmjs.org/format/-/format-0.2.2.tgz. Extracting by manifest.
284 silly tarball no local data for hastscript@https://registry.npmjs.org/hastscript/-/hastscript-6.0.0.tgz. Extracting by manifest.
285 silly tarball no local data for hast-util-parse-selector@https://registry.npmjs.org/hast-util-parse-selector/-/hast-util-parse-selector-2.2.5.tgz. Extracting by manifest.
286 silly tarball no local data for fault@https://registry.npmjs.org/fault/-/fault-1.0.4.tgz. Extracting by manifest.
287 silly tarball no local data for refractor@https://registry.npmjs.org/refractor/-/refractor-3.6.0.tgz. Extracting by manifest.
288 silly tarball no local data for prismjs@https://registry.npmjs.org/prismjs/-/prismjs-1.29.0.tgz. Extracting by manifest.
289 silly tarball no local data for lowlight@https://registry.npmjs.org/lowlight/-/lowlight-1.20.0.tgz. Extracting by manifest.
290 silly tarball no local data for highlight.js@https://registry.npmjs.org/highlight.js/-/highlight.js-10.7.3.tgz. Extracting by manifest.
291 silly tarball no local data for highlightjs-vue@https://registry.npmjs.org/highlightjs-vue/-/highlightjs-vue-1.0.0.tgz. Extracting by manifest.
292 silly tarball no local data for react-syntax-highlighter@https://registry.npmjs.org/react-syntax-highlighter/-/react-syntax-highlighter-15.6.1.tgz. Extracting by manifest.
293 silly tarball no local data for remark-gfm@https://registry.npmjs.org/remark-gfm/-/remark-gfm-4.0.0.tgz. Extracting by manifest.
294 silly tarball no local data for escape-string-regexp@https://registry.npmjs.org/escape-string-regexp/-/escape-string-regexp-5.0.0.tgz. Extracting by manifest.
295 silly tarball no local data for space-separated-tokens@https://registry.npmjs.org/space-separated-tokens/-/space-separated-tokens-1.1.5.tgz. Extracting by manifest.
296 silly tarball no local data for property-information@https://registry.npmjs.org/property-information/-/property-information-5.6.0.tgz. Extracting by manifest.
297 silly tarball no local data for comma-separated-tokens@https://registry.npmjs.org/comma-separated-tokens/-/comma-separated-tokens-1.0.8.tgz. Extracting by manifest.
298 silly tarball no local data for is-alphabetical@https://registry.npmjs.org/is-alphabetical/-/is-alphabetical-1.0.4.tgz. Extracting by manifest.
299 silly tarball no local data for is-decimal@https://registry.npmjs.org/is-decimal/-/is-decimal-1.0.4.tgz. Extracting by manifest.
300 silly tarball no local data for @types/hast@https://registry.npmjs.org/@types/hast/-/hast-2.3.10.tgz. Extracting by manifest.
301 silly tarball no local data for is-hexadecimal@https://registry.npmjs.org/is-hexadecimal/-/is-hexadecimal-1.0.4.tgz. Extracting by manifest.
302 silly tarball no local data for is-alphanumerical@https://registry.npmjs.org/is-alphanumerical/-/is-alphanumerical-1.0.4.tgz. Extracting by manifest.
303 silly tarball no local data for character-reference-invalid@https://registry.npmjs.org/character-reference-invalid/-/character-reference-invalid-1.1.4.tgz. Extracting by manifest.
304 silly tarball no local data for character-entities-legacy@https://registry.npmjs.org/character-entities-legacy/-/character-entities-legacy-1.1.4.tgz. Extracting by manifest.
305 silly tarball no local data for character-entities@https://registry.npmjs.org/character-entities/-/character-entities-1.2.4.tgz. Extracting by manifest.
306 silly tarball no local data for prismjs@https://registry.npmjs.org/prismjs/-/prismjs-1.27.0.tgz. Extracting by manifest.
307 silly tarball no local data for parse-entities@https://registry.npmjs.org/parse-entities/-/parse-entities-2.0.0.tgz. Extracting by manifest.
308 http fetch GET 200 https://registry.npmjs.org/xtend/-/xtend-4.0.2.tgz 146ms (cache miss)
309 http fetch GET 200 https://registry.npmjs.org/micromark-extension-gfm-task-list-item/-/micromark-extension-gfm-task-list-item-2.1.0.tgz 169ms (cache miss)
310 http fetch GET 200 https://registry.npmjs.org/micromark-extension-gfm-tagfilter/-/micromark-extension-gfm-tagfilter-2.0.0.tgz 187ms (cache miss)
311 http fetch GET 200 https://registry.npmjs.org/micromark-extension-gfm-strikethrough/-/micromark-extension-gfm-strikethrough-2.1.0.tgz 209ms (cache miss)
312 http fetch GET 200 https://registry.npmjs.org/micromark-extension-gfm-footnote/-/micromark-extension-gfm-footnote-2.1.0.tgz 236ms (cache miss)
313 http fetch GET 200 https://registry.npmjs.org/micromark-extension-gfm-table/-/micromark-extension-gfm-table-2.1.0.tgz 248ms (cache miss)
314 http fetch POST 200 https://registry.npmjs.org/-/npm/v1/security/advisories/bulk 303ms
315 silly audit report {}
316 http fetch GET 200 https://registry.npmjs.org/mdast-util-gfm-autolink-literal/-/mdast-util-gfm-autolink-literal-2.0.1.tgz 296ms (cache miss)
317 http fetch GET 200 https://registry.npmjs.org/mdast-util-gfm/-/mdast-util-gfm-3.0.0.tgz 304ms (cache miss)
318 http fetch GET 200 https://registry.npmjs.org/format/-/format-0.2.2.tgz 306ms (cache miss)
319 http fetch GET 200 https://registry.npmjs.org/micromark-extension-gfm/-/micromark-extension-gfm-3.0.0.tgz 312ms (cache miss)
320 http fetch GET 200 https://registry.npmjs.org/hast-util-parse-selector/-/hast-util-parse-selector-2.2.5.tgz 323ms (cache miss)
321 http fetch GET 200 https://registry.npmjs.org/hastscript/-/hastscript-6.0.0.tgz 334ms (cache miss)
322 http fetch GET 200 https://registry.npmjs.org/fault/-/fault-1.0.4.tgz 391ms (cache miss)
323 http fetch GET 200 https://registry.npmjs.org/highlightjs-vue/-/highlightjs-vue-1.0.0.tgz 468ms (cache miss)
324 http fetch GET 200 https://registry.npmjs.org/lowlight/-/lowlight-1.20.0.tgz 474ms (cache miss)
325 http fetch GET 200 https://registry.npmjs.org/markdown-table/-/markdown-table-3.0.4.tgz 505ms (cache miss)
326 http fetch GET 200 https://registry.npmjs.org/mdast-util-gfm-strikethrough/-/mdast-util-gfm-strikethrough-2.0.0.tgz 506ms (cache miss)
327 http fetch GET 200 https://registry.npmjs.org/mdast-util-gfm-task-list-item/-/mdast-util-gfm-task-list-item-2.0.0.tgz 530ms (cache miss)
328 http fetch GET 200 https://registry.npmjs.org/mdast-util-gfm-footnote/-/mdast-util-gfm-footnote-2.0.0.tgz 540ms (cache miss)
329 http fetch GET 200 https://registry.npmjs.org/remark-gfm/-/remark-gfm-4.0.0.tgz 550ms (cache miss)
330 http fetch GET 200 https://registry.npmjs.org/micromark-extension-gfm-autolink-literal/-/micromark-extension-gfm-autolink-literal-2.1.0.tgz 560ms (cache miss)
331 http fetch GET 200 https://registry.npmjs.org/mdast-util-find-and-replace/-/mdast-util-find-and-replace-3.0.1.tgz 565ms (cache miss)
332 http fetch GET 200 https://registry.npmjs.org/remark-stringify/-/remark-stringify-11.0.0.tgz 566ms (cache miss)
333 http fetch GET 200 https://registry.npmjs.org/comma-separated-tokens/-/comma-separated-tokens-1.0.8.tgz 582ms (cache miss)
334 http fetch GET 200 https://registry.npmjs.org/is-alphabetical/-/is-alphabetical-1.0.4.tgz 595ms (cache miss)
335 http fetch GET 200 https://registry.npmjs.org/space-separated-tokens/-/space-separated-tokens-1.1.5.tgz 597ms (cache miss)
336 http fetch GET 200 https://registry.npmjs.org/escape-string-regexp/-/escape-string-regexp-5.0.0.tgz 617ms (cache miss)
337 http fetch GET 200 https://registry.npmjs.org/is-decimal/-/is-decimal-1.0.4.tgz 647ms (cache miss)
338 http fetch GET 200 https://registry.npmjs.org/is-hexadecimal/-/is-hexadecimal-1.0.4.tgz 681ms (cache miss)
339 http fetch GET 200 https://registry.npmjs.org/@types/hast/-/hast-2.3.10.tgz 686ms (cache miss)
340 http fetch GET 200 https://registry.npmjs.org/character-reference-invalid/-/character-reference-invalid-1.1.4.tgz 714ms (cache miss)
341 http fetch GET 200 https://registry.npmjs.org/is-alphanumerical/-/is-alphanumerical-1.0.4.tgz 718ms (cache miss)
342 http fetch GET 200 https://registry.npmjs.org/mdast-util-gfm-table/-/mdast-util-gfm-table-2.0.0.tgz 747ms (cache miss)
343 http fetch GET 200 https://registry.npmjs.org/character-entities-legacy/-/character-entities-legacy-1.1.4.tgz 744ms (cache miss)
344 http fetch GET 200 https://registry.npmjs.org/character-entities/-/character-entities-1.2.4.tgz 792ms (cache miss)
345 http fetch GET 200 https://registry.npmjs.org/parse-entities/-/parse-entities-2.0.0.tgz 792ms (cache miss)
346 http fetch GET 200 https://registry.npmjs.org/property-information/-/property-information-5.6.0.tgz 842ms (cache miss)
347 http fetch GET 200 https://registry.npmjs.org/refractor/-/refractor-3.6.0.tgz 1529ms (cache miss)
348 http fetch GET 200 https://registry.npmjs.org/highlight.js/-/highlight.js-10.7.3.tgz 1883ms (cache miss)
349 http fetch GET 200 https://registry.npmjs.org/prismjs/-/prismjs-1.27.0.tgz 2970ms (cache miss)
350 http fetch GET 200 https://registry.npmjs.org/prismjs/-/prismjs-1.29.0.tgz 2992ms (cache miss)
351 http fetch GET 200 https://registry.npmjs.org/react-syntax-highlighter/-/react-syntax-highlighter-15.6.1.tgz 4779ms (cache miss)
352 silly ADD node_modules/xtend
353 silly ADD node_modules/micromark-extension-gfm-task-list-item
354 silly ADD node_modules/micromark-extension-gfm-tagfilter
355 silly ADD node_modules/micromark-extension-gfm-table
356 silly ADD node_modules/micromark-extension-gfm-strikethrough
357 silly ADD node_modules/micromark-extension-gfm-footnote
358 silly ADD node_modules/micromark-extension-gfm-autolink-literal
359 silly ADD node_modules/markdown-table
360 silly ADD node_modules/mdast-util-find-and-replace
361 silly ADD node_modules/mdast-util-find-and-replace/node_modules/unist-util-visit-parents
362 silly ADD node_modules/mdast-util-find-and-replace/node_modules/escape-string-regexp
363 silly ADD node_modules/mdast-util-gfm-task-list-item
364 silly ADD node_modules/mdast-util-gfm-table
365 silly ADD node_modules/mdast-util-gfm-strikethrough
366 silly ADD node_modules/mdast-util-gfm-footnote
367 silly ADD node_modules/mdast-util-gfm-autolink-literal
368 silly ADD node_modules/remark-stringify
369 silly ADD node_modules/micromark-extension-gfm
370 silly ADD node_modules/mdast-util-gfm
371 silly ADD node_modules/hast-util-parse-selector
372 silly ADD node_modules/hastscript
373 silly ADD node_modules/hastscript/node_modules/@types/unist
374 silly ADD node_modules/hastscript/node_modules/space-separated-tokens
375 silly ADD node_modules/hastscript/node_modules/property-information
376 silly ADD node_modules/hastscript/node_modules/comma-separated-tokens
377 silly ADD node_modules/hastscript/node_modules/@types/hast
378 silly ADD node_modules/format
379 silly ADD node_modules/fault
380 silly ADD node_modules/refractor
381 silly ADD node_modules/refractor/node_modules/is-alphabetical
382 silly ADD node_modules/refractor/node_modules/is-hexadecimal
383 silly ADD node_modules/refractor/node_modules/is-decimal
384 silly ADD node_modules/refractor/node_modules/is-alphanumerical
385 silly ADD node_modules/refractor/node_modules/character-reference-invalid
386 silly ADD node_modules/refractor/node_modules/character-entities-legacy
387 silly ADD node_modules/refractor/node_modules/character-entities
388 silly ADD node_modules/refractor/node_modules/prismjs
389 silly ADD node_modules/refractor/node_modules/parse-entities
390 silly ADD node_modules/prismjs
391 silly ADD node_modules/lowlight
392 silly ADD node_modules/highlightjs-vue
393 silly ADD node_modules/highlight.js
394 silly ADD node_modules/remark-gfm
395 silly ADD node_modules/react-syntax-highlighter
396 silly ADD
397 silly ADD
398 silly ADD
399 silly ADD
400 silly ADD
401 silly ADD
402 silly ADD
403 silly ADD
404 verbose cwd C:\Users\saadr\Desktop\DevOps-Hub\devopshub
405 verbose os Windows_NT 10.0.22631
406 verbose node v23.3.0
407 verbose npm  v10.9.0
408 verbose exit 0
409 info ok
