0 verbose cli C:\Program Files\nodejs\node.exe C:\Program Files\nodejs\node_modules\npm\bin\npm-cli.js
1 info using npm@10.9.0
2 info using node@v23.3.0
3 silly config load:file:C:\Program Files\nodejs\node_modules\npm\npmrc
4 silly config load:file:D:\DevOps-Hub\devopshub\.npmrc
5 silly config load:file:C:\Users\saadr\.npmrc
6 silly config load:file:C:\Users\saadr\AppData\Roaming\npm\etc\npmrc
7 verbose title npm cache clean
8 verbose argv "cache" "clean" "--force"
9 verbose logfile logs-max:10 dir:D:\DevOps-Hub\devopshub\%APPDATA%\npm-cache\_logs\2024-12-07T09_48_51_830Z-
10 verbose logfile D:\DevOps-Hub\devopshub\%APPDATA%\npm-cache\_logs\2024-12-07T09_48_51_830Z-debug-0.log
11 warn using --force Recommended protections disabled.
12 silly logfile start cleaning logs, removing 1 files
13 silly logfile done cleaning log files
14 verbose cwd D:\DevOps-Hub\devopshub
15 verbose os Windows_NT 10.0.22631
16 verbose node v23.3.0
17 verbose npm  v10.9.0
18 verbose exit 0
19 info ok
