0 verbose cli C:\Program Files\nodejs\node.exe C:\Program Files\nodejs\node_modules\npm\bin\npm-cli.js
1 info using npm@10.8.1
2 info using node@v22.3.0
3 silly config load:file:C:\Program Files\nodejs\node_modules\npm\npmrc
4 silly config load:file:c:\Users\saadr\Desktop\DevOps-Hub\devopshub\.npmrc
5 silly config load:file:C:\Users\saadr\.npmrc
6 silly config load:file:C:\Users\saadr\AppData\Roaming\npm\etc\npmrc
7 verbose title npm view eslint-config-next description dist-tags.latest homepage version time
8 verbose argv "view" "--json" "--" "eslint-config-next" "description" "dist-tags.latest" "homepage" "version" "time"
9 verbose logfile logs-max:10 dir:c:\Users\saadr\Desktop\DevOps-Hub\devopshub\%APPDATA%\npm-cache\_logs\2024-12-03T13_17_36_355Z-
10 verbose logfile c:\Users\saadr\Desktop\DevOps-Hub\devopshub\%APPDATA%\npm-cache\_logs\2024-12-03T13_17_36_355Z-debug-0.log
11 silly logfile start cleaning logs, removing 1 files
12 silly logfile done cleaning log files
13 http fetch GET 200 https://registry.npmjs.org/eslint-config-next 918ms (cache miss)
14 verbose cwd c:\Users\saadr\Desktop\DevOps-Hub\devopshub
15 verbose os Windows_NT 10.0.22631
16 verbose node v22.3.0
17 verbose npm  v10.8.1
18 verbose exit 0
19 info ok
