0 verbose cli C:\Program Files\nodejs\node.exe C:\Program Files\nodejs\node_modules\npm\bin\npm-cli.js
1 info using npm@10.8.1
2 info using node@v22.3.0
3 silly config load:file:C:\Program Files\nodejs\node_modules\npm\npmrc
4 silly config load:file:C:\Users\saadr\Desktop\DevOps-Hub\devopshub\.npmrc
5 silly config load:file:C:\Users\saadr\.npmrc
6 silly config load:file:C:\Users\saadr\AppData\Roaming\npm\etc\npmrc
7 verbose title npm install
8 verbose argv "install"
9 verbose logfile logs-max:10 dir:C:\Users\saadr\Desktop\DevOps-Hub\devopshub\%APPDATA%\npm-cache\_logs\2024-12-03T13_51_42_180Z-
10 verbose logfile C:\Users\saadr\Desktop\DevOps-Hub\devopshub\%APPDATA%\npm-cache\_logs\2024-12-03T13_51_42_180Z-debug-0.log
11 silly packumentCache heap:4345298944 maxSize:1086324736 maxEntrySize:543162368
12 silly logfile start cleaning logs, removing 1 files
13 silly logfile done cleaning log files
14 silly idealTree buildDeps
15 silly fetch manifest @babel/preset-typescript@^7.22.0
16 silly packumentCache full:https://registry.npmjs.org/@babel%2fpreset-typescript cache-miss
17 http fetch GET 200 https://registry.npmjs.org/@babel%2fpreset-typescript 734ms (cache miss)
18 silly packumentCache full:https://registry.npmjs.org/@babel%2fpreset-typescript set size:undefined disposed:false
19 silly fetch manifest @babel/core@^7.0.0
20 silly packumentCache full:https://registry.npmjs.org/@babel%2fcore cache-miss
21 http fetch GET 200 https://registry.npmjs.org/@babel%2fcore 177ms (cache revalidated)
22 silly packumentCache full:https://registry.npmjs.org/@babel%2fcore set size:672875 disposed:false
23 silly fetch manifest @babel/preset-env@^7.22.0
24 silly packumentCache full:https://registry.npmjs.org/@babel%2fpreset-env cache-miss
25 http fetch GET 200 https://registry.npmjs.org/@babel%2fpreset-env 798ms (cache revalidated)
26 silly packumentCache full:https://registry.npmjs.org/@babel%2fpreset-env set size:1025561 disposed:false
27 silly fetch manifest @babel/preset-react@^7.22.0
28 silly packumentCache full:https://registry.npmjs.org/@babel%2fpreset-react cache-miss
29 http fetch GET 200 https://registry.npmjs.org/@babel%2fpreset-react 163ms (cache revalidated)
30 silly packumentCache full:https://registry.npmjs.org/@babel%2fpreset-react set size:216522 disposed:false
31 silly fetch manifest typescript@^5.0.0
32 silly packumentCache full:https://registry.npmjs.org/typescript cache-miss
33 http fetch GET 200 https://registry.npmjs.org/typescript 180ms (cache revalidated)
34 silly packumentCache full:https://registry.npmjs.org/typescript set size:13537258 disposed:false
35 silly fetch manifest @types/node@^20.0.0
36 silly packumentCache full:https://registry.npmjs.org/@types%2fnode cache-miss
37 http fetch GET 200 https://registry.npmjs.org/@types%2fnode 183ms (cache revalidated)
38 silly packumentCache full:https://registry.npmjs.org/@types%2fnode set size:9446085 disposed:false
39 silly placeDep ROOT @babel/preset-env@7.26.0 OK for: devopshub@0.1.0 want: ^7.22.0
40 silly placeDep ROOT @babel/preset-react@7.25.9 OK for: devopshub@0.1.0 want: ^7.22.0
41 silly placeDep ROOT @babel/preset-typescript@7.26.0 OK for: devopshub@0.1.0 want: ^7.22.0
42 silly placeDep ROOT @types/node@20.17.9 REPLACE for: devopshub@0.1.0 want: ^20.0.0
43 silly placeDep ROOT typescript@5.7.2 OK for: devopshub@0.1.0 want: ^5.0.0
44 silly fetch manifest semver@^6.3.1
45 silly packumentCache full:https://registry.npmjs.org/semver cache-miss
46 silly fetch manifest core-js-compat@^3.38.1
47 silly packumentCache full:https://registry.npmjs.org/core-js-compat cache-miss
48 silly fetch manifest @babel/preset-modules@0.1.6-no-external-plugins
49 silly packumentCache full:https://registry.npmjs.org/@babel%2fpreset-modules cache-miss
50 silly fetch manifest babel-plugin-polyfill-corejs2@^0.4.10
51 silly packumentCache full:https://registry.npmjs.org/babel-plugin-polyfill-corejs2 cache-miss
52 silly fetch manifest babel-plugin-polyfill-corejs3@^0.10.6
53 silly packumentCache full:https://registry.npmjs.org/babel-plugin-polyfill-corejs3 cache-miss
54 silly fetch manifest @babel/plugin-transform-for-of@^7.25.9
55 silly packumentCache full:https://registry.npmjs.org/@babel%2fplugin-transform-for-of cache-miss
56 silly fetch manifest @babel/plugin-transform-spread@^7.25.9
57 silly packumentCache full:https://registry.npmjs.org/@babel%2fplugin-transform-spread cache-miss
58 http fetch GET 200 https://registry.npmjs.org/core-js-compat 163ms (cache revalidated)
59 silly packumentCache full:https://registry.npmjs.org/core-js-compat set size:328229 disposed:false
60 silly fetch manifest @babel/plugin-transform-classes@^7.25.9
61 silly packumentCache full:https://registry.npmjs.org/@babel%2fplugin-transform-classes cache-miss
62 http fetch GET 200 https://registry.npmjs.org/@babel%2fplugin-transform-classes 185ms (cache revalidated)
63 silly packumentCache full:https://registry.npmjs.org/@babel%2fplugin-transform-classes set size:287477 disposed:false
64 silly fetch manifest @babel/plugin-transform-literals@^7.25.9
65 silly packumentCache full:https://registry.npmjs.org/@babel%2fplugin-transform-literals cache-miss
66 http fetch GET 200 https://registry.npmjs.org/semver 470ms (cache revalidated)
67 silly packumentCache full:https://registry.npmjs.org/semver set size:215926 disposed:false
68 silly fetch manifest babel-plugin-polyfill-regenerator@^0.6.1
69 silly packumentCache full:https://registry.npmjs.org/babel-plugin-polyfill-regenerator cache-miss
70 http fetch GET 200 https://registry.npmjs.org/babel-plugin-polyfill-corejs3 521ms (cache revalidated)
71 silly packumentCache full:https://registry.npmjs.org/babel-plugin-polyfill-corejs3 set size:133628 disposed:false
72 silly fetch manifest @babel/plugin-transform-new-target@^7.25.9
73 silly packumentCache full:https://registry.npmjs.org/@babel%2fplugin-transform-new-target cache-miss
74 http fetch GET 200 https://registry.npmjs.org/@babel%2fpreset-modules 525ms (cache revalidated)
75 silly packumentCache full:https://registry.npmjs.org/@babel%2fpreset-modules set size:44615 disposed:false
76 silly fetch manifest @babel/plugin-transform-parameters@^7.25.9
77 silly packumentCache full:https://registry.npmjs.org/@babel%2fplugin-transform-parameters cache-miss
78 http fetch GET 200 https://registry.npmjs.org/@babel%2fplugin-transform-literals 179ms (cache revalidated)
79 silly packumentCache full:https://registry.npmjs.org/@babel%2fplugin-transform-literals set size:169046 disposed:false
80 silly fetch manifest @babel/plugin-transform-modules-amd@^7.25.9
81 silly packumentCache full:https://registry.npmjs.org/@babel%2fplugin-transform-modules-amd cache-miss
82 http fetch GET 200 https://registry.npmjs.org/@babel%2fplugin-transform-spread 556ms (cache revalidated)
83 silly packumentCache full:https://registry.npmjs.org/@babel%2fplugin-transform-spread set size:191269 disposed:false
84 silly fetch manifest @babel/plugin-transform-modules-umd@^7.25.9
85 silly packumentCache full:https://registry.npmjs.org/@babel%2fplugin-transform-modules-umd cache-miss
86 http fetch GET 200 https://registry.npmjs.org/babel-plugin-polyfill-corejs2 561ms (cache revalidated)
87 silly packumentCache full:https://registry.npmjs.org/babel-plugin-polyfill-corejs2 set size:106032 disposed:false
88 silly fetch manifest @babel/plugin-transform-regenerator@^7.25.9
89 silly packumentCache full:https://registry.npmjs.org/@babel%2fplugin-transform-regenerator cache-miss
90 http fetch GET 200 https://registry.npmjs.org/babel-plugin-polyfill-regenerator 149ms (cache revalidated)
91 silly packumentCache full:https://registry.npmjs.org/babel-plugin-polyfill-regenerator set size:85152 disposed:false
92 silly fetch manifest @babel/plugin-transform-dotall-regex@^7.25.9
93 silly packumentCache full:https://registry.npmjs.org/@babel%2fplugin-transform-dotall-regex cache-miss
94 http fetch GET 200 https://registry.npmjs.org/@babel%2fplugin-transform-for-of 630ms (cache revalidated)
95 silly packumentCache full:https://registry.npmjs.org/@babel%2fplugin-transform-for-of set size:204476 disposed:false
96 silly fetch manifest @babel/plugin-transform-json-strings@^7.25.9
97 silly packumentCache full:https://registry.npmjs.org/@babel%2fplugin-transform-json-strings cache-miss
98 http fetch GET 200 https://registry.npmjs.org/@babel%2fplugin-transform-new-target 173ms (cache revalidated)
99 silly packumentCache full:https://registry.npmjs.org/@babel%2fplugin-transform-new-target set size:182778 disposed:false
100 silly fetch manifest @babel/plugin-transform-object-super@^7.25.9
101 silly packumentCache full:https://registry.npmjs.org/@babel%2fplugin-transform-object-super cache-miss
102 http fetch GET 200 https://registry.npmjs.org/@babel%2fplugin-transform-parameters 188ms (cache revalidated)
103 silly packumentCache full:https://registry.npmjs.org/@babel%2fplugin-transform-parameters set size:241091 disposed:false
104 silly fetch manifest @babel/plugin-transform-sticky-regex@^7.25.9
105 silly packumentCache full:https://registry.npmjs.org/@babel%2fplugin-transform-sticky-regex cache-miss
106 http fetch GET 200 https://registry.npmjs.org/@babel%2fplugin-transform-modules-amd 186ms (cache revalidated)
107 silly packumentCache full:https://registry.npmjs.org/@babel%2fplugin-transform-modules-amd set size:210742 disposed:false
108 silly fetch manifest @babel/plugin-transform-block-scoping@^7.25.9
109 silly packumentCache full:https://registry.npmjs.org/@babel%2fplugin-transform-block-scoping cache-miss
110 http fetch GET 200 https://registry.npmjs.org/@babel%2fplugin-transform-modules-umd 192ms (cache revalidated)
111 silly packumentCache full:https://registry.npmjs.org/@babel%2fplugin-transform-modules-umd set size:188054 disposed:false
112 silly fetch manifest @babel/plugin-transform-destructuring@^7.25.9
113 silly packumentCache full:https://registry.npmjs.org/@babel%2fplugin-transform-destructuring cache-miss
114 http fetch GET 200 https://registry.npmjs.org/@babel%2fplugin-transform-regenerator 192ms (cache revalidated)
115 silly packumentCache full:https://registry.npmjs.org/@babel%2fplugin-transform-regenerator set size:211832 disposed:false
116 silly fetch manifest @babel/plugin-transform-function-name@^7.25.9
117 silly packumentCache full:https://registry.npmjs.org/@babel%2fplugin-transform-function-name cache-miss
118 http fetch GET 200 https://registry.npmjs.org/@babel%2fplugin-transform-dotall-regex 168ms (cache revalidated)
119 silly packumentCache full:https://registry.npmjs.org/@babel%2fplugin-transform-dotall-regex set size:182358 disposed:false
120 silly fetch manifest @babel/plugin-transform-typeof-symbol@^7.25.9
121 silly packumentCache full:https://registry.npmjs.org/@babel%2fplugin-transform-typeof-symbol cache-miss
122 http fetch GET 200 https://registry.npmjs.org/@babel%2fplugin-transform-json-strings 184ms (cache revalidated)
123 silly packumentCache full:https://registry.npmjs.org/@babel%2fplugin-transform-json-strings set size:51801 disposed:false
124 silly fetch manifest @babel/plugin-transform-unicode-regex@^7.25.9
125 silly packumentCache full:https://registry.npmjs.org/@babel%2fplugin-transform-unicode-regex cache-miss
126 http fetch GET 200 https://registry.npmjs.org/@babel%2fplugin-transform-object-super 152ms (cache revalidated)
127 silly packumentCache full:https://registry.npmjs.org/@babel%2fplugin-transform-object-super set size:171934 disposed:false
128 silly fetch manifest @babel/plugin-syntax-import-assertions@^7.26.0
129 silly packumentCache full:https://registry.npmjs.org/@babel%2fplugin-syntax-import-assertions cache-miss
130 http fetch GET 200 https://registry.npmjs.org/@babel%2fplugin-transform-block-scoping 164ms (cache revalidated)
131 silly packumentCache full:https://registry.npmjs.org/@babel%2fplugin-transform-block-scoping set size:272266 disposed:false
132 silly fetch manifest @babel/plugin-transform-duplicate-keys@^7.25.9
133 silly packumentCache full:https://registry.npmjs.org/@babel%2fplugin-transform-duplicate-keys cache-miss
134 http fetch GET 200 https://registry.npmjs.org/@babel%2fplugin-transform-destructuring 167ms (cache revalidated)
135 silly packumentCache full:https://registry.npmjs.org/@babel%2fplugin-transform-destructuring set size:254210 disposed:false
136 silly fetch manifest @babel/plugin-transform-dynamic-import@^7.25.9
137 silly packumentCache full:https://registry.npmjs.org/@babel%2fplugin-transform-dynamic-import cache-miss
138 http fetch GET 200 https://registry.npmjs.org/@babel%2fplugin-transform-sticky-regex 213ms (cache revalidated)
139 silly packumentCache full:https://registry.npmjs.org/@babel%2fplugin-transform-sticky-regex set size:168057 disposed:false
140 silly fetch manifest @babel/plugin-transform-reserved-words@^7.25.9
141 silly packumentCache full:https://registry.npmjs.org/@babel%2fplugin-transform-reserved-words cache-miss
142 http fetch GET 200 https://registry.npmjs.org/@babel%2fplugin-transform-function-name 183ms (cache revalidated)
143 silly packumentCache full:https://registry.npmjs.org/@babel%2fplugin-transform-function-name set size:189498 disposed:false
144 silly fetch manifest @babel/plugin-syntax-unicode-sets-regex@^7.18.6
145 silly packumentCache full:https://registry.npmjs.org/@babel%2fplugin-syntax-unicode-sets-regex cache-miss
146 http fetch GET 200 https://registry.npmjs.org/@babel%2fplugin-transform-typeof-symbol 165ms (cache revalidated)
147 silly packumentCache full:https://registry.npmjs.org/@babel%2fplugin-transform-typeof-symbol set size:189434 disposed:false
148 silly fetch manifest @babel/plugin-transform-arrow-functions@^7.25.9
149 silly packumentCache full:https://registry.npmjs.org/@babel%2fplugin-transform-arrow-functions cache-miss
150 http fetch GET 200 https://registry.npmjs.org/@babel%2fplugin-syntax-import-assertions 160ms (cache revalidated)
151 silly packumentCache full:https://registry.npmjs.org/@babel%2fplugin-syntax-import-assertions set size:80008 disposed:false
152 silly fetch manifest @babel/plugin-transform-private-methods@^7.25.9
153 silly packumentCache full:https://registry.npmjs.org/@babel%2fplugin-transform-private-methods cache-miss
154 http fetch GET 200 https://registry.npmjs.org/@babel%2fplugin-transform-duplicate-keys 168ms (cache revalidated)
155 silly packumentCache full:https://registry.npmjs.org/@babel%2fplugin-transform-duplicate-keys set size:172976 disposed:false
156 silly fetch manifest @babel/plugin-transform-unicode-escapes@^7.25.9
157 silly packumentCache full:https://registry.npmjs.org/@babel%2fplugin-transform-unicode-escapes cache-miss
158 http fetch GET 200 https://registry.npmjs.org/@babel%2fplugin-transform-dynamic-import 180ms (cache revalidated)
159 silly packumentCache full:https://registry.npmjs.org/@babel%2fplugin-transform-dynamic-import set size:48828 disposed:false
160 silly fetch manifest @babel/plugin-transform-class-properties@^7.25.9
161 silly packumentCache full:https://registry.npmjs.org/@babel%2fplugin-transform-class-properties cache-miss
162 http fetch GET 200 https://registry.npmjs.org/@babel%2fplugin-syntax-unicode-sets-regex 170ms (cache revalidated)
163 silly packumentCache full:https://registry.npmjs.org/@babel%2fplugin-syntax-unicode-sets-regex set size:22903 disposed:false
164 silly fetch manifest @babel/plugin-transform-modules-commonjs@^7.25.9
165 silly packumentCache full:https://registry.npmjs.org/@babel%2fplugin-transform-modules-commonjs cache-miss
166 http fetch GET 200 https://registry.npmjs.org/@babel%2fplugin-transform-reserved-words 197ms (cache revalidated)
167 silly packumentCache full:https://registry.npmjs.org/@babel%2fplugin-transform-reserved-words set size:166080 disposed:false
168 silly fetch manifest @babel/plugin-transform-modules-systemjs@^7.25.9
169 silly packumentCache full:https://registry.npmjs.org/@babel%2fplugin-transform-modules-systemjs cache-miss
170 http fetch GET 200 https://registry.npmjs.org/@babel%2fplugin-transform-arrow-functions 167ms (cache revalidated)
171 silly packumentCache full:https://registry.npmjs.org/@babel%2fplugin-transform-arrow-functions set size:178188 disposed:false
172 silly fetch manifest @babel/plugin-transform-regexp-modifiers@^7.26.0
173 silly packumentCache full:https://registry.npmjs.org/@babel%2fplugin-transform-regexp-modifiers cache-miss
174 http fetch GET 200 https://registry.npmjs.org/@babel%2fplugin-transform-private-methods 160ms (cache revalidated)
175 silly packumentCache full:https://registry.npmjs.org/@babel%2fplugin-transform-private-methods set size:48787 disposed:false
176 silly fetch manifest @babel/plugin-transform-numeric-separator@^7.25.9
177 silly packumentCache full:https://registry.npmjs.org/@babel%2fplugin-transform-numeric-separator cache-miss
178 http fetch GET 200 https://registry.npmjs.org/@babel%2fplugin-transform-unicode-escapes 185ms (cache revalidated)
179 silly packumentCache full:https://registry.npmjs.org/@babel%2fplugin-transform-unicode-escapes set size:90434 disposed:false
180 silly fetch manifest @babel/plugin-transform-optional-chaining@^7.25.9
181 silly packumentCache full:https://registry.npmjs.org/@babel%2fplugin-transform-optional-chaining cache-miss
182 http fetch GET 200 https://registry.npmjs.org/@babel%2fplugin-transform-modules-commonjs 151ms (cache revalidated)
183 silly packumentCache full:https://registry.npmjs.org/@babel%2fplugin-transform-modules-commonjs set size:267534 disposed:false
184 silly fetch manifest @babel/plugin-transform-property-literals@^7.25.9
185 silly packumentCache full:https://registry.npmjs.org/@babel%2fplugin-transform-property-literals cache-miss
186 http fetch GET 200 https://registry.npmjs.org/@babel%2fplugin-transform-class-properties 189ms (cache revalidated)
187 silly packumentCache full:https://registry.npmjs.org/@babel%2fplugin-transform-class-properties set size:50717 disposed:false
188 silly fetch manifest @babel/plugin-transform-template-literals@^7.25.9
189 silly packumentCache full:https://registry.npmjs.org/@babel%2fplugin-transform-template-literals cache-miss
190 http fetch GET 200 https://registry.npmjs.org/@babel%2fplugin-transform-regexp-modifiers 164ms (cache revalidated)
191 silly packumentCache full:https://registry.npmjs.org/@babel%2fplugin-transform-regexp-modifiers set size:5191 disposed:false
192 silly fetch manifest @babel/plugin-transform-async-to-generator@^7.25.9
193 silly packumentCache full:https://registry.npmjs.org/@babel%2fplugin-transform-async-to-generator cache-miss
194 http fetch GET 200 https://registry.npmjs.org/@babel%2fplugin-transform-modules-systemjs 185ms (cache revalidated)
195 silly packumentCache full:https://registry.npmjs.org/@babel%2fplugin-transform-modules-systemjs set size:260825 disposed:false
196 silly fetch manifest @babel/plugin-transform-class-static-block@^7.26.0
197 silly packumentCache full:https://registry.npmjs.org/@babel%2fplugin-transform-class-static-block cache-miss
198 http fetch GET 200 https://registry.npmjs.org/@babel%2fplugin-transform-numeric-separator 157ms (cache revalidated)
199 silly packumentCache full:https://registry.npmjs.org/@babel%2fplugin-transform-numeric-separator set size:54312 disposed:false
200 silly fetch manifest @babel/plugin-transform-object-rest-spread@^7.25.9
201 silly packumentCache full:https://registry.npmjs.org/@babel%2fplugin-transform-object-rest-spread cache-miss
202 http fetch GET 200 https://registry.npmjs.org/@babel%2fplugin-transform-optional-chaining 180ms (cache revalidated)
203 silly packumentCache full:https://registry.npmjs.org/@babel%2fplugin-transform-optional-chaining set size:71030 disposed:false
204 silly fetch manifest @babel/plugin-transform-unicode-sets-regex@^7.25.9
205 silly packumentCache full:https://registry.npmjs.org/@babel%2fplugin-transform-unicode-sets-regex cache-miss
206 http fetch GET 200 https://registry.npmjs.org/@babel%2fplugin-transform-property-literals 176ms (cache revalidated)
207 silly packumentCache full:https://registry.npmjs.org/@babel%2fplugin-transform-property-literals set size:166366 disposed:false
208 silly fetch manifest @babel/plugin-transform-computed-properties@^7.25.9
209 silly packumentCache full:https://registry.npmjs.org/@babel%2fplugin-transform-computed-properties cache-miss
210 http fetch GET 200 https://registry.npmjs.org/@babel%2fplugin-transform-async-to-generator 194ms (cache revalidated)
211 silly packumentCache full:https://registry.npmjs.org/@babel%2fplugin-transform-async-to-generator set size:204735 disposed:false
212 silly fetch manifest @babel/plugin-transform-shorthand-properties@^7.25.9
213 silly packumentCache full:https://registry.npmjs.org/@babel%2fplugin-transform-shorthand-properties cache-miss
214 http fetch GET 200 https://registry.npmjs.org/@babel%2fplugin-transform-object-rest-spread 171ms (cache revalidated)
215 silly packumentCache full:https://registry.npmjs.org/@babel%2fplugin-transform-object-rest-spread set size:62073 disposed:false
216 silly fetch manifest @babel/plugin-transform-export-namespace-from@^7.25.9
217 silly packumentCache full:https://registry.npmjs.org/@babel%2fplugin-transform-export-namespace-from cache-miss
218 http fetch GET 200 https://registry.npmjs.org/@babel%2fplugin-transform-class-static-block 210ms (cache revalidated)
219 silly packumentCache full:https://registry.npmjs.org/@babel%2fplugin-transform-class-static-block set size:60777 disposed:false
220 silly fetch manifest @babel/plugin-transform-block-scoped-functions@^7.25.9
221 silly packumentCache full:https://registry.npmjs.org/@babel%2fplugin-transform-block-scoped-functions cache-miss
222 http fetch GET 200 https://registry.npmjs.org/@babel%2fplugin-transform-computed-properties 160ms (cache revalidated)
223 silly packumentCache full:https://registry.npmjs.org/@babel%2fplugin-transform-computed-properties set size:183866 disposed:false
224 silly fetch manifest @babel/plugin-transform-optional-catch-binding@^7.25.9
225 silly packumentCache full:https://registry.npmjs.org/@babel%2fplugin-transform-optional-catch-binding cache-miss
226 http fetch GET 200 https://registry.npmjs.org/@babel%2fplugin-transform-unicode-sets-regex 192ms (cache revalidated)
227 silly packumentCache full:https://registry.npmjs.org/@babel%2fplugin-transform-unicode-sets-regex set size:53971 disposed:false
228 silly fetch manifest @babel/plugin-transform-unicode-property-regex@^7.25.9
229 silly packumentCache full:https://registry.npmjs.org/@babel%2fplugin-transform-unicode-property-regex cache-miss
230 http fetch GET 200 https://registry.npmjs.org/@babel%2fplugin-transform-export-namespace-from 163ms (cache revalidated)
231 silly packumentCache full:https://registry.npmjs.org/@babel%2fplugin-transform-export-namespace-from set size:52534 disposed:false
232 silly fetch manifest @babel/plugin-transform-exponentiation-operator@^7.25.9
233 silly packumentCache full:https://registry.npmjs.org/@babel%2fplugin-transform-exponentiation-operator cache-miss
234 http fetch GET 200 https://registry.npmjs.org/@babel%2fplugin-transform-unicode-regex 855ms (cache revalidated)
235 silly packumentCache full:https://registry.npmjs.org/@babel%2fplugin-transform-unicode-regex set size:180364 disposed:false
236 silly fetch manifest @babel/plugin-proposal-private-property-in-object@7.21.0-placeholder-for-preset-env.2
237 silly packumentCache full:https://registry.npmjs.org/@babel%2fplugin-proposal-private-property-in-object cache-miss
238 http fetch GET 200 https://registry.npmjs.org/@babel%2fplugin-transform-shorthand-properties 182ms (cache revalidated)
239 silly packumentCache full:https://registry.npmjs.org/@babel%2fplugin-transform-shorthand-properties set size:166522 disposed:false
240 silly fetch manifest @babel/plugin-transform-async-generator-functions@^7.25.9
241 silly packumentCache full:https://registry.npmjs.org/@babel%2fplugin-transform-async-generator-functions cache-miss
242 http fetch GET 200 https://registry.npmjs.org/@babel%2fplugin-transform-block-scoped-functions 181ms (cache revalidated)
243 silly packumentCache full:https://registry.npmjs.org/@babel%2fplugin-transform-block-scoped-functions set size:170142 disposed:false
244 silly fetch manifest @babel/plugin-transform-member-expression-literals@^7.25.9
245 silly packumentCache full:https://registry.npmjs.org/@babel%2fplugin-transform-member-expression-literals cache-miss
246 http fetch GET 200 https://registry.npmjs.org/@babel%2fplugin-transform-optional-catch-binding 163ms (cache revalidated)
247 silly packumentCache full:https://registry.npmjs.org/@babel%2fplugin-transform-optional-catch-binding set size:52658 disposed:false
248 silly fetch manifest @babel/plugin-transform-private-property-in-object@^7.25.9
249 silly packumentCache full:https://registry.npmjs.org/@babel%2fplugin-transform-private-property-in-object cache-miss
250 http fetch GET 200 https://registry.npmjs.org/@babel%2fplugin-transform-unicode-property-regex 189ms (cache revalidated)
251 silly packumentCache full:https://registry.npmjs.org/@babel%2fplugin-transform-unicode-property-regex set size:51531 disposed:false
252 silly fetch manifest @babel/plugin-transform-nullish-coalescing-operator@^7.25.9
253 silly packumentCache full:https://registry.npmjs.org/@babel%2fplugin-transform-nullish-coalescing-operator cache-miss
254 http fetch GET 200 https://registry.npmjs.org/@babel%2fplugin-transform-exponentiation-operator 174ms (cache revalidated)
255 silly packumentCache full:https://registry.npmjs.org/@babel%2fplugin-transform-exponentiation-operator set size:176825 disposed:false
256 silly fetch manifest @babel/plugin-transform-logical-assignment-operators@^7.25.9
257 silly packumentCache full:https://registry.npmjs.org/@babel%2fplugin-transform-logical-assignment-operators cache-miss
258 http fetch GET 200 https://registry.npmjs.org/@babel%2fplugin-transform-async-generator-functions 173ms (cache revalidated)
259 silly packumentCache full:https://registry.npmjs.org/@babel%2fplugin-transform-async-generator-functions set size:77237 disposed:false
260 silly fetch manifest @babel/plugin-transform-named-capturing-groups-regex@^7.25.9
261 silly packumentCache full:https://registry.npmjs.org/@babel%2fplugin-transform-named-capturing-groups-regex cache-miss
262 http fetch GET 200 https://registry.npmjs.org/@babel%2fplugin-proposal-private-property-in-object 210ms (cache revalidated)
263 silly packumentCache full:https://registry.npmjs.org/@babel%2fplugin-proposal-private-property-in-object set size:80252 disposed:false
264 silly fetch manifest @babel/plugin-bugfix-firefox-class-in-computed-class-key@^7.25.9
265 silly packumentCache full:https://registry.npmjs.org/@babel%2fplugin-bugfix-firefox-class-in-computed-class-key cache-miss
266 http fetch GET 200 https://registry.npmjs.org/@babel%2fplugin-transform-member-expression-literals 185ms (cache revalidated)
267 silly packumentCache full:https://registry.npmjs.org/@babel%2fplugin-transform-member-expression-literals set size:170403 disposed:false
268 silly fetch manifest @babel/plugin-bugfix-safari-class-field-initializer-scope@^7.25.9
269 silly packumentCache full:https://registry.npmjs.org/@babel%2fplugin-bugfix-safari-class-field-initializer-scope cache-miss
270 http fetch GET 200 https://registry.npmjs.org/@babel%2fplugin-transform-private-property-in-object 156ms (cache revalidated)
271 silly packumentCache full:https://registry.npmjs.org/@babel%2fplugin-transform-private-property-in-object set size:59244 disposed:false
272 silly fetch manifest @babel/plugin-bugfix-v8-static-class-fields-redefine-readonly@^7.25.9
273 silly packumentCache full:https://registry.npmjs.org/@babel%2fplugin-bugfix-v8-static-class-fields-redefine-readonly cache-miss
274 http fetch GET 200 https://registry.npmjs.org/@babel%2fplugin-transform-nullish-coalescing-operator 176ms (cache revalidated)
275 silly packumentCache full:https://registry.npmjs.org/@babel%2fplugin-transform-nullish-coalescing-operator set size:53724 disposed:false
276 silly fetch manifest @babel/plugin-bugfix-v8-spread-parameters-in-optional-chaining@^7.25.9
277 silly packumentCache full:https://registry.npmjs.org/@babel%2fplugin-bugfix-v8-spread-parameters-in-optional-chaining cache-miss
278 http fetch GET 200 https://registry.npmjs.org/@babel%2fplugin-transform-logical-assignment-operators 155ms (cache revalidated)
279 silly packumentCache full:https://registry.npmjs.org/@babel%2fplugin-transform-logical-assignment-operators set size:57029 disposed:false
280 silly fetch manifest @babel/plugin-transform-duplicate-named-capturing-groups-regex@^7.25.9
281 silly packumentCache full:https://registry.npmjs.org/@babel%2fplugin-transform-duplicate-named-capturing-groups-regex cache-miss
282 http fetch GET 200 https://registry.npmjs.org/@babel%2fplugin-transform-named-capturing-groups-regex 178ms (cache revalidated)
283 silly packumentCache full:https://registry.npmjs.org/@babel%2fplugin-transform-named-capturing-groups-regex set size:149844 disposed:false
284 silly fetch manifest @babel/plugin-bugfix-safari-id-destructuring-collision-in-function-expression@^7.25.9
285 silly packumentCache full:https://registry.npmjs.org/@babel%2fplugin-bugfix-safari-id-destructuring-collision-in-function-expression cache-miss
286 http fetch GET 200 https://registry.npmjs.org/@babel%2fplugin-bugfix-firefox-class-in-computed-class-key 171ms (cache revalidated)
287 silly packumentCache full:https://registry.npmjs.org/@babel%2fplugin-bugfix-firefox-class-in-computed-class-key set size:32385 disposed:false
288 silly fetch manifest @babel/plugin-transform-react-jsx@^7.25.9
289 silly packumentCache full:https://registry.npmjs.org/@babel%2fplugin-transform-react-jsx cache-miss
290 http fetch GET 200 https://registry.npmjs.org/@babel%2fplugin-bugfix-safari-class-field-initializer-scope 182ms (cache revalidated)
291 silly packumentCache full:https://registry.npmjs.org/@babel%2fplugin-bugfix-safari-class-field-initializer-scope set size:11953 disposed:false
292 silly fetch manifest @babel/plugin-transform-react-display-name@^7.25.9
293 silly packumentCache full:https://registry.npmjs.org/@babel%2fplugin-transform-react-display-name cache-miss
294 http fetch GET 200 https://registry.npmjs.org/@babel%2fplugin-bugfix-v8-static-class-fields-redefine-readonly 160ms (cache revalidated)
295 silly packumentCache full:https://registry.npmjs.org/@babel%2fplugin-bugfix-v8-static-class-fields-redefine-readonly set size:39395 disposed:false
296 silly fetch manifest @babel/plugin-transform-react-jsx-development@^7.25.9
297 silly packumentCache full:https://registry.npmjs.org/@babel%2fplugin-transform-react-jsx-development cache-miss
298 http fetch GET 200 https://registry.npmjs.org/@babel%2fplugin-transform-template-literals 857ms (cache revalidated)
299 silly packumentCache full:https://registry.npmjs.org/@babel%2fplugin-transform-template-literals set size:187717 disposed:false
300 silly fetch manifest @babel/plugin-transform-react-pure-annotations@^7.25.9
301 silly packumentCache full:https://registry.npmjs.org/@babel%2fplugin-transform-react-pure-annotations cache-miss
302 http fetch GET 200 https://registry.npmjs.org/@babel%2fplugin-transform-duplicate-named-capturing-groups-regex 160ms (cache revalidated)
303 silly packumentCache full:https://registry.npmjs.org/@babel%2fplugin-transform-duplicate-named-capturing-groups-regex set size:12835 disposed:false
304 silly fetch manifest @babel/plugin-transform-typescript@^7.25.9
305 silly packumentCache full:https://registry.npmjs.org/@babel%2fplugin-transform-typescript cache-miss
306 http fetch GET 200 https://registry.npmjs.org/@babel%2fplugin-bugfix-v8-spread-parameters-in-optional-chaining 174ms (cache revalidated)
307 silly packumentCache full:https://registry.npmjs.org/@babel%2fplugin-bugfix-v8-spread-parameters-in-optional-chaining set size:102342 disposed:false
308 silly fetch manifest undici-types@~6.19.2
309 silly packumentCache full:https://registry.npmjs.org/undici-types cache-miss
310 http fetch GET 200 https://registry.npmjs.org/@babel%2fplugin-bugfix-safari-id-destructuring-collision-in-function-expression 188ms (cache revalidated)
311 silly packumentCache full:https://registry.npmjs.org/@babel%2fplugin-bugfix-safari-id-destructuring-collision-in-function-expression set size:87458 disposed:false
312 http fetch GET 200 https://registry.npmjs.org/@babel%2fplugin-transform-react-jsx 194ms (cache revalidated)
313 silly packumentCache full:https://registry.npmjs.org/@babel%2fplugin-transform-react-jsx set size:252617 disposed:false
314 http fetch GET 200 https://registry.npmjs.org/@babel%2fplugin-transform-react-jsx-development 184ms (cache revalidated)
315 silly packumentCache full:https://registry.npmjs.org/@babel%2fplugin-transform-react-jsx-development set size:95941 disposed:false
316 http fetch GET 200 https://registry.npmjs.org/@babel%2fplugin-transform-react-display-name 193ms (cache revalidated)
317 silly packumentCache full:https://registry.npmjs.org/@babel%2fplugin-transform-react-display-name set size:176787 disposed:false
318 http fetch GET 200 https://registry.npmjs.org/undici-types 141ms (cache revalidated)
319 silly packumentCache full:https://registry.npmjs.org/undici-types set size:111986 disposed:false
320 http fetch GET 200 https://registry.npmjs.org/@babel%2fplugin-transform-react-pure-annotations 176ms (cache revalidated)
321 silly packumentCache full:https://registry.npmjs.org/@babel%2fplugin-transform-react-pure-annotations set size:87238 disposed:false
322 http fetch GET 200 https://registry.npmjs.org/@babel%2fplugin-transform-typescript 182ms (cache revalidated)
323 silly packumentCache full:https://registry.npmjs.org/@babel%2fplugin-transform-typescript set size:341269 disposed:false
324 silly fetch manifest @babel/core@^7.0.0-0
325 silly packumentCache full:https://registry.npmjs.org/@babel%2fcore cache-hit
326 silly placeDep ROOT @babel/plugin-bugfix-firefox-class-in-computed-class-key@7.25.9 OK for: @babel/preset-env@7.26.0 want: ^7.25.9
327 silly placeDep ROOT @babel/plugin-bugfix-safari-class-field-initializer-scope@7.25.9 OK for: @babel/preset-env@7.26.0 want: ^7.25.9
328 silly placeDep ROOT @babel/plugin-bugfix-safari-id-destructuring-collision-in-function-expression@7.25.9 OK for: @babel/preset-env@7.26.0 want: ^7.25.9
329 silly placeDep ROOT @babel/plugin-bugfix-v8-spread-parameters-in-optional-chaining@7.25.9 OK for: @babel/preset-env@7.26.0 want: ^7.25.9
330 silly placeDep ROOT @babel/plugin-bugfix-v8-static-class-fields-redefine-readonly@7.25.9 OK for: @babel/preset-env@7.26.0 want: ^7.25.9
331 silly placeDep ROOT @babel/plugin-proposal-private-property-in-object@7.21.0-placeholder-for-preset-env.2 OK for: @babel/preset-env@7.26.0 want: 7.21.0-placeholder-for-preset-env.2
332 silly placeDep ROOT @babel/plugin-syntax-import-assertions@7.26.0 OK for: @babel/preset-env@7.26.0 want: ^7.26.0
333 silly placeDep ROOT @babel/plugin-syntax-unicode-sets-regex@7.18.6 OK for: @babel/preset-env@7.26.0 want: ^7.18.6
334 silly placeDep ROOT @babel/plugin-transform-arrow-functions@7.25.9 OK for: @babel/preset-env@7.26.0 want: ^7.25.9
335 silly placeDep ROOT @babel/plugin-transform-async-generator-functions@7.25.9 OK for: @babel/preset-env@7.26.0 want: ^7.25.9
336 silly placeDep ROOT @babel/plugin-transform-async-to-generator@7.25.9 OK for: @babel/preset-env@7.26.0 want: ^7.25.9
337 silly placeDep ROOT @babel/plugin-transform-block-scoped-functions@7.25.9 OK for: @babel/preset-env@7.26.0 want: ^7.25.9
338 silly placeDep ROOT @babel/plugin-transform-block-scoping@7.25.9 OK for: @babel/preset-env@7.26.0 want: ^7.25.9
339 silly placeDep ROOT @babel/plugin-transform-class-properties@7.25.9 OK for: @babel/preset-env@7.26.0 want: ^7.25.9
340 silly placeDep ROOT @babel/plugin-transform-class-static-block@7.26.0 OK for: @babel/preset-env@7.26.0 want: ^7.26.0
341 silly placeDep ROOT @babel/plugin-transform-classes@7.25.9 OK for: @babel/preset-env@7.26.0 want: ^7.25.9
342 silly placeDep ROOT @babel/plugin-transform-computed-properties@7.25.9 OK for: @babel/preset-env@7.26.0 want: ^7.25.9
343 silly placeDep ROOT @babel/plugin-transform-destructuring@7.25.9 OK for: @babel/preset-env@7.26.0 want: ^7.25.9
344 silly placeDep ROOT @babel/plugin-transform-dotall-regex@7.25.9 OK for: @babel/preset-env@7.26.0 want: ^7.25.9
345 silly placeDep ROOT @babel/plugin-transform-duplicate-keys@7.25.9 OK for: @babel/preset-env@7.26.0 want: ^7.25.9
346 silly placeDep ROOT @babel/plugin-transform-duplicate-named-capturing-groups-regex@7.25.9 OK for: @babel/preset-env@7.26.0 want: ^7.25.9
347 silly placeDep ROOT @babel/plugin-transform-dynamic-import@7.25.9 OK for: @babel/preset-env@7.26.0 want: ^7.25.9
348 silly placeDep ROOT @babel/plugin-transform-exponentiation-operator@7.25.9 OK for: @babel/preset-env@7.26.0 want: ^7.25.9
349 silly placeDep ROOT @babel/plugin-transform-export-namespace-from@7.25.9 OK for: @babel/preset-env@7.26.0 want: ^7.25.9
350 silly placeDep ROOT @babel/plugin-transform-for-of@7.25.9 OK for: @babel/preset-env@7.26.0 want: ^7.25.9
351 silly placeDep ROOT @babel/plugin-transform-function-name@7.25.9 OK for: @babel/preset-env@7.26.0 want: ^7.25.9
352 silly placeDep ROOT @babel/plugin-transform-json-strings@7.25.9 OK for: @babel/preset-env@7.26.0 want: ^7.25.9
353 silly placeDep ROOT @babel/plugin-transform-literals@7.25.9 OK for: @babel/preset-env@7.26.0 want: ^7.25.9
354 silly placeDep ROOT @babel/plugin-transform-logical-assignment-operators@7.25.9 OK for: @babel/preset-env@7.26.0 want: ^7.25.9
355 silly placeDep ROOT @babel/plugin-transform-member-expression-literals@7.25.9 OK for: @babel/preset-env@7.26.0 want: ^7.25.9
356 silly placeDep ROOT @babel/plugin-transform-modules-amd@7.25.9 OK for: @babel/preset-env@7.26.0 want: ^7.25.9
357 silly placeDep ROOT @babel/plugin-transform-modules-commonjs@7.25.9 OK for: @babel/preset-env@7.26.0 want: ^7.25.9
358 silly placeDep ROOT @babel/plugin-transform-modules-systemjs@7.25.9 OK for: @babel/preset-env@7.26.0 want: ^7.25.9
359 silly placeDep ROOT @babel/plugin-transform-modules-umd@7.25.9 OK for: @babel/preset-env@7.26.0 want: ^7.25.9
360 silly placeDep ROOT @babel/plugin-transform-named-capturing-groups-regex@7.25.9 OK for: @babel/preset-env@7.26.0 want: ^7.25.9
361 silly placeDep ROOT @babel/plugin-transform-new-target@7.25.9 OK for: @babel/preset-env@7.26.0 want: ^7.25.9
362 silly placeDep ROOT @babel/plugin-transform-nullish-coalescing-operator@7.25.9 OK for: @babel/preset-env@7.26.0 want: ^7.25.9
363 silly placeDep ROOT @babel/plugin-transform-numeric-separator@7.25.9 OK for: @babel/preset-env@7.26.0 want: ^7.25.9
364 silly placeDep ROOT @babel/plugin-transform-object-rest-spread@7.25.9 OK for: @babel/preset-env@7.26.0 want: ^7.25.9
365 silly placeDep ROOT @babel/plugin-transform-object-super@7.25.9 OK for: @babel/preset-env@7.26.0 want: ^7.25.9
366 silly placeDep ROOT @babel/plugin-transform-optional-catch-binding@7.25.9 OK for: @babel/preset-env@7.26.0 want: ^7.25.9
367 silly placeDep ROOT @babel/plugin-transform-optional-chaining@7.25.9 OK for: @babel/preset-env@7.26.0 want: ^7.25.9
368 silly placeDep ROOT @babel/plugin-transform-parameters@7.25.9 OK for: @babel/preset-env@7.26.0 want: ^7.25.9
369 silly placeDep ROOT @babel/plugin-transform-private-methods@7.25.9 OK for: @babel/preset-env@7.26.0 want: ^7.25.9
370 silly placeDep ROOT @babel/plugin-transform-private-property-in-object@7.25.9 OK for: @babel/preset-env@7.26.0 want: ^7.25.9
371 silly placeDep ROOT @babel/plugin-transform-property-literals@7.25.9 OK for: @babel/preset-env@7.26.0 want: ^7.25.9
372 silly placeDep ROOT @babel/plugin-transform-regenerator@7.25.9 OK for: @babel/preset-env@7.26.0 want: ^7.25.9
373 silly placeDep ROOT @babel/plugin-transform-regexp-modifiers@7.26.0 OK for: @babel/preset-env@7.26.0 want: ^7.26.0
374 silly placeDep ROOT @babel/plugin-transform-reserved-words@7.25.9 OK for: @babel/preset-env@7.26.0 want: ^7.25.9
375 silly placeDep ROOT @babel/plugin-transform-shorthand-properties@7.25.9 OK for: @babel/preset-env@7.26.0 want: ^7.25.9
376 silly placeDep ROOT @babel/plugin-transform-spread@7.25.9 OK for: @babel/preset-env@7.26.0 want: ^7.25.9
377 silly placeDep ROOT @babel/plugin-transform-sticky-regex@7.25.9 OK for: @babel/preset-env@7.26.0 want: ^7.25.9
378 silly placeDep ROOT @babel/plugin-transform-template-literals@7.25.9 OK for: @babel/preset-env@7.26.0 want: ^7.25.9
379 silly placeDep ROOT @babel/plugin-transform-typeof-symbol@7.25.9 OK for: @babel/preset-env@7.26.0 want: ^7.25.9
380 silly placeDep ROOT @babel/plugin-transform-unicode-escapes@7.25.9 OK for: @babel/preset-env@7.26.0 want: ^7.25.9
381 silly placeDep ROOT @babel/plugin-transform-unicode-property-regex@7.25.9 OK for: @babel/preset-env@7.26.0 want: ^7.25.9
382 silly placeDep ROOT @babel/plugin-transform-unicode-regex@7.25.9 OK for: @babel/preset-env@7.26.0 want: ^7.25.9
383 silly placeDep ROOT @babel/plugin-transform-unicode-sets-regex@7.25.9 OK for: @babel/preset-env@7.26.0 want: ^7.25.9
384 silly placeDep ROOT @babel/preset-modules@0.1.6-no-external-plugins OK for: @babel/preset-env@7.26.0 want: 0.1.6-no-external-plugins
385 silly placeDep ROOT babel-plugin-polyfill-corejs2@0.4.12 OK for: @babel/preset-env@7.26.0 want: ^0.4.10
386 silly placeDep ROOT babel-plugin-polyfill-corejs3@0.10.6 OK for: @babel/preset-env@7.26.0 want: ^0.10.6
387 silly placeDep ROOT babel-plugin-polyfill-regenerator@0.6.3 OK for: @babel/preset-env@7.26.0 want: ^0.6.1
388 silly placeDep ROOT core-js-compat@3.39.0 OK for: @babel/preset-env@7.26.0 want: ^3.38.1
389 silly placeDep node_modules/@babel/preset-env semver@6.3.1 OK for: @babel/preset-env@7.26.0 want: ^6.3.1
390 silly fetch manifest @babel/helper-skip-transparent-expression-wrappers@^7.25.9
391 silly packumentCache full:https://registry.npmjs.org/@babel%2fhelper-skip-transparent-expression-wrappers cache-miss
392 silly fetch manifest @babel/helper-create-regexp-features-plugin@^7.18.6
393 silly packumentCache full:https://registry.npmjs.org/@babel%2fhelper-create-regexp-features-plugin cache-miss
394 silly fetch manifest @babel/helper-remap-async-to-generator@^7.25.9
395 silly packumentCache full:https://registry.npmjs.org/@babel%2fhelper-remap-async-to-generator cache-miss
396 silly fetch manifest @babel/helper-remap-async-to-generator@^7.25.9
397 silly packumentCache full:https://registry.npmjs.org/@babel%2fhelper-remap-async-to-generator cache-miss
398 silly fetch manifest @babel/helper-create-class-features-plugin@^7.25.9
399 silly packumentCache full:https://registry.npmjs.org/@babel%2fhelper-create-class-features-plugin cache-miss
400 silly fetch manifest @babel/helper-create-class-features-plugin@^7.25.9
401 silly packumentCache full:https://registry.npmjs.org/@babel%2fhelper-create-class-features-plugin cache-miss
402 silly fetch manifest globals@^11.1.0
403 silly packumentCache full:https://registry.npmjs.org/globals cache-miss
404 http fetch GET 200 https://registry.npmjs.org/globals 155ms (cache revalidated)
405 silly packumentCache full:https://registry.npmjs.org/globals set size:263947 disposed:false
406 silly fetch manifest @babel/helper-replace-supers@^7.25.9
407 silly packumentCache full:https://registry.npmjs.org/@babel%2fhelper-replace-supers cache-miss
408 http fetch GET 200 https://registry.npmjs.org/@babel%2fhelper-skip-transparent-expression-wrappers 192ms (cache revalidated)
409 silly packumentCache full:https://registry.npmjs.org/@babel%2fhelper-skip-transparent-expression-wrappers set size:71035 disposed:false
410 silly fetch manifest @babel/helper-annotate-as-pure@^7.25.9
411 silly packumentCache full:https://registry.npmjs.org/@babel%2fhelper-annotate-as-pure cache-miss
412 http fetch GET 200 https://registry.npmjs.org/@babel%2fhelper-create-class-features-plugin 198ms (cache revalidated)
413 silly packumentCache full:https://registry.npmjs.org/@babel%2fhelper-create-class-features-plugin set size:322655 disposed:false
414 silly fetch manifest @babel/helper-create-regexp-features-plugin@^7.25.9
415 silly packumentCache full:https://registry.npmjs.org/@babel%2fhelper-create-regexp-features-plugin cache-miss
416 http fetch GET 200 https://registry.npmjs.org/@babel%2fhelper-remap-async-to-generator 203ms (cache revalidated)
417 silly packumentCache full:https://registry.npmjs.org/@babel%2fhelper-remap-async-to-generator set size:190708 disposed:false
418 silly fetch manifest @babel/helper-create-regexp-features-plugin@^7.25.9
419 silly packumentCache full:https://registry.npmjs.org/@babel%2fhelper-create-regexp-features-plugin cache-miss
420 http fetch GET 200 https://registry.npmjs.org/@babel%2fhelper-create-class-features-plugin 205ms (cache revalidated)
421 silly packumentCache full:https://registry.npmjs.org/@babel%2fhelper-create-class-features-plugin set size:322655 disposed:false
422 silly packumentCache full:https://registry.npmjs.org/@babel%2fhelper-create-class-features-plugin dispose
423 silly fetch manifest @babel/helper-builder-binary-assignment-operator-visitor@^7.25.9
424 silly packumentCache full:https://registry.npmjs.org/@babel%2fhelper-builder-binary-assignment-operator-visitor cache-miss
425 http fetch GET 200 https://registry.npmjs.org/@babel%2fhelper-create-regexp-features-plugin 231ms (cache revalidated)
426 silly packumentCache full:https://registry.npmjs.org/@babel%2fhelper-create-regexp-features-plugin set size:143853 disposed:false
427 silly fetch manifest @babel/helper-simple-access@^7.25.9
428 silly packumentCache full:https://registry.npmjs.org/@babel%2fhelper-simple-access cache-miss
429 http fetch GET 200 https://registry.npmjs.org/@babel%2fhelper-remap-async-to-generator 257ms (cache revalidated)
430 silly packumentCache full:https://registry.npmjs.org/@babel%2fhelper-remap-async-to-generator set size:190708 disposed:false
431 silly packumentCache full:https://registry.npmjs.org/@babel%2fhelper-remap-async-to-generator dispose
432 silly fetch manifest @babel/helper-create-regexp-features-plugin@^7.25.9
433 silly packumentCache full:https://registry.npmjs.org/@babel%2fhelper-create-regexp-features-plugin cache-hit
434 silly fetch manifest @babel/helper-replace-supers@^7.25.9
435 silly packumentCache full:https://registry.npmjs.org/@babel%2fhelper-replace-supers cache-miss
436 http fetch GET 200 https://registry.npmjs.org/@babel%2fhelper-replace-supers 161ms (cache revalidated)
437 silly packumentCache full:https://registry.npmjs.org/@babel%2fhelper-replace-supers set size:227876 disposed:false
438 silly fetch manifest @babel/helper-annotate-as-pure@^7.25.9
439 silly packumentCache full:https://registry.npmjs.org/@babel%2fhelper-annotate-as-pure cache-miss
440 http fetch GET 200 https://registry.npmjs.org/@babel%2fhelper-annotate-as-pure 189ms (cache revalidated)
441 silly packumentCache full:https://registry.npmjs.org/@babel%2fhelper-annotate-as-pure set size:145490 disposed:false
442 silly fetch manifest regenerator-transform@^0.15.2
443 silly packumentCache full:https://registry.npmjs.org/regenerator-transform cache-miss
444 http fetch GET 200 https://registry.npmjs.org/@babel%2fhelper-builder-binary-assignment-operator-visitor 176ms (cache revalidated)
445 silly packumentCache full:https://registry.npmjs.org/@babel%2fhelper-builder-binary-assignment-operator-visitor set size:179308 disposed:false
446 silly fetch manifest @babel/helper-define-polyfill-provider@^0.6.3
447 silly packumentCache full:https://registry.npmjs.org/@babel%2fhelper-define-polyfill-provider cache-miss
448 http fetch GET 200 https://registry.npmjs.org/@babel%2fhelper-create-regexp-features-plugin 190ms (cache revalidated)
449 silly packumentCache full:https://registry.npmjs.org/@babel%2fhelper-create-regexp-features-plugin set size:143853 disposed:false
450 silly packumentCache full:https://registry.npmjs.org/@babel%2fhelper-create-regexp-features-plugin dispose
451 silly fetch manifest core-js-compat@^3.38.0
452 silly packumentCache full:https://registry.npmjs.org/core-js-compat cache-hit
453 silly fetch manifest @babel/helper-define-polyfill-provider@^0.6.2
454 silly packumentCache full:https://registry.npmjs.org/@babel%2fhelper-define-polyfill-provider cache-miss
455 http fetch GET 200 https://registry.npmjs.org/@babel%2fhelper-create-regexp-features-plugin 201ms (cache revalidated)
456 silly packumentCache full:https://registry.npmjs.org/@babel%2fhelper-create-regexp-features-plugin set size:143853 disposed:true
457 silly packumentCache full:https://registry.npmjs.org/@babel%2fhelper-create-regexp-features-plugin dispose
458 silly fetch manifest @babel/helper-define-polyfill-provider@^0.6.3
459 silly packumentCache full:https://registry.npmjs.org/@babel%2fhelper-define-polyfill-provider cache-miss
460 http fetch GET 200 https://registry.npmjs.org/@babel%2fhelper-simple-access 176ms (cache revalidated)
461 silly packumentCache full:https://registry.npmjs.org/@babel%2fhelper-simple-access set size:177192 disposed:false
462 http fetch GET 200 https://registry.npmjs.org/@babel%2fhelper-replace-supers 221ms (cache revalidated)
463 silly packumentCache full:https://registry.npmjs.org/@babel%2fhelper-replace-supers set size:227876 disposed:false
464 silly packumentCache full:https://registry.npmjs.org/@babel%2fhelper-replace-supers dispose
465 http fetch GET 200 https://registry.npmjs.org/@babel%2fhelper-annotate-as-pure 166ms (cache revalidated)
466 silly packumentCache full:https://registry.npmjs.org/@babel%2fhelper-annotate-as-pure set size:145490 disposed:false
467 silly packumentCache full:https://registry.npmjs.org/@babel%2fhelper-annotate-as-pure dispose
468 http fetch GET 200 https://registry.npmjs.org/@babel%2fhelper-define-polyfill-provider 182ms (cache revalidated)
469 silly packumentCache full:https://registry.npmjs.org/@babel%2fhelper-define-polyfill-provider set size:98575 disposed:false
470 http fetch GET 200 https://registry.npmjs.org/regenerator-transform 196ms (cache revalidated)
471 silly packumentCache full:https://registry.npmjs.org/regenerator-transform set size:74678 disposed:false
472 http fetch GET 200 https://registry.npmjs.org/@babel%2fhelper-define-polyfill-provider 190ms (cache revalidated)
473 silly packumentCache full:https://registry.npmjs.org/@babel%2fhelper-define-polyfill-provider set size:98575 disposed:false
474 silly packumentCache full:https://registry.npmjs.org/@babel%2fhelper-define-polyfill-provider dispose
475 http fetch GET 200 https://registry.npmjs.org/@babel%2fhelper-define-polyfill-provider 184ms (cache revalidated)
476 silly packumentCache full:https://registry.npmjs.org/@babel%2fhelper-define-polyfill-provider set size:98575 disposed:true
477 silly packumentCache full:https://registry.npmjs.org/@babel%2fhelper-define-polyfill-provider dispose
478 silly placeDep ROOT @babel/helper-skip-transparent-expression-wrappers@7.25.9 OK for: @babel/plugin-bugfix-v8-spread-parameters-in-optional-chaining@7.25.9 want: ^7.25.9
479 silly placeDep ROOT @babel/helper-create-regexp-features-plugin@7.25.9 OK for: @babel/plugin-syntax-unicode-sets-regex@7.18.6 want: ^7.18.6
480 silly fetch manifest regexpu-core@^6.1.1
481 silly packumentCache full:https://registry.npmjs.org/regexpu-core cache-miss
482 http fetch GET 200 https://registry.npmjs.org/regexpu-core 158ms (cache revalidated)
483 silly packumentCache full:https://registry.npmjs.org/regexpu-core set size:149007 disposed:false
484 silly placeDep ROOT @babel/helper-annotate-as-pure@7.25.9 OK for: @babel/helper-create-regexp-features-plugin@7.25.9 want: ^7.25.9
485 silly placeDep ROOT regexpu-core@6.2.0 OK for: @babel/helper-create-regexp-features-plugin@7.25.9 want: ^6.1.1
486 silly placeDep node_modules/@babel/helper-create-regexp-features-plugin semver@6.3.1 OK for: @babel/helper-create-regexp-features-plugin@7.25.9 want: ^6.3.1
487 silly fetch manifest regenerate@^1.4.2
488 silly packumentCache full:https://registry.npmjs.org/regenerate cache-miss
489 silly fetch manifest regenerate-unicode-properties@^10.2.0
490 silly packumentCache full:https://registry.npmjs.org/regenerate-unicode-properties cache-miss
491 silly fetch manifest regjsgen@^0.8.0
492 silly packumentCache full:https://registry.npmjs.org/regjsgen cache-miss
493 silly fetch manifest regjsparser@^0.12.0
494 silly packumentCache full:https://registry.npmjs.org/regjsparser cache-miss
495 silly fetch manifest unicode-match-property-ecmascript@^2.0.0
496 silly packumentCache full:https://registry.npmjs.org/unicode-match-property-ecmascript cache-miss
497 silly fetch manifest unicode-match-property-value-ecmascript@^2.1.0
498 silly packumentCache full:https://registry.npmjs.org/unicode-match-property-value-ecmascript cache-miss
499 http fetch GET 200 https://registry.npmjs.org/regjsgen 149ms (cache revalidated)
500 silly packumentCache full:https://registry.npmjs.org/regjsgen set size:26409 disposed:false
501 http fetch GET 200 https://registry.npmjs.org/unicode-match-property-ecmascript 152ms (cache revalidated)
502 silly packumentCache full:https://registry.npmjs.org/unicode-match-property-ecmascript set size:16934 disposed:false
503 http fetch GET 200 https://registry.npmjs.org/regenerate 157ms (cache revalidated)
504 silly packumentCache full:https://registry.npmjs.org/regenerate set size:56872 disposed:false
505 http fetch GET 200 https://registry.npmjs.org/regjsparser 168ms (cache revalidated)
506 silly packumentCache full:https://registry.npmjs.org/regjsparser set size:79747 disposed:false
507 http fetch GET 200 https://registry.npmjs.org/unicode-match-property-value-ecmascript 174ms (cache revalidated)
508 silly packumentCache full:https://registry.npmjs.org/unicode-match-property-value-ecmascript set size:24390 disposed:false
509 http fetch GET 200 https://registry.npmjs.org/regenerate-unicode-properties 179ms (cache revalidated)
510 silly packumentCache full:https://registry.npmjs.org/regenerate-unicode-properties set size:74332 disposed:false
511 silly placeDep ROOT @babel/helper-remap-async-to-generator@7.25.9 OK for: @babel/plugin-transform-async-generator-functions@7.25.9 want: ^7.25.9
512 silly fetch manifest @babel/helper-wrap-function@^7.25.9
513 silly packumentCache full:https://registry.npmjs.org/@babel%2fhelper-wrap-function cache-miss
514 http fetch GET 200 https://registry.npmjs.org/@babel%2fhelper-wrap-function 228ms (cache revalidated)
515 silly packumentCache full:https://registry.npmjs.org/@babel%2fhelper-wrap-function set size:187539 disposed:false
516 silly placeDep ROOT @babel/helper-wrap-function@7.25.9 OK for: @babel/helper-remap-async-to-generator@7.25.9 want: ^7.25.9
517 silly placeDep ROOT @babel/helper-create-class-features-plugin@7.25.9 OK for: @babel/plugin-transform-class-properties@7.25.9 want: ^7.25.9
518 silly fetch manifest @babel/helper-optimise-call-expression@^7.25.9
519 silly packumentCache full:https://registry.npmjs.org/@babel%2fhelper-optimise-call-expression cache-miss
520 silly fetch manifest @babel/helper-member-expression-to-functions@^7.25.9
521 silly packumentCache full:https://registry.npmjs.org/@babel%2fhelper-member-expression-to-functions cache-miss
522 http fetch GET 200 https://registry.npmjs.org/@babel%2fhelper-optimise-call-expression 156ms (cache revalidated)
523 silly packumentCache full:https://registry.npmjs.org/@babel%2fhelper-optimise-call-expression set size:157423 disposed:false
524 http fetch GET 200 https://registry.npmjs.org/@babel%2fhelper-member-expression-to-functions 345ms (cache revalidated)
525 silly packumentCache full:https://registry.npmjs.org/@babel%2fhelper-member-expression-to-functions set size:191390 disposed:false
526 silly placeDep ROOT @babel/helper-member-expression-to-functions@7.25.9 OK for: @babel/helper-create-class-features-plugin@7.25.9 want: ^7.25.9
527 silly placeDep ROOT @babel/helper-optimise-call-expression@7.25.9 OK for: @babel/helper-create-class-features-plugin@7.25.9 want: ^7.25.9
528 silly placeDep ROOT @babel/helper-replace-supers@7.25.9 OK for: @babel/helper-create-class-features-plugin@7.25.9 want: ^7.25.9
529 silly placeDep node_modules/@babel/helper-create-class-features-plugin semver@6.3.1 OK for: @babel/helper-create-class-features-plugin@7.25.9 want: ^6.3.1
530 silly placeDep ROOT globals@11.12.0 OK for: @babel/plugin-transform-classes@7.25.9 want: ^11.1.0
531 silly placeDep ROOT @babel/helper-builder-binary-assignment-operator-visitor@7.25.9 OK for: @babel/plugin-transform-exponentiation-operator@7.25.9 want: ^7.25.9
532 silly placeDep ROOT @babel/helper-simple-access@7.25.9 OK for: @babel/plugin-transform-modules-commonjs@7.25.9 want: ^7.25.9
533 silly placeDep ROOT regenerator-transform@0.15.2 OK for: @babel/plugin-transform-regenerator@7.25.9 want: ^0.15.2
534 silly placeDep ROOT @babel/plugin-transform-react-display-name@7.25.9 OK for: @babel/preset-react@7.25.9 want: ^7.25.9
535 silly placeDep ROOT @babel/plugin-transform-react-jsx@7.25.9 OK for: @babel/preset-react@7.25.9 want: ^7.25.9
536 silly placeDep ROOT @babel/plugin-transform-react-jsx-development@7.25.9 OK for: @babel/preset-react@7.25.9 want: ^7.25.9
537 silly placeDep ROOT @babel/plugin-transform-react-pure-annotations@7.25.9 OK for: @babel/preset-react@7.25.9 want: ^7.25.9
538 silly placeDep ROOT @babel/plugin-transform-typescript@7.25.9 OK for: @babel/preset-typescript@7.26.0 want: ^7.25.9
539 silly placeDep ROOT undici-types@6.19.8 OK for: @types/node@20.17.9 want: ~6.19.2
540 silly fetch manifest @babel/core@^7.4.0 || ^8.0.0-0 <8.0.0
541 silly packumentCache full:https://registry.npmjs.org/@babel%2fcore cache-hit
542 silly placeDep ROOT @babel/helper-define-polyfill-provider@0.6.3 OK for: babel-plugin-polyfill-corejs2@0.4.12 want: ^0.6.3
543 silly placeDep node_modules/babel-plugin-polyfill-corejs2 semver@6.3.1 OK for: babel-plugin-polyfill-corejs2@0.4.12 want: ^6.3.1
544 silly fetch manifest lodash.debounce@^4.0.8
545 silly packumentCache full:https://registry.npmjs.org/lodash.debounce cache-miss
546 http fetch GET 200 https://registry.npmjs.org/lodash.debounce 142ms (cache revalidated)
547 silly packumentCache full:https://registry.npmjs.org/lodash.debounce set size:44123 disposed:false
548 silly placeDep ROOT lodash.debounce@4.0.8 OK for: @babel/helper-define-polyfill-provider@0.6.3 want: ^4.0.8
549 silly placeDep ROOT regenerate@1.4.2 OK for: regexpu-core@6.2.0 want: ^1.4.2
550 silly placeDep ROOT regenerate-unicode-properties@10.2.0 OK for: regexpu-core@6.2.0 want: ^10.2.0
551 silly placeDep ROOT regjsgen@0.8.0 OK for: regexpu-core@6.2.0 want: ^0.8.0
552 silly placeDep ROOT regjsparser@0.12.0 OK for: regexpu-core@6.2.0 want: ^0.12.0
553 silly placeDep ROOT unicode-match-property-ecmascript@2.0.0 OK for: regexpu-core@6.2.0 want: ^2.0.0
554 silly placeDep ROOT unicode-match-property-value-ecmascript@2.2.0 OK for: regexpu-core@6.2.0 want: ^2.1.0
555 silly fetch manifest unicode-canonical-property-names-ecmascript@^2.0.0
556 silly packumentCache full:https://registry.npmjs.org/unicode-canonical-property-names-ecmascript cache-miss
557 silly fetch manifest unicode-property-aliases-ecmascript@^2.0.0
558 silly packumentCache full:https://registry.npmjs.org/unicode-property-aliases-ecmascript cache-miss
559 http fetch GET 200 https://registry.npmjs.org/unicode-property-aliases-ecmascript 169ms (cache revalidated)
560 silly packumentCache full:https://registry.npmjs.org/unicode-property-aliases-ecmascript set size:25944 disposed:false
561 http fetch GET 200 https://registry.npmjs.org/unicode-canonical-property-names-ecmascript 188ms (cache revalidated)
562 silly packumentCache full:https://registry.npmjs.org/unicode-canonical-property-names-ecmascript set size:17227 disposed:false
563 silly placeDep ROOT unicode-canonical-property-names-ecmascript@2.0.1 OK for: unicode-match-property-ecmascript@2.0.0 want: ^2.0.0
564 silly placeDep ROOT unicode-property-aliases-ecmascript@2.1.0 OK for: unicode-match-property-ecmascript@2.0.0 want: ^2.0.0
565 silly reify mark retired [
565 silly reify   'C:\\Users\\saadr\\Desktop\\DevOps-Hub\\devopshub\\node_modules\\@babel\\traverse\\node_modules\\globals'
565 silly reify ]
566 silly reify mark retired [
566 silly reify   'C:\\Users\\saadr\\Desktop\\DevOps-Hub\\devopshub\\node_modules\\@types\\node'
566 silly reify ]
567 silly reify mark retired [
567 silly reify   'C:\\Users\\saadr\\Desktop\\DevOps-Hub\\devopshub\\node_modules\\undici-types'
567 silly reify ]
568 silly reify moves {
568 silly reify   'C:\\Users\\saadr\\Desktop\\DevOps-Hub\\devopshub\\node_modules\\@babel\\traverse\\node_modules\\globals': 'C:\\Users\\saadr\\Desktop\\DevOps-Hub\\devopshub\\node_modules\\@babel\\traverse\\node_modules\\.globals-p3ubkgW6',
568 silly reify   'C:\\Users\\saadr\\Desktop\\DevOps-Hub\\devopshub\\node_modules\\@types\\node': 'C:\\Users\\saadr\\Desktop\\DevOps-Hub\\devopshub\\node_modules\\@types\\.node-lbEAPn1N',
568 silly reify   'C:\\Users\\saadr\\Desktop\\DevOps-Hub\\devopshub\\node_modules\\undici-types': 'C:\\Users\\saadr\\Desktop\\DevOps-Hub\\devopshub\\node_modules\\.undici-types-F6BHmgtq'
568 silly reify }
569 silly audit bulk request {
569 silly audit   '@adobe/css-tools': [ '4.4.1' ],
569 silly audit   '@ampproject/remapping': [ '2.3.0' ],
569 silly audit   '@babel/code-frame': [ '7.26.2' ],
569 silly audit   '@babel/compat-data': [ '7.26.2' ],
569 silly audit   '@babel/core': [ '7.26.0' ],
569 silly audit   semver: [ '6.3.1', '7.6.3' ],
569 silly audit   '@babel/generator': [ '7.26.2' ],
569 silly audit   '@babel/helper-compilation-targets': [ '7.25.9' ],
569 silly audit   '@babel/helper-module-imports': [ '7.25.9' ],
569 silly audit   '@babel/helper-module-transforms': [ '7.26.0' ],
569 silly audit   '@babel/helper-plugin-utils': [ '7.25.9' ],
569 silly audit   '@babel/helper-string-parser': [ '7.25.9' ],
569 silly audit   '@babel/helper-validator-identifier': [ '7.25.9' ],
569 silly audit   '@babel/helper-validator-option': [ '7.25.9' ],
569 silly audit   '@babel/helpers': [ '7.26.0' ],
569 silly audit   '@babel/parser': [ '7.26.2' ],
569 silly audit   '@babel/plugin-syntax-async-generators': [ '7.8.4' ],
569 silly audit   '@babel/plugin-syntax-bigint': [ '7.8.3' ],
569 silly audit   '@babel/plugin-syntax-class-properties': [ '7.12.13' ],
569 silly audit   '@babel/plugin-syntax-class-static-block': [ '7.14.5' ],
569 silly audit   '@babel/plugin-syntax-import-attributes': [ '7.26.0' ],
569 silly audit   '@babel/plugin-syntax-import-meta': [ '7.10.4' ],
569 silly audit   '@babel/plugin-syntax-json-strings': [ '7.8.3' ],
569 silly audit   '@babel/plugin-syntax-jsx': [ '7.25.9' ],
569 silly audit   '@babel/plugin-syntax-logical-assignment-operators': [ '7.10.4' ],
569 silly audit   '@babel/plugin-syntax-nullish-coalescing-operator': [ '7.8.3' ],
569 silly audit   '@babel/plugin-syntax-numeric-separator': [ '7.10.4' ],
569 silly audit   '@babel/plugin-syntax-object-rest-spread': [ '7.8.3' ],
569 silly audit   '@babel/plugin-syntax-optional-catch-binding': [ '7.8.3' ],
569 silly audit   '@babel/plugin-syntax-optional-chaining': [ '7.8.3' ],
569 silly audit   '@babel/plugin-syntax-private-property-in-object': [ '7.14.5' ],
569 silly audit   '@babel/plugin-syntax-top-level-await': [ '7.14.5' ],
569 silly audit   '@babel/plugin-syntax-typescript': [ '7.25.9' ],
569 silly audit   '@babel/runtime': [ '7.26.0' ],
569 silly audit   '@babel/template': [ '7.25.9' ],
569 silly audit   '@babel/traverse': [ '7.25.9' ],
569 silly audit   globals: [ '11.12.0' ],
569 silly audit   '@babel/types': [ '7.26.0' ],
569 silly audit   '@bcoe/v8-coverage': [ '0.2.3' ],
569 silly audit   '@istanbuljs/load-nyc-config': [ '1.1.0' ],
569 silly audit   argparse: [ '1.0.10' ],
569 silly audit   'find-up': [ '4.1.0' ],
569 silly audit   'js-yaml': [ '3.14.1' ],
569 silly audit   'locate-path': [ '5.0.0' ],
569 silly audit   'p-limit': [ '2.3.0', '3.1.0' ],
569 silly audit   'p-locate': [ '4.1.0' ],
569 silly audit   'resolve-from': [ '5.0.0' ],
569 silly audit   '@istanbuljs/schema': [ '0.1.3' ],
569 silly audit   '@jest/console': [ '29.7.0' ],
569 silly audit   '@jest/core': [ '29.7.0' ],
569 silly audit   'ansi-styles': [ '5.2.0', '4.3.0' ],
569 silly audit   'pretty-format': [ '29.7.0', '27.5.1' ],
569 silly audit   'react-is': [ '18.3.1', '17.0.2' ],
569 silly audit   '@jest/environment': [ '29.7.0' ],
569 silly audit   '@jest/expect': [ '29.7.0' ],
569 silly audit   '@jest/expect-utils': [ '29.7.0' ],
569 silly audit   '@jest/fake-timers': [ '29.7.0' ],
569 silly audit   '@jest/globals': [ '29.7.0' ],
569 silly audit   '@jest/reporters': [ '29.7.0' ],
569 silly audit   'istanbul-lib-instrument': [ '6.0.3', '5.2.1' ],
569 silly audit   '@jest/schemas': [ '29.6.3' ],
569 silly audit   '@jest/source-map': [ '29.6.3' ],
569 silly audit   '@jest/test-result': [ '29.7.0' ],
569 silly audit   '@jest/test-sequencer': [ '29.7.0' ],
569 silly audit   '@jest/transform': [ '29.7.0' ],
569 silly audit   '@jest/types': [ '29.6.3' ],
569 silly audit   '@jridgewell/gen-mapping': [ '0.3.5' ],
569 silly audit   '@jridgewell/resolve-uri': [ '3.1.2' ],
569 silly audit   '@jridgewell/set-array': [ '1.2.1' ],
569 silly audit   '@jridgewell/sourcemap-codec': [ '1.5.0' ],
569 silly audit   '@jridgewell/trace-mapping': [ '0.3.25' ],
569 silly audit   '@next/env': [ '14.2.18' ],
569 silly audit   '@next/swc-win32-x64-msvc': [ '14.2.18' ],
569 silly audit   '@prisma/client': [ '6.0.1' ],
569 silly audit   '@prisma/debug': [ '6.0.1' ],
569 silly audit   '@prisma/engines': [ '6.0.1' ],
569 silly audit   '@prisma/engines-version': [ '5.23.0-27.5dbef10bdbfb579e07d35cc85fb1518d357cb99e' ],
569 silly audit   '@prisma/fetch-engine': [ '6.0.1' ],
569 silly audit   '@prisma/get-platform': [ '6.0.1' ],
569 silly audit   '@sinclair/typebox': [ '0.27.8' ],
569 silly audit   '@sinonjs/commons': [ '3.0.1' ],
569 silly audit   '@sinonjs/fake-timers': [ '10.3.0' ],
569 silly audit   '@swc/counter': [ '0.1.3' ],
569 silly audit   '@swc/helpers': [ '0.5.5' ],
569 silly audit   '@testing-library/dom': [ '8.20.1' ],
569 silly audit   'aria-query': [ '5.1.3', '5.3.2' ],
569 silly audit   '@testing-library/jest-dom': [ '5.17.0' ],
569 silly audit   chalk: [ '3.0.0', '4.1.2' ],
569 silly audit   '@testing-library/react': [ '13.4.0' ],
569 silly audit   '@tootallnate/once': [ '2.0.0' ],
569 silly audit   '@types/aria-query': [ '5.0.4' ],
569 silly audit   '@types/babel__core': [ '7.20.5' ],
569 silly audit   '@types/babel__generator': [ '7.6.8' ],
569 silly audit   '@types/babel__template': [ '7.4.4' ],
569 silly audit   '@types/babel__traverse': [ '7.20.6' ],
569 silly audit   '@types/graceful-fs': [ '4.1.9' ],
569 silly audit   '@types/istanbul-lib-coverage': [ '2.0.6' ],
569 silly audit   '@types/istanbul-lib-report': [ '3.0.3' ],
569 silly audit   '@types/istanbul-reports': [ '3.0.4' ],
569 silly audit   '@types/jest': [ '29.5.14' ],
569 silly audit   '@types/jsdom': [ '20.0.1' ],
569 silly audit   '@types/prop-types': [ '15.7.13' ],
569 silly audit   '@types/react': [ '18.3.12' ],
569 silly audit   '@types/react-dom': [ '18.3.1' ],
569 silly audit   '@types/stack-utils': [ '2.0.3' ],
569 silly audit   '@types/testing-library__jest-dom': [ '5.14.9' ],
569 silly audit   '@types/tough-cookie': [ '4.0.5' ],
569 silly audit   '@types/yargs': [ '17.0.33' ],
569 silly audit   '@types/yargs-parser': [ '21.0.3' ],
569 silly audit   abab: [ '2.0.6' ],
569 silly audit   acorn: [ '8.14.0' ],
569 silly audit   'acorn-globals': [ '7.0.1' ],
569 silly audit   'acorn-walk': [ '8.3.4' ],
569 silly audit   'agent-base': [ '6.0.2' ],
569 silly audit   'ansi-escapes': [ '4.3.2' ],
569 silly audit   'ansi-regex': [ '5.0.1' ],
569 silly audit   anymatch: [ '3.1.3' ],
569 silly audit   'array-buffer-byte-length': [ '1.0.1' ],
569 silly audit   asynckit: [ '0.4.0' ],
569 silly audit   'available-typed-arrays': [ '1.0.7' ],
569 silly audit   'babel-jest': [ '29.7.0' ],
569 silly audit   'babel-plugin-istanbul': [ '6.1.1' ],
569 silly audit   'babel-plugin-jest-hoist': [ '29.6.3' ],
569 silly audit   'babel-preset-current-node-syntax': [ '1.1.0' ],
569 silly audit   'babel-preset-jest': [ '29.6.3' ],
569 silly audit   'balanced-match': [ '1.0.2' ],
569 silly audit   'brace-expansion': [ '1.1.11' ],
569 silly audit   braces: [ '3.0.3' ],
569 silly audit   browserslist: [ '4.24.2' ],
569 silly audit   bser: [ '2.1.1' ],
569 silly audit   'buffer-from': [ '1.1.2' ],
569 silly audit   busboy: [ '1.6.0' ],
569 silly audit   'call-bind': [ '1.0.7' ],
569 silly audit   callsites: [ '3.1.0' ],
569 silly audit   camelcase: [ '5.3.1', '6.3.0' ],
569 silly audit   'caniuse-lite': [ '1.0.30001686' ],
569 silly audit   'char-regex': [ '1.0.2' ],
569 silly audit   'ci-info': [ '3.9.0' ],
569 silly audit   'cjs-module-lexer': [ '1.4.1' ],
569 silly audit   'client-only': [ '0.0.1' ],
569 silly audit   cliui: [ '8.0.1' ],
569 silly audit   co: [ '4.6.0' ],
569 silly audit   'collect-v8-coverage': [ '1.0.2' ],
569 silly audit   'color-convert': [ '2.0.1' ],
569 silly audit   'color-name': [ '1.1.4' ],
569 silly audit   'combined-stream': [ '1.0.8' ],
569 silly audit   'concat-map': [ '0.0.1' ],
569 silly audit   'convert-source-map': [ '2.0.0' ],
569 silly audit   'create-jest': [ '29.7.0' ],
569 silly audit   'cross-spawn': [ '7.0.6' ],
569 silly audit   'css.escape': [ '1.5.1' ],
569 silly audit   cssom: [ '0.5.0', '0.3.8' ],
569 silly audit   cssstyle: [ '2.3.0' ],
569 silly audit   csstype: [ '3.1.3' ],
569 silly audit   'data-urls': [ '3.0.2' ],
569 silly audit   debug: [ '4.3.7' ],
569 silly audit   'decimal.js': [ '10.4.3' ],
569 silly audit   dedent: [ '1.5.3' ],
569 silly audit   'deep-equal': [ '2.2.3' ],
569 silly audit   deepmerge: [ '4.3.1' ],
569 silly audit   'define-data-property': [ '1.1.4' ],
569 silly audit   'define-properties': [ '1.2.1' ],
569 silly audit   'delayed-stream': [ '1.0.0' ],
569 silly audit   'detect-newline': [ '3.1.0' ],
569 silly audit   'diff-sequences': [ '29.6.3' ],
569 silly audit   'dom-accessibility-api': [ '0.5.16' ],
569 silly audit   domexception: [ '4.0.0' ],
569 silly audit   'electron-to-chromium': [ '1.5.68' ],
569 silly audit   emittery: [ '0.13.1' ],
569 silly audit   'emoji-regex': [ '8.0.0' ],
569 silly audit   entities: [ '4.5.0' ],
569 silly audit   'error-ex': [ '1.3.2' ],
569 silly audit   'es-define-property': [ '1.0.0' ],
569 silly audit   'es-errors': [ '1.3.0' ],
569 silly audit   'es-get-iterator': [ '1.1.3' ],
569 silly audit   escalade: [ '3.2.0' ],
569 silly audit   escodegen: [ '2.1.0' ],
569 silly audit   esprima: [ '4.0.1' ],
569 silly audit   estraverse: [ '5.3.0' ],
569 silly audit   esutils: [ '2.0.3' ],
569 silly audit   execa: [ '5.1.1' ],
569 silly audit   exit: [ '0.1.2' ],
569 silly audit   expect: [ '29.7.0' ],
569 silly audit   'fast-json-stable-stringify': [ '2.1.0' ],
569 silly audit   'fb-watchman': [ '2.0.2' ],
569 silly audit   'fill-range': [ '7.1.1' ],
569 silly audit   'for-each': [ '0.3.3' ],
569 silly audit   'form-data': [ '4.0.1' ],
569 silly audit   'fs.realpath': [ '1.0.0' ],
569 silly audit   'function-bind': [ '1.1.2' ],
569 silly audit   'functions-have-names': [ '1.2.3' ],
569 silly audit   gensync: [ '1.0.0-beta.2' ],
569 silly audit   'get-caller-file': [ '2.0.5' ],
569 silly audit   'get-intrinsic': [ '1.2.4' ],
569 silly audit   'get-package-type': [ '0.1.0' ],
569 silly audit   'get-stream': [ '6.0.1' ],
569 silly audit   glob: [ '7.2.3' ],
569 silly audit   gopd: [ '1.1.0' ],
569 silly audit   'graceful-fs': [ '4.2.11' ],
569 silly audit   'harmony-reflect': [ '1.6.2' ],
569 silly audit   'has-bigints': [ '1.0.2' ],
569 silly audit   'has-flag': [ '4.0.0' ],
569 silly audit   'has-property-descriptors': [ '1.0.2' ],
569 silly audit   'has-proto': [ '1.1.0' ],
569 silly audit   'has-symbols': [ '1.1.0' ],
569 silly audit   'has-tostringtag': [ '1.0.2' ],
569 silly audit   hasown: [ '2.0.2' ],
569 silly audit   'html-encoding-sniffer': [ '3.0.0' ],
569 silly audit   'html-escaper': [ '2.0.2' ],
569 silly audit   'http-proxy-agent': [ '5.0.0' ],
569 silly audit   'https-proxy-agent': [ '5.0.1' ],
569 silly audit   'human-signals': [ '2.1.0' ],
569 silly audit   'iconv-lite': [ '0.6.3' ],
569 silly audit   'identity-obj-proxy': [ '3.0.0' ],
569 silly audit   'import-local': [ '3.2.0' ],
569 silly audit   imurmurhash: [ '0.1.4' ],
569 silly audit   'indent-string': [ '4.0.0' ],
569 silly audit   inflight: [ '1.0.6' ],
569 silly audit   inherits: [ '2.0.4' ],
569 silly audit   'internal-slot': [ '1.0.7' ],
569 silly audit   'is-arguments': [ '1.1.1' ],
569 silly audit   'is-array-buffer': [ '3.0.4' ],
569 silly audit   'is-arrayish': [ '0.2.1' ],
569 silly audit   'is-bigint': [ '1.1.0' ],
569 silly audit   'is-boolean-object': [ '1.2.0' ],
569 silly audit   'is-callable': [ '1.2.7' ],
569 silly audit   'is-core-module': [ '2.15.1' ],
569 silly audit   'is-date-object': [ '1.0.5' ],
569 silly audit   'is-fullwidth-code-point': [ '3.0.0' ],
569 silly audit   'is-generator-fn': [ '2.1.0' ],
569 silly audit   'is-map': [ '2.0.3' ],
569 silly audit   'is-number': [ '7.0.0' ],
569 silly audit   'is-number-object': [ '1.1.0' ],
569 silly audit   'is-potential-custom-element-name': [ '1.0.1' ],
569 silly audit   'is-regex': [ '1.2.0' ],
569 silly audit   'is-set': [ '2.0.3' ],
569 silly audit   'is-shared-array-buffer': [ '1.0.3' ],
569 silly audit   'is-stream': [ '2.0.1' ],
569 silly audit   'is-string': [ '1.1.0' ],
569 silly audit   'is-symbol': [ '1.1.0' ],
569 silly audit   'is-weakmap': [ '2.0.2' ],
569 silly audit   'is-weakset': [ '2.0.3' ],
569 silly audit   isarray: [ '2.0.5' ],
569 silly audit   isexe: [ '2.0.0' ],
569 silly audit   'istanbul-lib-coverage': [ '3.2.2' ],
569 silly audit   'istanbul-lib-report': [ '3.0.1' ],
569 silly audit   'istanbul-lib-source-maps': [ '4.0.1' ],
569 silly audit   'istanbul-reports': [ '3.1.7' ],
569 silly audit   jest: [ '29.7.0' ],
569 silly audit   'jest-changed-files': [ '29.7.0' ],
569 silly audit   'jest-circus': [ '29.7.0' ],
569 silly audit   'jest-cli': [ '29.7.0' ],
569 silly audit   'jest-config': [ '29.7.0' ],
569 silly audit   'jest-diff': [ '29.7.0' ],
569 silly audit   'jest-docblock': [ '29.7.0' ],
569 silly audit   'jest-each': [ '29.7.0' ],
569 silly audit   'jest-environment-jsdom': [ '29.7.0' ],
569 silly audit   'jest-environment-node': [ '29.7.0' ],
569 silly audit   'jest-get-type': [ '29.6.3' ],
569 silly audit   'jest-haste-map': [ '29.7.0' ],
569 silly audit   'jest-leak-detector': [ '29.7.0' ],
569 silly audit   'jest-matcher-utils': [ '29.7.0' ],
569 silly audit   'jest-message-util': [ '29.7.0' ],
569 silly audit   'jest-mock': [ '29.7.0' ],
569 silly audit   'jest-pnp-resolver': [ '1.2.3' ],
569 silly audit   'jest-regex-util': [ '29.6.3' ],
569 silly audit   'jest-resolve': [ '29.7.0' ],
569 silly audit   'jest-resolve-dependencies': [ '29.7.0' ],
569 silly audit   'jest-runner': [ '29.7.0' ],
569 silly audit   'jest-runtime': [ '29.7.0' ],
569 silly audit   'jest-snapshot': [ '29.7.0' ],
569 silly audit   'jest-util': [ '29.7.0' ],
569 silly audit   'jest-validate': [ '29.7.0' ],
569 silly audit   'jest-watcher': [ '29.7.0' ],
569 silly audit   'jest-worker': [ '29.7.0' ],
569 silly audit   'supports-color': [ '8.1.1', '7.2.0' ],
569 silly audit   'js-tokens': [ '4.0.0' ],
569 silly audit   jsdom: [ '20.0.3' ],
569 silly audit   jsesc: [ '3.0.2' ],
569 silly audit   'json-parse-even-better-errors': [ '2.3.1' ],
569 silly audit   json5: [ '2.2.3' ],
569 silly audit   kleur: [ '3.0.3' ],
569 silly audit   leven: [ '3.1.0' ],
569 silly audit   'lines-and-columns': [ '1.2.4' ],
569 silly audit   lodash: [ '4.17.21' ],
569 silly audit   'loose-envify': [ '1.4.0' ],
569 silly audit   'lru-cache': [ '5.1.1' ],
569 silly audit   'lz-string': [ '1.5.0' ],
569 silly audit   'make-dir': [ '4.0.0' ],
569 silly audit   makeerror: [ '1.0.12' ],
569 silly audit   'merge-stream': [ '2.0.0' ],
569 silly audit   micromatch: [ '4.0.8' ],
569 silly audit   'mime-db': [ '1.52.0' ],
569 silly audit   'mime-types': [ '2.1.35' ],
569 silly audit   'mimic-fn': [ '2.1.0' ],
569 silly audit   'min-indent': [ '1.0.1' ],
569 silly audit   minimatch: [ '3.1.2' ],
569 silly audit   ms: [ '2.1.3' ],
569 silly audit   nanoid: [ '3.3.8' ],
569 silly audit   'natural-compare': [ '1.4.0' ],
569 silly audit   next: [ '14.2.18' ],
569 silly audit   'node-int64': [ '0.4.0' ],
569 silly audit   'node-releases': [ '2.0.18' ],
569 silly audit   'normalize-path': [ '3.0.0' ],
569 silly audit   'npm-run-path': [ '4.0.1' ],
569 silly audit   nwsapi: [ '2.2.16' ],
569 silly audit   'object-inspect': [ '1.13.3' ],
569 silly audit   'object-is': [ '1.1.6' ],
569 silly audit   'object-keys': [ '1.1.1' ],
569 silly audit   'object.assign': [ '4.1.5' ],
569 silly audit   once: [ '1.4.0' ],
569 silly audit   onetime: [ '5.1.2' ],
569 silly audit   'p-try': [ '2.2.0' ],
569 silly audit   'parse-json': [ '5.2.0' ],
569 silly audit   parse5: [ '7.2.1' ],
569 silly audit   'path-exists': [ '4.0.0' ],
569 silly audit   'path-is-absolute': [ '1.0.1' ],
569 silly audit   'path-key': [ '3.1.1' ],
569 silly audit   'path-parse': [ '1.0.7' ],
569 silly audit   picocolors: [ '1.1.1' ],
569 silly audit   picomatch: [ '2.3.1' ],
569 silly audit   pirates: [ '4.0.6' ],
569 silly audit   'pkg-dir': [ '4.2.0' ],
569 silly audit   'possible-typed-array-names': [ '1.0.0' ],
569 silly audit   postcss: [ '8.4.31' ],
569 silly audit   prisma: [ '6.0.1' ],
569 silly audit   prompts: [ '2.4.2' ],
569 silly audit   psl: [ '1.15.0' ],
569 silly audit   punycode: [ '2.3.1' ],
569 silly audit   'pure-rand': [ '6.1.0' ],
569 silly audit   querystringify: [ '2.2.0' ],
569 silly audit   react: [ '18.3.1' ],
569 silly audit   'react-dom': [ '18.3.1' ],
569 silly audit   redent: [ '3.0.0' ],
569 silly audit   'regenerator-runtime': [ '0.14.1' ],
569 silly audit   'regexp.prototype.flags': [ '1.5.3' ],
569 silly audit   'require-directory': [ '2.1.1' ],
569 silly audit   'requires-port': [ '1.0.0' ],
569 silly audit   resolve: [ '1.22.8' ],
569 silly audit   'resolve-cwd': [ '3.0.0' ],
569 silly audit   'resolve.exports': [ '2.0.3' ],
569 silly audit   'safe-regex-test': [ '1.0.3' ],
569 silly audit   'safer-buffer': [ '2.1.2' ],
569 silly audit   saxes: [ '6.0.0' ],
569 silly audit   scheduler: [ '0.23.2' ],
569 silly audit   'set-function-length': [ '1.2.2' ],
569 silly audit   'set-function-name': [ '2.0.2' ],
569 silly audit   'shebang-command': [ '2.0.0' ],
569 silly audit   'shebang-regex': [ '3.0.0' ],
569 silly audit   'side-channel': [ '1.0.6' ],
569 silly audit   'signal-exit': [ '3.0.7' ],
569 silly audit   sisteransi: [ '1.0.5' ],
569 silly audit   slash: [ '3.0.0' ],
569 silly audit   'source-map': [ '0.6.1' ],
569 silly audit   'source-map-js': [ '1.2.1' ],
569 silly audit   'source-map-support': [ '0.5.13' ],
569 silly audit   'sprintf-js': [ '1.0.3' ],
569 silly audit   'stack-utils': [ '2.0.6' ],
569 silly audit   'escape-string-regexp': [ '2.0.0' ],
569 silly audit   'stop-iteration-iterator': [ '1.0.0' ],
569 silly audit   streamsearch: [ '1.1.0' ],
569 silly audit   'string-length': [ '4.0.2' ],
569 silly audit   'string-width': [ '4.2.3' ],
569 silly audit   'strip-ansi': [ '6.0.1' ],
569 silly audit   'strip-bom': [ '4.0.0' ],
569 silly audit   'strip-final-newline': [ '2.0.0' ],
569 silly audit   'strip-indent': [ '3.0.0' ],
569 silly audit   'strip-json-comments': [ '3.1.1' ],
569 silly audit   'styled-jsx': [ '5.1.1' ],
569 silly audit   'supports-preserve-symlinks-flag': [ '1.0.0' ],
569 silly audit   'symbol-tree': [ '3.2.4' ],
569 silly audit   'test-exclude': [ '6.0.0' ],
569 silly audit   tmpl: [ '1.0.5' ],
569 silly audit   'to-regex-range': [ '5.0.1' ],
569 silly audit   'tough-cookie': [ '4.1.4' ],
569 silly audit   tr46: [ '3.0.0' ],
569 silly audit   tslib: [ '2.8.1' ],
569 silly audit   'type-detect': [ '4.0.8' ],
569 silly audit   'type-fest': [ '0.21.3' ],
569 silly audit   universalify: [ '0.2.0' ],
569 silly audit   'update-browserslist-db': [ '1.1.1' ],
569 silly audit   'url-parse': [ '1.5.10' ],
569 silly audit   'v8-to-istanbul': [ '9.3.0' ],
569 silly audit   'w3c-xmlserializer': [ '4.0.0' ],
569 silly audit   walker: [ '1.0.8' ],
569 silly audit   'webidl-conversions': [ '7.0.0' ],
569 silly audit   'whatwg-encoding': [ '2.0.0' ],
569 silly audit   'whatwg-mimetype': [ '3.0.0' ],
569 silly audit   'whatwg-url': [ '11.0.0' ],
569 silly audit   which: [ '2.0.2' ],
569 silly audit   'which-boxed-primitive': [ '1.1.0' ],
569 silly audit   'which-collection': [ '1.0.2' ],
569 silly audit   'which-typed-array': [ '1.1.16' ],
569 silly audit   'wrap-ansi': [ '7.0.0' ],
569 silly audit   wrappy: [ '1.0.2' ],
569 silly audit   'write-file-atomic': [ '4.0.2' ],
569 silly audit   ws: [ '8.18.0' ],
569 silly audit   'xml-name-validator': [ '4.0.0' ],
569 silly audit   xmlchars: [ '2.2.0' ],
569 silly audit   y18n: [ '5.0.8' ],
569 silly audit   yallist: [ '3.1.1' ],
569 silly audit   yargs: [ '17.7.2' ],
569 silly audit   'yargs-parser': [ '21.1.1' ],
569 silly audit   'yocto-queue': [ '0.1.0' ],
569 silly audit   '@babel/preset-env': [ '7.26.0' ],
569 silly audit   '@babel/preset-react': [ '7.25.9' ],
569 silly audit   '@babel/preset-typescript': [ '7.26.0' ],
569 silly audit   '@types/node': [ '20.17.9' ],
569 silly audit   typescript: [ '5.7.2' ],
569 silly audit   '@babel/plugin-bugfix-firefox-class-in-computed-class-key': [ '7.25.9' ],
569 silly audit   '@babel/plugin-bugfix-safari-class-field-initializer-scope': [ '7.25.9' ],
569 silly audit   '@babel/plugin-bugfix-safari-id-destructuring-collision-in-function-expression': [ '7.25.9' ],
569 silly audit   '@babel/plugin-bugfix-v8-spread-parameters-in-optional-chaining': [ '7.25.9' ],
569 silly audit   '@babel/plugin-bugfix-v8-static-class-fields-redefine-readonly': [ '7.25.9' ],
569 silly audit   '@babel/plugin-proposal-private-property-in-object': [ '7.21.0-placeholder-for-preset-env.2' ],
569 silly audit   '@babel/plugin-syntax-import-assertions': [ '7.26.0' ],
569 silly audit   '@babel/plugin-syntax-unicode-sets-regex': [ '7.18.6' ],
569 silly audit   '@babel/plugin-transform-arrow-functions': [ '7.25.9' ],
569 silly audit   '@babel/plugin-transform-async-generator-functions': [ '7.25.9' ],
569 silly audit   '@babel/plugin-transform-async-to-generator': [ '7.25.9' ],
569 silly audit   '@babel/plugin-transform-block-scoped-functions': [ '7.25.9' ],
569 silly audit   '@babel/plugin-transform-block-scoping': [ '7.25.9' ],
569 silly audit   '@babel/plugin-transform-class-properties': [ '7.25.9' ],
569 silly audit   '@babel/plugin-transform-class-static-block': [ '7.26.0' ],
569 silly audit   '@babel/plugin-transform-classes': [ '7.25.9' ],
569 silly audit   '@babel/plugin-transform-computed-properties': [ '7.25.9' ],
569 silly audit   '@babel/plugin-transform-destructuring': [ '7.25.9' ],
569 silly audit   '@babel/plugin-transform-dotall-regex': [ '7.25.9' ],
569 silly audit   '@babel/plugin-transform-duplicate-keys': [ '7.25.9' ],
569 silly audit   '@babel/plugin-transform-duplicate-named-capturing-groups-regex': [ '7.25.9' ],
569 silly audit   '@babel/plugin-transform-dynamic-import': [ '7.25.9' ],
569 silly audit   '@babel/plugin-transform-exponentiation-operator': [ '7.25.9' ],
569 silly audit   '@babel/plugin-transform-export-namespace-from': [ '7.25.9' ],
569 silly audit   '@babel/plugin-transform-for-of': [ '7.25.9' ],
569 silly audit   '@babel/plugin-transform-function-name': [ '7.25.9' ],
569 silly audit   '@babel/plugin-transform-json-strings': [ '7.25.9' ],
569 silly audit   '@babel/plugin-transform-literals': [ '7.25.9' ],
569 silly audit   '@babel/plugin-transform-logical-assignment-operators': [ '7.25.9' ],
569 silly audit   '@babel/plugin-transform-member-expression-literals': [ '7.25.9' ],
569 silly audit   '@babel/plugin-transform-modules-amd': [ '7.25.9' ],
569 silly audit   '@babel/plugin-transform-modules-commonjs': [ '7.25.9' ],
569 silly audit   '@babel/plugin-transform-modules-systemjs': [ '7.25.9' ],
569 silly audit   '@babel/plugin-transform-modules-umd': [ '7.25.9' ],
569 silly audit   '@babel/plugin-transform-named-capturing-groups-regex': [ '7.25.9' ],
569 silly audit   '@babel/plugin-transform-new-target': [ '7.25.9' ],
569 silly audit   '@babel/plugin-transform-nullish-coalescing-operator': [ '7.25.9' ],
569 silly audit   '@babel/plugin-transform-numeric-separator': [ '7.25.9' ],
569 silly audit   '@babel/plugin-transform-object-rest-spread': [ '7.25.9' ],
569 silly audit   '@babel/plugin-transform-object-super': [ '7.25.9' ],
569 silly audit   '@babel/plugin-transform-optional-catch-binding': [ '7.25.9' ],
569 silly audit   '@babel/plugin-transform-optional-chaining': [ '7.25.9' ],
569 silly audit   '@babel/plugin-transform-parameters': [ '7.25.9' ],
569 silly audit   '@babel/plugin-transform-private-methods': [ '7.25.9' ],
569 silly audit   '@babel/plugin-transform-private-property-in-object': [ '7.25.9' ],
569 silly audit   '@babel/plugin-transform-property-literals': [ '7.25.9' ],
569 silly audit   '@babel/plugin-transform-regenerator': [ '7.25.9' ],
569 silly audit   '@babel/plugin-transform-regexp-modifiers': [ '7.26.0' ],
569 silly audit   '@babel/plugin-transform-reserved-words': [ '7.25.9' ],
569 silly audit   '@babel/plugin-transform-shorthand-properties': [ '7.25.9' ],
569 silly audit   '@babel/plugin-transform-spread': [ '7.25.9' ],
569 silly audit   '@babel/plugin-transform-sticky-regex': [ '7.25.9' ],
569 silly audit   '@babel/plugin-transform-template-literals': [ '7.25.9' ],
569 silly audit   '@babel/plugin-transform-typeof-symbol': [ '7.25.9' ],
569 silly audit   '@babel/plugin-transform-unicode-escapes': [ '7.25.9' ],
569 silly audit   '@babel/plugin-transform-unicode-property-regex': [ '7.25.9' ],
569 silly audit   '@babel/plugin-transform-unicode-regex': [ '7.25.9' ],
569 silly audit   '@babel/plugin-transform-unicode-sets-regex': [ '7.25.9' ],
569 silly audit   '@babel/preset-modules': [ '0.1.6-no-external-plugins' ],
569 silly audit   'babel-plugin-polyfill-corejs2': [ '0.4.12' ],
569 silly audit   'babel-plugin-polyfill-corejs3': [ '0.10.6' ],
569 silly audit   'babel-plugin-polyfill-regenerator': [ '0.6.3' ],
569 silly audit   'core-js-compat': [ '3.39.0' ],
569 silly audit   '@babel/helper-skip-transparent-expression-wrappers': [ '7.25.9' ],
569 silly audit   '@babel/helper-create-regexp-features-plugin': [ '7.25.9' ],
569 silly audit   '@babel/helper-annotate-as-pure': [ '7.25.9' ],
569 silly audit   'regexpu-core': [ '6.2.0' ],
569 silly audit   '@babel/helper-remap-async-to-generator': [ '7.25.9' ],
569 silly audit   '@babel/helper-wrap-function': [ '7.25.9' ],
569 silly audit   '@babel/helper-create-class-features-plugin': [ '7.25.9' ],
569 silly audit   '@babel/helper-member-expression-to-functions': [ '7.25.9' ],
569 silly audit   '@babel/helper-optimise-call-expression': [ '7.25.9' ],
569 silly audit   '@babel/helper-replace-supers': [ '7.25.9' ],
569 silly audit   '@babel/helper-builder-binary-assignment-operator-visitor': [ '7.25.9' ],
569 silly audit   '@babel/helper-simple-access': [ '7.25.9' ],
569 silly audit   'regenerator-transform': [ '0.15.2' ],
569 silly audit   '@babel/plugin-transform-react-display-name': [ '7.25.9' ],
569 silly audit   '@babel/plugin-transform-react-jsx': [ '7.25.9' ],
569 silly audit   '@babel/plugin-transform-react-jsx-development': [ '7.25.9' ],
569 silly audit   '@babel/plugin-transform-react-pure-annotations': [ '7.25.9' ],
569 silly audit   '@babel/plugin-transform-typescript': [ '7.25.9' ],
569 silly audit   'undici-types': [ '6.19.8' ],
569 silly audit   '@babel/helper-define-polyfill-provider': [ '0.6.3' ],
569 silly audit   'lodash.debounce': [ '4.0.8' ],
569 silly audit   regenerate: [ '1.4.2' ],
569 silly audit   'regenerate-unicode-properties': [ '10.2.0' ],
569 silly audit   regjsgen: [ '0.8.0' ],
569 silly audit   regjsparser: [ '0.12.0' ],
569 silly audit   'unicode-match-property-ecmascript': [ '2.0.0' ],
569 silly audit   'unicode-match-property-value-ecmascript': [ '2.2.0' ],
569 silly audit   'unicode-canonical-property-names-ecmascript': [ '2.0.1' ],
569 silly audit   'unicode-property-aliases-ecmascript': [ '2.1.0' ]
569 silly audit }
570 silly tarball no local data for typescript@https://registry.npmjs.org/typescript/-/typescript-5.7.2.tgz. Extracting by manifest.
571 silly tarball no local data for @babel/preset-typescript@https://registry.npmjs.org/@babel/preset-typescript/-/preset-typescript-7.26.0.tgz. Extracting by manifest.
572 silly tarball no local data for undici-types@https://registry.npmjs.org/undici-types/-/undici-types-6.19.8.tgz. Extracting by manifest.
573 silly tarball no local data for @types/node@https://registry.npmjs.org/@types/node/-/node-20.17.9.tgz. Extracting by manifest.
574 http fetch POST 200 https://registry.npmjs.org/-/npm/v1/security/advisories/bulk 369ms
575 silly audit report {}
576 http fetch GET 200 https://registry.npmjs.org/@babel/preset-typescript/-/preset-typescript-7.26.0.tgz 367ms (cache miss)
577 http fetch GET 200 https://registry.npmjs.org/undici-types/-/undici-types-6.19.8.tgz 543ms (cache miss)
578 http fetch GET 200 https://registry.npmjs.org/@types/node/-/node-20.17.9.tgz 1210ms (cache miss)
579 http fetch GET 200 https://registry.npmjs.org/typescript/-/typescript-5.7.2.tgz 1472ms (cache miss)
580 silly ADD node_modules/unicode-property-aliases-ecmascript
581 silly ADD node_modules/unicode-canonical-property-names-ecmascript
582 silly ADD node_modules/unicode-match-property-value-ecmascript
583 silly ADD node_modules/unicode-match-property-ecmascript
584 silly ADD node_modules/regjsparser
585 silly ADD node_modules/regjsgen
586 silly ADD node_modules/regenerate-unicode-properties
587 silly ADD node_modules/regenerate
588 silly ADD node_modules/lodash.debounce
589 silly ADD node_modules/@babel/helper-define-polyfill-provider
590 silly ADD node_modules/@babel/plugin-transform-typescript
591 silly ADD node_modules/@babel/plugin-transform-react-pure-annotations
592 silly ADD node_modules/@babel/plugin-transform-react-jsx-development
593 silly ADD node_modules/@babel/plugin-transform-react-jsx
594 silly ADD node_modules/@babel/plugin-transform-react-display-name
595 silly ADD node_modules/regenerator-transform
596 silly ADD node_modules/@babel/helper-simple-access
597 silly ADD node_modules/@babel/helper-builder-binary-assignment-operator-visitor
598 silly ADD node_modules/globals
599 silly ADD node_modules/@babel/helper-replace-supers
600 silly ADD node_modules/@babel/helper-optimise-call-expression
601 silly ADD node_modules/@babel/helper-member-expression-to-functions
602 silly ADD node_modules/@babel/helper-create-class-features-plugin
603 silly ADD node_modules/@babel/helper-create-class-features-plugin/node_modules/semver
604 silly ADD node_modules/@babel/helper-wrap-function
605 silly ADD node_modules/@babel/helper-remap-async-to-generator
606 silly ADD node_modules/regexpu-core
607 silly ADD node_modules/@babel/helper-annotate-as-pure
608 silly ADD node_modules/@babel/helper-create-regexp-features-plugin
609 silly ADD node_modules/@babel/helper-create-regexp-features-plugin/node_modules/semver
610 silly ADD node_modules/@babel/helper-skip-transparent-expression-wrappers
611 silly ADD node_modules/core-js-compat
612 silly ADD node_modules/babel-plugin-polyfill-regenerator
613 silly ADD node_modules/babel-plugin-polyfill-corejs3
614 silly ADD node_modules/babel-plugin-polyfill-corejs2
615 silly ADD node_modules/babel-plugin-polyfill-corejs2/node_modules/semver
616 silly ADD node_modules/@babel/preset-modules
617 silly ADD node_modules/@babel/plugin-transform-unicode-sets-regex
618 silly ADD node_modules/@babel/plugin-transform-unicode-regex
619 silly ADD node_modules/@babel/plugin-transform-unicode-property-regex
620 silly ADD node_modules/@babel/plugin-transform-unicode-escapes
621 silly ADD node_modules/@babel/plugin-transform-typeof-symbol
622 silly ADD node_modules/@babel/plugin-transform-template-literals
623 silly ADD node_modules/@babel/plugin-transform-sticky-regex
624 silly ADD node_modules/@babel/plugin-transform-spread
625 silly ADD node_modules/@babel/plugin-transform-shorthand-properties
626 silly ADD node_modules/@babel/plugin-transform-reserved-words
627 silly ADD node_modules/@babel/plugin-transform-regexp-modifiers
628 silly ADD node_modules/@babel/plugin-transform-regenerator
629 silly ADD node_modules/@babel/plugin-transform-property-literals
630 silly ADD node_modules/@babel/plugin-transform-private-property-in-object
631 silly ADD node_modules/@babel/plugin-transform-private-methods
632 silly ADD node_modules/@babel/plugin-transform-parameters
633 silly ADD node_modules/@babel/plugin-transform-optional-chaining
634 silly ADD node_modules/@babel/plugin-transform-optional-catch-binding
635 silly ADD node_modules/@babel/plugin-transform-object-super
636 silly ADD node_modules/@babel/plugin-transform-object-rest-spread
637 silly ADD node_modules/@babel/plugin-transform-numeric-separator
638 silly ADD node_modules/@babel/plugin-transform-nullish-coalescing-operator
639 silly ADD node_modules/@babel/plugin-transform-new-target
640 silly ADD node_modules/@babel/plugin-transform-named-capturing-groups-regex
641 silly ADD node_modules/@babel/plugin-transform-modules-umd
642 silly ADD node_modules/@babel/plugin-transform-modules-systemjs
643 silly ADD node_modules/@babel/plugin-transform-modules-commonjs
644 silly ADD node_modules/@babel/plugin-transform-modules-amd
645 silly ADD node_modules/@babel/plugin-transform-member-expression-literals
646 silly ADD node_modules/@babel/plugin-transform-logical-assignment-operators
647 silly ADD node_modules/@babel/plugin-transform-literals
648 silly ADD node_modules/@babel/plugin-transform-json-strings
649 silly ADD node_modules/@babel/plugin-transform-function-name
650 silly ADD node_modules/@babel/plugin-transform-for-of
651 silly ADD node_modules/@babel/plugin-transform-export-namespace-from
652 silly ADD node_modules/@babel/plugin-transform-exponentiation-operator
653 silly ADD node_modules/@babel/plugin-transform-dynamic-import
654 silly ADD node_modules/@babel/plugin-transform-duplicate-named-capturing-groups-regex
655 silly ADD node_modules/@babel/plugin-transform-duplicate-keys
656 silly ADD node_modules/@babel/plugin-transform-dotall-regex
657 silly ADD node_modules/@babel/plugin-transform-destructuring
658 silly ADD node_modules/@babel/plugin-transform-computed-properties
659 silly ADD node_modules/@babel/plugin-transform-classes
660 silly ADD node_modules/@babel/plugin-transform-class-static-block
661 silly ADD node_modules/@babel/plugin-transform-class-properties
662 silly ADD node_modules/@babel/plugin-transform-block-scoping
663 silly ADD node_modules/@babel/plugin-transform-block-scoped-functions
664 silly ADD node_modules/@babel/plugin-transform-async-to-generator
665 silly ADD node_modules/@babel/plugin-transform-async-generator-functions
666 silly ADD node_modules/@babel/plugin-transform-arrow-functions
667 silly ADD node_modules/@babel/plugin-syntax-unicode-sets-regex
668 silly ADD node_modules/@babel/plugin-syntax-import-assertions
669 silly ADD node_modules/@babel/plugin-proposal-private-property-in-object
670 silly ADD node_modules/@babel/plugin-bugfix-v8-static-class-fields-redefine-readonly
671 silly ADD node_modules/@babel/plugin-bugfix-v8-spread-parameters-in-optional-chaining
672 silly ADD node_modules/@babel/plugin-bugfix-safari-id-destructuring-collision-in-function-expression
673 silly ADD node_modules/@babel/plugin-bugfix-safari-class-field-initializer-scope
674 silly ADD node_modules/@babel/plugin-bugfix-firefox-class-in-computed-class-key
675 silly ADD node_modules/typescript
676 silly ADD node_modules/@babel/preset-typescript
677 silly ADD node_modules/@babel/preset-react
678 silly ADD node_modules/@babel/preset-env
679 silly ADD node_modules/@babel/preset-env/node_modules/semver
680 silly CHANGE node_modules/undici-types
681 silly CHANGE node_modules/@types/node
682 silly REMOVE node_modules/@babel/traverse/node_modules/globals
683 verbose cwd C:\Users\saadr\Desktop\DevOps-Hub\devopshub
684 verbose os Windows_NT 10.0.22631
685 verbose node v22.3.0
686 verbose npm  v10.8.1
687 verbose exit 0
688 info ok
