0 verbose cli C:\Program Files\nodejs\node.exe C:\Program Files\nodejs\node_modules\npm\bin\npm-cli.js
1 info using npm@10.8.1
2 info using node@v22.3.0
3 silly config load:file:C:\Program Files\nodejs\node_modules\npm\npmrc
4 silly config load:file:C:\Users\saadr\Desktop\DevOps-Hub\devopshub\.npmrc
5 silly config load:file:C:\Users\saadr\.npmrc
6 silly config load:file:C:\Users\saadr\AppData\Roaming\npm\etc\npmrc
7 verbose title npm install next@latest
8 verbose argv "install" "--save-dev" "next@latest"
9 verbose logfile logs-max:10 dir:C:\Users\saadr\Desktop\DevOps-Hub\devopshub\%APPDATA%\npm-cache\_logs\2024-12-03T13_11_43_478Z-
10 verbose logfile C:\Users\saadr\Desktop\DevOps-Hub\devopshub\%APPDATA%\npm-cache\_logs\2024-12-03T13_11_43_478Z-debug-0.log
11 silly packumentCache heap:4345298944 maxSize:1086324736 maxEntrySize:543162368
12 silly logfile start cleaning logs, removing 1 files
13 silly logfile done cleaning log files
14 silly packumentCache corgi:https://registry.npmjs.org/next cache-miss
15 http fetch GET 200 https://registry.npmjs.org/next 1449ms (cache miss)
16 silly packumentCache corgi:https://registry.npmjs.org/next set size:undefined disposed:false
17 silly idealTree buildDeps
18 silly fetch manifest next@15.0.3
19 silly packumentCache full:https://registry.npmjs.org/next cache-miss
20 http fetch GET 200 https://registry.npmjs.org/next 844ms (cache updated)
21 silly packumentCache full:https://registry.npmjs.org/next set size:undefined disposed:false
22 silly fetch manifest @opentelemetry/api@^1.1.0
23 silly packumentCache full:https://registry.npmjs.org/@opentelemetry%2fapi cache-miss
24 http fetch GET 200 https://registry.npmjs.org/@opentelemetry%2fapi 178ms (cache revalidated)
25 silly packumentCache full:https://registry.npmjs.org/@opentelemetry%2fapi set size:455622 disposed:false
26 silly fetch manifest @playwright/test@^1.41.2
27 silly packumentCache full:https://registry.npmjs.org/@playwright%2ftest cache-miss
28 http fetch GET 200 https://registry.npmjs.org/@playwright%2ftest 655ms (cache updated)
29 silly packumentCache full:https://registry.npmjs.org/@playwright%2ftest set size:undefined disposed:false
30 silly fetch manifest babel-plugin-react-compiler@*
31 silly packumentCache full:https://registry.npmjs.org/babel-plugin-react-compiler cache-miss
32 http fetch GET 200 https://registry.npmjs.org/babel-plugin-react-compiler 149ms (cache revalidated)
33 silly packumentCache full:https://registry.npmjs.org/babel-plugin-react-compiler set size:290519 disposed:false
34 silly fetch manifest react@^18.2.0 || 19.0.0-rc-66855b96-20241106
35 silly packumentCache full:https://registry.npmjs.org/react cache-miss
36 http fetch GET 200 https://registry.npmjs.org/react 178ms (cache revalidated)
37 silly packumentCache full:https://registry.npmjs.org/react set size:5191881 disposed:false
38 silly fetch manifest react-dom@^18.2.0 || 19.0.0-rc-66855b96-20241106
39 silly packumentCache full:https://registry.npmjs.org/react-dom cache-miss
40 http fetch GET 200 https://registry.npmjs.org/react-dom 159ms (cache revalidated)
41 silly packumentCache full:https://registry.npmjs.org/react-dom set size:6376151 disposed:false
42 silly fetch manifest sass@^1.3.0
43 silly packumentCache full:https://registry.npmjs.org/sass cache-miss
44 http fetch GET 200 https://registry.npmjs.org/sass 178ms (cache updated)
45 silly packumentCache full:https://registry.npmjs.org/sass set size:undefined disposed:false
46 silly placeDep ROOT next@15.0.3 OK for: devopshub@0.1.0 want: 15.0.3
47 silly placeDep ROOT react@18.3.1 OK for: next@15.0.3 want: ^18.2.0 || 19.0.0-rc-66855b96-20241106
48 silly placeDep ROOT react-dom@18.3.1 OK for: next@15.0.3 want: ^18.2.0 || 19.0.0-rc-66855b96-20241106
49 silly fetch manifest busboy@1.6.0
50 silly packumentCache full:https://registry.npmjs.org/busboy cache-miss
51 silly fetch manifest postcss@8.4.31
52 silly packumentCache full:https://registry.npmjs.org/postcss cache-miss
53 silly fetch manifest @next/env@15.0.3
54 silly packumentCache full:https://registry.npmjs.org/@next%2fenv cache-miss
55 silly fetch manifest styled-jsx@5.1.6
56 silly packumentCache full:https://registry.npmjs.org/styled-jsx cache-miss
57 silly fetch manifest @swc/counter@0.1.3
58 silly packumentCache full:https://registry.npmjs.org/@swc%2fcounter cache-miss
59 silly fetch manifest @swc/helpers@0.5.13
60 silly packumentCache full:https://registry.npmjs.org/@swc%2fhelpers cache-miss
61 silly fetch manifest caniuse-lite@^1.0.30001579
62 silly packumentCache full:https://registry.npmjs.org/caniuse-lite cache-miss
63 http fetch GET 200 https://registry.npmjs.org/busboy 146ms (cache miss)
64 silly packumentCache full:https://registry.npmjs.org/busboy set size:undefined disposed:false
65 silly fetch manifest sharp@^0.33.5
66 silly packumentCache full:https://registry.npmjs.org/sharp cache-miss
67 http fetch GET 200 https://registry.npmjs.org/sharp 162ms (cache miss)
68 silly packumentCache full:https://registry.npmjs.org/sharp set size:undefined disposed:false
69 silly fetch manifest @next/swc-darwin-x64@15.0.3
70 silly packumentCache full:https://registry.npmjs.org/@next%2fswc-darwin-x64 cache-miss
71 http fetch GET 200 https://registry.npmjs.org/@swc%2fhelpers 534ms (cache revalidated)
72 silly packumentCache full:https://registry.npmjs.org/@swc%2fhelpers set size:608609 disposed:false
73 silly fetch manifest @next/swc-darwin-arm64@15.0.3
74 silly packumentCache full:https://registry.npmjs.org/@next%2fswc-darwin-arm64 cache-miss
75 http fetch GET 200 https://registry.npmjs.org/postcss 556ms (cache revalidated)
76 silly packumentCache full:https://registry.npmjs.org/postcss set size:675229 disposed:false
77 silly fetch manifest @next/swc-linux-x64-gnu@15.0.3
78 silly packumentCache full:https://registry.npmjs.org/@next%2fswc-linux-x64-gnu cache-miss
79 http fetch GET 200 https://registry.npmjs.org/@swc%2fcounter 580ms (cache miss)
80 silly packumentCache full:https://registry.npmjs.org/@swc%2fcounter set size:undefined disposed:false
81 silly fetch manifest @next/swc-linux-x64-musl@15.0.3
82 silly packumentCache full:https://registry.npmjs.org/@next%2fswc-linux-x64-musl cache-miss
83 http fetch GET 200 https://registry.npmjs.org/styled-jsx 705ms (cache miss)
84 silly packumentCache full:https://registry.npmjs.org/styled-jsx set size:undefined disposed:false
85 silly fetch manifest @next/swc-win32-x64-msvc@15.0.3
86 silly packumentCache full:https://registry.npmjs.org/@next%2fswc-win32-x64-msvc cache-miss
87 http fetch GET 200 https://registry.npmjs.org/caniuse-lite 813ms (cache updated)
88 silly packumentCache full:https://registry.npmjs.org/caniuse-lite set size:undefined disposed:false
89 silly fetch manifest @next/swc-linux-arm64-gnu@15.0.3
90 silly packumentCache full:https://registry.npmjs.org/@next%2fswc-linux-arm64-gnu cache-miss
91 http fetch GET 200 https://registry.npmjs.org/@next%2fswc-darwin-x64 525ms (cache miss)
92 silly packumentCache full:https://registry.npmjs.org/@next%2fswc-darwin-x64 set size:undefined disposed:false
93 silly fetch manifest @next/swc-linux-arm64-musl@15.0.3
94 silly packumentCache full:https://registry.npmjs.org/@next%2fswc-linux-arm64-musl cache-miss
95 http fetch GET 200 https://registry.npmjs.org/@next%2fenv 890ms (cache miss)
96 silly packumentCache full:https://registry.npmjs.org/@next%2fenv set size:undefined disposed:false
97 silly fetch manifest @next/swc-win32-arm64-msvc@15.0.3
98 silly packumentCache full:https://registry.npmjs.org/@next%2fswc-win32-arm64-msvc cache-miss
99 http fetch GET 200 https://registry.npmjs.org/@next%2fswc-darwin-arm64 622ms (cache miss)
100 silly packumentCache full:https://registry.npmjs.org/@next%2fswc-darwin-arm64 set size:undefined disposed:false
101 silly fetch manifest scheduler@^0.23.2
102 silly packumentCache full:https://registry.npmjs.org/scheduler cache-miss
103 http fetch GET 200 https://registry.npmjs.org/@next%2fswc-linux-x64-gnu 694ms (cache miss)
104 silly packumentCache full:https://registry.npmjs.org/@next%2fswc-linux-x64-gnu set size:undefined disposed:false
105 silly fetch manifest loose-envify@^1.1.0
106 silly packumentCache full:https://registry.npmjs.org/loose-envify cache-miss
107 http fetch GET 200 https://registry.npmjs.org/@next%2fswc-linux-x64-musl 721ms (cache miss)
108 silly packumentCache full:https://registry.npmjs.org/@next%2fswc-linux-x64-musl set size:undefined disposed:false
109 silly fetch manifest loose-envify@^1.1.0
110 silly packumentCache full:https://registry.npmjs.org/loose-envify cache-miss
111 http fetch GET 200 https://registry.npmjs.org/@next%2fswc-linux-arm64-gnu 518ms (cache miss)
112 silly packumentCache full:https://registry.npmjs.org/@next%2fswc-linux-arm64-gnu set size:undefined disposed:false
113 http fetch GET 200 https://registry.npmjs.org/scheduler 188ms (cache revalidated)
114 silly packumentCache full:https://registry.npmjs.org/scheduler set size:4397111 disposed:false
115 http fetch GET 200 https://registry.npmjs.org/loose-envify 165ms (cache miss)
116 silly packumentCache full:https://registry.npmjs.org/loose-envify set size:undefined disposed:false
117 http fetch GET 200 https://registry.npmjs.org/@next%2fswc-linux-arm64-musl 580ms (cache miss)
118 silly packumentCache full:https://registry.npmjs.org/@next%2fswc-linux-arm64-musl set size:undefined disposed:false
119 http fetch GET 200 https://registry.npmjs.org/@next%2fswc-win32-x64-msvc 779ms (cache miss)
120 silly packumentCache full:https://registry.npmjs.org/@next%2fswc-win32-x64-msvc set size:undefined disposed:false
121 http fetch GET 200 https://registry.npmjs.org/loose-envify 183ms (cache miss)
122 silly packumentCache full:https://registry.npmjs.org/loose-envify set size:undefined disposed:false
123 http fetch GET 200 https://registry.npmjs.org/@next%2fswc-win32-arm64-msvc 598ms (cache miss)
124 silly packumentCache full:https://registry.npmjs.org/@next%2fswc-win32-arm64-msvc set size:undefined disposed:false
125 silly placeDep ROOT @next/env@15.0.3 OK for: next@15.0.3 want: 15.0.3
126 silly placeDep ROOT @next/swc-darwin-arm64@15.0.3 OK for: next@15.0.3 want: 15.0.3
127 silly placeDep ROOT @next/swc-darwin-x64@15.0.3 OK for: next@15.0.3 want: 15.0.3
128 silly placeDep ROOT @next/swc-linux-arm64-gnu@15.0.3 OK for: next@15.0.3 want: 15.0.3
129 silly placeDep ROOT @next/swc-linux-arm64-musl@15.0.3 OK for: next@15.0.3 want: 15.0.3
130 silly placeDep ROOT @next/swc-linux-x64-gnu@15.0.3 OK for: next@15.0.3 want: 15.0.3
131 silly placeDep ROOT @next/swc-linux-x64-musl@15.0.3 OK for: next@15.0.3 want: 15.0.3
132 silly placeDep ROOT @next/swc-win32-arm64-msvc@15.0.3 OK for: next@15.0.3 want: 15.0.3
133 silly placeDep ROOT @next/swc-win32-x64-msvc@15.0.3 OK for: next@15.0.3 want: 15.0.3
134 silly placeDep ROOT @swc/counter@0.1.3 OK for: next@15.0.3 want: 0.1.3
135 silly placeDep ROOT @swc/helpers@0.5.13 OK for: next@15.0.3 want: 0.5.13
136 silly placeDep ROOT busboy@1.6.0 OK for: next@15.0.3 want: 1.6.0
137 silly placeDep ROOT caniuse-lite@1.0.30001686 OK for: next@15.0.3 want: ^1.0.30001579
138 silly placeDep ROOT postcss@8.4.31 OK for: next@15.0.3 want: 8.4.31
139 silly placeDep ROOT sharp@0.33.5 OK for: next@15.0.3 want: ^0.33.5
140 silly placeDep ROOT styled-jsx@5.1.6 OK for: next@15.0.3 want: 5.1.6
141 silly fetch manifest tslib@^2.4.0
142 silly packumentCache full:https://registry.npmjs.org/tslib cache-miss
143 silly fetch manifest streamsearch@^1.1.0
144 silly packumentCache full:https://registry.npmjs.org/streamsearch cache-miss
145 silly fetch manifest nanoid@^3.3.6
146 silly packumentCache full:https://registry.npmjs.org/nanoid cache-miss
147 silly fetch manifest picocolors@^1.0.0
148 silly packumentCache full:https://registry.npmjs.org/picocolors cache-miss
149 silly fetch manifest source-map-js@^1.0.2
150 silly packumentCache full:https://registry.npmjs.org/source-map-js cache-miss
151 silly fetch manifest color@^4.2.3
152 silly packumentCache full:https://registry.npmjs.org/color cache-miss
153 silly fetch manifest semver@^7.6.3
154 silly packumentCache full:https://registry.npmjs.org/semver cache-miss
155 http fetch GET 200 https://registry.npmjs.org/streamsearch 140ms (cache miss)
156 silly packumentCache full:https://registry.npmjs.org/streamsearch set size:undefined disposed:false
157 silly fetch manifest detect-libc@^2.0.3
158 silly packumentCache full:https://registry.npmjs.org/detect-libc cache-miss
159 http fetch GET 200 https://registry.npmjs.org/tslib 157ms (cache revalidated)
160 silly packumentCache full:https://registry.npmjs.org/tslib set size:108872 disposed:false
161 silly fetch manifest @img/sharp-wasm32@0.33.5
162 silly packumentCache full:https://registry.npmjs.org/@img%2fsharp-wasm32 cache-miss
163 http fetch GET 200 https://registry.npmjs.org/source-map-js 164ms (cache revalidated)
164 silly packumentCache full:https://registry.npmjs.org/source-map-js set size:62640 disposed:false
165 silly fetch manifest @img/sharp-linux-arm@0.33.5
166 silly packumentCache full:https://registry.npmjs.org/@img%2fsharp-linux-arm cache-miss
167 http fetch GET 200 https://registry.npmjs.org/semver 166ms (cache revalidated)
168 silly packumentCache full:https://registry.npmjs.org/semver set size:215926 disposed:false
169 silly fetch manifest @img/sharp-linux-x64@0.33.5
170 silly packumentCache full:https://registry.npmjs.org/@img%2fsharp-linux-x64 cache-miss
171 http fetch GET 200 https://registry.npmjs.org/picocolors 180ms (cache revalidated)
172 silly packumentCache full:https://registry.npmjs.org/picocolors set size:16648 disposed:false
173 silly fetch manifest @img/sharp-win32-x64@0.33.5
174 silly packumentCache full:https://registry.npmjs.org/@img%2fsharp-win32-x64 cache-miss
175 http fetch GET 200 https://registry.npmjs.org/nanoid 184ms (cache revalidated)
176 silly packumentCache full:https://registry.npmjs.org/nanoid set size:277592 disposed:false
177 silly fetch manifest @img/sharp-darwin-x64@0.33.5
178 silly packumentCache full:https://registry.npmjs.org/@img%2fsharp-darwin-x64 cache-miss
179 http fetch GET 200 https://registry.npmjs.org/color 195ms (cache miss)
180 silly packumentCache full:https://registry.npmjs.org/color set size:undefined disposed:false
181 silly fetch manifest @img/sharp-win32-ia32@0.33.5
182 silly packumentCache full:https://registry.npmjs.org/@img%2fsharp-win32-ia32 cache-miss
183 http fetch GET 200 https://registry.npmjs.org/detect-libc 174ms (cache miss)
184 silly packumentCache full:https://registry.npmjs.org/detect-libc set size:undefined disposed:false
185 silly fetch manifest @img/sharp-linux-arm64@0.33.5
186 silly packumentCache full:https://registry.npmjs.org/@img%2fsharp-linux-arm64 cache-miss
187 http fetch GET 200 https://registry.npmjs.org/@img%2fsharp-wasm32 160ms (cache miss)
188 silly packumentCache full:https://registry.npmjs.org/@img%2fsharp-wasm32 set size:undefined disposed:false
189 silly fetch manifest @img/sharp-linux-s390x@0.33.5
190 silly packumentCache full:https://registry.npmjs.org/@img%2fsharp-linux-s390x cache-miss
191 http fetch GET 200 https://registry.npmjs.org/@img%2fsharp-linux-arm 182ms (cache miss)
192 silly packumentCache full:https://registry.npmjs.org/@img%2fsharp-linux-arm set size:undefined disposed:false
193 silly fetch manifest @img/sharp-darwin-arm64@0.33.5
194 silly packumentCache full:https://registry.npmjs.org/@img%2fsharp-darwin-arm64 cache-miss
195 http fetch GET 200 https://registry.npmjs.org/@img%2fsharp-win32-ia32 170ms (cache miss)
196 silly packumentCache full:https://registry.npmjs.org/@img%2fsharp-win32-ia32 set size:undefined disposed:false
197 silly fetch manifest @img/sharp-linuxmusl-x64@0.33.5
198 silly packumentCache full:https://registry.npmjs.org/@img%2fsharp-linuxmusl-x64 cache-miss
199 http fetch GET 200 https://registry.npmjs.org/@img%2fsharp-darwin-x64 201ms (cache miss)
200 silly packumentCache full:https://registry.npmjs.org/@img%2fsharp-darwin-x64 set size:undefined disposed:false
201 silly fetch manifest @img/sharp-linuxmusl-arm64@0.33.5
202 silly packumentCache full:https://registry.npmjs.org/@img%2fsharp-linuxmusl-arm64 cache-miss
203 http fetch GET 200 https://registry.npmjs.org/@img%2fsharp-linux-s390x 156ms (cache miss)
204 silly packumentCache full:https://registry.npmjs.org/@img%2fsharp-linux-s390x set size:undefined disposed:false
205 silly fetch manifest @img/sharp-libvips-linux-arm@1.0.5
206 silly packumentCache full:https://registry.npmjs.org/@img%2fsharp-libvips-linux-arm cache-miss
207 http fetch GET 200 https://registry.npmjs.org/@img%2fsharp-linux-x64 348ms (cache miss)
208 silly packumentCache full:https://registry.npmjs.org/@img%2fsharp-linux-x64 set size:undefined disposed:false
209 silly fetch manifest @img/sharp-libvips-linux-x64@1.0.4
210 silly packumentCache full:https://registry.npmjs.org/@img%2fsharp-libvips-linux-x64 cache-miss
211 http fetch GET 200 https://registry.npmjs.org/@img%2fsharp-win32-x64 360ms (cache miss)
212 silly packumentCache full:https://registry.npmjs.org/@img%2fsharp-win32-x64 set size:undefined disposed:false
213 silly fetch manifest @img/sharp-libvips-darwin-x64@1.0.4
214 silly packumentCache full:https://registry.npmjs.org/@img%2fsharp-libvips-darwin-x64 cache-miss
215 http fetch GET 200 https://registry.npmjs.org/@img%2fsharp-linuxmusl-x64 181ms (cache miss)
216 silly packumentCache full:https://registry.npmjs.org/@img%2fsharp-linuxmusl-x64 set size:undefined disposed:false
217 silly fetch manifest @img/sharp-libvips-linux-arm64@1.0.4
218 silly packumentCache full:https://registry.npmjs.org/@img%2fsharp-libvips-linux-arm64 cache-miss
219 http fetch GET 200 https://registry.npmjs.org/@img%2fsharp-linuxmusl-arm64 222ms (cache miss)
220 silly packumentCache full:https://registry.npmjs.org/@img%2fsharp-linuxmusl-arm64 set size:undefined disposed:false
221 silly fetch manifest @img/sharp-libvips-linux-s390x@1.0.4
222 silly packumentCache full:https://registry.npmjs.org/@img%2fsharp-libvips-linux-s390x cache-miss
223 http fetch GET 200 https://registry.npmjs.org/@img%2fsharp-libvips-linux-arm 199ms (cache miss)
224 silly packumentCache full:https://registry.npmjs.org/@img%2fsharp-libvips-linux-arm set size:undefined disposed:false
225 silly fetch manifest @img/sharp-libvips-darwin-arm64@1.0.4
226 silly packumentCache full:https://registry.npmjs.org/@img%2fsharp-libvips-darwin-arm64 cache-miss
227 http fetch GET 200 https://registry.npmjs.org/@img%2fsharp-linux-arm64 380ms (cache miss)
228 silly packumentCache full:https://registry.npmjs.org/@img%2fsharp-linux-arm64 set size:undefined disposed:false
229 silly fetch manifest @img/sharp-libvips-linuxmusl-x64@1.0.4
230 silly packumentCache full:https://registry.npmjs.org/@img%2fsharp-libvips-linuxmusl-x64 cache-miss
231 http fetch GET 200 https://registry.npmjs.org/@img%2fsharp-libvips-linux-x64 185ms (cache miss)
232 silly packumentCache full:https://registry.npmjs.org/@img%2fsharp-libvips-linux-x64 set size:undefined disposed:false
233 silly fetch manifest @img/sharp-libvips-linuxmusl-arm64@1.0.4
234 silly packumentCache full:https://registry.npmjs.org/@img%2fsharp-libvips-linuxmusl-arm64 cache-miss
235 http fetch GET 200 https://registry.npmjs.org/@img%2fsharp-libvips-linux-arm64 182ms (cache miss)
236 silly packumentCache full:https://registry.npmjs.org/@img%2fsharp-libvips-linux-arm64 set size:undefined disposed:false
237 silly fetch manifest client-only@0.0.1
238 silly packumentCache full:https://registry.npmjs.org/client-only cache-miss
239 http fetch GET 200 https://registry.npmjs.org/@img%2fsharp-darwin-arm64 398ms (cache miss)
240 silly packumentCache full:https://registry.npmjs.org/@img%2fsharp-darwin-arm64 set size:undefined disposed:false
241 http fetch GET 200 https://registry.npmjs.org/@img%2fsharp-libvips-darwin-arm64 160ms (cache miss)
242 silly packumentCache full:https://registry.npmjs.org/@img%2fsharp-libvips-darwin-arm64 set size:undefined disposed:false
243 http fetch GET 200 https://registry.npmjs.org/@img%2fsharp-libvips-linuxmusl-arm64 169ms (cache miss)
244 silly packumentCache full:https://registry.npmjs.org/@img%2fsharp-libvips-linuxmusl-arm64 set size:undefined disposed:false
245 http fetch GET 200 https://registry.npmjs.org/@img%2fsharp-libvips-linuxmusl-x64 190ms (cache miss)
246 silly packumentCache full:https://registry.npmjs.org/@img%2fsharp-libvips-linuxmusl-x64 set size:undefined disposed:false
247 http fetch GET 200 https://registry.npmjs.org/client-only 153ms (cache miss)
248 silly packumentCache full:https://registry.npmjs.org/client-only set size:undefined disposed:false
249 http fetch GET 200 https://registry.npmjs.org/@img%2fsharp-libvips-darwin-x64 349ms (cache miss)
250 silly packumentCache full:https://registry.npmjs.org/@img%2fsharp-libvips-darwin-x64 set size:undefined disposed:false
251 http fetch GET 200 https://registry.npmjs.org/@img%2fsharp-libvips-linux-s390x 384ms (cache miss)
252 silly packumentCache full:https://registry.npmjs.org/@img%2fsharp-libvips-linux-s390x set size:undefined disposed:false
253 silly placeDep ROOT tslib@2.8.1 OK for: @swc/helpers@0.5.13 want: ^2.4.0
254 silly placeDep ROOT streamsearch@1.1.0 OK for: busboy@1.6.0 want: ^1.1.0
255 silly placeDep ROOT nanoid@3.3.8 OK for: postcss@8.4.31 want: ^3.3.6
256 silly placeDep ROOT picocolors@1.1.1 OK for: postcss@8.4.31 want: ^1.0.0
257 silly placeDep ROOT source-map-js@1.2.1 OK for: postcss@8.4.31 want: ^1.0.2
258 silly placeDep ROOT loose-envify@1.4.0 OK for: react@18.3.1 want: ^1.1.0
259 silly fetch manifest js-tokens@^3.0.0 || ^4.0.0
260 silly packumentCache full:https://registry.npmjs.org/js-tokens cache-miss
261 http fetch GET 200 https://registry.npmjs.org/js-tokens 148ms (cache revalidated)
262 silly packumentCache full:https://registry.npmjs.org/js-tokens set size:40514 disposed:false
263 silly placeDep ROOT js-tokens@4.0.0 OK for: loose-envify@1.4.0 want: ^3.0.0 || ^4.0.0
264 silly placeDep ROOT scheduler@0.23.2 OK for: react-dom@18.3.1 want: ^0.23.2
265 silly placeDep ROOT @img/sharp-darwin-arm64@0.33.5 OK for: sharp@0.33.5 want: 0.33.5
266 silly placeDep ROOT @img/sharp-darwin-x64@0.33.5 OK for: sharp@0.33.5 want: 0.33.5
267 silly placeDep ROOT @img/sharp-libvips-darwin-arm64@1.0.4 OK for: sharp@0.33.5 want: 1.0.4
268 silly placeDep ROOT @img/sharp-libvips-darwin-x64@1.0.4 OK for: sharp@0.33.5 want: 1.0.4
269 silly placeDep ROOT @img/sharp-libvips-linux-arm@1.0.5 OK for: sharp@0.33.5 want: 1.0.5
270 silly placeDep ROOT @img/sharp-libvips-linux-arm64@1.0.4 OK for: sharp@0.33.5 want: 1.0.4
271 silly placeDep ROOT @img/sharp-libvips-linux-s390x@1.0.4 OK for: sharp@0.33.5 want: 1.0.4
272 silly placeDep ROOT @img/sharp-libvips-linux-x64@1.0.4 OK for: sharp@0.33.5 want: 1.0.4
273 silly placeDep ROOT @img/sharp-libvips-linuxmusl-arm64@1.0.4 OK for: sharp@0.33.5 want: 1.0.4
274 silly placeDep ROOT @img/sharp-libvips-linuxmusl-x64@1.0.4 OK for: sharp@0.33.5 want: 1.0.4
275 silly placeDep ROOT @img/sharp-linux-arm@0.33.5 OK for: sharp@0.33.5 want: 0.33.5
276 silly placeDep ROOT @img/sharp-linux-arm64@0.33.5 OK for: sharp@0.33.5 want: 0.33.5
277 silly placeDep ROOT @img/sharp-linux-s390x@0.33.5 OK for: sharp@0.33.5 want: 0.33.5
278 silly placeDep ROOT @img/sharp-linux-x64@0.33.5 OK for: sharp@0.33.5 want: 0.33.5
279 silly placeDep ROOT @img/sharp-linuxmusl-arm64@0.33.5 OK for: sharp@0.33.5 want: 0.33.5
280 silly placeDep ROOT @img/sharp-linuxmusl-x64@0.33.5 OK for: sharp@0.33.5 want: 0.33.5
281 silly placeDep ROOT @img/sharp-wasm32@0.33.5 OK for: sharp@0.33.5 want: 0.33.5
282 silly placeDep ROOT @img/sharp-win32-ia32@0.33.5 OK for: sharp@0.33.5 want: 0.33.5
283 silly placeDep ROOT @img/sharp-win32-x64@0.33.5 OK for: sharp@0.33.5 want: 0.33.5
284 silly placeDep ROOT color@4.2.3 OK for: sharp@0.33.5 want: ^4.2.3
285 silly placeDep ROOT detect-libc@2.0.3 OK for: sharp@0.33.5 want: ^2.0.3
286 silly placeDep ROOT semver@7.6.3 OK for: sharp@0.33.5 want: ^7.6.3
287 silly fetch manifest @emnapi/runtime@^1.2.0
288 silly packumentCache full:https://registry.npmjs.org/@emnapi%2fruntime cache-miss
289 silly fetch manifest color-string@^1.9.0
290 silly packumentCache full:https://registry.npmjs.org/color-string cache-miss
291 http fetch GET 200 https://registry.npmjs.org/color-string 153ms (cache miss)
292 silly packumentCache full:https://registry.npmjs.org/color-string set size:undefined disposed:false
293 http fetch GET 200 https://registry.npmjs.org/@emnapi%2fruntime 161ms (cache miss)
294 silly packumentCache full:https://registry.npmjs.org/@emnapi%2fruntime set size:undefined disposed:false
295 silly placeDep ROOT @emnapi/runtime@1.3.1 OK for: @img/sharp-wasm32@0.33.5 want: ^1.2.0
296 silly placeDep ROOT color-string@1.9.1 OK for: color@4.2.3 want: ^1.9.0
297 silly fetch manifest simple-swizzle@^0.2.2
298 silly packumentCache full:https://registry.npmjs.org/simple-swizzle cache-miss
299 http fetch GET 200 https://registry.npmjs.org/simple-swizzle 142ms (cache miss)
300 silly packumentCache full:https://registry.npmjs.org/simple-swizzle set size:undefined disposed:false
301 silly placeDep ROOT simple-swizzle@0.2.2 OK for: color-string@1.9.1 want: ^0.2.2
302 silly fetch manifest is-arrayish@^0.3.1
303 silly packumentCache full:https://registry.npmjs.org/is-arrayish cache-miss
304 http fetch GET 200 https://registry.npmjs.org/is-arrayish 159ms (cache revalidated)
305 silly packumentCache full:https://registry.npmjs.org/is-arrayish set size:13422 disposed:false
306 silly placeDep ROOT is-arrayish@0.3.2 OK for: simple-swizzle@0.2.2 want: ^0.3.1
307 silly placeDep ROOT client-only@0.0.1 OK for: styled-jsx@5.1.6 want: 0.0.1
308 silly reify moves {}
309 silly audit bulk request {
309 silly audit   '@eslint-community/eslint-utils': [ '4.4.1' ],
309 silly audit   '@eslint-community/regexpp': [ '4.12.1' ],
309 silly audit   '@eslint/config-array': [ '0.19.0' ],
309 silly audit   '@eslint/core': [ '0.9.0' ],
309 silly audit   '@eslint/eslintrc': [ '3.2.0' ],
309 silly audit   '@eslint/js': [ '9.16.0' ],
309 silly audit   '@eslint/object-schema': [ '2.1.4' ],
309 silly audit   '@eslint/plugin-kit': [ '0.2.3' ],
309 silly audit   '@humanfs/core': [ '0.19.1' ],
309 silly audit   '@humanfs/node': [ '0.16.6' ],
309 silly audit   '@humanwhocodes/retry': [ '0.3.1', '0.4.1' ],
309 silly audit   '@humanwhocodes/module-importer': [ '1.0.1' ],
309 silly audit   '@types/estree': [ '1.0.6' ],
309 silly audit   '@types/json-schema': [ '7.0.15' ],
309 silly audit   acorn: [ '8.14.0' ],
309 silly audit   'acorn-jsx': [ '5.3.2' ],
309 silly audit   ajv: [ '6.12.6' ],
309 silly audit   'ansi-styles': [ '4.3.0' ],
309 silly audit   argparse: [ '2.0.1' ],
309 silly audit   'balanced-match': [ '1.0.2' ],
309 silly audit   'brace-expansion': [ '1.1.11' ],
309 silly audit   callsites: [ '3.1.0' ],
309 silly audit   chalk: [ '4.1.2' ],
309 silly audit   'color-convert': [ '2.0.1' ],
309 silly audit   'color-name': [ '1.1.4' ],
309 silly audit   'concat-map': [ '0.0.1' ],
309 silly audit   'cross-spawn': [ '7.0.6' ],
309 silly audit   debug: [ '4.3.7' ],
309 silly audit   'deep-is': [ '0.1.4' ],
309 silly audit   'escape-string-regexp': [ '4.0.0' ],
309 silly audit   eslint: [ '9.16.0' ],
309 silly audit   'eslint-scope': [ '8.2.0' ],
309 silly audit   'eslint-visitor-keys': [ '3.4.3', '4.2.0' ],
309 silly audit   espree: [ '10.3.0' ],
309 silly audit   esquery: [ '1.6.0' ],
309 silly audit   esrecurse: [ '4.3.0' ],
309 silly audit   estraverse: [ '5.3.0' ],
309 silly audit   esutils: [ '2.0.3' ],
309 silly audit   'fast-deep-equal': [ '3.1.3' ],
309 silly audit   'fast-json-stable-stringify': [ '2.1.0' ],
309 silly audit   'fast-levenshtein': [ '2.0.6' ],
309 silly audit   'file-entry-cache': [ '8.0.0' ],
309 silly audit   'find-up': [ '5.0.0' ],
309 silly audit   'flat-cache': [ '4.0.1' ],
309 silly audit   flatted: [ '3.3.2' ],
309 silly audit   'glob-parent': [ '6.0.2' ],
309 silly audit   globals: [ '14.0.0' ],
309 silly audit   'has-flag': [ '4.0.0' ],
309 silly audit   ignore: [ '5.3.2' ],
309 silly audit   'import-fresh': [ '3.3.0' ],
309 silly audit   imurmurhash: [ '0.1.4' ],
309 silly audit   'is-extglob': [ '2.1.1' ],
309 silly audit   'is-glob': [ '4.0.3' ],
309 silly audit   isexe: [ '2.0.0' ],
309 silly audit   jiti: [ '1.21.6' ],
309 silly audit   'js-yaml': [ '4.1.0' ],
309 silly audit   'json-buffer': [ '3.0.1' ],
309 silly audit   'json-schema-traverse': [ '0.4.1' ],
309 silly audit   'json-stable-stringify-without-jsonify': [ '1.0.1' ],
309 silly audit   keyv: [ '4.5.4' ],
309 silly audit   levn: [ '0.4.1' ],
309 silly audit   'locate-path': [ '6.0.0' ],
309 silly audit   'lodash.merge': [ '4.6.2' ],
309 silly audit   minimatch: [ '3.1.2' ],
309 silly audit   ms: [ '2.1.3' ],
309 silly audit   'natural-compare': [ '1.4.0' ],
309 silly audit   optionator: [ '0.9.4' ],
309 silly audit   'p-limit': [ '3.1.0' ],
309 silly audit   'p-locate': [ '5.0.0' ],
309 silly audit   'parent-module': [ '1.0.1' ],
309 silly audit   'path-exists': [ '4.0.0' ],
309 silly audit   'path-key': [ '3.1.1' ],
309 silly audit   'prelude-ls': [ '1.2.1' ],
309 silly audit   punycode: [ '2.3.1' ],
309 silly audit   'resolve-from': [ '4.0.0' ],
309 silly audit   'shebang-command': [ '2.0.0' ],
309 silly audit   'shebang-regex': [ '3.0.0' ],
309 silly audit   'strip-json-comments': [ '3.1.1' ],
309 silly audit   'supports-color': [ '7.2.0' ],
309 silly audit   'type-check': [ '0.4.0' ],
309 silly audit   'uri-js': [ '4.4.1' ],
309 silly audit   which: [ '2.0.2' ],
309 silly audit   'word-wrap': [ '1.2.5' ],
309 silly audit   'yocto-queue': [ '0.1.0' ],
309 silly audit   next: [ '15.0.3' ],
309 silly audit   react: [ '18.3.1' ],
309 silly audit   'react-dom': [ '18.3.1' ],
309 silly audit   '@next/env': [ '15.0.3' ],
309 silly audit   '@next/swc-darwin-arm64': [ '15.0.3' ],
309 silly audit   '@next/swc-darwin-x64': [ '15.0.3' ],
309 silly audit   '@next/swc-linux-arm64-gnu': [ '15.0.3' ],
309 silly audit   '@next/swc-linux-arm64-musl': [ '15.0.3' ],
309 silly audit   '@next/swc-linux-x64-gnu': [ '15.0.3' ],
309 silly audit   '@next/swc-linux-x64-musl': [ '15.0.3' ],
309 silly audit   '@next/swc-win32-arm64-msvc': [ '15.0.3' ],
309 silly audit   '@next/swc-win32-x64-msvc': [ '15.0.3' ],
309 silly audit   '@swc/counter': [ '0.1.3' ],
309 silly audit   '@swc/helpers': [ '0.5.13' ],
309 silly audit   busboy: [ '1.6.0' ],
309 silly audit   'caniuse-lite': [ '1.0.30001686' ],
309 silly audit   postcss: [ '8.4.31' ],
309 silly audit   sharp: [ '0.33.5' ],
309 silly audit   'styled-jsx': [ '5.1.6' ],
309 silly audit   tslib: [ '2.8.1' ],
309 silly audit   streamsearch: [ '1.1.0' ],
309 silly audit   nanoid: [ '3.3.8' ],
309 silly audit   picocolors: [ '1.1.1' ],
309 silly audit   'source-map-js': [ '1.2.1' ],
309 silly audit   'loose-envify': [ '1.4.0' ],
309 silly audit   'js-tokens': [ '4.0.0' ],
309 silly audit   scheduler: [ '0.23.2' ],
309 silly audit   '@img/sharp-darwin-arm64': [ '0.33.5' ],
309 silly audit   '@img/sharp-darwin-x64': [ '0.33.5' ],
309 silly audit   '@img/sharp-libvips-darwin-arm64': [ '1.0.4' ],
309 silly audit   '@img/sharp-libvips-darwin-x64': [ '1.0.4' ],
309 silly audit   '@img/sharp-libvips-linux-arm': [ '1.0.5' ],
309 silly audit   '@img/sharp-libvips-linux-arm64': [ '1.0.4' ],
309 silly audit   '@img/sharp-libvips-linux-s390x': [ '1.0.4' ],
309 silly audit   '@img/sharp-libvips-linux-x64': [ '1.0.4' ],
309 silly audit   '@img/sharp-libvips-linuxmusl-arm64': [ '1.0.4' ],
309 silly audit   '@img/sharp-libvips-linuxmusl-x64': [ '1.0.4' ],
309 silly audit   '@img/sharp-linux-arm': [ '0.33.5' ],
309 silly audit   '@img/sharp-linux-arm64': [ '0.33.5' ],
309 silly audit   '@img/sharp-linux-s390x': [ '0.33.5' ],
309 silly audit   '@img/sharp-linux-x64': [ '0.33.5' ],
309 silly audit   '@img/sharp-linuxmusl-arm64': [ '0.33.5' ],
309 silly audit   '@img/sharp-linuxmusl-x64': [ '0.33.5' ],
309 silly audit   '@img/sharp-wasm32': [ '0.33.5' ],
309 silly audit   '@img/sharp-win32-ia32': [ '0.33.5' ],
309 silly audit   '@img/sharp-win32-x64': [ '0.33.5' ],
309 silly audit   color: [ '4.2.3' ],
309 silly audit   'detect-libc': [ '2.0.3' ],
309 silly audit   semver: [ '7.6.3' ],
309 silly audit   '@emnapi/runtime': [ '1.3.1' ],
309 silly audit   'color-string': [ '1.9.1' ],
309 silly audit   'simple-swizzle': [ '0.2.2' ],
309 silly audit   'is-arrayish': [ '0.3.2' ],
309 silly audit   'client-only': [ '0.0.1' ]
309 silly audit }
310 verbose reify failed optional dependency C:\Users\saadr\Desktop\DevOps-Hub\devopshub\node_modules\@img\sharp-win32-ia32
311 silly reify mark deleted [
311 silly reify   'C:\\Users\\saadr\\Desktop\\DevOps-Hub\\devopshub\\node_modules\\@img\\sharp-win32-ia32'
311 silly reify ]
312 verbose reify failed optional dependency C:\Users\saadr\Desktop\DevOps-Hub\devopshub\node_modules\@img\sharp-wasm32
313 silly reify mark deleted [
313 silly reify   'C:\\Users\\saadr\\Desktop\\DevOps-Hub\\devopshub\\node_modules\\@img\\sharp-wasm32'
313 silly reify ]
314 verbose reify failed optional dependency C:\Users\saadr\Desktop\DevOps-Hub\devopshub\node_modules\@emnapi\runtime
315 silly reify mark deleted [
315 silly reify   'C:\\Users\\saadr\\Desktop\\DevOps-Hub\\devopshub\\node_modules\\@emnapi\\runtime'
315 silly reify ]
316 verbose reify failed optional dependency C:\Users\saadr\Desktop\DevOps-Hub\devopshub\node_modules\@img\sharp-linuxmusl-x64
317 silly reify mark deleted [
317 silly reify   'C:\\Users\\saadr\\Desktop\\DevOps-Hub\\devopshub\\node_modules\\@img\\sharp-linuxmusl-x64'
317 silly reify ]
318 verbose reify failed optional dependency C:\Users\saadr\Desktop\DevOps-Hub\devopshub\node_modules\@img\sharp-linuxmusl-arm64
319 silly reify mark deleted [
319 silly reify   'C:\\Users\\saadr\\Desktop\\DevOps-Hub\\devopshub\\node_modules\\@img\\sharp-linuxmusl-arm64'
319 silly reify ]
320 verbose reify failed optional dependency C:\Users\saadr\Desktop\DevOps-Hub\devopshub\node_modules\@img\sharp-linux-x64
321 silly reify mark deleted [
321 silly reify   'C:\\Users\\saadr\\Desktop\\DevOps-Hub\\devopshub\\node_modules\\@img\\sharp-linux-x64'
321 silly reify ]
322 verbose reify failed optional dependency C:\Users\saadr\Desktop\DevOps-Hub\devopshub\node_modules\@img\sharp-linux-s390x
323 silly reify mark deleted [
323 silly reify   'C:\\Users\\saadr\\Desktop\\DevOps-Hub\\devopshub\\node_modules\\@img\\sharp-linux-s390x'
323 silly reify ]
324 verbose reify failed optional dependency C:\Users\saadr\Desktop\DevOps-Hub\devopshub\node_modules\@img\sharp-linux-arm64
325 silly reify mark deleted [
325 silly reify   'C:\\Users\\saadr\\Desktop\\DevOps-Hub\\devopshub\\node_modules\\@img\\sharp-linux-arm64'
325 silly reify ]
326 verbose reify failed optional dependency C:\Users\saadr\Desktop\DevOps-Hub\devopshub\node_modules\@img\sharp-linux-arm
327 silly reify mark deleted [
327 silly reify   'C:\\Users\\saadr\\Desktop\\DevOps-Hub\\devopshub\\node_modules\\@img\\sharp-linux-arm'
327 silly reify ]
328 verbose reify failed optional dependency C:\Users\saadr\Desktop\DevOps-Hub\devopshub\node_modules\@img\sharp-libvips-linuxmusl-x64
329 silly reify mark deleted [
329 silly reify   'C:\\Users\\saadr\\Desktop\\DevOps-Hub\\devopshub\\node_modules\\@img\\sharp-libvips-linuxmusl-x64'
329 silly reify ]
330 verbose reify failed optional dependency C:\Users\saadr\Desktop\DevOps-Hub\devopshub\node_modules\@img\sharp-libvips-linuxmusl-arm64
331 silly reify mark deleted [
331 silly reify   'C:\\Users\\saadr\\Desktop\\DevOps-Hub\\devopshub\\node_modules\\@img\\sharp-libvips-linuxmusl-arm64'
331 silly reify ]
332 verbose reify failed optional dependency C:\Users\saadr\Desktop\DevOps-Hub\devopshub\node_modules\@img\sharp-libvips-linux-x64
333 silly reify mark deleted [
333 silly reify   'C:\\Users\\saadr\\Desktop\\DevOps-Hub\\devopshub\\node_modules\\@img\\sharp-libvips-linux-x64'
333 silly reify ]
334 verbose reify failed optional dependency C:\Users\saadr\Desktop\DevOps-Hub\devopshub\node_modules\@img\sharp-libvips-linux-s390x
335 silly reify mark deleted [
335 silly reify   'C:\\Users\\saadr\\Desktop\\DevOps-Hub\\devopshub\\node_modules\\@img\\sharp-libvips-linux-s390x'
335 silly reify ]
336 verbose reify failed optional dependency C:\Users\saadr\Desktop\DevOps-Hub\devopshub\node_modules\@img\sharp-libvips-linux-arm64
337 silly reify mark deleted [
337 silly reify   'C:\\Users\\saadr\\Desktop\\DevOps-Hub\\devopshub\\node_modules\\@img\\sharp-libvips-linux-arm64'
337 silly reify ]
338 verbose reify failed optional dependency C:\Users\saadr\Desktop\DevOps-Hub\devopshub\node_modules\@img\sharp-libvips-linux-arm
339 silly reify mark deleted [
339 silly reify   'C:\\Users\\saadr\\Desktop\\DevOps-Hub\\devopshub\\node_modules\\@img\\sharp-libvips-linux-arm'
339 silly reify ]
340 verbose reify failed optional dependency C:\Users\saadr\Desktop\DevOps-Hub\devopshub\node_modules\@img\sharp-libvips-darwin-x64
341 silly reify mark deleted [
341 silly reify   'C:\\Users\\saadr\\Desktop\\DevOps-Hub\\devopshub\\node_modules\\@img\\sharp-libvips-darwin-x64'
341 silly reify ]
342 verbose reify failed optional dependency C:\Users\saadr\Desktop\DevOps-Hub\devopshub\node_modules\@img\sharp-libvips-darwin-arm64
343 silly reify mark deleted [
343 silly reify   'C:\\Users\\saadr\\Desktop\\DevOps-Hub\\devopshub\\node_modules\\@img\\sharp-libvips-darwin-arm64'
343 silly reify ]
344 verbose reify failed optional dependency C:\Users\saadr\Desktop\DevOps-Hub\devopshub\node_modules\@img\sharp-darwin-x64
345 silly reify mark deleted [
345 silly reify   'C:\\Users\\saadr\\Desktop\\DevOps-Hub\\devopshub\\node_modules\\@img\\sharp-darwin-x64'
345 silly reify ]
346 verbose reify failed optional dependency C:\Users\saadr\Desktop\DevOps-Hub\devopshub\node_modules\@img\sharp-darwin-arm64
347 silly reify mark deleted [
347 silly reify   'C:\\Users\\saadr\\Desktop\\DevOps-Hub\\devopshub\\node_modules\\@img\\sharp-darwin-arm64'
347 silly reify ]
348 verbose reify failed optional dependency C:\Users\saadr\Desktop\DevOps-Hub\devopshub\node_modules\@next\swc-win32-arm64-msvc
349 silly reify mark deleted [
349 silly reify   'C:\\Users\\saadr\\Desktop\\DevOps-Hub\\devopshub\\node_modules\\@next\\swc-win32-arm64-msvc'
349 silly reify ]
350 verbose reify failed optional dependency C:\Users\saadr\Desktop\DevOps-Hub\devopshub\node_modules\@next\swc-linux-x64-musl
351 silly reify mark deleted [
351 silly reify   'C:\\Users\\saadr\\Desktop\\DevOps-Hub\\devopshub\\node_modules\\@next\\swc-linux-x64-musl'
351 silly reify ]
352 verbose reify failed optional dependency C:\Users\saadr\Desktop\DevOps-Hub\devopshub\node_modules\@next\swc-linux-x64-gnu
353 silly reify mark deleted [
353 silly reify   'C:\\Users\\saadr\\Desktop\\DevOps-Hub\\devopshub\\node_modules\\@next\\swc-linux-x64-gnu'
353 silly reify ]
354 verbose reify failed optional dependency C:\Users\saadr\Desktop\DevOps-Hub\devopshub\node_modules\@next\swc-linux-arm64-musl
355 silly reify mark deleted [
355 silly reify   'C:\\Users\\saadr\\Desktop\\DevOps-Hub\\devopshub\\node_modules\\@next\\swc-linux-arm64-musl'
355 silly reify ]
356 verbose reify failed optional dependency C:\Users\saadr\Desktop\DevOps-Hub\devopshub\node_modules\@next\swc-linux-arm64-gnu
357 silly reify mark deleted [
357 silly reify   'C:\\Users\\saadr\\Desktop\\DevOps-Hub\\devopshub\\node_modules\\@next\\swc-linux-arm64-gnu'
357 silly reify ]
358 verbose reify failed optional dependency C:\Users\saadr\Desktop\DevOps-Hub\devopshub\node_modules\@next\swc-darwin-x64
359 silly reify mark deleted [
359 silly reify   'C:\\Users\\saadr\\Desktop\\DevOps-Hub\\devopshub\\node_modules\\@next\\swc-darwin-x64'
359 silly reify ]
360 verbose reify failed optional dependency C:\Users\saadr\Desktop\DevOps-Hub\devopshub\node_modules\@next\swc-darwin-arm64
361 silly reify mark deleted [
361 silly reify   'C:\\Users\\saadr\\Desktop\\DevOps-Hub\\devopshub\\node_modules\\@next\\swc-darwin-arm64'
361 silly reify ]
362 silly tarball no local data for client-only@https://registry.npmjs.org/client-only/-/client-only-0.0.1.tgz. Extracting by manifest.
363 silly tarball no local data for simple-swizzle@https://registry.npmjs.org/simple-swizzle/-/simple-swizzle-0.2.2.tgz. Extracting by manifest.
364 silly tarball no local data for color-string@https://registry.npmjs.org/color-string/-/color-string-1.9.1.tgz. Extracting by manifest.
365 silly tarball no local data for semver@https://registry.npmjs.org/semver/-/semver-7.6.3.tgz. Extracting by manifest.
366 silly tarball no local data for detect-libc@https://registry.npmjs.org/detect-libc/-/detect-libc-2.0.3.tgz. Extracting by manifest.
367 silly tarball no local data for color@https://registry.npmjs.org/color/-/color-4.2.3.tgz. Extracting by manifest.
368 silly tarball no local data for is-arrayish@https://registry.npmjs.org/is-arrayish/-/is-arrayish-0.3.2.tgz. Extracting by manifest.
369 silly tarball no local data for @img/sharp-win32-x64@https://registry.npmjs.org/@img/sharp-win32-x64/-/sharp-win32-x64-0.33.5.tgz. Extracting by manifest.
370 silly tarball no local data for loose-envify@https://registry.npmjs.org/loose-envify/-/loose-envify-1.4.0.tgz. Extracting by manifest.
371 silly tarball no local data for styled-jsx@https://registry.npmjs.org/styled-jsx/-/styled-jsx-5.1.6.tgz. Extracting by manifest.
372 silly tarball no local data for streamsearch@https://registry.npmjs.org/streamsearch/-/streamsearch-1.1.0.tgz. Extracting by manifest.
373 silly tarball no local data for sharp@https://registry.npmjs.org/sharp/-/sharp-0.33.5.tgz. Extracting by manifest.
374 silly tarball no local data for caniuse-lite@https://registry.npmjs.org/caniuse-lite/-/caniuse-lite-1.0.30001686.tgz. Extracting by manifest.
375 silly tarball no local data for postcss@https://registry.npmjs.org/postcss/-/postcss-8.4.31.tgz. Extracting by manifest.
376 silly tarball no local data for busboy@https://registry.npmjs.org/busboy/-/busboy-1.6.0.tgz. Extracting by manifest.
377 silly tarball no local data for @swc/helpers@https://registry.npmjs.org/@swc/helpers/-/helpers-0.5.13.tgz. Extracting by manifest.
378 silly tarball no local data for @swc/counter@https://registry.npmjs.org/@swc/counter/-/counter-0.1.3.tgz. Extracting by manifest.
379 silly tarball no local data for @next/swc-win32-x64-msvc@https://registry.npmjs.org/@next/swc-win32-x64-msvc/-/swc-win32-x64-msvc-15.0.3.tgz. Extracting by manifest.
380 silly tarball no local data for @next/env@https://registry.npmjs.org/@next/env/-/env-15.0.3.tgz. Extracting by manifest.
381 silly tarball no local data for next@https://registry.npmjs.org/next/-/next-15.0.3.tgz. Extracting by manifest.
382 http fetch GET 200 https://registry.npmjs.org/detect-libc/-/detect-libc-2.0.3.tgz 206ms (cache miss)
383 http fetch GET 200 https://registry.npmjs.org/color-string/-/color-string-1.9.1.tgz 208ms (cache miss)
384 http fetch GET 200 https://registry.npmjs.org/client-only/-/client-only-0.0.1.tgz 224ms (cache miss)
385 http fetch GET 200 https://registry.npmjs.org/color/-/color-4.2.3.tgz 220ms (cache miss)
386 http fetch GET 200 https://registry.npmjs.org/simple-swizzle/-/simple-swizzle-0.2.2.tgz 243ms (cache miss)
387 http fetch POST 200 https://registry.npmjs.org/-/npm/v1/security/advisories/bulk 399ms
388 silly audit report {}
389 http fetch GET 200 https://registry.npmjs.org/@swc/counter/-/counter-0.1.3.tgz 407ms (cache miss)
390 http fetch GET 200 https://registry.npmjs.org/@next/env/-/env-15.0.3.tgz 418ms (cache miss)
391 http fetch GET 200 https://registry.npmjs.org/busboy/-/busboy-1.6.0.tgz 711ms (cache miss)
392 http fetch GET 200 https://registry.npmjs.org/loose-envify/-/loose-envify-1.4.0.tgz 814ms (cache miss)
393 http fetch GET 200 https://registry.npmjs.org/streamsearch/-/streamsearch-1.1.0.tgz 990ms (cache miss)
394 http fetch GET 200 https://registry.npmjs.org/is-arrayish/-/is-arrayish-0.3.2.tgz 1001ms (cache miss)
395 http fetch GET 200 https://registry.npmjs.org/semver/-/semver-7.6.3.tgz 1103ms (cache miss)
396 http fetch GET 200 https://registry.npmjs.org/styled-jsx/-/styled-jsx-5.1.6.tgz 2053ms (cache miss)
397 http fetch GET 200 https://registry.npmjs.org/sharp/-/sharp-0.33.5.tgz 2178ms (cache miss)
398 http fetch GET 200 https://registry.npmjs.org/postcss/-/postcss-8.4.31.tgz 2415ms (cache miss)
399 http fetch GET 200 https://registry.npmjs.org/@img/sharp-win32-x64/-/sharp-win32-x64-0.33.5.tgz 5877ms (cache miss)
400 http fetch GET 200 https://registry.npmjs.org/@swc/helpers/-/helpers-0.5.13.tgz 6628ms (cache miss)
401 http fetch GET 200 https://registry.npmjs.org/caniuse-lite/-/caniuse-lite-1.0.30001686.tgz 8746ms (cache miss)
402 http fetch GET 200 https://registry.npmjs.org/@next/swc-win32-x64-msvc/-/swc-win32-x64-msvc-15.0.3.tgz 12671ms (cache miss)
403 http fetch GET 200 https://registry.npmjs.org/next/-/next-15.0.3.tgz 33053ms (cache miss)
404 info run sharp@0.33.5 install node_modules/sharp node install/check
405 info run sharp@0.33.5 install { code: 0, signal: null }
406 silly ADD node_modules/client-only
407 silly ADD node_modules/is-arrayish
408 silly ADD node_modules/simple-swizzle
409 silly ADD node_modules/color-string
410 silly ADD
411 silly ADD node_modules/semver
412 silly ADD node_modules/detect-libc
413 silly ADD node_modules/color
414 silly ADD node_modules/@img/sharp-win32-x64
415 silly ADD
416 silly ADD
417 silly ADD
418 silly ADD
419 silly ADD
420 silly ADD
421 silly ADD
422 silly ADD
423 silly ADD
424 silly ADD
425 silly ADD
426 silly ADD
427 silly ADD
428 silly ADD
429 silly ADD
430 silly ADD
431 silly ADD
432 silly ADD
433 silly ADD node_modules/scheduler
434 silly ADD node_modules/js-tokens
435 silly ADD node_modules/loose-envify
436 silly ADD node_modules/source-map-js
437 silly ADD node_modules/picocolors
438 silly ADD node_modules/nanoid
439 silly ADD node_modules/streamsearch
440 silly ADD node_modules/tslib
441 silly ADD node_modules/styled-jsx
442 silly ADD node_modules/sharp
443 silly ADD node_modules/postcss
444 silly ADD node_modules/caniuse-lite
445 silly ADD node_modules/busboy
446 silly ADD node_modules/@swc/helpers
447 silly ADD node_modules/@swc/counter
448 silly ADD node_modules/@next/swc-win32-x64-msvc
449 silly ADD
450 silly ADD
451 silly ADD
452 silly ADD
453 silly ADD
454 silly ADD
455 silly ADD
456 silly ADD node_modules/@next/env
457 silly ADD node_modules/react-dom
458 silly ADD node_modules/react
459 silly ADD node_modules/next
460 verbose cwd C:\Users\saadr\Desktop\DevOps-Hub\devopshub
461 verbose os Windows_NT 10.0.22631
462 verbose node v22.3.0
463 verbose npm  v10.8.1
464 verbose exit 0
465 info ok
