0 verbose cli C:\Program Files\nodejs\node.exe C:\Program Files\nodejs\node_modules\npm\bin\npm-cli.js
1 info using npm@10.8.1
2 info using node@v22.3.0
3 silly config load:file:C:\Program Files\nodejs\node_modules\npm\npmrc
4 silly config load:file:C:\Users\saadr\Desktop\DevOps-Hub\devopshub\.npmrc
5 silly config load:file:C:\Users\saadr\.npmrc
6 silly config load:file:C:\Users\saadr\AppData\Roaming\npm\etc\npmrc
7 verbose title npm install @radix-ui/react-slot class-variance-authority clsx tailwind-merge lucide-react next-themes
8 verbose argv "install" "@radix-ui/react-slot" "class-variance-authority" "clsx" "tailwind-merge" "lucide-react" "next-themes"
9 verbose logfile logs-max:10 dir:C:\Users\saadr\Desktop\DevOps-Hub\devopshub\%APPDATA%\npm-cache\_logs\2024-12-02T10_01_05_449Z-
10 verbose logfile C:\Users\saadr\Desktop\DevOps-Hub\devopshub\%APPDATA%\npm-cache\_logs\2024-12-02T10_01_05_449Z-debug-0.log
11 silly packumentCache heap:4345298944 maxSize:1086324736 maxEntrySize:543162368
12 silly logfile done cleaning log files
13 silly idealTree buildDeps
14 silly fetch manifest @radix-ui/react-slot@*
15 silly packumentCache full:https://registry.npmjs.org/@radix-ui%2freact-slot cache-miss
16 http fetch GET 200 https://registry.npmjs.org/@radix-ui%2freact-slot 564ms (cache miss)
17 silly packumentCache full:https://registry.npmjs.org/@radix-ui%2freact-slot set size:undefined disposed:false
18 silly fetch manifest @types/react@^18
19 silly packumentCache full:https://registry.npmjs.org/@types%2freact cache-miss
20 http fetch GET 200 https://registry.npmjs.org/npm 913ms
21 http fetch GET 200 https://registry.npmjs.org/@types%2freact 272ms (cache miss)
22 silly packumentCache full:https://registry.npmjs.org/@types%2freact set size:undefined disposed:false
23 silly fetch manifest react@19.0.0-rc-66855b96-20241106
24 silly packumentCache full:https://registry.npmjs.org/react cache-miss
25 http fetch GET 200 https://registry.npmjs.org/react 413ms (cache miss)
26 silly packumentCache full:https://registry.npmjs.org/react set size:undefined disposed:false
27 silly fetch manifest class-variance-authority@*
28 silly packumentCache full:https://registry.npmjs.org/class-variance-authority cache-miss
29 http fetch GET 200 https://registry.npmjs.org/class-variance-authority 127ms (cache miss)
30 silly packumentCache full:https://registry.npmjs.org/class-variance-authority set size:undefined disposed:false
31 silly fetch manifest clsx@*
32 silly packumentCache full:https://registry.npmjs.org/clsx cache-miss
33 http fetch GET 200 https://registry.npmjs.org/clsx 167ms (cache miss)
34 silly packumentCache full:https://registry.npmjs.org/clsx set size:undefined disposed:false
35 silly fetch manifest tailwind-merge@*
36 silly packumentCache full:https://registry.npmjs.org/tailwind-merge cache-miss
37 http fetch GET 200 https://registry.npmjs.org/tailwind-merge 157ms (cache miss)
38 silly packumentCache full:https://registry.npmjs.org/tailwind-merge set size:undefined disposed:false
39 silly fetch manifest lucide-react@*
40 silly packumentCache full:https://registry.npmjs.org/lucide-react cache-miss
41 http fetch GET 200 https://registry.npmjs.org/lucide-react 193ms (cache miss)
42 silly packumentCache full:https://registry.npmjs.org/lucide-react set size:undefined disposed:false
43 silly fetch manifest next-themes@*
44 silly packumentCache full:https://registry.npmjs.org/next-themes cache-miss
45 http fetch GET 200 https://registry.npmjs.org/next-themes 136ms (cache miss)
46 silly packumentCache full:https://registry.npmjs.org/next-themes set size:undefined disposed:false
47 silly fetch manifest react-dom@19.0.0-rc-66855b96-20241106
48 silly packumentCache full:https://registry.npmjs.org/react-dom cache-miss
49 http fetch GET 200 https://registry.npmjs.org/react-dom 380ms (cache miss)
50 silly packumentCache full:https://registry.npmjs.org/react-dom set size:undefined disposed:false
51 silly placeDep ROOT @radix-ui/react-slot@1.1.0 OK for: devopshub@0.1.0 want: *
52 silly placeDep ROOT class-variance-authority@0.7.1 OK for: devopshub@0.1.0 want: *
53 silly placeDep ROOT clsx@2.1.1 OK for: devopshub@0.1.0 want: *
54 silly placeDep ROOT lucide-react@0.462.0 OK for: devopshub@0.1.0 want: *
55 silly placeDep ROOT next-themes@0.4.3 OK for: devopshub@0.1.0 want: *
56 silly placeDep ROOT tailwind-merge@2.5.5 OK for: devopshub@0.1.0 want: *
57 silly fetch manifest @radix-ui/react-compose-refs@1.1.0
58 silly packumentCache full:https://registry.npmjs.org/@radix-ui%2freact-compose-refs cache-miss
59 silly fetch manifest clsx@^2.1.1
60 silly packumentCache full:https://registry.npmjs.org/clsx cache-miss
61 http fetch GET 200 https://registry.npmjs.org/clsx 11ms (cache hit)
62 silly packumentCache full:https://registry.npmjs.org/clsx set size:42489 disposed:false
63 http fetch GET 200 https://registry.npmjs.org/@radix-ui%2freact-compose-refs 190ms (cache miss)
64 silly packumentCache full:https://registry.npmjs.org/@radix-ui%2freact-compose-refs set size:undefined disposed:false
65 silly fetch manifest @types/react@*
66 silly packumentCache full:https://registry.npmjs.org/@types%2freact cache-miss
67 http fetch GET 200 https://registry.npmjs.org/@types%2freact 10ms (cache hit)
68 silly packumentCache full:https://registry.npmjs.org/@types%2freact set size:2224167 disposed:false
69 silly fetch manifest react@^16.8 || ^17.0 || ^18.0 || ^19.0 || ^19.0.0-rc
70 silly packumentCache full:https://registry.npmjs.org/react cache-miss
71 http fetch GET 200 https://registry.npmjs.org/react 16ms (cache hit)
72 silly packumentCache full:https://registry.npmjs.org/react set size:5187790 disposed:false
73 silly placeDep ROOT @radix-ui/react-compose-refs@1.1.0 OK for: @radix-ui/react-slot@1.1.0 want: 1.1.0
74 silly reify moves {}
75 silly audit bulk request {
75 silly audit   '@alloc/quick-lru': [ '5.2.0' ],
75 silly audit   '@emnapi/runtime': [ '1.3.1' ],
75 silly audit   '@eslint-community/eslint-utils': [ '4.4.1' ],
75 silly audit   '@eslint-community/regexpp': [ '4.12.1' ],
75 silly audit   '@eslint/eslintrc': [ '2.1.4' ],
75 silly audit   '@eslint/js': [ '8.57.1' ],
75 silly audit   '@humanwhocodes/config-array': [ '0.13.0' ],
75 silly audit   '@humanwhocodes/module-importer': [ '1.0.1' ],
75 silly audit   '@humanwhocodes/object-schema': [ '2.0.3' ],
75 silly audit   '@img/sharp-darwin-arm64': [ '0.33.5' ],
75 silly audit   '@img/sharp-darwin-x64': [ '0.33.5' ],
75 silly audit   '@img/sharp-libvips-darwin-arm64': [ '1.0.4' ],
75 silly audit   '@img/sharp-libvips-darwin-x64': [ '1.0.4' ],
75 silly audit   '@img/sharp-libvips-linux-arm': [ '1.0.5' ],
75 silly audit   '@img/sharp-libvips-linux-arm64': [ '1.0.4' ],
75 silly audit   '@img/sharp-libvips-linux-s390x': [ '1.0.4' ],
75 silly audit   '@img/sharp-libvips-linux-x64': [ '1.0.4' ],
75 silly audit   '@img/sharp-libvips-linuxmusl-arm64': [ '1.0.4' ],
75 silly audit   '@img/sharp-libvips-linuxmusl-x64': [ '1.0.4' ],
75 silly audit   '@img/sharp-linux-arm': [ '0.33.5' ],
75 silly audit   '@img/sharp-linux-arm64': [ '0.33.5' ],
75 silly audit   '@img/sharp-linux-s390x': [ '0.33.5' ],
75 silly audit   '@img/sharp-linux-x64': [ '0.33.5' ],
75 silly audit   '@img/sharp-linuxmusl-arm64': [ '0.33.5' ],
75 silly audit   '@img/sharp-linuxmusl-x64': [ '0.33.5' ],
75 silly audit   '@img/sharp-wasm32': [ '0.33.5' ],
75 silly audit   '@img/sharp-win32-ia32': [ '0.33.5' ],
75 silly audit   '@img/sharp-win32-x64': [ '0.33.5' ],
75 silly audit   '@isaacs/cliui': [ '8.0.2' ],
75 silly audit   'ansi-regex': [ '6.1.0', '5.0.1' ],
75 silly audit   'strip-ansi': [ '7.1.0', '6.0.1' ],
75 silly audit   '@jridgewell/gen-mapping': [ '0.3.5' ],
75 silly audit   '@jridgewell/resolve-uri': [ '3.1.2' ],
75 silly audit   '@jridgewell/set-array': [ '1.2.1' ],
75 silly audit   '@jridgewell/sourcemap-codec': [ '1.5.0' ],
75 silly audit   '@jridgewell/trace-mapping': [ '0.3.25' ],
75 silly audit   '@next/env': [ '15.0.3' ],
75 silly audit   '@next/eslint-plugin-next': [ '15.0.3' ],
75 silly audit   '@next/swc-darwin-arm64': [ '15.0.3' ],
75 silly audit   '@next/swc-darwin-x64': [ '15.0.3' ],
75 silly audit   '@next/swc-linux-arm64-gnu': [ '15.0.3' ],
75 silly audit   '@next/swc-linux-arm64-musl': [ '15.0.3' ],
75 silly audit   '@next/swc-linux-x64-gnu': [ '15.0.3' ],
75 silly audit   '@next/swc-linux-x64-musl': [ '15.0.3' ],
75 silly audit   '@next/swc-win32-arm64-msvc': [ '15.0.3' ],
75 silly audit   '@next/swc-win32-x64-msvc': [ '15.0.3' ],
75 silly audit   '@nodelib/fs.scandir': [ '2.1.5' ],
75 silly audit   '@nodelib/fs.stat': [ '2.0.5' ],
75 silly audit   '@nodelib/fs.walk': [ '1.2.8' ],
75 silly audit   '@nolyfill/is-core-module': [ '1.0.39' ],
75 silly audit   '@pkgjs/parseargs': [ '0.11.0' ],
75 silly audit   '@rtsao/scc': [ '1.1.0' ],
75 silly audit   '@rushstack/eslint-patch': [ '1.10.4' ],
75 silly audit   '@swc/counter': [ '0.1.3' ],
75 silly audit   '@swc/helpers': [ '0.5.13' ],
75 silly audit   '@types/json5': [ '0.0.29' ],
75 silly audit   '@types/node': [ '20.17.9' ],
75 silly audit   '@types/prop-types': [ '15.7.13' ],
75 silly audit   '@types/react': [ '18.3.12' ],
75 silly audit   '@types/react-dom': [ '18.3.1' ],
75 silly audit   '@typescript-eslint/eslint-plugin': [ '8.16.0' ],
75 silly audit   '@typescript-eslint/parser': [ '8.16.0' ],
75 silly audit   '@typescript-eslint/scope-manager': [ '8.16.0' ],
75 silly audit   '@typescript-eslint/type-utils': [ '8.16.0' ],
75 silly audit   '@typescript-eslint/types': [ '8.16.0' ],
75 silly audit   '@typescript-eslint/typescript-estree': [ '8.16.0' ],
75 silly audit   'brace-expansion': [ '2.0.1', '1.1.11' ],
75 silly audit   'fast-glob': [ '3.3.2', '3.3.1' ],
75 silly audit   'glob-parent': [ '5.1.2', '6.0.2' ],
75 silly audit   minimatch: [ '9.0.5', '3.1.2' ],
75 silly audit   '@typescript-eslint/utils': [ '8.16.0' ],
75 silly audit   '@typescript-eslint/visitor-keys': [ '8.16.0' ],
75 silly audit   'eslint-visitor-keys': [ '4.2.0', '3.4.3' ],
75 silly audit   '@ungap/structured-clone': [ '1.2.0' ],
75 silly audit   acorn: [ '8.14.0' ],
75 silly audit   'acorn-jsx': [ '5.3.2' ],
75 silly audit   ajv: [ '6.12.6' ],
75 silly audit   'ansi-styles': [ '4.3.0', '6.2.1' ],
75 silly audit   'any-promise': [ '1.3.0' ],
75 silly audit   anymatch: [ '3.1.3' ],
75 silly audit   arg: [ '5.0.2' ],
75 silly audit   argparse: [ '2.0.1' ],
75 silly audit   'aria-query': [ '5.3.2' ],
75 silly audit   'array-buffer-byte-length': [ '1.0.1' ],
75 silly audit   'array-includes': [ '3.1.8' ],
75 silly audit   'array.prototype.findlast': [ '1.2.5' ],
75 silly audit   'array.prototype.findlastindex': [ '1.2.5' ],
75 silly audit   'array.prototype.flat': [ '1.3.2' ],
75 silly audit   'array.prototype.flatmap': [ '1.3.2' ],
75 silly audit   'array.prototype.tosorted': [ '1.1.4' ],
75 silly audit   'arraybuffer.prototype.slice': [ '1.0.3' ],
75 silly audit   'ast-types-flow': [ '0.0.8' ],
75 silly audit   'available-typed-arrays': [ '1.0.7' ],
75 silly audit   'axe-core': [ '4.10.2' ],
75 silly audit   'axobject-query': [ '4.1.0' ],
75 silly audit   'balanced-match': [ '1.0.2' ],
75 silly audit   'binary-extensions': [ '2.3.0' ],
75 silly audit   braces: [ '3.0.3' ],
75 silly audit   busboy: [ '1.6.0' ],
75 silly audit   'call-bind': [ '1.0.7' ],
75 silly audit   callsites: [ '3.1.0' ],
75 silly audit   'camelcase-css': [ '2.0.1' ],
75 silly audit   'caniuse-lite': [ '1.0.30001685' ],
75 silly audit   chalk: [ '4.1.2' ],
75 silly audit   chokidar: [ '3.6.0' ],
75 silly audit   'client-only': [ '0.0.1' ],
75 silly audit   color: [ '4.2.3' ],
75 silly audit   'color-convert': [ '2.0.1' ],
75 silly audit   'color-name': [ '1.1.4' ],
75 silly audit   'color-string': [ '1.9.1' ],
75 silly audit   commander: [ '4.1.1' ],
75 silly audit   'concat-map': [ '0.0.1' ],
75 silly audit   'cross-spawn': [ '7.0.6' ],
75 silly audit   cssesc: [ '3.0.0' ],
75 silly audit   csstype: [ '3.1.3' ],
75 silly audit   'damerau-levenshtein': [ '1.0.8' ],
75 silly audit   'data-view-buffer': [ '1.0.1' ],
75 silly audit   'data-view-byte-length': [ '1.0.1' ],
75 silly audit   'data-view-byte-offset': [ '1.0.0' ],
75 silly audit   debug: [ '4.3.7', '3.2.7' ],
75 silly audit   'deep-is': [ '0.1.4' ],
75 silly audit   'define-data-property': [ '1.1.4' ],
75 silly audit   'define-properties': [ '1.2.1' ],
75 silly audit   'detect-libc': [ '2.0.3' ],
75 silly audit   didyoumean: [ '1.2.2' ],
75 silly audit   dlv: [ '1.1.3' ],
75 silly audit   doctrine: [ '3.0.0', '2.1.0' ],
75 silly audit   eastasianwidth: [ '0.2.0' ],
75 silly audit   'emoji-regex': [ '9.2.2', '8.0.0' ],
75 silly audit   'enhanced-resolve': [ '5.17.1' ],
75 silly audit   'es-abstract': [ '1.23.5' ],
75 silly audit   'es-define-property': [ '1.0.0' ],
75 silly audit   'es-errors': [ '1.3.0' ],
75 silly audit   'es-iterator-helpers': [ '1.2.0' ],
75 silly audit   'es-object-atoms': [ '1.0.0' ],
75 silly audit   'es-set-tostringtag': [ '2.0.3' ],
75 silly audit   'es-shim-unscopables': [ '1.0.2' ],
75 silly audit   'es-to-primitive': [ '1.3.0' ],
75 silly audit   'escape-string-regexp': [ '4.0.0' ],
75 silly audit   eslint: [ '8.57.1' ],
75 silly audit   'eslint-config-next': [ '15.0.3' ],
75 silly audit   'eslint-import-resolver-node': [ '0.3.9' ],
75 silly audit   'eslint-import-resolver-typescript': [ '3.6.3' ],
75 silly audit   'eslint-module-utils': [ '2.12.0' ],
75 silly audit   'eslint-plugin-import': [ '2.31.0' ],
75 silly audit   semver: [ '6.3.1', '7.6.3' ],
75 silly audit   'eslint-plugin-jsx-a11y': [ '6.10.2' ],
75 silly audit   'eslint-plugin-react': [ '7.37.2' ],
75 silly audit   'eslint-plugin-react-hooks': [ '5.0.0' ],
75 silly audit   resolve: [ '2.0.0-next.5', '1.22.8' ],
75 silly audit   'eslint-scope': [ '7.2.2' ],
75 silly audit   espree: [ '9.6.1' ],
75 silly audit   esquery: [ '1.6.0' ],
75 silly audit   esrecurse: [ '4.3.0' ],
75 silly audit   estraverse: [ '5.3.0' ],
75 silly audit   esutils: [ '2.0.3' ],
75 silly audit   'fast-deep-equal': [ '3.1.3' ],
75 silly audit   'fast-json-stable-stringify': [ '2.1.0' ],
75 silly audit   'fast-levenshtein': [ '2.0.6' ],
75 silly audit   fastq: [ '1.17.1' ],
75 silly audit   'file-entry-cache': [ '6.0.1' ],
75 silly audit   'fill-range': [ '7.1.1' ],
75 silly audit   'find-up': [ '5.0.0' ],
75 silly audit   'flat-cache': [ '3.2.0' ],
75 silly audit   flatted: [ '3.3.2' ],
75 silly audit   'for-each': [ '0.3.3' ],
75 silly audit   'foreground-child': [ '3.3.0' ],
75 silly audit   'fs.realpath': [ '1.0.0' ],
75 silly audit   fsevents: [ '2.3.3' ],
75 silly audit   'function-bind': [ '1.1.2' ],
75 silly audit   'function.prototype.name': [ '1.1.6' ],
75 silly audit   'functions-have-names': [ '1.2.3' ],
75 silly audit   'get-intrinsic': [ '1.2.4' ],
75 silly audit   'get-symbol-description': [ '1.0.2' ],
75 silly audit   'get-tsconfig': [ '4.8.1' ],
75 silly audit   glob: [ '7.2.3', '10.4.5' ],
75 silly audit   globals: [ '13.24.0' ],
75 silly audit   globalthis: [ '1.0.4' ],
75 silly audit   gopd: [ '1.1.0' ],
75 silly audit   'graceful-fs': [ '4.2.11' ],
75 silly audit   graphemer: [ '1.4.0' ],
75 silly audit   'has-bigints': [ '1.0.2' ],
75 silly audit   'has-flag': [ '4.0.0' ],
75 silly audit   'has-property-descriptors': [ '1.0.2' ],
75 silly audit   'has-proto': [ '1.1.0' ],
75 silly audit   'has-symbols': [ '1.0.3' ],
75 silly audit   'has-tostringtag': [ '1.0.2' ],
75 silly audit   hasown: [ '2.0.2' ],
75 silly audit   ignore: [ '5.3.2' ],
75 silly audit   'import-fresh': [ '3.3.0' ],
75 silly audit   imurmurhash: [ '0.1.4' ],
75 silly audit   inflight: [ '1.0.6' ],
75 silly audit   inherits: [ '2.0.4' ],
75 silly audit   'internal-slot': [ '1.0.7' ],
75 silly audit   'is-array-buffer': [ '3.0.4' ],
75 silly audit   'is-arrayish': [ '0.3.2' ],
75 silly audit   'is-async-function': [ '2.0.0' ],
75 silly audit   'is-bigint': [ '1.0.4' ],
75 silly audit   'is-binary-path': [ '2.1.0' ],
75 silly audit   'is-boolean-object': [ '1.2.0' ],
75 silly audit   'is-bun-module': [ '1.3.0' ],
75 silly audit   'is-callable': [ '1.2.7' ],
75 silly audit   'is-core-module': [ '2.15.1' ],
75 silly audit   'is-data-view': [ '1.0.1' ],
75 silly audit   'is-date-object': [ '1.0.5' ],
75 silly audit   'is-extglob': [ '2.1.1' ],
75 silly audit   'is-finalizationregistry': [ '1.1.0' ],
75 silly audit   'is-fullwidth-code-point': [ '3.0.0' ],
75 silly audit   'is-generator-function': [ '1.0.10' ],
75 silly audit   'is-glob': [ '4.0.3' ],
75 silly audit   'is-map': [ '2.0.3' ],
75 silly audit   'is-negative-zero': [ '2.0.3' ],
75 silly audit   'is-number': [ '7.0.0' ],
75 silly audit   'is-number-object': [ '1.1.0' ],
75 silly audit   'is-path-inside': [ '3.0.3' ],
75 silly audit   'is-regex': [ '1.2.0' ],
75 silly audit   'is-set': [ '2.0.3' ],
75 silly audit   'is-shared-array-buffer': [ '1.0.3' ],
75 silly audit   'is-string': [ '1.1.0' ],
75 silly audit   'is-symbol': [ '1.0.4' ],
75 silly audit   'is-typed-array': [ '1.1.13' ],
75 silly audit   'is-weakmap': [ '2.0.2' ],
75 silly audit   'is-weakref': [ '1.0.2' ],
75 silly audit   'is-weakset': [ '2.0.3' ],
75 silly audit   isarray: [ '2.0.5' ],
75 silly audit   isexe: [ '2.0.0' ],
75 silly audit   'iterator.prototype': [ '1.1.3' ],
75 silly audit   jackspeak: [ '3.4.3' ],
75 silly audit   jiti: [ '1.21.6' ],
75 silly audit   'js-tokens': [ '4.0.0' ],
75 silly audit   'js-yaml': [ '4.1.0' ],
75 silly audit   'json-buffer': [ '3.0.1' ],
75 silly audit   'json-schema-traverse': [ '0.4.1' ],
75 silly audit   'json-stable-stringify-without-jsonify': [ '1.0.1' ],
75 silly audit   json5: [ '1.0.2' ],
75 silly audit   'jsx-ast-utils': [ '3.3.5' ],
75 silly audit   keyv: [ '4.5.4' ],
75 silly audit   'language-subtag-registry': [ '0.3.23' ],
75 silly audit   'language-tags': [ '1.0.9' ],
75 silly audit   levn: [ '0.4.1' ],
75 silly audit   lilconfig: [ '2.1.0', '3.1.2' ],
75 silly audit   'lines-and-columns': [ '1.2.4' ],
75 silly audit   'locate-path': [ '6.0.0' ],
75 silly audit   'lodash.merge': [ '4.6.2' ],
75 silly audit   'loose-envify': [ '1.4.0' ],
75 silly audit   'lru-cache': [ '10.4.3' ],
75 silly audit   merge2: [ '1.4.1' ],
75 silly audit   micromatch: [ '4.0.8' ],
75 silly audit   minimist: [ '1.2.8' ],
75 silly audit   minipass: [ '7.1.2' ],
75 silly audit   ms: [ '2.1.3' ],
75 silly audit   mz: [ '2.7.0' ],
75 silly audit   nanoid: [ '3.3.8' ],
75 silly audit   'natural-compare': [ '1.4.0' ],
75 silly audit   next: [ '15.0.3' ],
75 silly audit   postcss: [ '8.4.31', '8.4.49' ],
75 silly audit   'normalize-path': [ '3.0.0' ],
75 silly audit   'object-assign': [ '4.1.1' ],
75 silly audit   'object-hash': [ '3.0.0' ],
75 silly audit   'object-inspect': [ '1.13.3' ],
75 silly audit   'object-keys': [ '1.1.1' ],
75 silly audit   'object.assign': [ '4.1.5' ],
75 silly audit   'object.entries': [ '1.1.8' ],
75 silly audit   'object.fromentries': [ '2.0.8' ],
75 silly audit   'object.groupby': [ '1.0.3' ],
75 silly audit   'object.values': [ '1.2.0' ],
75 silly audit   once: [ '1.4.0' ],
75 silly audit   optionator: [ '0.9.4' ],
75 silly audit   'p-limit': [ '3.1.0' ],
75 silly audit   'p-locate': [ '5.0.0' ],
75 silly audit   'package-json-from-dist': [ '1.0.1' ],
75 silly audit   'parent-module': [ '1.0.1' ],
75 silly audit   'path-exists': [ '4.0.0' ],
75 silly audit   'path-is-absolute': [ '1.0.1' ],
75 silly audit   'path-key': [ '3.1.1' ],
75 silly audit   'path-parse': [ '1.0.7' ],
75 silly audit   'path-scurry': [ '1.11.1' ],
75 silly audit   picocolors: [ '1.1.1' ],
75 silly audit   picomatch: [ '2.3.1' ],
75 silly audit   pify: [ '2.3.0' ],
75 silly audit   pirates: [ '4.0.6' ],
75 silly audit   'possible-typed-array-names': [ '1.0.0' ],
75 silly audit   'postcss-import': [ '15.1.0' ],
75 silly audit   'postcss-js': [ '4.0.1' ],
75 silly audit   'postcss-load-config': [ '4.0.2' ],
75 silly audit   'postcss-nested': [ '6.2.0' ],
75 silly audit   'postcss-selector-parser': [ '6.1.2' ],
75 silly audit   'postcss-value-parser': [ '4.2.0' ],
75 silly audit   'prelude-ls': [ '1.2.1' ],
75 silly audit   'prop-types': [ '15.8.1' ],
75 silly audit   punycode: [ '2.3.1' ],
75 silly audit   'queue-microtask': [ '1.2.3' ],
75 silly audit   react: [ '19.0.0-rc-66855b96-20241106' ],
75 silly audit   'react-dom': [ '19.0.0-rc-66855b96-20241106' ],
75 silly audit   'react-is': [ '16.13.1' ],
75 silly audit   'read-cache': [ '1.0.0' ],
75 silly audit   readdirp: [ '3.6.0' ],
75 silly audit   'reflect.getprototypeof': [ '1.0.7' ],
75 silly audit   'regexp.prototype.flags': [ '1.5.3' ],
75 silly audit   'resolve-from': [ '4.0.0' ],
75 silly audit   'resolve-pkg-maps': [ '1.0.0' ],
75 silly audit   reusify: [ '1.0.4' ],
75 silly audit   rimraf: [ '3.0.2' ],
75 silly audit   'run-parallel': [ '1.2.0' ],
75 silly audit   'safe-array-concat': [ '1.1.2' ],
75 silly audit   'safe-regex-test': [ '1.0.3' ],
75 silly audit   scheduler: [ '0.25.0-rc-66855b96-20241106' ],
75 silly audit   'set-function-length': [ '1.2.2' ],
75 silly audit   'set-function-name': [ '2.0.2' ],
75 silly audit   sharp: [ '0.33.5' ],
75 silly audit   'shebang-command': [ '2.0.0' ],
75 silly audit   'shebang-regex': [ '3.0.0' ],
75 silly audit   'side-channel': [ '1.0.6' ],
75 silly audit   'signal-exit': [ '4.1.0' ],
75 silly audit   'simple-swizzle': [ '0.2.2' ],
75 silly audit   'source-map-js': [ '1.2.1' ],
75 silly audit   streamsearch: [ '1.1.0' ],
75 silly audit   'string-width': [ '5.1.2', '4.2.3' ],
75 silly audit   'string.prototype.includes': [ '2.0.1' ],
75 silly audit   'string.prototype.matchall': [ '4.0.11' ],
75 silly audit   'string.prototype.repeat': [ '1.0.0' ],
75 silly audit   'string.prototype.trim': [ '1.2.9' ],
75 silly audit   'string.prototype.trimend': [ '1.0.8' ],
75 silly audit   'string.prototype.trimstart': [ '1.0.8' ],
75 silly audit   'strip-bom': [ '3.0.0' ],
75 silly audit   'strip-json-comments': [ '3.1.1' ],
75 silly audit   'styled-jsx': [ '5.1.6' ],
75 silly audit   sucrase: [ '3.35.0' ],
75 silly audit   'supports-color': [ '7.2.0' ],
75 silly audit   'supports-preserve-symlinks-flag': [ '1.0.0' ],
75 silly audit   tailwindcss: [ '3.4.15' ],
75 silly audit   tapable: [ '2.2.1' ],
75 silly audit   'text-table': [ '0.2.0' ],
75 silly audit   thenify: [ '3.3.1' ],
75 silly audit   'thenify-all': [ '1.6.0' ],
75 silly audit   'to-regex-range': [ '5.0.1' ],
75 silly audit   'ts-api-utils': [ '1.4.3' ],
75 silly audit   'ts-interface-checker': [ '0.1.13' ],
75 silly audit   'tsconfig-paths': [ '3.15.0' ],
75 silly audit   tslib: [ '2.8.1' ],
75 silly audit   'type-check': [ '0.4.0' ],
75 silly audit   'type-fest': [ '0.20.2' ],
75 silly audit   'typed-array-buffer': [ '1.0.2' ],
75 silly audit   'typed-array-byte-length': [ '1.0.1' ],
75 silly audit   'typed-array-byte-offset': [ '1.0.3' ],
75 silly audit   'typed-array-length': [ '1.0.7' ],
75 silly audit   typescript: [ '5.7.2' ],
75 silly audit   'unbox-primitive': [ '1.0.2' ],
75 silly audit   'undici-types': [ '6.19.8' ],
75 silly audit   'uri-js': [ '4.4.1' ],
75 silly audit   'util-deprecate': [ '1.0.2' ],
75 silly audit   which: [ '2.0.2' ],
75 silly audit   'which-boxed-primitive': [ '1.0.2' ],
75 silly audit   'which-builtin-type': [ '1.2.0' ],
75 silly audit   'which-collection': [ '1.0.2' ],
75 silly audit   'which-typed-array': [ '1.1.16' ],
75 silly audit   'word-wrap': [ '1.2.5' ],
75 silly audit   'wrap-ansi': [ '8.1.0', '7.0.0' ],
75 silly audit   wrappy: [ '1.0.2' ],
75 silly audit   yaml: [ '2.6.1' ],
75 silly audit   'yocto-queue': [ '0.1.0' ],
75 silly audit   '@radix-ui/react-slot': [ '1.1.0' ],
75 silly audit   'class-variance-authority': [ '0.7.1' ],
75 silly audit   clsx: [ '2.1.1' ],
75 silly audit   'lucide-react': [ '0.462.0' ],
75 silly audit   'next-themes': [ '0.4.3' ],
75 silly audit   'tailwind-merge': [ '2.5.5' ],
75 silly audit   '@radix-ui/react-compose-refs': [ '1.1.0' ]
75 silly audit }
76 verbose reify failed optional dependency C:\Users\saadr\Desktop\DevOps-Hub\devopshub\node_modules\fsevents
77 silly reify mark deleted [
77 silly reify   'C:\\Users\\saadr\\Desktop\\DevOps-Hub\\devopshub\\node_modules\\fsevents'
77 silly reify ]
78 verbose reify failed optional dependency C:\Users\saadr\Desktop\DevOps-Hub\devopshub\node_modules\@next\swc-win32-arm64-msvc
79 silly reify mark deleted [
79 silly reify   'C:\\Users\\saadr\\Desktop\\DevOps-Hub\\devopshub\\node_modules\\@next\\swc-win32-arm64-msvc'
79 silly reify ]
80 verbose reify failed optional dependency C:\Users\saadr\Desktop\DevOps-Hub\devopshub\node_modules\@next\swc-linux-x64-musl
81 silly reify mark deleted [
81 silly reify   'C:\\Users\\saadr\\Desktop\\DevOps-Hub\\devopshub\\node_modules\\@next\\swc-linux-x64-musl'
81 silly reify ]
82 verbose reify failed optional dependency C:\Users\saadr\Desktop\DevOps-Hub\devopshub\node_modules\@next\swc-linux-x64-gnu
83 silly reify mark deleted [
83 silly reify   'C:\\Users\\saadr\\Desktop\\DevOps-Hub\\devopshub\\node_modules\\@next\\swc-linux-x64-gnu'
83 silly reify ]
84 verbose reify failed optional dependency C:\Users\saadr\Desktop\DevOps-Hub\devopshub\node_modules\@next\swc-linux-arm64-musl
85 silly reify mark deleted [
85 silly reify   'C:\\Users\\saadr\\Desktop\\DevOps-Hub\\devopshub\\node_modules\\@next\\swc-linux-arm64-musl'
85 silly reify ]
86 verbose reify failed optional dependency C:\Users\saadr\Desktop\DevOps-Hub\devopshub\node_modules\@next\swc-linux-arm64-gnu
87 silly reify mark deleted [
87 silly reify   'C:\\Users\\saadr\\Desktop\\DevOps-Hub\\devopshub\\node_modules\\@next\\swc-linux-arm64-gnu'
87 silly reify ]
88 verbose reify failed optional dependency C:\Users\saadr\Desktop\DevOps-Hub\devopshub\node_modules\@next\swc-darwin-x64
89 silly reify mark deleted [
89 silly reify   'C:\\Users\\saadr\\Desktop\\DevOps-Hub\\devopshub\\node_modules\\@next\\swc-darwin-x64'
89 silly reify ]
90 verbose reify failed optional dependency C:\Users\saadr\Desktop\DevOps-Hub\devopshub\node_modules\@next\swc-darwin-arm64
91 silly reify mark deleted [
91 silly reify   'C:\\Users\\saadr\\Desktop\\DevOps-Hub\\devopshub\\node_modules\\@next\\swc-darwin-arm64'
91 silly reify ]
92 verbose reify failed optional dependency C:\Users\saadr\Desktop\DevOps-Hub\devopshub\node_modules\@img\sharp-win32-ia32
93 silly reify mark deleted [
93 silly reify   'C:\\Users\\saadr\\Desktop\\DevOps-Hub\\devopshub\\node_modules\\@img\\sharp-win32-ia32'
93 silly reify ]
94 verbose reify failed optional dependency C:\Users\saadr\Desktop\DevOps-Hub\devopshub\node_modules\@img\sharp-wasm32
95 silly reify mark deleted [
95 silly reify   'C:\\Users\\saadr\\Desktop\\DevOps-Hub\\devopshub\\node_modules\\@img\\sharp-wasm32'
95 silly reify ]
96 verbose reify failed optional dependency C:\Users\saadr\Desktop\DevOps-Hub\devopshub\node_modules\@emnapi\runtime
97 silly reify mark deleted [
97 silly reify   'C:\\Users\\saadr\\Desktop\\DevOps-Hub\\devopshub\\node_modules\\@emnapi\\runtime'
97 silly reify ]
98 verbose reify failed optional dependency C:\Users\saadr\Desktop\DevOps-Hub\devopshub\node_modules\@img\sharp-linuxmusl-x64
99 silly reify mark deleted [
99 silly reify   'C:\\Users\\saadr\\Desktop\\DevOps-Hub\\devopshub\\node_modules\\@img\\sharp-linuxmusl-x64'
99 silly reify ]
100 verbose reify failed optional dependency C:\Users\saadr\Desktop\DevOps-Hub\devopshub\node_modules\@img\sharp-linuxmusl-arm64
101 silly reify mark deleted [
101 silly reify   'C:\\Users\\saadr\\Desktop\\DevOps-Hub\\devopshub\\node_modules\\@img\\sharp-linuxmusl-arm64'
101 silly reify ]
102 verbose reify failed optional dependency C:\Users\saadr\Desktop\DevOps-Hub\devopshub\node_modules\@img\sharp-linux-x64
103 silly reify mark deleted [
103 silly reify   'C:\\Users\\saadr\\Desktop\\DevOps-Hub\\devopshub\\node_modules\\@img\\sharp-linux-x64'
103 silly reify ]
104 verbose reify failed optional dependency C:\Users\saadr\Desktop\DevOps-Hub\devopshub\node_modules\@img\sharp-linux-s390x
105 silly reify mark deleted [
105 silly reify   'C:\\Users\\saadr\\Desktop\\DevOps-Hub\\devopshub\\node_modules\\@img\\sharp-linux-s390x'
105 silly reify ]
106 verbose reify failed optional dependency C:\Users\saadr\Desktop\DevOps-Hub\devopshub\node_modules\@img\sharp-linux-arm64
107 silly reify mark deleted [
107 silly reify   'C:\\Users\\saadr\\Desktop\\DevOps-Hub\\devopshub\\node_modules\\@img\\sharp-linux-arm64'
107 silly reify ]
108 verbose reify failed optional dependency C:\Users\saadr\Desktop\DevOps-Hub\devopshub\node_modules\@img\sharp-linux-arm
109 silly reify mark deleted [
109 silly reify   'C:\\Users\\saadr\\Desktop\\DevOps-Hub\\devopshub\\node_modules\\@img\\sharp-linux-arm'
109 silly reify ]
110 verbose reify failed optional dependency C:\Users\saadr\Desktop\DevOps-Hub\devopshub\node_modules\@img\sharp-libvips-linuxmusl-x64
111 silly reify mark deleted [
111 silly reify   'C:\\Users\\saadr\\Desktop\\DevOps-Hub\\devopshub\\node_modules\\@img\\sharp-libvips-linuxmusl-x64'
111 silly reify ]
112 verbose reify failed optional dependency C:\Users\saadr\Desktop\DevOps-Hub\devopshub\node_modules\@img\sharp-libvips-linuxmusl-arm64
113 silly reify mark deleted [
113 silly reify   'C:\\Users\\saadr\\Desktop\\DevOps-Hub\\devopshub\\node_modules\\@img\\sharp-libvips-linuxmusl-arm64'
113 silly reify ]
114 verbose reify failed optional dependency C:\Users\saadr\Desktop\DevOps-Hub\devopshub\node_modules\@img\sharp-libvips-linux-x64
115 silly reify mark deleted [
115 silly reify   'C:\\Users\\saadr\\Desktop\\DevOps-Hub\\devopshub\\node_modules\\@img\\sharp-libvips-linux-x64'
115 silly reify ]
116 verbose reify failed optional dependency C:\Users\saadr\Desktop\DevOps-Hub\devopshub\node_modules\@img\sharp-libvips-linux-s390x
117 silly reify mark deleted [
117 silly reify   'C:\\Users\\saadr\\Desktop\\DevOps-Hub\\devopshub\\node_modules\\@img\\sharp-libvips-linux-s390x'
117 silly reify ]
118 verbose reify failed optional dependency C:\Users\saadr\Desktop\DevOps-Hub\devopshub\node_modules\@img\sharp-libvips-linux-arm64
119 silly reify mark deleted [
119 silly reify   'C:\\Users\\saadr\\Desktop\\DevOps-Hub\\devopshub\\node_modules\\@img\\sharp-libvips-linux-arm64'
119 silly reify ]
120 verbose reify failed optional dependency C:\Users\saadr\Desktop\DevOps-Hub\devopshub\node_modules\@img\sharp-libvips-linux-arm
121 silly reify mark deleted [
121 silly reify   'C:\\Users\\saadr\\Desktop\\DevOps-Hub\\devopshub\\node_modules\\@img\\sharp-libvips-linux-arm'
121 silly reify ]
122 verbose reify failed optional dependency C:\Users\saadr\Desktop\DevOps-Hub\devopshub\node_modules\@img\sharp-libvips-darwin-x64
123 silly reify mark deleted [
123 silly reify   'C:\\Users\\saadr\\Desktop\\DevOps-Hub\\devopshub\\node_modules\\@img\\sharp-libvips-darwin-x64'
123 silly reify ]
124 verbose reify failed optional dependency C:\Users\saadr\Desktop\DevOps-Hub\devopshub\node_modules\@img\sharp-libvips-darwin-arm64
125 silly reify mark deleted [
125 silly reify   'C:\\Users\\saadr\\Desktop\\DevOps-Hub\\devopshub\\node_modules\\@img\\sharp-libvips-darwin-arm64'
125 silly reify ]
126 verbose reify failed optional dependency C:\Users\saadr\Desktop\DevOps-Hub\devopshub\node_modules\@img\sharp-darwin-x64
127 silly reify mark deleted [
127 silly reify   'C:\\Users\\saadr\\Desktop\\DevOps-Hub\\devopshub\\node_modules\\@img\\sharp-darwin-x64'
127 silly reify ]
128 verbose reify failed optional dependency C:\Users\saadr\Desktop\DevOps-Hub\devopshub\node_modules\@img\sharp-darwin-arm64
129 silly reify mark deleted [
129 silly reify   'C:\\Users\\saadr\\Desktop\\DevOps-Hub\\devopshub\\node_modules\\@img\\sharp-darwin-arm64'
129 silly reify ]
130 silly tarball no local data for tailwind-merge@https://registry.npmjs.org/tailwind-merge/-/tailwind-merge-2.5.5.tgz. Extracting by manifest.
131 silly tarball no local data for @radix-ui/react-compose-refs@https://registry.npmjs.org/@radix-ui/react-compose-refs/-/react-compose-refs-1.1.0.tgz. Extracting by manifest.
132 silly tarball no local data for lucide-react@https://registry.npmjs.org/lucide-react/-/lucide-react-0.462.0.tgz. Extracting by manifest.
133 silly tarball no local data for next-themes@https://registry.npmjs.org/next-themes/-/next-themes-0.4.3.tgz. Extracting by manifest.
134 silly tarball no local data for clsx@https://registry.npmjs.org/clsx/-/clsx-2.1.1.tgz. Extracting by manifest.
135 silly tarball no local data for class-variance-authority@https://registry.npmjs.org/class-variance-authority/-/class-variance-authority-0.7.1.tgz. Extracting by manifest.
136 silly tarball no local data for @radix-ui/react-slot@https://registry.npmjs.org/@radix-ui/react-slot/-/react-slot-1.1.0.tgz. Extracting by manifest.
137 silly tarball no local data for @emnapi/runtime@https://registry.npmjs.org/@emnapi/runtime/-/runtime-1.3.1.tgz. Extracting by manifest.
138 http fetch POST 200 https://registry.npmjs.org/-/npm/v1/security/advisories/bulk 341ms
139 silly audit report {}
140 http fetch GET 200 https://registry.npmjs.org/tailwind-merge/-/tailwind-merge-2.5.5.tgz 375ms (cache miss)
141 http fetch GET 200 https://registry.npmjs.org/clsx/-/clsx-2.1.1.tgz 502ms (cache miss)
142 http fetch GET 200 https://registry.npmjs.org/next-themes/-/next-themes-0.4.3.tgz 587ms (cache miss)
143 http fetch GET 200 https://registry.npmjs.org/@radix-ui/react-slot/-/react-slot-1.1.0.tgz 601ms (cache miss)
144 http fetch GET 200 https://registry.npmjs.org/@radix-ui/react-compose-refs/-/react-compose-refs-1.1.0.tgz 681ms (cache miss)
145 http fetch GET 200 https://registry.npmjs.org/class-variance-authority/-/class-variance-authority-0.7.1.tgz 681ms (cache miss)
146 http fetch GET 200 https://registry.npmjs.org/@emnapi/runtime/-/runtime-1.3.1.tgz 754ms (cache miss)
147 http fetch GET 200 https://registry.npmjs.org/lucide-react/-/lucide-react-0.462.0.tgz 6669ms (cache miss)
148 silly ADD node_modules/@radix-ui/react-compose-refs
149 silly ADD node_modules/tailwind-merge
150 silly ADD node_modules/next-themes
151 silly ADD node_modules/lucide-react
152 silly ADD node_modules/clsx
153 silly ADD node_modules/class-variance-authority
154 silly ADD node_modules/@radix-ui/react-slot
155 silly ADD
156 silly ADD
157 silly ADD
158 silly ADD
159 silly ADD
160 silly ADD
161 silly ADD
162 silly ADD
163 silly ADD
164 silly ADD
165 silly ADD
166 silly ADD
167 silly ADD
168 silly ADD
169 silly ADD
170 silly ADD
171 silly ADD
172 silly ADD
173 silly ADD
174 silly ADD
175 silly ADD
176 silly ADD
177 silly ADD
178 silly ADD
179 silly ADD
180 silly ADD
181 silly ADD
182 verbose cwd C:\Users\saadr\Desktop\DevOps-Hub\devopshub
183 verbose os Windows_NT 10.0.22631
184 verbose node v22.3.0
185 verbose npm  v10.8.1
186 notice
186 notice New [33mminor[39m version of npm available! [33m10.8.1[39m -> [34m10.9.1[39m
186 notice Changelog: [34mhttps://github.com/npm/cli/releases/tag/v10.9.1[39m
186 notice To update run: [4mnpm install -g npm@10.9.1[24m
186 notice  { force: true, [Symbol(proc-log.meta)]: true }
187 verbose exit 0
188 info ok
