0 verbose cli C:\Program Files\nodejs\node.exe C:\Program Files\nodejs\node_modules\npm\bin\npm-cli.js
1 info using npm@10.8.1
2 info using node@v22.3.0
3 silly config load:file:C:\Program Files\nodejs\node_modules\npm\npmrc
4 silly config load:file:C:\Users\saadr\Desktop\DevOps-Hub\devopshub\.npmrc
5 silly config load:file:C:\Users\saadr\.npmrc
6 silly config load:file:C:\Users\saadr\AppData\Roaming\npm\etc\npmrc
7 verbose title npm install next-themes @radix-ui/react-slot @radix-ui/react-select
8 verbose argv "install" "--force" "next-themes" "@radix-ui/react-slot" "@radix-ui/react-select"
9 verbose logfile logs-max:10 dir:C:\Users\saadr\Desktop\DevOps-Hub\devopshub\%APPDATA%\npm-cache\_logs\2024-12-02T10_36_54_031Z-
10 verbose logfile C:\Users\saadr\Desktop\DevOps-Hub\devopshub\%APPDATA%\npm-cache\_logs\2024-12-02T10_36_54_031Z-debug-0.log
11 warn using --force Recommended protections disabled.
12 silly packumentCache heap:4345298944 maxSize:1086324736 maxEntrySize:543162368
13 silly logfile start cleaning logs, removing 1 files
14 silly logfile done cleaning log files
15 silly idealTree buildDeps
16 silly fetch manifest @radix-ui/react-slot@^1.1.0
17 silly packumentCache full:https://registry.npmjs.org/@radix-ui%2freact-slot cache-miss
18 http fetch GET 200 https://registry.npmjs.org/@radix-ui%2freact-slot 969ms (cache revalidated)
19 silly packumentCache full:https://registry.npmjs.org/@radix-ui%2freact-slot set size:272432 disposed:false
20 silly fetch manifest @types/react@^18
21 silly packumentCache full:https://registry.npmjs.org/@types%2freact cache-miss
22 http fetch GET 200 https://registry.npmjs.org/@types%2freact 198ms (cache revalidated)
23 silly packumentCache full:https://registry.npmjs.org/@types%2freact set size:2224167 disposed:false
24 silly fetch manifest react@19.0.0-rc-66855b96-20241106
25 silly packumentCache full:https://registry.npmjs.org/react cache-miss
26 http fetch GET 200 https://registry.npmjs.org/react 190ms (cache revalidated)
27 silly packumentCache full:https://registry.npmjs.org/react set size:5187790 disposed:false
28 silly fetch manifest next-themes@^0.4.3
29 silly packumentCache full:https://registry.npmjs.org/next-themes cache-miss
30 http fetch GET 200 https://registry.npmjs.org/next-themes 161ms (cache revalidated)
31 silly packumentCache full:https://registry.npmjs.org/next-themes set size:155955 disposed:false
32 silly fetch manifest react-dom@19.0.0-rc-66855b96-20241106
33 silly packumentCache full:https://registry.npmjs.org/react-dom cache-miss
34 http fetch GET 200 https://registry.npmjs.org/react-dom 190ms (cache revalidated)
35 silly packumentCache full:https://registry.npmjs.org/react-dom set size:6369154 disposed:false
36 silly fetch manifest @radix-ui/react-select@*
37 silly packumentCache full:https://registry.npmjs.org/@radix-ui%2freact-select cache-miss
38 http fetch GET 200 https://registry.npmjs.org/@radix-ui%2freact-select 1704ms (cache miss)
39 silly packumentCache full:https://registry.npmjs.org/@radix-ui%2freact-select set size:undefined disposed:false
40 silly fetch manifest @types/react-dom@^18
41 silly packumentCache full:https://registry.npmjs.org/@types%2freact-dom cache-miss
42 http fetch GET 200 https://registry.npmjs.org/@types%2freact-dom 206ms (cache miss)
43 silly packumentCache full:https://registry.npmjs.org/@types%2freact-dom set size:undefined disposed:false
44 silly placeDep ROOT @radix-ui/react-select@2.1.2 OK for: devopshub@0.1.0 want: *
45 silly placeDep ROOT @radix-ui/react-slot@1.1.0 REPLACE for: devopshub@0.1.0 want: ^1.1.0
46 silly placeDep ROOT next-themes@0.4.3 REPLACE for: devopshub@0.1.0 want: ^0.4.3
47 silly fetch manifest @radix-ui/number@1.1.0
48 silly packumentCache full:https://registry.npmjs.org/@radix-ui%2fnumber cache-miss
49 silly fetch manifest @radix-ui/primitive@1.1.0
50 silly packumentCache full:https://registry.npmjs.org/@radix-ui%2fprimitive cache-miss
51 silly fetch manifest @radix-ui/react-collection@1.1.0
52 silly packumentCache full:https://registry.npmjs.org/@radix-ui%2freact-collection cache-miss
53 silly fetch manifest @radix-ui/react-context@1.1.1
54 silly packumentCache full:https://registry.npmjs.org/@radix-ui%2freact-context cache-miss
55 silly fetch manifest @radix-ui/react-direction@1.1.0
56 silly packumentCache full:https://registry.npmjs.org/@radix-ui%2freact-direction cache-miss
57 silly fetch manifest @radix-ui/react-dismissable-layer@1.1.1
58 silly packumentCache full:https://registry.npmjs.org/@radix-ui%2freact-dismissable-layer cache-miss
59 silly fetch manifest @radix-ui/react-focus-guards@1.1.1
60 silly packumentCache full:https://registry.npmjs.org/@radix-ui%2freact-focus-guards cache-miss
61 http fetch GET 200 https://registry.npmjs.org/@radix-ui%2fnumber 431ms (cache miss)
62 silly packumentCache full:https://registry.npmjs.org/@radix-ui%2fnumber set size:undefined disposed:false
63 silly fetch manifest @radix-ui/react-focus-scope@1.1.0
64 silly packumentCache full:https://registry.npmjs.org/@radix-ui%2freact-focus-scope cache-miss
65 http fetch GET 200 https://registry.npmjs.org/@radix-ui%2fprimitive 487ms (cache miss)
66 silly packumentCache full:https://registry.npmjs.org/@radix-ui%2fprimitive set size:undefined disposed:false
67 silly fetch manifest @radix-ui/react-id@1.1.0
68 silly packumentCache full:https://registry.npmjs.org/@radix-ui%2freact-id cache-miss
69 http fetch GET 200 https://registry.npmjs.org/@radix-ui%2freact-direction 533ms (cache miss)
70 silly packumentCache full:https://registry.npmjs.org/@radix-ui%2freact-direction set size:undefined disposed:false
71 silly fetch manifest @radix-ui/react-popper@1.2.0
72 silly packumentCache full:https://registry.npmjs.org/@radix-ui%2freact-popper cache-miss
73 http fetch GET 200 https://registry.npmjs.org/@radix-ui%2freact-dismissable-layer 571ms (cache miss)
74 silly packumentCache full:https://registry.npmjs.org/@radix-ui%2freact-dismissable-layer set size:undefined disposed:false
75 silly fetch manifest @radix-ui/react-portal@1.1.2
76 silly packumentCache full:https://registry.npmjs.org/@radix-ui%2freact-portal cache-miss
77 http fetch GET 200 https://registry.npmjs.org/@radix-ui%2freact-focus-guards 643ms (cache miss)
78 silly packumentCache full:https://registry.npmjs.org/@radix-ui%2freact-focus-guards set size:undefined disposed:false
79 silly fetch manifest @radix-ui/react-primitive@2.0.0
80 silly packumentCache full:https://registry.npmjs.org/@radix-ui%2freact-primitive cache-miss
81 http fetch GET 200 https://registry.npmjs.org/@radix-ui%2freact-id 187ms (cache miss)
82 silly packumentCache full:https://registry.npmjs.org/@radix-ui%2freact-id set size:undefined disposed:false
83 silly fetch manifest @radix-ui/react-use-callback-ref@1.1.0
84 silly packumentCache full:https://registry.npmjs.org/@radix-ui%2freact-use-callback-ref cache-miss
85 http fetch GET 200 https://registry.npmjs.org/@radix-ui%2freact-context 734ms (cache miss)
86 silly packumentCache full:https://registry.npmjs.org/@radix-ui%2freact-context set size:undefined disposed:false
87 silly fetch manifest @radix-ui/react-use-controllable-state@1.1.0
88 silly packumentCache full:https://registry.npmjs.org/@radix-ui%2freact-use-controllable-state cache-miss
89 http fetch GET 200 https://registry.npmjs.org/@radix-ui%2freact-portal 177ms (cache miss)
90 silly packumentCache full:https://registry.npmjs.org/@radix-ui%2freact-portal set size:undefined disposed:false
91 silly fetch manifest @radix-ui/react-use-layout-effect@1.1.0
92 silly packumentCache full:https://registry.npmjs.org/@radix-ui%2freact-use-layout-effect cache-miss
93 http fetch GET 200 https://registry.npmjs.org/@radix-ui%2freact-popper 271ms (cache miss)
94 silly packumentCache full:https://registry.npmjs.org/@radix-ui%2freact-popper set size:undefined disposed:false
95 silly fetch manifest @radix-ui/react-use-previous@1.1.0
96 silly packumentCache full:https://registry.npmjs.org/@radix-ui%2freact-use-previous cache-miss
97 http fetch GET 200 https://registry.npmjs.org/@radix-ui%2freact-use-controllable-state 193ms (cache miss)
98 silly packumentCache full:https://registry.npmjs.org/@radix-ui%2freact-use-controllable-state set size:undefined disposed:false
99 silly fetch manifest @radix-ui/react-visually-hidden@1.1.0
100 silly packumentCache full:https://registry.npmjs.org/@radix-ui%2freact-visually-hidden cache-miss
101 http fetch GET 200 https://registry.npmjs.org/@radix-ui%2freact-use-layout-effect 182ms (cache miss)
102 silly packumentCache full:https://registry.npmjs.org/@radix-ui%2freact-use-layout-effect set size:undefined disposed:false
103 silly fetch manifest aria-hidden@^1.1.1
104 silly packumentCache full:https://registry.npmjs.org/aria-hidden cache-miss
105 http fetch GET 200 https://registry.npmjs.org/@radix-ui%2freact-use-previous 173ms (cache miss)
106 silly packumentCache full:https://registry.npmjs.org/@radix-ui%2freact-use-previous set size:undefined disposed:false
107 silly fetch manifest react-remove-scroll@2.6.0
108 silly packumentCache full:https://registry.npmjs.org/react-remove-scroll cache-miss
109 http fetch GET 200 https://registry.npmjs.org/@radix-ui%2freact-primitive 349ms (cache miss)
110 silly packumentCache full:https://registry.npmjs.org/@radix-ui%2freact-primitive set size:undefined disposed:false
111 http fetch GET 200 https://registry.npmjs.org/@radix-ui%2freact-use-callback-ref 352ms (cache miss)
112 silly packumentCache full:https://registry.npmjs.org/@radix-ui%2freact-use-callback-ref set size:undefined disposed:false
113 http fetch GET 200 https://registry.npmjs.org/aria-hidden 139ms (cache miss)
114 silly packumentCache full:https://registry.npmjs.org/aria-hidden set size:undefined disposed:false
115 http fetch GET 200 https://registry.npmjs.org/@radix-ui%2freact-focus-scope 789ms (cache miss)
116 silly packumentCache full:https://registry.npmjs.org/@radix-ui%2freact-focus-scope set size:undefined disposed:false
117 http fetch GET 200 https://registry.npmjs.org/react-remove-scroll 243ms (cache miss)
118 silly packumentCache full:https://registry.npmjs.org/react-remove-scroll set size:undefined disposed:false
119 http fetch GET 200 https://registry.npmjs.org/@radix-ui%2freact-collection 1241ms (cache miss)
120 silly packumentCache full:https://registry.npmjs.org/@radix-ui%2freact-collection set size:undefined disposed:false
121 http fetch GET 200 https://registry.npmjs.org/@radix-ui%2freact-visually-hidden 350ms (cache miss)
122 silly packumentCache full:https://registry.npmjs.org/@radix-ui%2freact-visually-hidden set size:undefined disposed:false
123 silly fetch manifest @types/react@*
124 silly packumentCache full:https://registry.npmjs.org/@types%2freact cache-miss
125 http fetch GET 200 https://registry.npmjs.org/@types%2freact 12ms (cache hit)
126 silly packumentCache full:https://registry.npmjs.org/@types%2freact set size:2224167 disposed:false
127 silly fetch manifest @types/react-dom@*
128 silly packumentCache full:https://registry.npmjs.org/@types%2freact-dom cache-miss
129 http fetch GET 200 https://registry.npmjs.org/@types%2freact-dom 7ms (cache hit)
130 silly packumentCache full:https://registry.npmjs.org/@types%2freact-dom set size:350546 disposed:false
131 silly fetch manifest react@^16.8 || ^17.0 || ^18.0 || ^19.0 || ^19.0.0-rc
132 silly packumentCache full:https://registry.npmjs.org/react cache-miss
133 http fetch GET 200 https://registry.npmjs.org/react 26ms (cache hit)
134 silly packumentCache full:https://registry.npmjs.org/react set size:5187790 disposed:false
135 silly fetch manifest react-dom@^16.8 || ^17.0 || ^18.0 || ^19.0 || ^19.0.0-rc
136 silly packumentCache full:https://registry.npmjs.org/react-dom cache-miss
137 http fetch GET 200 https://registry.npmjs.org/react-dom 20ms (cache hit)
138 silly packumentCache full:https://registry.npmjs.org/react-dom set size:6369154 disposed:false
139 silly placeDep ROOT @radix-ui/number@1.1.0 OK for: @radix-ui/react-select@2.1.2 want: 1.1.0
140 silly placeDep ROOT @radix-ui/primitive@1.1.0 OK for: @radix-ui/react-select@2.1.2 want: 1.1.0
141 silly placeDep ROOT @radix-ui/react-collection@1.1.0 OK for: @radix-ui/react-select@2.1.2 want: 1.1.0
142 silly placeDep ROOT @radix-ui/react-context@1.1.1 OK for: @radix-ui/react-select@2.1.2 want: 1.1.1
143 silly placeDep ROOT @radix-ui/react-direction@1.1.0 OK for: @radix-ui/react-select@2.1.2 want: 1.1.0
144 silly placeDep ROOT @radix-ui/react-dismissable-layer@1.1.1 OK for: @radix-ui/react-select@2.1.2 want: 1.1.1
145 silly placeDep ROOT @radix-ui/react-focus-guards@1.1.1 OK for: @radix-ui/react-select@2.1.2 want: 1.1.1
146 silly placeDep ROOT @radix-ui/react-focus-scope@1.1.0 OK for: @radix-ui/react-select@2.1.2 want: 1.1.0
147 silly placeDep ROOT @radix-ui/react-id@1.1.0 OK for: @radix-ui/react-select@2.1.2 want: 1.1.0
148 silly placeDep ROOT @radix-ui/react-popper@1.2.0 OK for: @radix-ui/react-select@2.1.2 want: 1.2.0
149 silly placeDep ROOT @radix-ui/react-portal@1.1.2 OK for: @radix-ui/react-select@2.1.2 want: 1.1.2
150 silly placeDep ROOT @radix-ui/react-primitive@2.0.0 OK for: @radix-ui/react-select@2.1.2 want: 2.0.0
151 silly placeDep ROOT @radix-ui/react-use-callback-ref@1.1.0 OK for: @radix-ui/react-select@2.1.2 want: 1.1.0
152 silly placeDep ROOT @radix-ui/react-use-controllable-state@1.1.0 OK for: @radix-ui/react-select@2.1.2 want: 1.1.0
153 silly placeDep ROOT @radix-ui/react-use-layout-effect@1.1.0 OK for: @radix-ui/react-select@2.1.2 want: 1.1.0
154 silly placeDep ROOT @radix-ui/react-use-previous@1.1.0 OK for: @radix-ui/react-select@2.1.2 want: 1.1.0
155 silly placeDep ROOT @radix-ui/react-visually-hidden@1.1.0 OK for: @radix-ui/react-select@2.1.2 want: 1.1.0
156 silly placeDep ROOT aria-hidden@1.2.4 OK for: @radix-ui/react-select@2.1.2 want: ^1.1.1
157 silly placeDep node_modules/@radix-ui/react-select react-remove-scroll@2.6.0 CONFLICT for: @radix-ui/react-select@2.1.2 want: 2.6.0
158 warn ERESOLVE overriding peer dependency {
158 warn ERESOLVE   code: 'ERESOLVE',
158 warn ERESOLVE   edge: {
158 warn ERESOLVE     type: 'peer',
158 warn ERESOLVE     name: 'react',
158 warn ERESOLVE     spec: '^16.8.0 || ^17.0.0 || ^18.0.0',
158 warn ERESOLVE     error: 'INVALID',
158 warn ERESOLVE     from: {
158 warn ERESOLVE       name: 'react-remove-scroll',
158 warn ERESOLVE       version: '2.6.0',
158 warn ERESOLVE       location: 'node_modules/@radix-ui/react-select/node_modules/react-remove-scroll',
158 warn ERESOLVE       isWorkspace: false,
158 warn ERESOLVE       dependents: [Array]
158 warn ERESOLVE     }
158 warn ERESOLVE   },
158 warn ERESOLVE   dep: {
158 warn ERESOLVE     name: 'react',
158 warn ERESOLVE     version: '18.3.1',
158 warn ERESOLVE     whileInstalling: {
158 warn ERESOLVE       name: '@radix-ui/react-select',
158 warn ERESOLVE       version: '2.1.2',
158 warn ERESOLVE       path: 'C:\\Users\\saadr\\Desktop\\DevOps-Hub\\devopshub\\node_modules\\@radix-ui\\react-select'
158 warn ERESOLVE     },
158 warn ERESOLVE     location: 'node_modules/react',
158 warn ERESOLVE     isWorkspace: false,
158 warn ERESOLVE     dependents: [ [Object] ]
158 warn ERESOLVE   },
158 warn ERESOLVE   force: true,
158 warn ERESOLVE   isMine: false,
158 warn ERESOLVE   strictPeerDeps: false,
158 warn ERESOLVE   current: {
158 warn ERESOLVE     name: 'react',
158 warn ERESOLVE     version: '19.0.0-rc-66855b96-20241106',
158 warn ERESOLVE     location: 'node_modules/react',
158 warn ERESOLVE     isWorkspace: false,
158 warn ERESOLVE     dependents: [ [Object] ]
158 warn ERESOLVE   },
158 warn ERESOLVE   peerConflict: {
158 warn ERESOLVE     name: 'react',
158 warn ERESOLVE     version: '19.0.0-rc-66855b96-20241106',
158 warn ERESOLVE     location: 'node_modules/react',
158 warn ERESOLVE     isWorkspace: false,
158 warn ERESOLVE     dependents: [ [Object] ]
158 warn ERESOLVE   }
158 warn ERESOLVE }
159 silly fetch manifest @radix-ui/react-context@1.1.0
160 silly packumentCache full:https://registry.npmjs.org/@radix-ui%2freact-context cache-miss
161 silly fetch manifest @radix-ui/react-use-escape-keydown@1.1.0
162 silly packumentCache full:https://registry.npmjs.org/@radix-ui%2freact-use-escape-keydown cache-miss
163 silly fetch manifest @radix-ui/rect@1.1.0
164 silly packumentCache full:https://registry.npmjs.org/@radix-ui%2frect cache-miss
165 silly fetch manifest @radix-ui/react-arrow@1.1.0
166 silly packumentCache full:https://registry.npmjs.org/@radix-ui%2freact-arrow cache-miss
167 silly fetch manifest @floating-ui/react-dom@^2.0.0
168 silly packumentCache full:https://registry.npmjs.org/@floating-ui%2freact-dom cache-miss
169 silly fetch manifest @radix-ui/react-context@1.1.0
170 silly packumentCache full:https://registry.npmjs.org/@radix-ui%2freact-context cache-miss
171 silly fetch manifest @radix-ui/react-use-rect@1.1.0
172 silly packumentCache full:https://registry.npmjs.org/@radix-ui%2freact-use-rect cache-miss
173 http fetch GET 200 https://registry.npmjs.org/@radix-ui%2freact-context 32ms (cache hit)
174 silly packumentCache full:https://registry.npmjs.org/@radix-ui%2freact-context set size:208057 disposed:false
175 silly fetch manifest @radix-ui/react-use-size@1.1.0
176 silly packumentCache full:https://registry.npmjs.org/@radix-ui%2freact-use-size cache-miss
177 http fetch GET 200 https://registry.npmjs.org/@radix-ui%2freact-context 35ms (cache hit)
178 silly packumentCache full:https://registry.npmjs.org/@radix-ui%2freact-context set size:208057 disposed:false
179 silly packumentCache full:https://registry.npmjs.org/@radix-ui%2freact-context dispose
180 silly fetch manifest react@^16.8.0 || ^17.0.0 || ^18.0.0
181 silly packumentCache full:https://registry.npmjs.org/react cache-miss
182 http fetch GET 200 https://registry.npmjs.org/react 18ms (cache hit)
183 silly packumentCache full:https://registry.npmjs.org/react set size:5187790 disposed:false
184 silly fetch manifest react-remove-scroll-bar@^2.3.6
185 silly packumentCache full:https://registry.npmjs.org/react-remove-scroll-bar cache-miss
186 http fetch GET 200 https://registry.npmjs.org/@radix-ui%2freact-arrow 194ms (cache miss)
187 silly packumentCache full:https://registry.npmjs.org/@radix-ui%2freact-arrow set size:undefined disposed:false
188 silly fetch manifest react-style-singleton@^2.2.1
189 silly packumentCache full:https://registry.npmjs.org/react-style-singleton cache-miss
190 http fetch GET 200 https://registry.npmjs.org/@radix-ui%2freact-use-escape-keydown 207ms (cache miss)
191 silly packumentCache full:https://registry.npmjs.org/@radix-ui%2freact-use-escape-keydown set size:undefined disposed:false
192 silly fetch manifest use-callback-ref@^1.3.0
193 silly packumentCache full:https://registry.npmjs.org/use-callback-ref cache-miss
194 http fetch GET 200 https://registry.npmjs.org/@floating-ui%2freact-dom 213ms (cache miss)
195 silly packumentCache full:https://registry.npmjs.org/@floating-ui%2freact-dom set size:undefined disposed:false
196 silly fetch manifest use-sidecar@^1.1.2
197 silly packumentCache full:https://registry.npmjs.org/use-sidecar cache-miss
198 http fetch GET 200 https://registry.npmjs.org/react-remove-scroll-bar 165ms (cache miss)
199 silly packumentCache full:https://registry.npmjs.org/react-remove-scroll-bar set size:undefined disposed:false
200 http fetch GET 200 https://registry.npmjs.org/@radix-ui%2freact-use-size 225ms (cache miss)
201 silly packumentCache full:https://registry.npmjs.org/@radix-ui%2freact-use-size set size:undefined disposed:false
202 http fetch GET 200 https://registry.npmjs.org/use-callback-ref 140ms (cache miss)
203 silly packumentCache full:https://registry.npmjs.org/use-callback-ref set size:undefined disposed:false
204 http fetch GET 200 https://registry.npmjs.org/@radix-ui%2frect 354ms (cache miss)
205 silly packumentCache full:https://registry.npmjs.org/@radix-ui%2frect set size:undefined disposed:false
206 http fetch GET 200 https://registry.npmjs.org/react-style-singleton 159ms (cache miss)
207 silly packumentCache full:https://registry.npmjs.org/react-style-singleton set size:undefined disposed:false
208 http fetch GET 200 https://registry.npmjs.org/use-sidecar 149ms (cache miss)
209 silly packumentCache full:https://registry.npmjs.org/use-sidecar set size:undefined disposed:false
210 http fetch GET 200 https://registry.npmjs.org/@radix-ui%2freact-use-rect 407ms (cache miss)
211 silly packumentCache full:https://registry.npmjs.org/@radix-ui%2freact-use-rect set size:undefined disposed:false
212 silly placeDep node_modules/@radix-ui/react-collection @radix-ui/react-context@1.1.0 OK for: @radix-ui/react-collection@1.1.0 want: 1.1.0
213 silly placeDep ROOT @radix-ui/react-use-escape-keydown@1.1.0 OK for: @radix-ui/react-dismissable-layer@1.1.1 want: 1.1.0
214 silly placeDep node_modules/@radix-ui/react-popper @floating-ui/react-dom@2.1.2 CONFLICT for: @radix-ui/react-popper@1.2.0 want: ^2.0.0
215 warn ERESOLVE overriding peer dependency {
215 warn ERESOLVE   code: 'ERESOLVE',
215 warn ERESOLVE   edge: {
215 warn ERESOLVE     type: 'peer',
215 warn ERESOLVE     name: 'react',
215 warn ERESOLVE     spec: '>=16.8.0',
215 warn ERESOLVE     error: 'INVALID',
215 warn ERESOLVE     from: {
215 warn ERESOLVE       name: '@floating-ui/react-dom',
215 warn ERESOLVE       version: '2.1.2',
215 warn ERESOLVE       location: 'node_modules/@radix-ui/react-popper/node_modules/@floating-ui/react-dom',
215 warn ERESOLVE       isWorkspace: false,
215 warn ERESOLVE       dependents: [Array]
215 warn ERESOLVE     }
215 warn ERESOLVE   },
215 warn ERESOLVE   dep: {
215 warn ERESOLVE     name: 'react',
215 warn ERESOLVE     version: '18.3.1',
215 warn ERESOLVE     whileInstalling: {
215 warn ERESOLVE       name: '@radix-ui/react-popper',
215 warn ERESOLVE       version: '1.2.0',
215 warn ERESOLVE       path: 'C:\\Users\\saadr\\Desktop\\DevOps-Hub\\devopshub\\node_modules\\@radix-ui\\react-popper'
215 warn ERESOLVE     },
215 warn ERESOLVE     location: 'node_modules/react',
215 warn ERESOLVE     isWorkspace: false,
215 warn ERESOLVE     dependents: [ [Object] ]
215 warn ERESOLVE   },
215 warn ERESOLVE   force: true,
215 warn ERESOLVE   isMine: false,
215 warn ERESOLVE   strictPeerDeps: false,
215 warn ERESOLVE   current: {
215 warn ERESOLVE     name: 'react',
215 warn ERESOLVE     version: '19.0.0-rc-66855b96-20241106',
215 warn ERESOLVE     location: 'node_modules/react',
215 warn ERESOLVE     isWorkspace: false,
215 warn ERESOLVE     dependents: [ [Object] ]
215 warn ERESOLVE   },
215 warn ERESOLVE   peerConflict: {
215 warn ERESOLVE     name: 'react',
215 warn ERESOLVE     version: '19.0.0-rc-66855b96-20241106',
215 warn ERESOLVE     location: 'node_modules/react',
215 warn ERESOLVE     isWorkspace: false,
215 warn ERESOLVE     dependents: [ [Object] ]
215 warn ERESOLVE   }
215 warn ERESOLVE }
216 warn ERESOLVE overriding peer dependency {
216 warn ERESOLVE   code: 'ERESOLVE',
216 warn ERESOLVE   edge: {
216 warn ERESOLVE     type: 'peer',
216 warn ERESOLVE     name: 'react-dom',
216 warn ERESOLVE     spec: '>=16.8.0',
216 warn ERESOLVE     error: 'INVALID',
216 warn ERESOLVE     from: {
216 warn ERESOLVE       name: '@floating-ui/react-dom',
216 warn ERESOLVE       version: '2.1.2',
216 warn ERESOLVE       location: 'node_modules/@radix-ui/react-popper/node_modules/@floating-ui/react-dom',
216 warn ERESOLVE       isWorkspace: false,
216 warn ERESOLVE       dependents: [Array]
216 warn ERESOLVE     }
216 warn ERESOLVE   },
216 warn ERESOLVE   dep: {
216 warn ERESOLVE     name: 'react-dom',
216 warn ERESOLVE     version: '18.3.1',
216 warn ERESOLVE     whileInstalling: {
216 warn ERESOLVE       name: '@radix-ui/react-popper',
216 warn ERESOLVE       version: '1.2.0',
216 warn ERESOLVE       path: 'C:\\Users\\saadr\\Desktop\\DevOps-Hub\\devopshub\\node_modules\\@radix-ui\\react-popper'
216 warn ERESOLVE     },
216 warn ERESOLVE     location: 'node_modules/react-dom',
216 warn ERESOLVE     isWorkspace: false,
216 warn ERESOLVE     dependents: [ [Object] ]
216 warn ERESOLVE   },
216 warn ERESOLVE   force: true,
216 warn ERESOLVE   isMine: false,
216 warn ERESOLVE   strictPeerDeps: false,
216 warn ERESOLVE   current: {
216 warn ERESOLVE     name: 'react-dom',
216 warn ERESOLVE     version: '19.0.0-rc-66855b96-20241106',
216 warn ERESOLVE     location: 'node_modules/react-dom',
216 warn ERESOLVE     isWorkspace: false,
216 warn ERESOLVE     dependents: [ [Object] ]
216 warn ERESOLVE   },
216 warn ERESOLVE   peerConflict: {
216 warn ERESOLVE     name: 'react-dom',
216 warn ERESOLVE     version: '19.0.0-rc-66855b96-20241106',
216 warn ERESOLVE     location: 'node_modules/react-dom',
216 warn ERESOLVE     isWorkspace: false,
216 warn ERESOLVE     dependents: [ [Object] ]
216 warn ERESOLVE   }
216 warn ERESOLVE }
217 silly placeDep ROOT @radix-ui/react-arrow@1.1.0 OK for: @radix-ui/react-popper@1.2.0 want: 1.1.0
218 silly placeDep node_modules/@radix-ui/react-popper @radix-ui/react-context@1.1.0 OK for: @radix-ui/react-popper@1.2.0 want: 1.1.0
219 silly placeDep ROOT @radix-ui/react-use-rect@1.1.0 OK for: @radix-ui/react-popper@1.2.0 want: 1.1.0
220 silly placeDep ROOT @radix-ui/react-use-size@1.1.0 OK for: @radix-ui/react-popper@1.2.0 want: 1.1.0
221 silly placeDep ROOT @radix-ui/rect@1.1.0 OK for: @radix-ui/react-popper@1.2.0 want: 1.1.0
222 silly fetch manifest react@>=16.8.0
223 silly packumentCache full:https://registry.npmjs.org/react cache-miss
224 silly fetch manifest react-dom@>=16.8.0
225 silly packumentCache full:https://registry.npmjs.org/react-dom cache-miss
226 silly fetch manifest @floating-ui/dom@^1.0.0
227 silly packumentCache full:https://registry.npmjs.org/@floating-ui%2fdom cache-miss
228 http fetch GET 200 https://registry.npmjs.org/react-dom 24ms (cache hit)
229 silly packumentCache full:https://registry.npmjs.org/react-dom set size:6369154 disposed:false
230 http fetch GET 200 https://registry.npmjs.org/react 99ms (cache hit)
231 silly packumentCache full:https://registry.npmjs.org/react set size:5187790 disposed:false
232 http fetch GET 200 https://registry.npmjs.org/@floating-ui%2fdom 182ms (cache miss)
233 silly packumentCache full:https://registry.npmjs.org/@floating-ui%2fdom set size:undefined disposed:false
234 silly placeDep ROOT @floating-ui/dom@1.6.12 OK for: @floating-ui/react-dom@2.1.2 want: ^1.0.0
235 silly fetch manifest @floating-ui/core@^1.6.0
236 silly packumentCache full:https://registry.npmjs.org/@floating-ui%2fcore cache-miss
237 silly fetch manifest @floating-ui/utils@^0.2.8
238 silly packumentCache full:https://registry.npmjs.org/@floating-ui%2futils cache-miss
239 http fetch GET 200 https://registry.npmjs.org/@floating-ui%2futils 174ms (cache miss)
240 silly packumentCache full:https://registry.npmjs.org/@floating-ui%2futils set size:undefined disposed:false
241 http fetch GET 200 https://registry.npmjs.org/@floating-ui%2fcore 193ms (cache miss)
242 silly packumentCache full:https://registry.npmjs.org/@floating-ui%2fcore set size:undefined disposed:false
243 silly placeDep ROOT @floating-ui/core@1.6.8 OK for: @floating-ui/dom@1.6.12 want: ^1.6.0
244 silly placeDep ROOT @floating-ui/utils@0.2.8 OK for: @floating-ui/dom@1.6.12 want: ^0.2.8
245 silly fetch manifest @types/react@^16.8.0 || ^17.0.0 || ^18.0.0
246 silly packumentCache full:https://registry.npmjs.org/@types%2freact cache-miss
247 http fetch GET 200 https://registry.npmjs.org/@types%2freact 11ms (cache hit)
248 silly packumentCache full:https://registry.npmjs.org/@types%2freact set size:2224167 disposed:false
249 silly placeDep node_modules/@radix-ui/react-select/node_modules/react-remove-scroll react-remove-scroll-bar@2.3.6 CONFLICT for: react-remove-scroll@2.6.0 want: ^2.3.6
250 warn ERESOLVE overriding peer dependency {
250 warn ERESOLVE   code: 'ERESOLVE',
250 warn ERESOLVE   edge: {
250 warn ERESOLVE     type: 'peer',
250 warn ERESOLVE     name: 'react',
250 warn ERESOLVE     spec: '^16.8.0 || ^17.0.0 || ^18.0.0',
250 warn ERESOLVE     error: 'INVALID',
250 warn ERESOLVE     from: {
250 warn ERESOLVE       name: 'react-remove-scroll-bar',
250 warn ERESOLVE       version: '2.3.6',
250 warn ERESOLVE       location: 'node_modules/@radix-ui/react-select/node_modules/react-remove-scroll/node_modules/react-remove-scroll-bar',
250 warn ERESOLVE       isWorkspace: false,
250 warn ERESOLVE       dependents: [Array]
250 warn ERESOLVE     }
250 warn ERESOLVE   },
250 warn ERESOLVE   dep: {
250 warn ERESOLVE     name: 'react',
250 warn ERESOLVE     version: '18.3.1',
250 warn ERESOLVE     whileInstalling: {
250 warn ERESOLVE       name: 'react-remove-scroll',
250 warn ERESOLVE       version: '2.6.0',
250 warn ERESOLVE       path: 'C:\\Users\\saadr\\Desktop\\DevOps-Hub\\devopshub\\node_modules\\@radix-ui\\react-select\\node_modules\\react-remove-scroll'
250 warn ERESOLVE     },
250 warn ERESOLVE     location: 'node_modules/react',
250 warn ERESOLVE     isWorkspace: false,
250 warn ERESOLVE     dependents: [ [Object] ]
250 warn ERESOLVE   },
250 warn ERESOLVE   force: true,
250 warn ERESOLVE   isMine: false,
250 warn ERESOLVE   strictPeerDeps: false,
250 warn ERESOLVE   current: {
250 warn ERESOLVE     name: 'react',
250 warn ERESOLVE     version: '19.0.0-rc-66855b96-20241106',
250 warn ERESOLVE     location: 'node_modules/react',
250 warn ERESOLVE     isWorkspace: false,
250 warn ERESOLVE     dependents: [ [Object] ]
250 warn ERESOLVE   },
250 warn ERESOLVE   peerConflict: {
250 warn ERESOLVE     name: 'react',
250 warn ERESOLVE     version: '19.0.0-rc-66855b96-20241106',
250 warn ERESOLVE     location: 'node_modules/react',
250 warn ERESOLVE     isWorkspace: false,
250 warn ERESOLVE     dependents: [ [Object] ]
250 warn ERESOLVE   }
250 warn ERESOLVE }
251 silly placeDep node_modules/@radix-ui/react-select/node_modules/react-remove-scroll react-style-singleton@2.2.1 CONFLICT for: react-remove-scroll@2.6.0 want: ^2.2.1
252 warn ERESOLVE overriding peer dependency {
252 warn ERESOLVE   code: 'ERESOLVE',
252 warn ERESOLVE   edge: {
252 warn ERESOLVE     type: 'peer',
252 warn ERESOLVE     name: 'react',
252 warn ERESOLVE     spec: '^16.8.0 || ^17.0.0 || ^18.0.0',
252 warn ERESOLVE     error: 'INVALID',
252 warn ERESOLVE     from: {
252 warn ERESOLVE       name: 'react-style-singleton',
252 warn ERESOLVE       version: '2.2.1',
252 warn ERESOLVE       location: 'node_modules/@radix-ui/react-select/node_modules/react-remove-scroll/node_modules/react-style-singleton',
252 warn ERESOLVE       isWorkspace: false,
252 warn ERESOLVE       dependents: [Array]
252 warn ERESOLVE     }
252 warn ERESOLVE   },
252 warn ERESOLVE   dep: {
252 warn ERESOLVE     name: 'react',
252 warn ERESOLVE     version: '18.3.1',
252 warn ERESOLVE     whileInstalling: {
252 warn ERESOLVE       name: 'react-remove-scroll',
252 warn ERESOLVE       version: '2.6.0',
252 warn ERESOLVE       path: 'C:\\Users\\saadr\\Desktop\\DevOps-Hub\\devopshub\\node_modules\\@radix-ui\\react-select\\node_modules\\react-remove-scroll'
252 warn ERESOLVE     },
252 warn ERESOLVE     location: 'node_modules/react',
252 warn ERESOLVE     isWorkspace: false,
252 warn ERESOLVE     dependents: [ [Object] ]
252 warn ERESOLVE   },
252 warn ERESOLVE   force: true,
252 warn ERESOLVE   isMine: false,
252 warn ERESOLVE   strictPeerDeps: false,
252 warn ERESOLVE   current: {
252 warn ERESOLVE     name: 'react',
252 warn ERESOLVE     version: '19.0.0-rc-66855b96-20241106',
252 warn ERESOLVE     location: 'node_modules/react',
252 warn ERESOLVE     isWorkspace: false,
252 warn ERESOLVE     dependents: [ [Object] ]
252 warn ERESOLVE   },
252 warn ERESOLVE   peerConflict: {
252 warn ERESOLVE     name: 'react',
252 warn ERESOLVE     version: '19.0.0-rc-66855b96-20241106',
252 warn ERESOLVE     location: 'node_modules/react',
252 warn ERESOLVE     isWorkspace: false,
252 warn ERESOLVE     dependents: [ [Object] ]
252 warn ERESOLVE   }
252 warn ERESOLVE }
253 silly placeDep node_modules/@radix-ui/react-select/node_modules/react-remove-scroll use-callback-ref@1.3.2 CONFLICT for: react-remove-scroll@2.6.0 want: ^1.3.0
254 warn ERESOLVE overriding peer dependency {
254 warn ERESOLVE   code: 'ERESOLVE',
254 warn ERESOLVE   edge: {
254 warn ERESOLVE     type: 'peer',
254 warn ERESOLVE     name: 'react',
254 warn ERESOLVE     spec: '^16.8.0 || ^17.0.0 || ^18.0.0',
254 warn ERESOLVE     error: 'INVALID',
254 warn ERESOLVE     from: {
254 warn ERESOLVE       name: 'use-callback-ref',
254 warn ERESOLVE       version: '1.3.2',
254 warn ERESOLVE       location: 'node_modules/@radix-ui/react-select/node_modules/react-remove-scroll/node_modules/use-callback-ref',
254 warn ERESOLVE       isWorkspace: false,
254 warn ERESOLVE       dependents: [Array]
254 warn ERESOLVE     }
254 warn ERESOLVE   },
254 warn ERESOLVE   dep: {
254 warn ERESOLVE     name: 'react',
254 warn ERESOLVE     version: '18.3.1',
254 warn ERESOLVE     whileInstalling: {
254 warn ERESOLVE       name: 'react-remove-scroll',
254 warn ERESOLVE       version: '2.6.0',
254 warn ERESOLVE       path: 'C:\\Users\\saadr\\Desktop\\DevOps-Hub\\devopshub\\node_modules\\@radix-ui\\react-select\\node_modules\\react-remove-scroll'
254 warn ERESOLVE     },
254 warn ERESOLVE     location: 'node_modules/react',
254 warn ERESOLVE     isWorkspace: false,
254 warn ERESOLVE     dependents: [ [Object] ]
254 warn ERESOLVE   },
254 warn ERESOLVE   force: true,
254 warn ERESOLVE   isMine: false,
254 warn ERESOLVE   strictPeerDeps: false,
254 warn ERESOLVE   current: {
254 warn ERESOLVE     name: 'react',
254 warn ERESOLVE     version: '19.0.0-rc-66855b96-20241106',
254 warn ERESOLVE     location: 'node_modules/react',
254 warn ERESOLVE     isWorkspace: false,
254 warn ERESOLVE     dependents: [ [Object] ]
254 warn ERESOLVE   },
254 warn ERESOLVE   peerConflict: {
254 warn ERESOLVE     name: 'react',
254 warn ERESOLVE     version: '19.0.0-rc-66855b96-20241106',
254 warn ERESOLVE     location: 'node_modules/react',
254 warn ERESOLVE     isWorkspace: false,
254 warn ERESOLVE     dependents: [ [Object] ]
254 warn ERESOLVE   }
254 warn ERESOLVE }
255 silly placeDep node_modules/@radix-ui/react-select/node_modules/react-remove-scroll use-sidecar@1.1.2 CONFLICT for: react-remove-scroll@2.6.0 want: ^1.1.2
256 warn ERESOLVE overriding peer dependency {
256 warn ERESOLVE   code: 'ERESOLVE',
256 warn ERESOLVE   edge: {
256 warn ERESOLVE     type: 'peer',
256 warn ERESOLVE     name: 'react',
256 warn ERESOLVE     spec: '^16.8.0 || ^17.0.0 || ^18.0.0',
256 warn ERESOLVE     error: 'INVALID',
256 warn ERESOLVE     from: {
256 warn ERESOLVE       name: 'use-sidecar',
256 warn ERESOLVE       version: '1.1.2',
256 warn ERESOLVE       location: 'node_modules/@radix-ui/react-select/node_modules/react-remove-scroll/node_modules/use-sidecar',
256 warn ERESOLVE       isWorkspace: false,
256 warn ERESOLVE       dependents: [Array]
256 warn ERESOLVE     }
256 warn ERESOLVE   },
256 warn ERESOLVE   dep: {
256 warn ERESOLVE     name: 'react',
256 warn ERESOLVE     version: '18.3.1',
256 warn ERESOLVE     whileInstalling: {
256 warn ERESOLVE       name: 'react-remove-scroll',
256 warn ERESOLVE       version: '2.6.0',
256 warn ERESOLVE       path: 'C:\\Users\\saadr\\Desktop\\DevOps-Hub\\devopshub\\node_modules\\@radix-ui\\react-select\\node_modules\\react-remove-scroll'
256 warn ERESOLVE     },
256 warn ERESOLVE     location: 'node_modules/react',
256 warn ERESOLVE     isWorkspace: false,
256 warn ERESOLVE     dependents: [ [Object] ]
256 warn ERESOLVE   },
256 warn ERESOLVE   force: true,
256 warn ERESOLVE   isMine: false,
256 warn ERESOLVE   strictPeerDeps: false,
256 warn ERESOLVE   current: {
256 warn ERESOLVE     name: 'react',
256 warn ERESOLVE     version: '19.0.0-rc-66855b96-20241106',
256 warn ERESOLVE     location: 'node_modules/react',
256 warn ERESOLVE     isWorkspace: false,
256 warn ERESOLVE     dependents: [ [Object] ]
256 warn ERESOLVE   },
256 warn ERESOLVE   peerConflict: {
256 warn ERESOLVE     name: 'react',
256 warn ERESOLVE     version: '19.0.0-rc-66855b96-20241106',
256 warn ERESOLVE     location: 'node_modules/react',
256 warn ERESOLVE     isWorkspace: false,
256 warn ERESOLVE     dependents: [ [Object] ]
256 warn ERESOLVE   }
256 warn ERESOLVE }
257 silly fetch manifest get-nonce@^1.0.0
258 silly packumentCache full:https://registry.npmjs.org/get-nonce cache-miss
259 silly fetch manifest invariant@^2.2.4
260 silly packumentCache full:https://registry.npmjs.org/invariant cache-miss
261 silly fetch manifest detect-node-es@^1.1.0
262 silly packumentCache full:https://registry.npmjs.org/detect-node-es cache-miss
263 http fetch GET 200 https://registry.npmjs.org/get-nonce 150ms (cache miss)
264 silly packumentCache full:https://registry.npmjs.org/get-nonce set size:undefined disposed:false
265 http fetch GET 200 https://registry.npmjs.org/detect-node-es 157ms (cache miss)
266 silly packumentCache full:https://registry.npmjs.org/detect-node-es set size:undefined disposed:false
267 http fetch GET 200 https://registry.npmjs.org/invariant 168ms (cache miss)
268 silly packumentCache full:https://registry.npmjs.org/invariant set size:undefined disposed:false
269 silly placeDep ROOT get-nonce@1.0.1 OK for: react-style-singleton@2.2.1 want: ^1.0.0
270 silly placeDep ROOT invariant@2.2.4 OK for: react-style-singleton@2.2.1 want: ^2.2.4
271 silly placeDep ROOT detect-node-es@1.1.0 OK for: use-sidecar@1.1.2 want: ^1.1.0
272 silly reify moves {}
273 silly audit bulk request {
273 silly audit   '@alloc/quick-lru': [ '5.2.0' ],
273 silly audit   '@emnapi/runtime': [ '1.3.1' ],
273 silly audit   '@eslint-community/eslint-utils': [ '4.4.1' ],
273 silly audit   '@eslint-community/regexpp': [ '4.12.1' ],
273 silly audit   '@eslint/eslintrc': [ '2.1.4' ],
273 silly audit   '@eslint/js': [ '8.57.1' ],
273 silly audit   '@humanwhocodes/config-array': [ '0.13.0' ],
273 silly audit   '@humanwhocodes/module-importer': [ '1.0.1' ],
273 silly audit   '@humanwhocodes/object-schema': [ '2.0.3' ],
273 silly audit   '@img/sharp-darwin-arm64': [ '0.33.5' ],
273 silly audit   '@img/sharp-darwin-x64': [ '0.33.5' ],
273 silly audit   '@img/sharp-libvips-darwin-arm64': [ '1.0.4' ],
273 silly audit   '@img/sharp-libvips-darwin-x64': [ '1.0.4' ],
273 silly audit   '@img/sharp-libvips-linux-arm': [ '1.0.5' ],
273 silly audit   '@img/sharp-libvips-linux-arm64': [ '1.0.4' ],
273 silly audit   '@img/sharp-libvips-linux-s390x': [ '1.0.4' ],
273 silly audit   '@img/sharp-libvips-linux-x64': [ '1.0.4' ],
273 silly audit   '@img/sharp-libvips-linuxmusl-arm64': [ '1.0.4' ],
273 silly audit   '@img/sharp-libvips-linuxmusl-x64': [ '1.0.4' ],
273 silly audit   '@img/sharp-linux-arm': [ '0.33.5' ],
273 silly audit   '@img/sharp-linux-arm64': [ '0.33.5' ],
273 silly audit   '@img/sharp-linux-s390x': [ '0.33.5' ],
273 silly audit   '@img/sharp-linux-x64': [ '0.33.5' ],
273 silly audit   '@img/sharp-linuxmusl-arm64': [ '0.33.5' ],
273 silly audit   '@img/sharp-linuxmusl-x64': [ '0.33.5' ],
273 silly audit   '@img/sharp-wasm32': [ '0.33.5' ],
273 silly audit   '@img/sharp-win32-ia32': [ '0.33.5' ],
273 silly audit   '@img/sharp-win32-x64': [ '0.33.5' ],
273 silly audit   '@isaacs/cliui': [ '8.0.2' ],
273 silly audit   'ansi-regex': [ '6.1.0', '5.0.1' ],
273 silly audit   'strip-ansi': [ '7.1.0', '6.0.1' ],
273 silly audit   '@jridgewell/gen-mapping': [ '0.3.5' ],
273 silly audit   '@jridgewell/resolve-uri': [ '3.1.2' ],
273 silly audit   '@jridgewell/set-array': [ '1.2.1' ],
273 silly audit   '@jridgewell/sourcemap-codec': [ '1.5.0' ],
273 silly audit   '@jridgewell/trace-mapping': [ '0.3.25' ],
273 silly audit   '@next/env': [ '15.0.3' ],
273 silly audit   '@next/eslint-plugin-next': [ '15.0.3' ],
273 silly audit   '@next/swc-darwin-arm64': [ '15.0.3' ],
273 silly audit   '@next/swc-darwin-x64': [ '15.0.3' ],
273 silly audit   '@next/swc-linux-arm64-gnu': [ '15.0.3' ],
273 silly audit   '@next/swc-linux-arm64-musl': [ '15.0.3' ],
273 silly audit   '@next/swc-linux-x64-gnu': [ '15.0.3' ],
273 silly audit   '@next/swc-linux-x64-musl': [ '15.0.3' ],
273 silly audit   '@next/swc-win32-arm64-msvc': [ '15.0.3' ],
273 silly audit   '@next/swc-win32-x64-msvc': [ '15.0.3' ],
273 silly audit   '@nodelib/fs.scandir': [ '2.1.5' ],
273 silly audit   '@nodelib/fs.stat': [ '2.0.5' ],
273 silly audit   '@nodelib/fs.walk': [ '1.2.8' ],
273 silly audit   '@nolyfill/is-core-module': [ '1.0.39' ],
273 silly audit   '@pkgjs/parseargs': [ '0.11.0' ],
273 silly audit   '@radix-ui/react-compose-refs': [ '1.1.0' ],
273 silly audit   '@rtsao/scc': [ '1.1.0' ],
273 silly audit   '@rushstack/eslint-patch': [ '1.10.4' ],
273 silly audit   '@swc/counter': [ '0.1.3' ],
273 silly audit   '@swc/helpers': [ '0.5.13' ],
273 silly audit   '@types/json5': [ '0.0.29' ],
273 silly audit   '@types/node': [ '20.17.9' ],
273 silly audit   '@types/prop-types': [ '15.7.13' ],
273 silly audit   '@types/react': [ '18.3.12' ],
273 silly audit   '@types/react-dom': [ '18.3.1' ],
273 silly audit   '@typescript-eslint/eslint-plugin': [ '8.16.0' ],
273 silly audit   '@typescript-eslint/parser': [ '8.16.0' ],
273 silly audit   '@typescript-eslint/scope-manager': [ '8.16.0' ],
273 silly audit   '@typescript-eslint/type-utils': [ '8.16.0' ],
273 silly audit   '@typescript-eslint/types': [ '8.16.0' ],
273 silly audit   '@typescript-eslint/typescript-estree': [ '8.16.0' ],
273 silly audit   'brace-expansion': [ '2.0.1', '1.1.11' ],
273 silly audit   'fast-glob': [ '3.3.2', '3.3.1' ],
273 silly audit   'glob-parent': [ '5.1.2', '6.0.2' ],
273 silly audit   minimatch: [ '9.0.5', '3.1.2' ],
273 silly audit   '@typescript-eslint/utils': [ '8.16.0' ],
273 silly audit   '@typescript-eslint/visitor-keys': [ '8.16.0' ],
273 silly audit   'eslint-visitor-keys': [ '4.2.0', '3.4.3' ],
273 silly audit   '@ungap/structured-clone': [ '1.2.0' ],
273 silly audit   acorn: [ '8.14.0' ],
273 silly audit   'acorn-jsx': [ '5.3.2' ],
273 silly audit   ajv: [ '6.12.6' ],
273 silly audit   'ansi-styles': [ '4.3.0', '6.2.1' ],
273 silly audit   'any-promise': [ '1.3.0' ],
273 silly audit   anymatch: [ '3.1.3' ],
273 silly audit   arg: [ '5.0.2' ],
273 silly audit   argparse: [ '2.0.1' ],
273 silly audit   'aria-query': [ '5.3.2' ],
273 silly audit   'array-buffer-byte-length': [ '1.0.1' ],
273 silly audit   'array-includes': [ '3.1.8' ],
273 silly audit   'array.prototype.findlast': [ '1.2.5' ],
273 silly audit   'array.prototype.findlastindex': [ '1.2.5' ],
273 silly audit   'array.prototype.flat': [ '1.3.2' ],
273 silly audit   'array.prototype.flatmap': [ '1.3.2' ],
273 silly audit   'array.prototype.tosorted': [ '1.1.4' ],
273 silly audit   'arraybuffer.prototype.slice': [ '1.0.3' ],
273 silly audit   'ast-types-flow': [ '0.0.8' ],
273 silly audit   'available-typed-arrays': [ '1.0.7' ],
273 silly audit   'axe-core': [ '4.10.2' ],
273 silly audit   'axobject-query': [ '4.1.0' ],
273 silly audit   'balanced-match': [ '1.0.2' ],
273 silly audit   'binary-extensions': [ '2.3.0' ],
273 silly audit   braces: [ '3.0.3' ],
273 silly audit   busboy: [ '1.6.0' ],
273 silly audit   'call-bind': [ '1.0.7' ],
273 silly audit   callsites: [ '3.1.0' ],
273 silly audit   'camelcase-css': [ '2.0.1' ],
273 silly audit   'caniuse-lite': [ '1.0.30001685' ],
273 silly audit   chalk: [ '4.1.2' ],
273 silly audit   chokidar: [ '3.6.0' ],
273 silly audit   'class-variance-authority': [ '0.7.1' ],
273 silly audit   'client-only': [ '0.0.1' ],
273 silly audit   clsx: [ '2.1.1' ],
273 silly audit   color: [ '4.2.3' ],
273 silly audit   'color-convert': [ '2.0.1' ],
273 silly audit   'color-name': [ '1.1.4' ],
273 silly audit   'color-string': [ '1.9.1' ],
273 silly audit   commander: [ '4.1.1' ],
273 silly audit   'concat-map': [ '0.0.1' ],
273 silly audit   'cross-spawn': [ '7.0.6' ],
273 silly audit   cssesc: [ '3.0.0' ],
273 silly audit   csstype: [ '3.1.3' ],
273 silly audit   'damerau-levenshtein': [ '1.0.8' ],
273 silly audit   'data-view-buffer': [ '1.0.1' ],
273 silly audit   'data-view-byte-length': [ '1.0.1' ],
273 silly audit   'data-view-byte-offset': [ '1.0.0' ],
273 silly audit   debug: [ '4.3.7', '3.2.7' ],
273 silly audit   'deep-is': [ '0.1.4' ],
273 silly audit   'define-data-property': [ '1.1.4' ],
273 silly audit   'define-properties': [ '1.2.1' ],
273 silly audit   'detect-libc': [ '2.0.3' ],
273 silly audit   didyoumean: [ '1.2.2' ],
273 silly audit   dlv: [ '1.1.3' ],
273 silly audit   doctrine: [ '3.0.0', '2.1.0' ],
273 silly audit   eastasianwidth: [ '0.2.0' ],
273 silly audit   'emoji-regex': [ '9.2.2', '8.0.0' ],
273 silly audit   'enhanced-resolve': [ '5.17.1' ],
273 silly audit   'es-abstract': [ '1.23.5' ],
273 silly audit   'es-define-property': [ '1.0.0' ],
273 silly audit   'es-errors': [ '1.3.0' ],
273 silly audit   'es-iterator-helpers': [ '1.2.0' ],
273 silly audit   'es-object-atoms': [ '1.0.0' ],
273 silly audit   'es-set-tostringtag': [ '2.0.3' ],
273 silly audit   'es-shim-unscopables': [ '1.0.2' ],
273 silly audit   'es-to-primitive': [ '1.3.0' ],
273 silly audit   'escape-string-regexp': [ '4.0.0' ],
273 silly audit   eslint: [ '8.57.1' ],
273 silly audit   'eslint-config-next': [ '15.0.3' ],
273 silly audit   'eslint-import-resolver-node': [ '0.3.9' ],
273 silly audit   'eslint-import-resolver-typescript': [ '3.6.3' ],
273 silly audit   'eslint-module-utils': [ '2.12.0' ],
273 silly audit   'eslint-plugin-import': [ '2.31.0' ],
273 silly audit   semver: [ '6.3.1', '7.6.3' ],
273 silly audit   'eslint-plugin-jsx-a11y': [ '6.10.2' ],
273 silly audit   'eslint-plugin-react': [ '7.37.2' ],
273 silly audit   'eslint-plugin-react-hooks': [ '5.0.0' ],
273 silly audit   resolve: [ '2.0.0-next.5', '1.22.8' ],
273 silly audit   'eslint-scope': [ '7.2.2' ],
273 silly audit   espree: [ '9.6.1' ],
273 silly audit   esquery: [ '1.6.0' ],
273 silly audit   esrecurse: [ '4.3.0' ],
273 silly audit   estraverse: [ '5.3.0' ],
273 silly audit   esutils: [ '2.0.3' ],
273 silly audit   'fast-deep-equal': [ '3.1.3' ],
273 silly audit   'fast-json-stable-stringify': [ '2.1.0' ],
273 silly audit   'fast-levenshtein': [ '2.0.6' ],
273 silly audit   fastq: [ '1.17.1' ],
273 silly audit   'file-entry-cache': [ '6.0.1' ],
273 silly audit   'fill-range': [ '7.1.1' ],
273 silly audit   'find-up': [ '5.0.0' ],
273 silly audit   'flat-cache': [ '3.2.0' ],
273 silly audit   flatted: [ '3.3.2' ],
273 silly audit   'for-each': [ '0.3.3' ],
273 silly audit   'foreground-child': [ '3.3.0' ],
273 silly audit   'fs.realpath': [ '1.0.0' ],
273 silly audit   fsevents: [ '2.3.3' ],
273 silly audit   'function-bind': [ '1.1.2' ],
273 silly audit   'function.prototype.name': [ '1.1.6' ],
273 silly audit   'functions-have-names': [ '1.2.3' ],
273 silly audit   'get-intrinsic': [ '1.2.4' ],
273 silly audit   'get-symbol-description': [ '1.0.2' ],
273 silly audit   'get-tsconfig': [ '4.8.1' ],
273 silly audit   glob: [ '7.2.3', '10.4.5' ],
273 silly audit   globals: [ '13.24.0' ],
273 silly audit   globalthis: [ '1.0.4' ],
273 silly audit   gopd: [ '1.1.0' ],
273 silly audit   'graceful-fs': [ '4.2.11' ],
273 silly audit   graphemer: [ '1.4.0' ],
273 silly audit   'has-bigints': [ '1.0.2' ],
273 silly audit   'has-flag': [ '4.0.0' ],
273 silly audit   'has-property-descriptors': [ '1.0.2' ],
273 silly audit   'has-proto': [ '1.1.0' ],
273 silly audit   'has-symbols': [ '1.0.3' ],
273 silly audit   'has-tostringtag': [ '1.0.2' ],
273 silly audit   hasown: [ '2.0.2' ],
273 silly audit   ignore: [ '5.3.2' ],
273 silly audit   'import-fresh': [ '3.3.0' ],
273 silly audit   imurmurhash: [ '0.1.4' ],
273 silly audit   inflight: [ '1.0.6' ],
273 silly audit   inherits: [ '2.0.4' ],
273 silly audit   'internal-slot': [ '1.0.7' ],
273 silly audit   'is-array-buffer': [ '3.0.4' ],
273 silly audit   'is-arrayish': [ '0.3.2' ],
273 silly audit   'is-async-function': [ '2.0.0' ],
273 silly audit   'is-bigint': [ '1.0.4' ],
273 silly audit   'is-binary-path': [ '2.1.0' ],
273 silly audit   'is-boolean-object': [ '1.2.0' ],
273 silly audit   'is-bun-module': [ '1.3.0' ],
273 silly audit   'is-callable': [ '1.2.7' ],
273 silly audit   'is-core-module': [ '2.15.1' ],
273 silly audit   'is-data-view': [ '1.0.1' ],
273 silly audit   'is-date-object': [ '1.0.5' ],
273 silly audit   'is-extglob': [ '2.1.1' ],
273 silly audit   'is-finalizationregistry': [ '1.1.0' ],
273 silly audit   'is-fullwidth-code-point': [ '3.0.0' ],
273 silly audit   'is-generator-function': [ '1.0.10' ],
273 silly audit   'is-glob': [ '4.0.3' ],
273 silly audit   'is-map': [ '2.0.3' ],
273 silly audit   'is-negative-zero': [ '2.0.3' ],
273 silly audit   'is-number': [ '7.0.0' ],
273 silly audit   'is-number-object': [ '1.1.0' ],
273 silly audit   'is-path-inside': [ '3.0.3' ],
273 silly audit   'is-regex': [ '1.2.0' ],
273 silly audit   'is-set': [ '2.0.3' ],
273 silly audit   'is-shared-array-buffer': [ '1.0.3' ],
273 silly audit   'is-string': [ '1.1.0' ],
273 silly audit   'is-symbol': [ '1.0.4' ],
273 silly audit   'is-typed-array': [ '1.1.13' ],
273 silly audit   'is-weakmap': [ '2.0.2' ],
273 silly audit   'is-weakref': [ '1.0.2' ],
273 silly audit   'is-weakset': [ '2.0.3' ],
273 silly audit   isarray: [ '2.0.5' ],
273 silly audit   isexe: [ '2.0.0' ],
273 silly audit   'iterator.prototype': [ '1.1.3' ],
273 silly audit   jackspeak: [ '3.4.3' ],
273 silly audit   jiti: [ '1.21.6' ],
273 silly audit   'js-tokens': [ '4.0.0' ],
273 silly audit   'js-yaml': [ '4.1.0' ],
273 silly audit   'json-buffer': [ '3.0.1' ],
273 silly audit   'json-schema-traverse': [ '0.4.1' ],
273 silly audit   'json-stable-stringify-without-jsonify': [ '1.0.1' ],
273 silly audit   json5: [ '1.0.2' ],
273 silly audit   'jsx-ast-utils': [ '3.3.5' ],
273 silly audit   keyv: [ '4.5.4' ],
273 silly audit   'language-subtag-registry': [ '0.3.23' ],
273 silly audit   'language-tags': [ '1.0.9' ],
273 silly audit   levn: [ '0.4.1' ],
273 silly audit   lilconfig: [ '2.1.0', '3.1.2' ],
273 silly audit   'lines-and-columns': [ '1.2.4' ],
273 silly audit   'locate-path': [ '6.0.0' ],
273 silly audit   'lodash.merge': [ '4.6.2' ],
273 silly audit   'loose-envify': [ '1.4.0' ],
273 silly audit   'lru-cache': [ '10.4.3' ],
273 silly audit   'lucide-react': [ '0.462.0' ],
273 silly audit   merge2: [ '1.4.1' ],
273 silly audit   micromatch: [ '4.0.8' ],
273 silly audit   minimist: [ '1.2.8' ],
273 silly audit   minipass: [ '7.1.2' ],
273 silly audit   ms: [ '2.1.3' ],
273 silly audit   mz: [ '2.7.0' ],
273 silly audit   nanoid: [ '3.3.8' ],
273 silly audit   'natural-compare': [ '1.4.0' ],
273 silly audit   next: [ '15.0.3' ],
273 silly audit   postcss: [ '8.4.31', '8.4.49' ],
273 silly audit   'normalize-path': [ '3.0.0' ],
273 silly audit   'object-assign': [ '4.1.1' ],
273 silly audit   'object-hash': [ '3.0.0' ],
273 silly audit   'object-inspect': [ '1.13.3' ],
273 silly audit   'object-keys': [ '1.1.1' ],
273 silly audit   'object.assign': [ '4.1.5' ],
273 silly audit   'object.entries': [ '1.1.8' ],
273 silly audit   'object.fromentries': [ '2.0.8' ],
273 silly audit   'object.groupby': [ '1.0.3' ],
273 silly audit   'object.values': [ '1.2.0' ],
273 silly audit   once: [ '1.4.0' ],
273 silly audit   optionator: [ '0.9.4' ],
273 silly audit   'p-limit': [ '3.1.0' ],
273 silly audit   'p-locate': [ '5.0.0' ],
273 silly audit   'package-json-from-dist': [ '1.0.1' ],
273 silly audit   'parent-module': [ '1.0.1' ],
273 silly audit   'path-exists': [ '4.0.0' ],
273 silly audit   'path-is-absolute': [ '1.0.1' ],
273 silly audit   'path-key': [ '3.1.1' ],
273 silly audit   'path-parse': [ '1.0.7' ],
273 silly audit   'path-scurry': [ '1.11.1' ],
273 silly audit   picocolors: [ '1.1.1' ],
273 silly audit   picomatch: [ '2.3.1' ],
273 silly audit   pify: [ '2.3.0' ],
273 silly audit   pirates: [ '4.0.6' ],
273 silly audit   'possible-typed-array-names': [ '1.0.0' ],
273 silly audit   'postcss-import': [ '15.1.0' ],
273 silly audit   'postcss-js': [ '4.0.1' ],
273 silly audit   'postcss-load-config': [ '4.0.2' ],
273 silly audit   'postcss-nested': [ '6.2.0' ],
273 silly audit   'postcss-selector-parser': [ '6.1.2' ],
273 silly audit   'postcss-value-parser': [ '4.2.0' ],
273 silly audit   'prelude-ls': [ '1.2.1' ],
273 silly audit   'prop-types': [ '15.8.1' ],
273 silly audit   punycode: [ '2.3.1' ],
273 silly audit   'queue-microtask': [ '1.2.3' ],
273 silly audit   react: [ '19.0.0-rc-66855b96-20241106' ],
273 silly audit   'react-dom': [ '19.0.0-rc-66855b96-20241106' ],
273 silly audit   'react-is': [ '16.13.1' ],
273 silly audit   'read-cache': [ '1.0.0' ],
273 silly audit   readdirp: [ '3.6.0' ],
273 silly audit   'reflect.getprototypeof': [ '1.0.7' ],
273 silly audit   'regexp.prototype.flags': [ '1.5.3' ],
273 silly audit   'resolve-from': [ '4.0.0' ],
273 silly audit   'resolve-pkg-maps': [ '1.0.0' ],
273 silly audit   reusify: [ '1.0.4' ],
273 silly audit   rimraf: [ '3.0.2' ],
273 silly audit   'run-parallel': [ '1.2.0' ],
273 silly audit   'safe-array-concat': [ '1.1.2' ],
273 silly audit   'safe-regex-test': [ '1.0.3' ],
273 silly audit   scheduler: [ '0.25.0-rc-66855b96-20241106' ],
273 silly audit   'set-function-length': [ '1.2.2' ],
273 silly audit   'set-function-name': [ '2.0.2' ],
273 silly audit   sharp: [ '0.33.5' ],
273 silly audit   'shebang-command': [ '2.0.0' ],
273 silly audit   'shebang-regex': [ '3.0.0' ],
273 silly audit   'side-channel': [ '1.0.6' ],
273 silly audit   'signal-exit': [ '4.1.0' ],
273 silly audit   'simple-swizzle': [ '0.2.2' ],
273 silly audit   'source-map-js': [ '1.2.1' ],
273 silly audit   streamsearch: [ '1.1.0' ],
273 silly audit   'string-width': [ '5.1.2', '4.2.3' ],
273 silly audit   'string.prototype.includes': [ '2.0.1' ],
273 silly audit   'string.prototype.matchall': [ '4.0.11' ],
273 silly audit   'string.prototype.repeat': [ '1.0.0' ],
273 silly audit   'string.prototype.trim': [ '1.2.9' ],
273 silly audit   'string.prototype.trimend': [ '1.0.8' ],
273 silly audit   'string.prototype.trimstart': [ '1.0.8' ],
273 silly audit   'strip-bom': [ '3.0.0' ],
273 silly audit   'strip-json-comments': [ '3.1.1' ],
273 silly audit   'styled-jsx': [ '5.1.6' ],
273 silly audit   sucrase: [ '3.35.0' ],
273 silly audit   'supports-color': [ '7.2.0' ],
273 silly audit   'supports-preserve-symlinks-flag': [ '1.0.0' ],
273 silly audit   'tailwind-merge': [ '2.5.5' ],
273 silly audit   tailwindcss: [ '3.4.15' ],
273 silly audit   'tailwindcss-animate': [ '1.0.7' ],
273 silly audit   tapable: [ '2.2.1' ],
273 silly audit   'text-table': [ '0.2.0' ],
273 silly audit   thenify: [ '3.3.1' ],
273 silly audit   'thenify-all': [ '1.6.0' ],
273 silly audit   'to-regex-range': [ '5.0.1' ],
273 silly audit   'ts-api-utils': [ '1.4.3' ],
273 silly audit   'ts-interface-checker': [ '0.1.13' ],
273 silly audit   'tsconfig-paths': [ '3.15.0' ],
273 silly audit   tslib: [ '2.8.1' ],
273 silly audit   'type-check': [ '0.4.0' ],
273 silly audit   'type-fest': [ '0.20.2' ],
273 silly audit   'typed-array-buffer': [ '1.0.2' ],
273 silly audit   'typed-array-byte-length': [ '1.0.1' ],
273 silly audit   'typed-array-byte-offset': [ '1.0.3' ],
273 silly audit   'typed-array-length': [ '1.0.7' ],
273 silly audit   typescript: [ '5.7.2' ],
273 silly audit   'unbox-primitive': [ '1.0.2' ],
273 silly audit   'undici-types': [ '6.19.8' ],
273 silly audit   'uri-js': [ '4.4.1' ],
273 silly audit   'util-deprecate': [ '1.0.2' ],
273 silly audit   which: [ '2.0.2' ],
273 silly audit   'which-boxed-primitive': [ '1.0.2' ],
273 silly audit   'which-builtin-type': [ '1.2.0' ],
273 silly audit   'which-collection': [ '1.0.2' ],
273 silly audit   'which-typed-array': [ '1.1.16' ],
273 silly audit   'word-wrap': [ '1.2.5' ],
273 silly audit   'wrap-ansi': [ '8.1.0', '7.0.0' ],
273 silly audit   wrappy: [ '1.0.2' ],
273 silly audit   yaml: [ '2.6.1' ],
273 silly audit   'yocto-queue': [ '0.1.0' ],
273 silly audit   '@radix-ui/react-select': [ '2.1.2' ],
273 silly audit   '@radix-ui/react-slot': [ '1.1.0' ],
273 silly audit   'next-themes': [ '0.4.3' ],
273 silly audit   '@radix-ui/number': [ '1.1.0' ],
273 silly audit   '@radix-ui/primitive': [ '1.1.0' ],
273 silly audit   '@radix-ui/react-collection': [ '1.1.0' ],
273 silly audit   '@radix-ui/react-context': [ '1.1.1', '1.1.0' ],
273 silly audit   '@radix-ui/react-direction': [ '1.1.0' ],
273 silly audit   '@radix-ui/react-dismissable-layer': [ '1.1.1' ],
273 silly audit   '@radix-ui/react-focus-guards': [ '1.1.1' ],
273 silly audit   '@radix-ui/react-focus-scope': [ '1.1.0' ],
273 silly audit   '@radix-ui/react-id': [ '1.1.0' ],
273 silly audit   '@radix-ui/react-popper': [ '1.2.0' ],
273 silly audit   '@radix-ui/react-portal': [ '1.1.2' ],
273 silly audit   '@radix-ui/react-primitive': [ '2.0.0' ],
273 silly audit   '@radix-ui/react-use-callback-ref': [ '1.1.0' ],
273 silly audit   '@radix-ui/react-use-controllable-state': [ '1.1.0' ],
273 silly audit   '@radix-ui/react-use-layout-effect': [ '1.1.0' ],
273 silly audit   '@radix-ui/react-use-previous': [ '1.1.0' ],
273 silly audit   '@radix-ui/react-visually-hidden': [ '1.1.0' ],
273 silly audit   'aria-hidden': [ '1.2.4' ],
273 silly audit   'react-remove-scroll': [ '2.6.0' ],
273 silly audit   '@radix-ui/react-use-escape-keydown': [ '1.1.0' ],
273 silly audit   '@floating-ui/react-dom': [ '2.1.2' ],
273 silly audit   '@radix-ui/react-arrow': [ '1.1.0' ],
273 silly audit   '@radix-ui/react-use-rect': [ '1.1.0' ],
273 silly audit   '@radix-ui/react-use-size': [ '1.1.0' ],
273 silly audit   '@radix-ui/rect': [ '1.1.0' ],
273 silly audit   '@floating-ui/dom': [ '1.6.12' ],
273 silly audit   '@floating-ui/core': [ '1.6.8' ],
273 silly audit   '@floating-ui/utils': [ '0.2.8' ],
273 silly audit   'react-remove-scroll-bar': [ '2.3.6' ],
273 silly audit   'react-style-singleton': [ '2.2.1' ],
273 silly audit   'use-callback-ref': [ '1.3.2' ],
273 silly audit   'use-sidecar': [ '1.1.2' ],
273 silly audit   'get-nonce': [ '1.0.1' ],
273 silly audit   invariant: [ '2.2.4' ],
273 silly audit   'detect-node-es': [ '1.1.0' ]
273 silly audit }
274 verbose reify failed optional dependency C:\Users\saadr\Desktop\DevOps-Hub\devopshub\node_modules\fsevents
275 silly reify mark deleted [
275 silly reify   'C:\\Users\\saadr\\Desktop\\DevOps-Hub\\devopshub\\node_modules\\fsevents'
275 silly reify ]
276 verbose reify failed optional dependency C:\Users\saadr\Desktop\DevOps-Hub\devopshub\node_modules\@next\swc-win32-arm64-msvc
277 silly reify mark deleted [
277 silly reify   'C:\\Users\\saadr\\Desktop\\DevOps-Hub\\devopshub\\node_modules\\@next\\swc-win32-arm64-msvc'
277 silly reify ]
278 verbose reify failed optional dependency C:\Users\saadr\Desktop\DevOps-Hub\devopshub\node_modules\@next\swc-linux-x64-musl
279 silly reify mark deleted [
279 silly reify   'C:\\Users\\saadr\\Desktop\\DevOps-Hub\\devopshub\\node_modules\\@next\\swc-linux-x64-musl'
279 silly reify ]
280 verbose reify failed optional dependency C:\Users\saadr\Desktop\DevOps-Hub\devopshub\node_modules\@next\swc-linux-x64-gnu
281 silly reify mark deleted [
281 silly reify   'C:\\Users\\saadr\\Desktop\\DevOps-Hub\\devopshub\\node_modules\\@next\\swc-linux-x64-gnu'
281 silly reify ]
282 verbose reify failed optional dependency C:\Users\saadr\Desktop\DevOps-Hub\devopshub\node_modules\@next\swc-linux-arm64-musl
283 silly reify mark deleted [
283 silly reify   'C:\\Users\\saadr\\Desktop\\DevOps-Hub\\devopshub\\node_modules\\@next\\swc-linux-arm64-musl'
283 silly reify ]
284 verbose reify failed optional dependency C:\Users\saadr\Desktop\DevOps-Hub\devopshub\node_modules\@next\swc-linux-arm64-gnu
285 silly reify mark deleted [
285 silly reify   'C:\\Users\\saadr\\Desktop\\DevOps-Hub\\devopshub\\node_modules\\@next\\swc-linux-arm64-gnu'
285 silly reify ]
286 verbose reify failed optional dependency C:\Users\saadr\Desktop\DevOps-Hub\devopshub\node_modules\@next\swc-darwin-x64
287 silly reify mark deleted [
287 silly reify   'C:\\Users\\saadr\\Desktop\\DevOps-Hub\\devopshub\\node_modules\\@next\\swc-darwin-x64'
287 silly reify ]
288 verbose reify failed optional dependency C:\Users\saadr\Desktop\DevOps-Hub\devopshub\node_modules\@next\swc-darwin-arm64
289 silly reify mark deleted [
289 silly reify   'C:\\Users\\saadr\\Desktop\\DevOps-Hub\\devopshub\\node_modules\\@next\\swc-darwin-arm64'
289 silly reify ]
290 verbose reify failed optional dependency C:\Users\saadr\Desktop\DevOps-Hub\devopshub\node_modules\@img\sharp-win32-ia32
291 silly reify mark deleted [
291 silly reify   'C:\\Users\\saadr\\Desktop\\DevOps-Hub\\devopshub\\node_modules\\@img\\sharp-win32-ia32'
291 silly reify ]
292 verbose reify failed optional dependency C:\Users\saadr\Desktop\DevOps-Hub\devopshub\node_modules\@img\sharp-wasm32
293 silly reify mark deleted [
293 silly reify   'C:\\Users\\saadr\\Desktop\\DevOps-Hub\\devopshub\\node_modules\\@img\\sharp-wasm32'
293 silly reify ]
294 verbose reify failed optional dependency C:\Users\saadr\Desktop\DevOps-Hub\devopshub\node_modules\@emnapi\runtime
295 silly reify mark deleted [
295 silly reify   'C:\\Users\\saadr\\Desktop\\DevOps-Hub\\devopshub\\node_modules\\@emnapi\\runtime'
295 silly reify ]
296 verbose reify failed optional dependency C:\Users\saadr\Desktop\DevOps-Hub\devopshub\node_modules\@img\sharp-linuxmusl-x64
297 silly reify mark deleted [
297 silly reify   'C:\\Users\\saadr\\Desktop\\DevOps-Hub\\devopshub\\node_modules\\@img\\sharp-linuxmusl-x64'
297 silly reify ]
298 verbose reify failed optional dependency C:\Users\saadr\Desktop\DevOps-Hub\devopshub\node_modules\@img\sharp-linuxmusl-arm64
299 silly reify mark deleted [
299 silly reify   'C:\\Users\\saadr\\Desktop\\DevOps-Hub\\devopshub\\node_modules\\@img\\sharp-linuxmusl-arm64'
299 silly reify ]
300 verbose reify failed optional dependency C:\Users\saadr\Desktop\DevOps-Hub\devopshub\node_modules\@img\sharp-linux-x64
301 silly reify mark deleted [
301 silly reify   'C:\\Users\\saadr\\Desktop\\DevOps-Hub\\devopshub\\node_modules\\@img\\sharp-linux-x64'
301 silly reify ]
302 verbose reify failed optional dependency C:\Users\saadr\Desktop\DevOps-Hub\devopshub\node_modules\@img\sharp-linux-s390x
303 silly reify mark deleted [
303 silly reify   'C:\\Users\\saadr\\Desktop\\DevOps-Hub\\devopshub\\node_modules\\@img\\sharp-linux-s390x'
303 silly reify ]
304 verbose reify failed optional dependency C:\Users\saadr\Desktop\DevOps-Hub\devopshub\node_modules\@img\sharp-linux-arm64
305 silly reify mark deleted [
305 silly reify   'C:\\Users\\saadr\\Desktop\\DevOps-Hub\\devopshub\\node_modules\\@img\\sharp-linux-arm64'
305 silly reify ]
306 verbose reify failed optional dependency C:\Users\saadr\Desktop\DevOps-Hub\devopshub\node_modules\@img\sharp-linux-arm
307 silly reify mark deleted [
307 silly reify   'C:\\Users\\saadr\\Desktop\\DevOps-Hub\\devopshub\\node_modules\\@img\\sharp-linux-arm'
307 silly reify ]
308 verbose reify failed optional dependency C:\Users\saadr\Desktop\DevOps-Hub\devopshub\node_modules\@img\sharp-libvips-linuxmusl-x64
309 silly reify mark deleted [
309 silly reify   'C:\\Users\\saadr\\Desktop\\DevOps-Hub\\devopshub\\node_modules\\@img\\sharp-libvips-linuxmusl-x64'
309 silly reify ]
310 verbose reify failed optional dependency C:\Users\saadr\Desktop\DevOps-Hub\devopshub\node_modules\@img\sharp-libvips-linuxmusl-arm64
311 silly reify mark deleted [
311 silly reify   'C:\\Users\\saadr\\Desktop\\DevOps-Hub\\devopshub\\node_modules\\@img\\sharp-libvips-linuxmusl-arm64'
311 silly reify ]
312 verbose reify failed optional dependency C:\Users\saadr\Desktop\DevOps-Hub\devopshub\node_modules\@img\sharp-libvips-linux-x64
313 silly reify mark deleted [
313 silly reify   'C:\\Users\\saadr\\Desktop\\DevOps-Hub\\devopshub\\node_modules\\@img\\sharp-libvips-linux-x64'
313 silly reify ]
314 verbose reify failed optional dependency C:\Users\saadr\Desktop\DevOps-Hub\devopshub\node_modules\@img\sharp-libvips-linux-s390x
315 silly reify mark deleted [
315 silly reify   'C:\\Users\\saadr\\Desktop\\DevOps-Hub\\devopshub\\node_modules\\@img\\sharp-libvips-linux-s390x'
315 silly reify ]
316 verbose reify failed optional dependency C:\Users\saadr\Desktop\DevOps-Hub\devopshub\node_modules\@img\sharp-libvips-linux-arm64
317 silly reify mark deleted [
317 silly reify   'C:\\Users\\saadr\\Desktop\\DevOps-Hub\\devopshub\\node_modules\\@img\\sharp-libvips-linux-arm64'
317 silly reify ]
318 verbose reify failed optional dependency C:\Users\saadr\Desktop\DevOps-Hub\devopshub\node_modules\@img\sharp-libvips-linux-arm
319 silly reify mark deleted [
319 silly reify   'C:\\Users\\saadr\\Desktop\\DevOps-Hub\\devopshub\\node_modules\\@img\\sharp-libvips-linux-arm'
319 silly reify ]
320 verbose reify failed optional dependency C:\Users\saadr\Desktop\DevOps-Hub\devopshub\node_modules\@img\sharp-libvips-darwin-x64
321 silly reify mark deleted [
321 silly reify   'C:\\Users\\saadr\\Desktop\\DevOps-Hub\\devopshub\\node_modules\\@img\\sharp-libvips-darwin-x64'
321 silly reify ]
322 verbose reify failed optional dependency C:\Users\saadr\Desktop\DevOps-Hub\devopshub\node_modules\@img\sharp-libvips-darwin-arm64
323 silly reify mark deleted [
323 silly reify   'C:\\Users\\saadr\\Desktop\\DevOps-Hub\\devopshub\\node_modules\\@img\\sharp-libvips-darwin-arm64'
323 silly reify ]
324 verbose reify failed optional dependency C:\Users\saadr\Desktop\DevOps-Hub\devopshub\node_modules\@img\sharp-darwin-x64
325 silly reify mark deleted [
325 silly reify   'C:\\Users\\saadr\\Desktop\\DevOps-Hub\\devopshub\\node_modules\\@img\\sharp-darwin-x64'
325 silly reify ]
326 verbose reify failed optional dependency C:\Users\saadr\Desktop\DevOps-Hub\devopshub\node_modules\@img\sharp-darwin-arm64
327 silly reify mark deleted [
327 silly reify   'C:\\Users\\saadr\\Desktop\\DevOps-Hub\\devopshub\\node_modules\\@img\\sharp-darwin-arm64'
327 silly reify ]
328 silly tarball no local data for detect-node-es@https://registry.npmjs.org/detect-node-es/-/detect-node-es-1.1.0.tgz. Extracting by manifest.
329 silly tarball no local data for invariant@https://registry.npmjs.org/invariant/-/invariant-2.2.4.tgz. Extracting by manifest.
330 silly tarball no local data for @floating-ui/utils@https://registry.npmjs.org/@floating-ui/utils/-/utils-0.2.8.tgz. Extracting by manifest.
331 silly tarball no local data for get-nonce@https://registry.npmjs.org/get-nonce/-/get-nonce-1.0.1.tgz. Extracting by manifest.
332 silly tarball no local data for @floating-ui/dom@https://registry.npmjs.org/@floating-ui/dom/-/dom-1.6.12.tgz. Extracting by manifest.
333 silly tarball no local data for @floating-ui/core@https://registry.npmjs.org/@floating-ui/core/-/core-1.6.8.tgz. Extracting by manifest.
334 silly tarball no local data for @radix-ui/react-use-rect@https://registry.npmjs.org/@radix-ui/react-use-rect/-/react-use-rect-1.1.0.tgz. Extracting by manifest.
335 silly tarball no local data for @radix-ui/rect@https://registry.npmjs.org/@radix-ui/rect/-/rect-1.1.0.tgz. Extracting by manifest.
336 silly tarball no local data for @radix-ui/react-use-escape-keydown@https://registry.npmjs.org/@radix-ui/react-use-escape-keydown/-/react-use-escape-keydown-1.1.0.tgz. Extracting by manifest.
337 silly tarball no local data for @radix-ui/react-use-size@https://registry.npmjs.org/@radix-ui/react-use-size/-/react-use-size-1.1.0.tgz. Extracting by manifest.
338 silly tarball no local data for aria-hidden@https://registry.npmjs.org/aria-hidden/-/aria-hidden-1.2.4.tgz. Extracting by manifest.
339 silly tarball no local data for @radix-ui/react-arrow@https://registry.npmjs.org/@radix-ui/react-arrow/-/react-arrow-1.1.0.tgz. Extracting by manifest.
340 silly tarball no local data for @radix-ui/react-visually-hidden@https://registry.npmjs.org/@radix-ui/react-visually-hidden/-/react-visually-hidden-1.1.0.tgz. Extracting by manifest.
341 silly tarball no local data for @radix-ui/react-use-previous@https://registry.npmjs.org/@radix-ui/react-use-previous/-/react-use-previous-1.1.0.tgz. Extracting by manifest.
342 silly tarball no local data for @radix-ui/react-use-layout-effect@https://registry.npmjs.org/@radix-ui/react-use-layout-effect/-/react-use-layout-effect-1.1.0.tgz. Extracting by manifest.
343 silly tarball no local data for @radix-ui/react-use-callback-ref@https://registry.npmjs.org/@radix-ui/react-use-callback-ref/-/react-use-callback-ref-1.1.0.tgz. Extracting by manifest.
344 silly tarball no local data for @radix-ui/react-primitive@https://registry.npmjs.org/@radix-ui/react-primitive/-/react-primitive-2.0.0.tgz. Extracting by manifest.
345 silly tarball no local data for @radix-ui/react-portal@https://registry.npmjs.org/@radix-ui/react-portal/-/react-portal-1.1.2.tgz. Extracting by manifest.
346 silly tarball no local data for @radix-ui/react-use-controllable-state@https://registry.npmjs.org/@radix-ui/react-use-controllable-state/-/react-use-controllable-state-1.1.0.tgz. Extracting by manifest.
347 silly tarball no local data for @radix-ui/react-popper@https://registry.npmjs.org/@radix-ui/react-popper/-/react-popper-1.2.0.tgz. Extracting by manifest.
348 silly tarball no local data for @radix-ui/react-context@https://registry.npmjs.org/@radix-ui/react-context/-/react-context-1.1.0.tgz. Extracting by manifest.
349 silly tarball no local data for @floating-ui/react-dom@https://registry.npmjs.org/@floating-ui/react-dom/-/react-dom-2.1.2.tgz. Extracting by manifest.
350 silly tarball no local data for @radix-ui/react-focus-scope@https://registry.npmjs.org/@radix-ui/react-focus-scope/-/react-focus-scope-1.1.0.tgz. Extracting by manifest.
351 silly tarball no local data for @radix-ui/react-focus-guards@https://registry.npmjs.org/@radix-ui/react-focus-guards/-/react-focus-guards-1.1.1.tgz. Extracting by manifest.
352 silly tarball no local data for @radix-ui/react-id@https://registry.npmjs.org/@radix-ui/react-id/-/react-id-1.1.0.tgz. Extracting by manifest.
353 silly tarball no local data for @radix-ui/react-dismissable-layer@https://registry.npmjs.org/@radix-ui/react-dismissable-layer/-/react-dismissable-layer-1.1.1.tgz. Extracting by manifest.
354 silly tarball no local data for @radix-ui/react-direction@https://registry.npmjs.org/@radix-ui/react-direction/-/react-direction-1.1.0.tgz. Extracting by manifest.
355 silly tarball no local data for @radix-ui/react-context@https://registry.npmjs.org/@radix-ui/react-context/-/react-context-1.1.1.tgz. Extracting by manifest.
356 silly tarball no local data for @radix-ui/primitive@https://registry.npmjs.org/@radix-ui/primitive/-/primitive-1.1.0.tgz. Extracting by manifest.
357 silly tarball no local data for @radix-ui/react-context@https://registry.npmjs.org/@radix-ui/react-context/-/react-context-1.1.0.tgz. Extracting by manifest.
358 silly tarball no local data for @radix-ui/react-collection@https://registry.npmjs.org/@radix-ui/react-collection/-/react-collection-1.1.0.tgz. Extracting by manifest.
359 silly tarball no local data for @radix-ui/react-select@https://registry.npmjs.org/@radix-ui/react-select/-/react-select-2.1.2.tgz. Extracting by manifest.
360 silly tarball no local data for @radix-ui/number@https://registry.npmjs.org/@radix-ui/number/-/number-1.1.0.tgz. Extracting by manifest.
361 silly tarball no local data for react-remove-scroll@https://registry.npmjs.org/react-remove-scroll/-/react-remove-scroll-2.6.0.tgz. Extracting by manifest.
362 silly tarball no local data for use-callback-ref@https://registry.npmjs.org/use-callback-ref/-/use-callback-ref-1.3.2.tgz. Extracting by manifest.
363 silly tarball no local data for react-style-singleton@https://registry.npmjs.org/react-style-singleton/-/react-style-singleton-2.2.1.tgz. Extracting by manifest.
364 silly tarball no local data for react-remove-scroll-bar@https://registry.npmjs.org/react-remove-scroll-bar/-/react-remove-scroll-bar-2.3.6.tgz. Extracting by manifest.
365 silly tarball no local data for use-sidecar@https://registry.npmjs.org/use-sidecar/-/use-sidecar-1.1.2.tgz. Extracting by manifest.
366 http fetch GET 200 https://registry.npmjs.org/invariant/-/invariant-2.2.4.tgz 158ms (cache miss)
367 http fetch GET 200 https://registry.npmjs.org/get-nonce/-/get-nonce-1.0.1.tgz 196ms (cache miss)
368 http fetch GET 200 https://registry.npmjs.org/detect-node-es/-/detect-node-es-1.1.0.tgz 198ms (cache miss)
369 http fetch GET 200 https://registry.npmjs.org/@floating-ui/core/-/core-1.6.8.tgz 215ms (cache miss)
370 http fetch GET 200 https://registry.npmjs.org/@floating-ui/dom/-/dom-1.6.12.tgz 219ms (cache miss)
371 http fetch GET 200 https://registry.npmjs.org/@floating-ui/utils/-/utils-0.2.8.tgz 287ms (cache miss)
372 http fetch POST 200 https://registry.npmjs.org/-/npm/v1/security/advisories/bulk 358ms
373 silly audit report {}
374 http fetch GET 200 https://registry.npmjs.org/@radix-ui/react-primitive/-/react-primitive-2.0.0.tgz 330ms (cache miss)
375 http fetch GET 200 https://registry.npmjs.org/@radix-ui/react-portal/-/react-portal-1.1.2.tgz 401ms (cache miss)
376 http fetch GET 200 https://registry.npmjs.org/@radix-ui/react-use-callback-ref/-/react-use-callback-ref-1.1.0.tgz 408ms (cache miss)
377 http fetch GET 200 https://registry.npmjs.org/@radix-ui/react-use-controllable-state/-/react-use-controllable-state-1.1.0.tgz 408ms (cache miss)
378 http fetch GET 200 https://registry.npmjs.org/@floating-ui/react-dom/-/react-dom-2.1.2.tgz 466ms (cache miss)
379 http fetch GET 200 https://registry.npmjs.org/@radix-ui/react-context/-/react-context-1.1.0.tgz 523ms (cache miss)
380 http fetch GET 200 https://registry.npmjs.org/@radix-ui/react-focus-scope/-/react-focus-scope-1.1.0.tgz 535ms (cache miss)
381 http fetch GET 200 https://registry.npmjs.org/@radix-ui/react-focus-guards/-/react-focus-guards-1.1.1.tgz 544ms (cache miss)
382 http fetch GET 200 https://registry.npmjs.org/@radix-ui/react-id/-/react-id-1.1.0.tgz 551ms (cache miss)
383 http fetch GET 200 https://registry.npmjs.org/@radix-ui/react-use-size/-/react-use-size-1.1.0.tgz 563ms (cache miss)
384 http fetch GET 200 https://registry.npmjs.org/aria-hidden/-/aria-hidden-1.2.4.tgz 604ms (cache miss)
385 http fetch GET 200 https://registry.npmjs.org/@radix-ui/react-use-rect/-/react-use-rect-1.1.0.tgz 635ms (cache miss)
386 http fetch GET 200 https://registry.npmjs.org/@radix-ui/react-use-layout-effect/-/react-use-layout-effect-1.1.0.tgz 647ms (cache miss)
387 http fetch GET 200 https://registry.npmjs.org/@radix-ui/react-dismissable-layer/-/react-dismissable-layer-1.1.1.tgz 646ms (cache miss)
388 http fetch GET 200 https://registry.npmjs.org/@radix-ui/react-use-previous/-/react-use-previous-1.1.0.tgz 655ms (cache miss)
389 http fetch GET 200 https://registry.npmjs.org/@radix-ui/react-visually-hidden/-/react-visually-hidden-1.1.0.tgz 657ms (cache miss)
390 http fetch GET 200 https://registry.npmjs.org/@radix-ui/react-use-escape-keydown/-/react-use-escape-keydown-1.1.0.tgz 662ms (cache miss)
391 http fetch GET 200 https://registry.npmjs.org/@radix-ui/rect/-/rect-1.1.0.tgz 671ms (cache miss)
392 http fetch GET 200 https://registry.npmjs.org/@radix-ui/react-popper/-/react-popper-1.2.0.tgz 671ms (cache miss)
393 http fetch GET 200 https://registry.npmjs.org/@radix-ui/react-context/-/react-context-1.1.1.tgz 670ms (cache miss)
394 http fetch GET 200 https://registry.npmjs.org/@radix-ui/react-collection/-/react-collection-1.1.0.tgz 703ms (cache miss)
395 http fetch GET 200 https://registry.npmjs.org/@radix-ui/primitive/-/primitive-1.1.0.tgz 736ms (cache miss)
396 http fetch GET 200 https://registry.npmjs.org/@radix-ui/react-context/-/react-context-1.1.0.tgz 753ms (cache miss)
397 http fetch GET 200 https://registry.npmjs.org/react-remove-scroll-bar/-/react-remove-scroll-bar-2.3.6.tgz 766ms (cache miss)
398 http fetch GET 200 https://registry.npmjs.org/@radix-ui/react-select/-/react-select-2.1.2.tgz 775ms (cache miss)
399 http fetch GET 200 https://registry.npmjs.org/react-style-singleton/-/react-style-singleton-2.2.1.tgz 853ms (cache miss)
400 http fetch GET 200 https://registry.npmjs.org/@radix-ui/number/-/number-1.1.0.tgz 920ms (cache miss)
401 http fetch GET 200 https://registry.npmjs.org/@radix-ui/react-direction/-/react-direction-1.1.0.tgz 923ms (cache miss)
402 http fetch GET 200 https://registry.npmjs.org/use-sidecar/-/use-sidecar-1.1.2.tgz 942ms (cache miss)
403 http fetch GET 200 https://registry.npmjs.org/use-callback-ref/-/use-callback-ref-1.3.2.tgz 953ms (cache miss)
404 http fetch GET 200 https://registry.npmjs.org/react-remove-scroll/-/react-remove-scroll-2.6.0.tgz 959ms (cache miss)
405 http fetch GET 200 https://registry.npmjs.org/@radix-ui/react-arrow/-/react-arrow-1.1.0.tgz 1254ms (cache miss)
406 silly ADD node_modules/detect-node-es
407 silly ADD node_modules/invariant
408 silly ADD node_modules/get-nonce
409 silly ADD node_modules/@floating-ui/utils
410 silly ADD node_modules/@floating-ui/core
411 silly ADD node_modules/@floating-ui/dom
412 silly ADD node_modules/@radix-ui/rect
413 silly ADD node_modules/@radix-ui/react-use-size
414 silly ADD node_modules/@radix-ui/react-use-rect
415 silly ADD node_modules/@radix-ui/react-arrow
416 silly ADD node_modules/@radix-ui/react-use-escape-keydown
417 silly ADD node_modules/aria-hidden
418 silly ADD node_modules/@radix-ui/react-visually-hidden
419 silly ADD node_modules/@radix-ui/react-use-previous
420 silly ADD node_modules/@radix-ui/react-use-layout-effect
421 silly ADD node_modules/@radix-ui/react-use-controllable-state
422 silly ADD node_modules/@radix-ui/react-use-callback-ref
423 silly ADD node_modules/@radix-ui/react-primitive
424 silly ADD node_modules/@radix-ui/react-portal
425 silly ADD node_modules/@radix-ui/react-popper
426 silly ADD node_modules/@radix-ui/react-popper/node_modules/@radix-ui/react-context
427 silly ADD node_modules/@radix-ui/react-popper/node_modules/@floating-ui/react-dom
428 silly ADD node_modules/@radix-ui/react-id
429 silly ADD node_modules/@radix-ui/react-focus-scope
430 silly ADD node_modules/@radix-ui/react-focus-guards
431 silly ADD node_modules/@radix-ui/react-dismissable-layer
432 silly ADD node_modules/@radix-ui/react-direction
433 silly ADD node_modules/@radix-ui/react-context
434 silly ADD node_modules/@radix-ui/react-collection
435 silly ADD node_modules/@radix-ui/react-collection/node_modules/@radix-ui/react-context
436 silly ADD node_modules/@radix-ui/primitive
437 silly ADD node_modules/@radix-ui/number
438 silly ADD node_modules/@radix-ui/react-select
439 silly ADD node_modules/@radix-ui/react-select/node_modules/react-remove-scroll
440 silly ADD node_modules/@radix-ui/react-select/node_modules/react-remove-scroll/node_modules/use-sidecar
441 silly ADD node_modules/@radix-ui/react-select/node_modules/react-remove-scroll/node_modules/use-callback-ref
442 silly ADD node_modules/@radix-ui/react-select/node_modules/react-remove-scroll/node_modules/react-style-singleton
443 silly ADD node_modules/@radix-ui/react-select/node_modules/react-remove-scroll/node_modules/react-remove-scroll-bar
444 silly ADD
445 silly ADD
446 silly ADD
447 silly ADD
448 silly ADD
449 silly ADD
450 silly ADD
451 silly ADD
452 silly ADD
453 silly ADD
454 silly ADD
455 silly ADD
456 silly ADD
457 silly ADD
458 silly ADD
459 silly ADD
460 silly ADD
461 silly ADD
462 silly ADD
463 silly ADD
464 silly ADD
465 silly ADD
466 silly ADD
467 silly ADD
468 silly ADD
469 silly ADD
470 silly ADD
471 verbose cwd C:\Users\saadr\Desktop\DevOps-Hub\devopshub
472 verbose os Windows_NT 10.0.22631
473 verbose node v22.3.0
474 verbose npm  v10.8.1
475 verbose exit 0
476 info ok
